True
global_step=999, episodic_return=[-234.36348]
/Tmp/slurm.4487132.0/env/lib/python3.8/site-packages/gymnasium/utils/passive_env_checker.py:135: UserWarning: [33mWARN: The obs returned by the `reset()` method was expecting numpy array dtype to be <class 'numpy.float32'>, actual type: float64
  logger.warn(
/Tmp/slurm.4487132.0/env/lib/python3.8/site-packages/gymnasium/utils/passive_env_checker.py:159: UserWarning: [33mWARN: The obs returned by the `reset()` method is not within the observation space.
  logger.warn(f"{pre} is not within the observation space.")
/Tmp/slurm.4487132.0/env/lib/python3.8/site-packages/gymnasium/utils/passive_env_checker.py:135: UserWarning: [33mWARN: The obs returned by the `step()` method was expecting numpy array dtype to be <class 'numpy.float32'>, actual type: float64
  logger.warn(
/Tmp/slurm.4487132.0/env/lib/python3.8/site-packages/gymnasium/utils/passive_env_checker.py:159: UserWarning: [33mWARN: The obs returned by the `step()` method is not within the observation space.
  logger.warn(f"{pre} is not within the observation space.")
global_step=1999, episodic_return=[-231.37318]
global_step=2999, episodic_return=[-255.903]
global_step=3999, episodic_return=[-208.04031]
global_step=4999, episodic_return=[-351.6293]
global_step=5999, episodic_return=[-315.5158]
global_step=6999, episodic_return=[-345.6077]
global_step=7999, episodic_return=[-345.38196]
global_step=8999, episodic_return=[-302.47263]
global_step=9999, episodic_return=[-197.15112]
global_step=10999, episodic_return=[-210.08203]
global_step=11999, episodic_return=[-176.84827]
global_step=12999, episodic_return=[-197.7211]
global_step=13999, episodic_return=[-220.35382]
global_step=14999, episodic_return=[-146.75233]
global_step=15999, episodic_return=[-84.07868]
global_step=16999, episodic_return=[-66.443474]
global_step=17999, episodic_return=[-96.52915]
global_step=18999, episodic_return=[-59.63328]
global_step=19999, episodic_return=[30.81602]
global_step=20999, episodic_return=[57.672825]
global_step=21999, episodic_return=[87.513176]
global_step=22999, episodic_return=[108.528336]
global_step=23999, episodic_return=[1.6824929]
global_step=24999, episodic_return=[445.03372]
global_step=25999, episodic_return=[522.83795]
global_step=26999, episodic_return=[886.9212]
global_step=27999, episodic_return=[1013.30255]
global_step=28999, episodic_return=[1128.5403]
global_step=29999, episodic_return=[1312.1134]
global_step=30999, episodic_return=[1346.0359]
global_step=31999, episodic_return=[794.483]
global_step=32999, episodic_return=[2069.8801]
global_step=33999, episodic_return=[2048.1182]
global_step=34999, episodic_return=[881.9944]
global_step=35999, episodic_return=[2470.4053]
global_step=36999, episodic_return=[2036.9874]
global_step=37999, episodic_return=[2343.3586]
global_step=38999, episodic_return=[2683.2817]
global_step=39999, episodic_return=[2633.4207]
global_step=40999, episodic_return=[2826.1252]
global_step=41999, episodic_return=[2719.5115]
global_step=42999, episodic_return=[2901.0005]
global_step=43999, episodic_return=[2748.364]
global_step=44999, episodic_return=[2763.2625]
global_step=45999, episodic_return=[3187.4636]
global_step=46999, episodic_return=[3174.0627]
global_step=47999, episodic_return=[3273.8425]
global_step=48999, episodic_return=[3314.5288]
global_step=49999, episodic_return=[3352.9104]
global_step=50999, episodic_return=[3402.924]
global_step=51999, episodic_return=[3471.593]
global_step=52999, episodic_return=[3771.384]
global_step=53999, episodic_return=[3781.567]
global_step=54999, episodic_return=[3922.247]
global_step=55999, episodic_return=[3689.33]
global_step=56999, episodic_return=[3939.9453]
global_step=57999, episodic_return=[3856.3306]
global_step=58999, episodic_return=[3994.2952]
global_step=59999, episodic_return=[4054.3665]
global_step=60999, episodic_return=[4057.9675]
global_step=61999, episodic_return=[4326.7085]
global_step=62999, episodic_return=[4163.159]
global_step=63999, episodic_return=[4369.8525]
global_step=64999, episodic_return=[4417.816]
global_step=65999, episodic_return=[4634.146]
global_step=66999, episodic_return=[4557.06]
global_step=67999, episodic_return=[4590.0957]
global_step=68999, episodic_return=[4821.866]
global_step=69999, episodic_return=[4921.47]
global_step=70999, episodic_return=[4718.689]
global_step=71999, episodic_return=[4968.9634]
global_step=72999, episodic_return=[4834.6846]
global_step=73999, episodic_return=[4833.315]
global_step=74999, episodic_return=[4912.1426]
global_step=75999, episodic_return=[5045.6294]
global_step=76999, episodic_return=[5090.889]
global_step=77999, episodic_return=[4933.8286]
global_step=78999, episodic_return=[5039.9688]
global_step=79999, episodic_return=[5163.7876]
global_step=80999, episodic_return=[899.23584]
global_step=81999, episodic_return=[5085.734]
global_step=82999, episodic_return=[5337.6143]
global_step=83999, episodic_return=[5457.9946]
global_step=84999, episodic_return=[5533.7607]
global_step=85999, episodic_return=[5607.1934]
global_step=86999, episodic_return=[5686.2324]
global_step=87999, episodic_return=[5708.1235]
global_step=88999, episodic_return=[5615.8164]
global_step=89999, episodic_return=[5915.33]
global_step=90999, episodic_return=[5830.571]
global_step=91999, episodic_return=[5802.9224]
global_step=92999, episodic_return=[5830.644]
global_step=93999, episodic_return=[5973.6343]
global_step=94999, episodic_return=[5917.9434]
global_step=95999, episodic_return=[5759.5874]
global_step=96999, episodic_return=[6067.958]
global_step=97999, episodic_return=[6049.6064]
global_step=98999, episodic_return=[4935.4033]
global_step=99999, episodic_return=[4292.276]
global_step=100999, episodic_return=[5933.485]
global_step=101999, episodic_return=[6218.4126]
global_step=102999, episodic_return=[6254.6685]
global_step=103999, episodic_return=[6248.763]
global_step=104999, episodic_return=[4066.463]
global_step=105999, episodic_return=[3786.017]
global_step=106999, episodic_return=[6239.1445]
global_step=107999, episodic_return=[6228.882]
global_step=108999, episodic_return=[6329.045]
global_step=109999, episodic_return=[6456.649]
global_step=110999, episodic_return=[6385.3486]
global_step=111999, episodic_return=[6574.8076]
global_step=112999, episodic_return=[6607.056]
global_step=113999, episodic_return=[6446.155]
global_step=114999, episodic_return=[6242.392]
global_step=115999, episodic_return=[6692.259]
global_step=116999, episodic_return=[6637.1685]
global_step=117999, episodic_return=[6535.3086]
global_step=118999, episodic_return=[6484.1753]
global_step=119999, episodic_return=[6800.8]
global_step=120999, episodic_return=[6626.003]
global_step=121999, episodic_return=[6734.7065]
global_step=122999, episodic_return=[6963.027]
global_step=123999, episodic_return=[6999.175]
global_step=124999, episodic_return=[6939.4463]
global_step=125999, episodic_return=[6553.8135]
global_step=126999, episodic_return=[6779.193]
global_step=127999, episodic_return=[6665.445]
global_step=128999, episodic_return=[6955.144]
global_step=129999, episodic_return=[6799.355]
global_step=130999, episodic_return=[6987.2407]
global_step=131999, episodic_return=[7087.445]
global_step=132999, episodic_return=[7070.062]
global_step=133999, episodic_return=[6924.731]
global_step=134999, episodic_return=[7147.1523]
global_step=135999, episodic_return=[6984.744]
global_step=136999, episodic_return=[6831.6177]
global_step=137999, episodic_return=[7043.2065]
global_step=138999, episodic_return=[7034.5186]
global_step=139999, episodic_return=[7007.7397]
global_step=140999, episodic_return=[7127.9087]
global_step=141999, episodic_return=[7119.187]
global_step=142999, episodic_return=[7146.8594]
global_step=143999, episodic_return=[7094.852]
global_step=144999, episodic_return=[7199.5796]
global_step=145999, episodic_return=[7137.2744]
global_step=146999, episodic_return=[7152.1533]
global_step=147999, episodic_return=[7197.676]
global_step=148999, episodic_return=[7318.4526]
global_step=149999, episodic_return=[7242.5728]
global_step=150999, episodic_return=[7188.403]
global_step=151999, episodic_return=[7225.194]
global_step=152999, episodic_return=[7180.4297]
global_step=153999, episodic_return=[7342.0547]
global_step=154999, episodic_return=[7411.436]
global_step=155999, episodic_return=[7412.2905]
global_step=156999, episodic_return=[7249.203]
global_step=157999, episodic_return=[7260.057]
global_step=158999, episodic_return=[7458.4746]
global_step=159999, episodic_return=[7208.0454]
global_step=160999, episodic_return=[7483.036]
global_step=161999, episodic_return=[5882.3506]
global_step=162999, episodic_return=[7463.8413]
global_step=163999, episodic_return=[7384.6304]
global_step=164999, episodic_return=[6740.777]
global_step=165999, episodic_return=[7493.152]
global_step=166999, episodic_return=[7442.2163]
global_step=167999, episodic_return=[7508.7783]
global_step=168999, episodic_return=[7671.8394]
global_step=169999, episodic_return=[7335.6616]
global_step=170999, episodic_return=[7389.496]
global_step=171999, episodic_return=[6507.0186]
global_step=172999, episodic_return=[7344.955]
global_step=173999, episodic_return=[7652.3457]
global_step=174999, episodic_return=[7378.8916]
global_step=175999, episodic_return=[7537.717]
global_step=176999, episodic_return=[7717.1553]
global_step=177999, episodic_return=[7669.5166]
global_step=178999, episodic_return=[7521.545]
global_step=179999, episodic_return=[7399.4316]
global_step=180999, episodic_return=[7785.097]
global_step=181999, episodic_return=[362.62518]
global_step=182999, episodic_return=[7801.8813]
global_step=183999, episodic_return=[7712.323]
global_step=184999, episodic_return=[7610.5713]
global_step=185999, episodic_return=[7624.8833]
global_step=186999, episodic_return=[7617.418]
global_step=187999, episodic_return=[7621.2637]
global_step=188999, episodic_return=[7780.8784]
global_step=189999, episodic_return=[7401.061]
global_step=190999, episodic_return=[7602.6675]
global_step=191999, episodic_return=[7566.91]
global_step=192999, episodic_return=[7593.8525]
global_step=193999, episodic_return=[7895.0557]
global_step=194999, episodic_return=[7613.2026]
global_step=195999, episodic_return=[7870.1953]
global_step=196999, episodic_return=[6997.8267]
global_step=197999, episodic_return=[7544.663]
global_step=198999, episodic_return=[7861.966]
global_step=199999, episodic_return=[7744.949]
global_step=200999, episodic_return=[8024.2104]
global_step=201999, episodic_return=[6582.656]
global_step=202999, episodic_return=[7712.2827]
global_step=203999, episodic_return=[7769.8125]
global_step=204999, episodic_return=[7915.028]
global_step=205999, episodic_return=[7994.769]
global_step=206999, episodic_return=[7931.461]
global_step=207999, episodic_return=[7947.912]
global_step=208999, episodic_return=[7950.631]
global_step=209999, episodic_return=[7857.4]
global_step=210999, episodic_return=[8098.592]
global_step=211999, episodic_return=[8143.837]
global_step=212999, episodic_return=[7815.792]
global_step=213999, episodic_return=[8132.4395]
global_step=214999, episodic_return=[7292.242]
global_step=215999, episodic_return=[7775.515]
global_step=216999, episodic_return=[8187.233]
global_step=217999, episodic_return=[8149.2217]
global_step=218999, episodic_return=[8066.038]
global_step=219999, episodic_return=[8266.273]
global_step=220999, episodic_return=[8177.024]
global_step=221999, episodic_return=[7918.7505]
global_step=222999, episodic_return=[7644.813]
global_step=223999, episodic_return=[8172.4307]
global_step=224999, episodic_return=[8043.1387]
global_step=225999, episodic_return=[7869.314]
global_step=226999, episodic_return=[7895.5205]
global_step=227999, episodic_return=[8287.777]
global_step=228999, episodic_return=[8382.728]
global_step=229999, episodic_return=[8388.953]
global_step=230999, episodic_return=[8355.598]
global_step=231999, episodic_return=[8213.398]
global_step=232999, episodic_return=[8383.255]
global_step=233999, episodic_return=[8720.486]
global_step=234999, episodic_return=[8218.719]
global_step=235999, episodic_return=[8564.817]
global_step=236999, episodic_return=[8472.549]
global_step=237999, episodic_return=[8588.832]
global_step=238999, episodic_return=[8428.997]
global_step=239999, episodic_return=[8504.64]
global_step=240999, episodic_return=[8582.68]
global_step=241999, episodic_return=[8532.17]
global_step=242999, episodic_return=[8464.946]
global_step=243999, episodic_return=[6542.1665]
global_step=244999, episodic_return=[7374.2573]
global_step=245999, episodic_return=[8534.37]
global_step=246999, episodic_return=[8674.597]
global_step=247999, episodic_return=[8530.287]
global_step=248999, episodic_return=[8590.957]
global_step=249999, episodic_return=[8705.641]
global_step=250999, episodic_return=[8398.726]
global_step=251999, episodic_return=[8147.378]
global_step=252999, episodic_return=[6796.8555]
global_step=253999, episodic_return=[8782.171]
global_step=254999, episodic_return=[8490.194]
global_step=255999, episodic_return=[8590.579]
global_step=256999, episodic_return=[8650.589]
global_step=257999, episodic_return=[8536.103]
global_step=258999, episodic_return=[8727.884]
global_step=259999, episodic_return=[8431.046]
global_step=260999, episodic_return=[8560.036]
global_step=261999, episodic_return=[8418.964]
global_step=262999, episodic_return=[8733.149]
global_step=263999, episodic_return=[8300.21]
global_step=264999, episodic_return=[8772.377]
global_step=265999, episodic_return=[8806.632]
global_step=266999, episodic_return=[8812.45]
global_step=267999, episodic_return=[8720.139]
global_step=268999, episodic_return=[8816.53]
global_step=269999, episodic_return=[8785.181]
global_step=270999, episodic_return=[8860.696]
global_step=271999, episodic_return=[8664.955]
global_step=272999, episodic_return=[8904.423]
global_step=273999, episodic_return=[9007.528]
global_step=274999, episodic_return=[8598.293]
global_step=275999, episodic_return=[8886.419]
global_step=276999, episodic_return=[8944.558]
global_step=277999, episodic_return=[8932.82]
global_step=278999, episodic_return=[9080.711]
global_step=279999, episodic_return=[8885.374]
global_step=280999, episodic_return=[8998.8]
global_step=281999, episodic_return=[8534.56]
global_step=282999, episodic_return=[8857.827]
global_step=283999, episodic_return=[8834.626]
global_step=284999, episodic_return=[8824.724]
global_step=285999, episodic_return=[9066.912]
global_step=286999, episodic_return=[9096.416]
global_step=287999, episodic_return=[8922.303]
global_step=288999, episodic_return=[8941.167]
global_step=289999, episodic_return=[8974.988]
global_step=290999, episodic_return=[9198.269]
global_step=291999, episodic_return=[9083.698]
global_step=292999, episodic_return=[9016.113]
global_step=293999, episodic_return=[8999.504]
global_step=294999, episodic_return=[9049.888]
global_step=295999, episodic_return=[8942.542]
global_step=296999, episodic_return=[9081.432]
global_step=297999, episodic_return=[9311.527]
global_step=298999, episodic_return=[8815.351]
global_step=299999, episodic_return=[9002.796]
global_step=300999, episodic_return=[9230.77]
global_step=301999, episodic_return=[9101.917]
global_step=302999, episodic_return=[9055.549]
global_step=303999, episodic_return=[9052.973]
global_step=304999, episodic_return=[8420.846]
global_step=305999, episodic_return=[9067.83]
global_step=306999, episodic_return=[9388.931]
global_step=307999, episodic_return=[9105.967]
global_step=308999, episodic_return=[9019.083]
global_step=309999, episodic_return=[8950.002]
global_step=310999, episodic_return=[7873.329]
global_step=311999, episodic_return=[8908.445]
global_step=312999, episodic_return=[9342.422]
global_step=313999, episodic_return=[9495.76]
global_step=314999, episodic_return=[9323.761]
global_step=315999, episodic_return=[9326.388]
global_step=316999, episodic_return=[8887.739]
global_step=317999, episodic_return=[9374.056]
global_step=318999, episodic_return=[9292.946]
global_step=319999, episodic_return=[9058.765]
global_step=320999, episodic_return=[9073.1]
global_step=321999, episodic_return=[9058.275]
global_step=322999, episodic_return=[8606.977]
global_step=323999, episodic_return=[9162.34]
global_step=324999, episodic_return=[9410.781]
global_step=325999, episodic_return=[8924.892]
global_step=326999, episodic_return=[9425.772]
global_step=327999, episodic_return=[9271.462]
global_step=328999, episodic_return=[9304.824]
global_step=329999, episodic_return=[9405.494]
global_step=330999, episodic_return=[9196.108]
global_step=331999, episodic_return=[9450.164]
global_step=332999, episodic_return=[9330.617]
global_step=333999, episodic_return=[9593.806]
global_step=334999, episodic_return=[9695.96]
global_step=335999, episodic_return=[9441.07]
global_step=336999, episodic_return=[9713.226]
global_step=337999, episodic_return=[9530.377]
global_step=338999, episodic_return=[9573.454]
global_step=339999, episodic_return=[9347.794]
global_step=340999, episodic_return=[9295.994]
global_step=341999, episodic_return=[9353.455]
global_step=342999, episodic_return=[9520.252]
global_step=343999, episodic_return=[9672.02]
global_step=344999, episodic_return=[9652.257]
global_step=345999, episodic_return=[9639.935]
global_step=346999, episodic_return=[9213.905]
global_step=347999, episodic_return=[9606.458]
global_step=348999, episodic_return=[9728.493]
global_step=349999, episodic_return=[9046.358]
global_step=350999, episodic_return=[9524.592]
global_step=351999, episodic_return=[9518.325]
global_step=352999, episodic_return=[9718.09]
global_step=353999, episodic_return=[9456.841]
global_step=354999, episodic_return=[9586.284]
global_step=355999, episodic_return=[9487.769]
global_step=356999, episodic_return=[9638.483]
global_step=357999, episodic_return=[9390.8545]
global_step=358999, episodic_return=[9852.092]
global_step=359999, episodic_return=[9279.143]
global_step=360999, episodic_return=[1657.1902]
global_step=361999, episodic_return=[9656.209]
global_step=362999, episodic_return=[9653.102]
global_step=363999, episodic_return=[9710.253]
global_step=364999, episodic_return=[9812.591]
global_step=365999, episodic_return=[9616.147]
global_step=366999, episodic_return=[9078.836]
global_step=367999, episodic_return=[9907.507]
global_step=368999, episodic_return=[9669.544]
global_step=369999, episodic_return=[9547.248]
global_step=370999, episodic_return=[9797.961]
global_step=371999, episodic_return=[9607.674]
global_step=372999, episodic_return=[9879.942]
global_step=373999, episodic_return=[9886.423]
global_step=374999, episodic_return=[9640.239]
global_step=375999, episodic_return=[9783.625]
global_step=376999, episodic_return=[9798.896]
global_step=377999, episodic_return=[9796.945]
global_step=378999, episodic_return=[9387.895]
global_step=379999, episodic_return=[9699.923]
global_step=380999, episodic_return=[9641.094]
global_step=381999, episodic_return=[9729.306]
global_step=382999, episodic_return=[9728.439]
global_step=383999, episodic_return=[9596.419]
global_step=384999, episodic_return=[9713.13]
global_step=385999, episodic_return=[9335.207]
global_step=386999, episodic_return=[9848.458]
global_step=387999, episodic_return=[9722.608]
global_step=388999, episodic_return=[9810.672]
global_step=389999, episodic_return=[9523.343]
global_step=390999, episodic_return=[9830.136]
global_step=391999, episodic_return=[9737.767]
global_step=392999, episodic_return=[9809.521]
global_step=393999, episodic_return=[9834.08]
global_step=394999, episodic_return=[9757.415]
global_step=395999, episodic_return=[9936.196]
global_step=396999, episodic_return=[9958.827]
global_step=397999, episodic_return=[9492.289]
global_step=398999, episodic_return=[9940.4375]
global_step=399999, episodic_return=[9722.437]
global_step=400999, episodic_return=[9932.66]
global_step=401999, episodic_return=[10007.74]
global_step=402999, episodic_return=[9559.238]
global_step=403999, episodic_return=[10034.509]
global_step=404999, episodic_return=[9949.147]
global_step=405999, episodic_return=[9755.894]
global_step=406999, episodic_return=[9655.649]
global_step=407999, episodic_return=[10023.148]
global_step=408999, episodic_return=[9583.82]
global_step=409999, episodic_return=[10044.045]
global_step=410999, episodic_return=[10014.214]
global_step=411999, episodic_return=[10016.654]
global_step=412999, episodic_return=[10039.704]
global_step=413999, episodic_return=[10040.943]
global_step=414999, episodic_return=[9912.106]
global_step=415999, episodic_return=[9956.54]
global_step=416999, episodic_return=[9658.093]
global_step=417999, episodic_return=[10139.231]
global_step=418999, episodic_return=[10157.569]
global_step=419999, episodic_return=[9920.02]
global_step=420999, episodic_return=[9744.204]
global_step=421999, episodic_return=[9980.311]
global_step=422999, episodic_return=[10007.793]
global_step=423999, episodic_return=[9964.39]
global_step=424999, episodic_return=[10011.75]
global_step=425999, episodic_return=[10109.557]
global_step=426999, episodic_return=[9765.985]
global_step=427999, episodic_return=[10251.961]
global_step=428999, episodic_return=[10014.801]
global_step=429999, episodic_return=[10121.293]
global_step=430999, episodic_return=[9845.93]
global_step=431999, episodic_return=[10047.233]
global_step=432999, episodic_return=[9844.646]
global_step=433999, episodic_return=[10024.583]
global_step=434999, episodic_return=[9893.029]
global_step=435999, episodic_return=[10035.936]
global_step=436999, episodic_return=[9972.324]
global_step=437999, episodic_return=[10013.459]
global_step=438999, episodic_return=[9384.123]
global_step=439999, episodic_return=[9916.368]
global_step=440999, episodic_return=[9858.503]
global_step=441999, episodic_return=[9268.756]
global_step=442999, episodic_return=[9984.976]
global_step=443999, episodic_return=[10163.301]
global_step=444999, episodic_return=[10191.275]
global_step=445999, episodic_return=[10077.33]
global_step=446999, episodic_return=[9679.139]
global_step=447999, episodic_return=[10240.214]
global_step=448999, episodic_return=[9861.379]
global_step=449999, episodic_return=[10104.7705]
global_step=450999, episodic_return=[10173.557]
global_step=451999, episodic_return=[10251.97]
global_step=452999, episodic_return=[10197.843]
global_step=453999, episodic_return=[10143.821]
global_step=454999, episodic_return=[10238.877]
global_step=455999, episodic_return=[10053.096]
global_step=456999, episodic_return=[10032.617]
global_step=457999, episodic_return=[9587.958]
global_step=458999, episodic_return=[10339.844]
global_step=459999, episodic_return=[10002.988]
global_step=460999, episodic_return=[10120.182]
global_step=461999, episodic_return=[10151.069]
global_step=462999, episodic_return=[10063.687]
global_step=463999, episodic_return=[10303.937]
global_step=464999, episodic_return=[10178.115]
global_step=465999, episodic_return=[10026.676]
global_step=466999, episodic_return=[9891.314]
global_step=467999, episodic_return=[10093.86]
global_step=468999, episodic_return=[10033.948]
global_step=469999, episodic_return=[10010.633]
global_step=470999, episodic_return=[9538.409]
global_step=471999, episodic_return=[10080.109]
global_step=472999, episodic_return=[9962.058]
global_step=473999, episodic_return=[10314.67]
global_step=474999, episodic_return=[9991.913]
global_step=475999, episodic_return=[10108.868]
global_step=476999, episodic_return=[9544.831]
global_step=477999, episodic_return=[9847.013]
global_step=478999, episodic_return=[10015.602]
global_step=479999, episodic_return=[9977.082]
global_step=480999, episodic_return=[10396.182]
global_step=481999, episodic_return=[10244.219]
global_step=482999, episodic_return=[9905.2705]
global_step=483999, episodic_return=[9833.11]
global_step=484999, episodic_return=[10053.247]
global_step=485999, episodic_return=[10120.789]
global_step=486999, episodic_return=[10186.699]
global_step=487999, episodic_return=[10242.574]
global_step=488999, episodic_return=[10194.605]
global_step=489999, episodic_return=[10323.317]
global_step=490999, episodic_return=[10164.593]
global_step=491999, episodic_return=[10311.712]
global_step=492999, episodic_return=[10022.129]
global_step=493999, episodic_return=[10241.652]
global_step=494999, episodic_return=[10440.924]
global_step=495999, episodic_return=[10174.685]
global_step=496999, episodic_return=[10239.199]
global_step=497999, episodic_return=[10277.2705]
global_step=498999, episodic_return=[10246.493]
global_step=499999, episodic_return=[10555.709]
global_step=500999, episodic_return=[9938.292]
global_step=501999, episodic_return=[10336.146]
global_step=502999, episodic_return=[9869.434]
global_step=503999, episodic_return=[9995.925]
global_step=504999, episodic_return=[10186.439]
global_step=505999, episodic_return=[10485.418]
global_step=506999, episodic_return=[10301.551]
global_step=507999, episodic_return=[10375.051]
global_step=508999, episodic_return=[10254.126]
global_step=509999, episodic_return=[10416.592]
global_step=510999, episodic_return=[10303.403]
global_step=511999, episodic_return=[10030.937]
global_step=512999, episodic_return=[10539.246]
global_step=513999, episodic_return=[10348.943]
global_step=514999, episodic_return=[10161.722]
global_step=515999, episodic_return=[10345.008]
global_step=516999, episodic_return=[10242.53]
global_step=517999, episodic_return=[10533.52]
global_step=518999, episodic_return=[10620.935]
global_step=519999, episodic_return=[10042.307]
global_step=520999, episodic_return=[10387.1875]
global_step=521999, episodic_return=[10216.282]
global_step=522999, episodic_return=[10199.298]
global_step=523999, episodic_return=[10359.273]
global_step=524999, episodic_return=[10410.17]
global_step=525999, episodic_return=[10396.885]
global_step=526999, episodic_return=[10336.767]
global_step=527999, episodic_return=[5422.9985]
global_step=528999, episodic_return=[9891.323]
global_step=529999, episodic_return=[10304.383]
global_step=530999, episodic_return=[10373.726]
global_step=531999, episodic_return=[10157.982]
global_step=532999, episodic_return=[10045.169]
global_step=533999, episodic_return=[10138.573]
global_step=534999, episodic_return=[10194.033]
global_step=535999, episodic_return=[10511.464]
global_step=536999, episodic_return=[10297.602]
global_step=537999, episodic_return=[10248.223]
global_step=538999, episodic_return=[10410.282]
global_step=539999, episodic_return=[10444.892]
global_step=540999, episodic_return=[10468.688]
global_step=541999, episodic_return=[10264.955]
global_step=542999, episodic_return=[10613.638]
global_step=543999, episodic_return=[10464.507]
global_step=544999, episodic_return=[10572.674]
global_step=545999, episodic_return=[10423.235]
global_step=546999, episodic_return=[10374.974]
global_step=547999, episodic_return=[10439.56]
global_step=548999, episodic_return=[10285.176]
global_step=549999, episodic_return=[10736.683]
global_step=550999, episodic_return=[10717.852]
global_step=551999, episodic_return=[10259.324]
global_step=552999, episodic_return=[10377.863]
global_step=553999, episodic_return=[10428.413]
global_step=554999, episodic_return=[10099.496]
global_step=555999, episodic_return=[10532.781]
global_step=556999, episodic_return=[10492.124]
global_step=557999, episodic_return=[10398.669]
global_step=558999, episodic_return=[10546.987]
global_step=559999, episodic_return=[9050.059]
global_step=560999, episodic_return=[9442.996]
global_step=561999, episodic_return=[10346.88]
global_step=562999, episodic_return=[10421.72]
global_step=563999, episodic_return=[10459.848]
global_step=564999, episodic_return=[10606.741]
global_step=565999, episodic_return=[10062.96]
global_step=566999, episodic_return=[10079.485]
global_step=567999, episodic_return=[10461.331]
global_step=568999, episodic_return=[10325.179]
global_step=569999, episodic_return=[10514.181]
global_step=570999, episodic_return=[10249.358]
global_step=571999, episodic_return=[10639.111]
global_step=572999, episodic_return=[10533.863]
global_step=573999, episodic_return=[10495.268]
global_step=574999, episodic_return=[10008.612]
global_step=575999, episodic_return=[10472.099]
global_step=576999, episodic_return=[10491.406]
global_step=577999, episodic_return=[10165.859]
global_step=578999, episodic_return=[10571.121]
global_step=579999, episodic_return=[10682.581]
global_step=580999, episodic_return=[10628.49]
global_step=581999, episodic_return=[9718.061]
global_step=582999, episodic_return=[10444.347]
global_step=583999, episodic_return=[10532.354]
global_step=584999, episodic_return=[10485.218]
global_step=585999, episodic_return=[10632.337]
global_step=586999, episodic_return=[10566.335]
global_step=587999, episodic_return=[10587.602]
global_step=588999, episodic_return=[10454.285]
global_step=589999, episodic_return=[10629.014]
global_step=590999, episodic_return=[10545.451]
global_step=591999, episodic_return=[10473.582]
global_step=592999, episodic_return=[10505.152]
global_step=593999, episodic_return=[10625.807]
global_step=594999, episodic_return=[10038.659]
global_step=595999, episodic_return=[10643.236]
global_step=596999, episodic_return=[10482.151]
global_step=597999, episodic_return=[10633.676]
global_step=598999, episodic_return=[10484.148]
global_step=599999, episodic_return=[10304.871]
global_step=600999, episodic_return=[10805.957]
global_step=601999, episodic_return=[10660.246]
global_step=602999, episodic_return=[10496.957]
global_step=603999, episodic_return=[10365.996]
global_step=604999, episodic_return=[10466.492]
global_step=605999, episodic_return=[10560.317]
global_step=606999, episodic_return=[10215.65]
global_step=607999, episodic_return=[10265.434]
global_step=608999, episodic_return=[10550.643]
global_step=609999, episodic_return=[10533.412]
global_step=610999, episodic_return=[10517.474]
global_step=611999, episodic_return=[10336.464]
global_step=612999, episodic_return=[10305.045]
global_step=613999, episodic_return=[10654.546]
global_step=614999, episodic_return=[10551.492]
global_step=615999, episodic_return=[10366.179]
global_step=616999, episodic_return=[10821.14]
global_step=617999, episodic_return=[10721.673]
global_step=618999, episodic_return=[10787.825]
global_step=619999, episodic_return=[10346.562]
global_step=620999, episodic_return=[9874.75]
global_step=621999, episodic_return=[10420.318]
global_step=622999, episodic_return=[10539.451]
global_step=623999, episodic_return=[10708.509]
global_step=624999, episodic_return=[10814.008]
global_step=625999, episodic_return=[10809.26]
global_step=626999, episodic_return=[10250.805]
global_step=627999, episodic_return=[10689.444]
global_step=628999, episodic_return=[10714.406]
global_step=629999, episodic_return=[10262.089]
global_step=630999, episodic_return=[10813.938]
global_step=631999, episodic_return=[10747.129]
global_step=632999, episodic_return=[10535.427]
global_step=633999, episodic_return=[10342.102]
global_step=634999, episodic_return=[10559.5]
global_step=635999, episodic_return=[10814.3955]
global_step=636999, episodic_return=[10620.783]
global_step=637999, episodic_return=[10311.615]
global_step=638999, episodic_return=[10527.138]
global_step=639999, episodic_return=[10872.136]
global_step=640999, episodic_return=[10618.808]
global_step=641999, episodic_return=[10825.966]
global_step=642999, episodic_return=[10129.07]
global_step=643999, episodic_return=[10567.945]
global_step=644999, episodic_return=[10794.086]
global_step=645999, episodic_return=[10827.063]
global_step=646999, episodic_return=[10556.407]
global_step=647999, episodic_return=[10568.924]
global_step=648999, episodic_return=[3215.2476]
global_step=649999, episodic_return=[10626.337]
global_step=650999, episodic_return=[10704.264]
global_step=651999, episodic_return=[10466.69]
global_step=652999, episodic_return=[10809.047]
global_step=653999, episodic_return=[10275.614]
global_step=654999, episodic_return=[10558.793]
global_step=655999, episodic_return=[10755.674]
global_step=656999, episodic_return=[10545.459]
global_step=657999, episodic_return=[10722.209]
global_step=658999, episodic_return=[10909.184]
global_step=659999, episodic_return=[10593.967]
global_step=660999, episodic_return=[10642.806]
global_step=661999, episodic_return=[10887.683]
global_step=662999, episodic_return=[10628.285]
global_step=663999, episodic_return=[10488.91]
global_step=664999, episodic_return=[10786.007]
global_step=665999, episodic_return=[10811.442]
global_step=666999, episodic_return=[10860.891]
global_step=667999, episodic_return=[10828.617]
global_step=668999, episodic_return=[10801.125]
global_step=669999, episodic_return=[10422.218]
global_step=670999, episodic_return=[10847.688]
global_step=671999, episodic_return=[10316.334]
global_step=672999, episodic_return=[10345.749]
global_step=673999, episodic_return=[10581.588]
global_step=674999, episodic_return=[11026.863]
global_step=675999, episodic_return=[10773.47]
global_step=676999, episodic_return=[10682.452]
global_step=677999, episodic_return=[10621.362]
global_step=678999, episodic_return=[10585.31]
global_step=679999, episodic_return=[10812.673]
global_step=680999, episodic_return=[11139.255]
global_step=681999, episodic_return=[10581.292]
global_step=682999, episodic_return=[10233.769]
global_step=683999, episodic_return=[10742.767]
global_step=684999, episodic_return=[10393.298]
global_step=685999, episodic_return=[10406.797]
global_step=686999, episodic_return=[9972.053]
global_step=687999, episodic_return=[10392.952]
global_step=688999, episodic_return=[10497.597]
global_step=689999, episodic_return=[10761.916]
global_step=690999, episodic_return=[10523.273]
global_step=691999, episodic_return=[10690.857]
global_step=692999, episodic_return=[10827.286]
global_step=693999, episodic_return=[10727.813]
global_step=694999, episodic_return=[10969.682]
global_step=695999, episodic_return=[10795.337]
global_step=696999, episodic_return=[11053.382]
global_step=697999, episodic_return=[10759.193]
global_step=698999, episodic_return=[10970.325]
global_step=699999, episodic_return=[10782.108]
global_step=700999, episodic_return=[10680.252]
global_step=701999, episodic_return=[10899.874]
global_step=702999, episodic_return=[10691.993]
global_step=703999, episodic_return=[10829.6]
global_step=704999, episodic_return=[10921.388]
global_step=705999, episodic_return=[10237.576]
global_step=706999, episodic_return=[10929.206]
global_step=707999, episodic_return=[10657.711]
global_step=708999, episodic_return=[10760.89]
global_step=709999, episodic_return=[10454.541]
global_step=710999, episodic_return=[10794.531]
global_step=711999, episodic_return=[10850.441]
global_step=712999, episodic_return=[10801.53]
global_step=713999, episodic_return=[10871.168]
global_step=714999, episodic_return=[10555.125]
global_step=715999, episodic_return=[2258.357]
global_step=716999, episodic_return=[10572.146]
global_step=717999, episodic_return=[10618.284]
global_step=718999, episodic_return=[11002.098]
global_step=719999, episodic_return=[10585.587]
global_step=720999, episodic_return=[10724.673]
global_step=721999, episodic_return=[3635.246]
global_step=722999, episodic_return=[10831.185]
global_step=723999, episodic_return=[10732.946]
global_step=724999, episodic_return=[11030.35]
global_step=725999, episodic_return=[10597.377]
global_step=726999, episodic_return=[10770.264]
global_step=727999, episodic_return=[10791.425]
global_step=728999, episodic_return=[10551.458]
global_step=729999, episodic_return=[10937.547]
global_step=730999, episodic_return=[10827.711]
global_step=731999, episodic_return=[10840.986]
global_step=732999, episodic_return=[10671.212]
global_step=733999, episodic_return=[10788.163]
global_step=734999, episodic_return=[11038.09]
global_step=735999, episodic_return=[11025.53]
global_step=736999, episodic_return=[10864.823]
global_step=737999, episodic_return=[10580.194]
global_step=738999, episodic_return=[10715.039]
global_step=739999, episodic_return=[10822.553]
global_step=740999, episodic_return=[10599.813]
global_step=741999, episodic_return=[10224.575]
global_step=742999, episodic_return=[10769.511]
global_step=743999, episodic_return=[11072.789]
global_step=744999, episodic_return=[10929.873]
global_step=745999, episodic_return=[10595.546]
global_step=746999, episodic_return=[11142.3125]
global_step=747999, episodic_return=[10187.3545]
global_step=748999, episodic_return=[10802.202]
global_step=749999, episodic_return=[10679.3955]
global_step=750999, episodic_return=[10786.347]
global_step=751999, episodic_return=[10886.712]
global_step=752999, episodic_return=[10608.748]
global_step=753999, episodic_return=[10272.56]
global_step=754999, episodic_return=[10559.418]
global_step=755999, episodic_return=[10456.86]
global_step=756999, episodic_return=[10635.799]
global_step=757999, episodic_return=[10569.942]
global_step=758999, episodic_return=[11069.286]
global_step=759999, episodic_return=[10600.446]
global_step=760999, episodic_return=[10339.945]
global_step=761999, episodic_return=[10480.339]
global_step=762999, episodic_return=[10527.388]
global_step=763999, episodic_return=[11268.646]
global_step=764999, episodic_return=[10895.996]
global_step=765999, episodic_return=[10657.944]
global_step=766999, episodic_return=[10798.565]
global_step=767999, episodic_return=[10907.019]
global_step=768999, episodic_return=[10739.92]
global_step=769999, episodic_return=[11115.002]
global_step=770999, episodic_return=[10710.646]
global_step=771999, episodic_return=[10569.542]
global_step=772999, episodic_return=[10836.354]
global_step=773999, episodic_return=[7470.961]
global_step=774999, episodic_return=[10660.652]
global_step=775999, episodic_return=[10863.352]
global_step=776999, episodic_return=[10813.557]
global_step=777999, episodic_return=[10873.924]
global_step=778999, episodic_return=[10804.473]
global_step=779999, episodic_return=[10798.837]
global_step=780999, episodic_return=[10743.356]
global_step=781999, episodic_return=[10974.129]
global_step=782999, episodic_return=[10819.446]
global_step=783999, episodic_return=[11018.317]
global_step=784999, episodic_return=[10972.03]
global_step=785999, episodic_return=[9197.602]
global_step=786999, episodic_return=[11303.824]
global_step=787999, episodic_return=[10900.6455]
global_step=788999, episodic_return=[10774.208]
global_step=789999, episodic_return=[10954.562]
global_step=790999, episodic_return=[10797.156]
global_step=791999, episodic_return=[11006.475]
global_step=792999, episodic_return=[10880.133]
global_step=793999, episodic_return=[10976.147]
global_step=794999, episodic_return=[10949.105]
global_step=795999, episodic_return=[10937.294]
global_step=796999, episodic_return=[10914.943]
global_step=797999, episodic_return=[11221.284]
global_step=798999, episodic_return=[10729.935]
global_step=799999, episodic_return=[10894.963]
global_step=800999, episodic_return=[11068.878]
global_step=801999, episodic_return=[10831.109]
global_step=802999, episodic_return=[10684.396]
global_step=803999, episodic_return=[10930.71]
global_step=804999, episodic_return=[10792.504]
global_step=805999, episodic_return=[11205.885]
global_step=806999, episodic_return=[10983.463]
global_step=807999, episodic_return=[11055.942]
global_step=808999, episodic_return=[10743.781]
global_step=809999, episodic_return=[10157.113]
global_step=810999, episodic_return=[10853.093]
global_step=811999, episodic_return=[11101.089]
global_step=812999, episodic_return=[11094.13]
global_step=813999, episodic_return=[10547.26]
global_step=814999, episodic_return=[10446.941]
global_step=815999, episodic_return=[10938.635]
global_step=816999, episodic_return=[11183.771]
global_step=817999, episodic_return=[11048.341]
global_step=818999, episodic_return=[11116.846]
global_step=819999, episodic_return=[10662.649]
global_step=820999, episodic_return=[11067.504]
global_step=821999, episodic_return=[10897.784]
global_step=822999, episodic_return=[10810.758]
global_step=823999, episodic_return=[11026.8125]
global_step=824999, episodic_return=[10937.869]
global_step=825999, episodic_return=[9802.383]
global_step=826999, episodic_return=[11168.666]
global_step=827999, episodic_return=[11161.381]
global_step=828999, episodic_return=[11350.508]
global_step=829999, episodic_return=[11064.975]
global_step=830999, episodic_return=[10935.533]
global_step=831999, episodic_return=[11039.283]
global_step=832999, episodic_return=[11137.65]
global_step=833999, episodic_return=[10595.606]
global_step=834999, episodic_return=[10575.879]
global_step=835999, episodic_return=[11097.926]
global_step=836999, episodic_return=[11209.359]
global_step=837999, episodic_return=[10946.724]
global_step=838999, episodic_return=[10739.8]
global_step=839999, episodic_return=[10843.203]
global_step=840999, episodic_return=[11149.093]
global_step=841999, episodic_return=[10913.356]
global_step=842999, episodic_return=[10744.209]
global_step=843999, episodic_return=[11040.776]
global_step=844999, episodic_return=[11064.306]
global_step=845999, episodic_return=[10936.698]
global_step=846999, episodic_return=[10990.149]
global_step=847999, episodic_return=[11304.043]
global_step=848999, episodic_return=[10923.382]
global_step=849999, episodic_return=[11124.619]
global_step=850999, episodic_return=[11001.68]
global_step=851999, episodic_return=[10636.771]
global_step=852999, episodic_return=[10720.396]
global_step=853999, episodic_return=[11262.28]
global_step=854999, episodic_return=[8876.724]
global_step=855999, episodic_return=[11273.895]
global_step=856999, episodic_return=[10933.906]
global_step=857999, episodic_return=[11093.298]
global_step=858999, episodic_return=[10980.55]
global_step=859999, episodic_return=[11122.797]
global_step=860999, episodic_return=[10971.404]
global_step=861999, episodic_return=[10998.13]
global_step=862999, episodic_return=[11029.359]
global_step=863999, episodic_return=[10628.537]
global_step=864999, episodic_return=[11133.984]
global_step=865999, episodic_return=[11290.023]
global_step=866999, episodic_return=[11108.8545]
global_step=867999, episodic_return=[10842.244]
global_step=868999, episodic_return=[10875.942]
global_step=869999, episodic_return=[10790.015]
global_step=870999, episodic_return=[11275.418]
global_step=871999, episodic_return=[11176.996]
global_step=872999, episodic_return=[10974.841]
global_step=873999, episodic_return=[11153.64]
global_step=874999, episodic_return=[10987.025]
global_step=875999, episodic_return=[10906.575]
global_step=876999, episodic_return=[10757.238]
global_step=877999, episodic_return=[11191.098]
global_step=878999, episodic_return=[11070.19]
global_step=879999, episodic_return=[11061.497]
global_step=880999, episodic_return=[11005.7705]
global_step=881999, episodic_return=[11283.295]
global_step=882999, episodic_return=[10589.414]
global_step=883999, episodic_return=[10988.733]
global_step=884999, episodic_return=[11115.941]
global_step=885999, episodic_return=[10568.315]
global_step=886999, episodic_return=[11003.292]
global_step=887999, episodic_return=[11011.71]
global_step=888999, episodic_return=[11259.786]
global_step=889999, episodic_return=[10650.824]
global_step=890999, episodic_return=[11011.916]
global_step=891999, episodic_return=[11128.171]
global_step=892999, episodic_return=[11158.632]
global_step=893999, episodic_return=[10842.339]
global_step=894999, episodic_return=[11020.133]
global_step=895999, episodic_return=[11029.274]
global_step=896999, episodic_return=[11002.359]
global_step=897999, episodic_return=[10806.725]
global_step=898999, episodic_return=[11080.761]
global_step=899999, episodic_return=[10948.63]
global_step=900999, episodic_return=[10982.319]
global_step=901999, episodic_return=[10894.893]
global_step=902999, episodic_return=[11291.64]
global_step=903999, episodic_return=[11031.608]
global_step=904999, episodic_return=[11035.252]
global_step=905999, episodic_return=[11058.407]
global_step=906999, episodic_return=[11000.825]
global_step=907999, episodic_return=[9808.6455]
global_step=908999, episodic_return=[11149.264]
global_step=909999, episodic_return=[11004.184]
global_step=910999, episodic_return=[11312.138]
global_step=911999, episodic_return=[11224.142]
global_step=912999, episodic_return=[10823.646]
global_step=913999, episodic_return=[11139.051]
global_step=914999, episodic_return=[10862.028]
global_step=915999, episodic_return=[11064.688]
global_step=916999, episodic_return=[11102.52]
global_step=917999, episodic_return=[11188.874]
global_step=918999, episodic_return=[11231.883]
global_step=919999, episodic_return=[11012.344]
global_step=920999, episodic_return=[11298.637]
global_step=921999, episodic_return=[11064.502]
global_step=922999, episodic_return=[11431.726]
global_step=923999, episodic_return=[11167.694]
global_step=924999, episodic_return=[11391.632]
global_step=925999, episodic_return=[11383.595]
global_step=926999, episodic_return=[11159.444]
global_step=927999, episodic_return=[11143.513]
global_step=928999, episodic_return=[10760.07]
global_step=929999, episodic_return=[11058.736]
global_step=930999, episodic_return=[10702.193]
global_step=931999, episodic_return=[11102.892]
global_step=932999, episodic_return=[11258.372]
global_step=933999, episodic_return=[10521.849]
global_step=934999, episodic_return=[10444.903]
global_step=935999, episodic_return=[11094.142]
global_step=936999, episodic_return=[10635.026]
global_step=937999, episodic_return=[10957.608]
global_step=938999, episodic_return=[9981.481]
global_step=939999, episodic_return=[11109.4]
global_step=940999, episodic_return=[10983.791]
global_step=941999, episodic_return=[11312.8125]
global_step=942999, episodic_return=[10900.32]
global_step=943999, episodic_return=[10878.136]
global_step=944999, episodic_return=[11360.357]
global_step=945999, episodic_return=[11150.382]
global_step=946999, episodic_return=[11183.956]
global_step=947999, episodic_return=[11137.386]
global_step=948999, episodic_return=[10873.656]
global_step=949999, episodic_return=[11242.71]
global_step=950999, episodic_return=[11404.975]
global_step=951999, episodic_return=[11427.825]
global_step=952999, episodic_return=[10830.068]
global_step=953999, episodic_return=[10843.573]
global_step=954999, episodic_return=[10863.085]
global_step=955999, episodic_return=[11138.263]
global_step=956999, episodic_return=[10458.518]
global_step=957999, episodic_return=[11003.917]
global_step=958999, episodic_return=[11101.584]
global_step=959999, episodic_return=[10888.333]
global_step=960999, episodic_return=[2873.311]
global_step=961999, episodic_return=[11427.754]
global_step=962999, episodic_return=[11101.836]
global_step=963999, episodic_return=[10600.978]
global_step=964999, episodic_return=[11321.968]
global_step=965999, episodic_return=[10946.185]
global_step=966999, episodic_return=[10946.37]
global_step=967999, episodic_return=[11197.358]
global_step=968999, episodic_return=[11276.069]
global_step=969999, episodic_return=[11317.479]
global_step=970999, episodic_return=[10913.886]
global_step=971999, episodic_return=[11263.537]
global_step=972999, episodic_return=[11039.496]
global_step=973999, episodic_return=[11126.718]
global_step=974999, episodic_return=[11033.194]
global_step=975999, episodic_return=[11194.263]
global_step=976999, episodic_return=[10760.908]
global_step=977999, episodic_return=[11296.509]
global_step=978999, episodic_return=[10691.736]
global_step=979999, episodic_return=[10932.602]
global_step=980999, episodic_return=[11242.897]
global_step=981999, episodic_return=[11215.996]
global_step=982999, episodic_return=[10918.69]
global_step=983999, episodic_return=[11212.507]
global_step=984999, episodic_return=[11305.128]
global_step=985999, episodic_return=[10874.354]
global_step=986999, episodic_return=[11030.293]
global_step=987999, episodic_return=[10724.691]
global_step=988999, episodic_return=[11069.154]
global_step=989999, episodic_return=[10682.245]
global_step=990999, episodic_return=[11086.681]
global_step=991999, episodic_return=[11231.843]
global_step=992999, episodic_return=[10853.988]
global_step=993999, episodic_return=[10938.283]
global_step=994999, episodic_return=[10481.963]
global_step=995999, episodic_return=[11135.253]
global_step=996999, episodic_return=[11156.983]
global_step=997999, episodic_return=[9958.273]
global_step=998999, episodic_return=[10924.373]
global_step=999999, episodic_return=[10892.652]
global_step=1000999, episodic_return=[11097.129]
global_step=1001999, episodic_return=[10814.695]
global_step=1002999, episodic_return=[11251.064]
global_step=1003999, episodic_return=[10921.94]
global_step=1004999, episodic_return=[10461.759]
global_step=1005999, episodic_return=[11170.9]
global_step=1006999, episodic_return=[11116.195]
global_step=1007999, episodic_return=[11426.333]
global_step=1008999, episodic_return=[11364.8545]
global_step=1009999, episodic_return=[11286.454]
global_step=1010999, episodic_return=[11108.024]
global_step=1011999, episodic_return=[11207.174]
global_step=1012999, episodic_return=[11043.32]
global_step=1013999, episodic_return=[11277.222]
global_step=1014999, episodic_return=[11078.175]
global_step=1015999, episodic_return=[11138.366]
global_step=1016999, episodic_return=[11331.918]
global_step=1017999, episodic_return=[11224.551]
global_step=1018999, episodic_return=[11099.015]
global_step=1019999, episodic_return=[11283.634]
global_step=1020999, episodic_return=[10876.836]
global_step=1021999, episodic_return=[11138.735]
global_step=1022999, episodic_return=[11330.82]
global_step=1023999, episodic_return=[11106.182]
global_step=1024999, episodic_return=[10964.012]
global_step=1025999, episodic_return=[11349.363]
global_step=1026999, episodic_return=[11041.303]
global_step=1027999, episodic_return=[10539.079]
global_step=1028999, episodic_return=[11105.932]
global_step=1029999, episodic_return=[11210.212]
global_step=1030999, episodic_return=[11330.542]
global_step=1031999, episodic_return=[11333.885]
global_step=1032999, episodic_return=[11082.479]
global_step=1033999, episodic_return=[9399.561]
global_step=1034999, episodic_return=[11276.1455]
global_step=1035999, episodic_return=[11125.708]
global_step=1036999, episodic_return=[11111.792]
global_step=1037999, episodic_return=[11054.813]
global_step=1038999, episodic_return=[10992.712]
global_step=1039999, episodic_return=[11281.461]
global_step=1040999, episodic_return=[11039.187]
global_step=1041999, episodic_return=[10469.757]
global_step=1042999, episodic_return=[11186.719]
global_step=1043999, episodic_return=[10809.49]
global_step=1044999, episodic_return=[11342.44]
global_step=1045999, episodic_return=[11314.124]
global_step=1046999, episodic_return=[11044.282]
global_step=1047999, episodic_return=[11074.821]
global_step=1048999, episodic_return=[11233.287]
global_step=1049999, episodic_return=[11117.673]
global_step=1050999, episodic_return=[11033.358]
global_step=1051999, episodic_return=[11076.715]
global_step=1052999, episodic_return=[10666.213]
global_step=1053999, episodic_return=[10968.555]
global_step=1054999, episodic_return=[10802.047]
global_step=1055999, episodic_return=[11143.356]
global_step=1056999, episodic_return=[11005.616]
global_step=1057999, episodic_return=[10849.587]
global_step=1058999, episodic_return=[11066.332]
global_step=1059999, episodic_return=[10997.524]
global_step=1060999, episodic_return=[11336.267]
global_step=1061999, episodic_return=[11324.87]
global_step=1062999, episodic_return=[11162.025]
global_step=1063999, episodic_return=[11055.896]
global_step=1064999, episodic_return=[11132.297]
global_step=1065999, episodic_return=[11235.021]
global_step=1066999, episodic_return=[11057.127]
global_step=1067999, episodic_return=[11069.921]
global_step=1068999, episodic_return=[11024.919]
global_step=1069999, episodic_return=[11306.567]
global_step=1070999, episodic_return=[11175.296]
global_step=1071999, episodic_return=[10978.928]
global_step=1072999, episodic_return=[11049.689]
global_step=1073999, episodic_return=[11377.728]
global_step=1074999, episodic_return=[10780.552]
global_step=1075999, episodic_return=[11290.454]
global_step=1076999, episodic_return=[10985.512]
global_step=1077999, episodic_return=[11133.636]
global_step=1078999, episodic_return=[10920.58]
global_step=1079999, episodic_return=[10631.152]
global_step=1080999, episodic_return=[10937.248]
global_step=1081999, episodic_return=[10996.82]
global_step=1082999, episodic_return=[11077.291]
global_step=1083999, episodic_return=[11069.046]
global_step=1084999, episodic_return=[10936.631]
global_step=1085999, episodic_return=[10878.796]
global_step=1086999, episodic_return=[11087.98]
global_step=1087999, episodic_return=[11079.395]
global_step=1088999, episodic_return=[11223.93]
global_step=1089999, episodic_return=[11298.603]
global_step=1090999, episodic_return=[11212.712]
global_step=1091999, episodic_return=[11088.907]
global_step=1092999, episodic_return=[11140.958]
global_step=1093999, episodic_return=[11339.159]
global_step=1094999, episodic_return=[11208.374]
global_step=1095999, episodic_return=[11168.191]
global_step=1096999, episodic_return=[11385.171]
global_step=1097999, episodic_return=[11079.681]
global_step=1098999, episodic_return=[11080.762]
global_step=1099999, episodic_return=[10976.011]
global_step=1100999, episodic_return=[11068.1875]
global_step=1101999, episodic_return=[11432.271]
global_step=1102999, episodic_return=[11187.965]
global_step=1103999, episodic_return=[10829.069]
global_step=1104999, episodic_return=[10456.374]
global_step=1105999, episodic_return=[10795.177]
global_step=1106999, episodic_return=[11180.895]
global_step=1107999, episodic_return=[11219.474]
global_step=1108999, episodic_return=[11327.019]
global_step=1109999, episodic_return=[10842.106]
global_step=1110999, episodic_return=[11146.336]
global_step=1111999, episodic_return=[11109.2705]
global_step=1112999, episodic_return=[11148.715]
global_step=1113999, episodic_return=[11146.064]
global_step=1114999, episodic_return=[11200.419]
global_step=1115999, episodic_return=[11299.885]
global_step=1116999, episodic_return=[10982.812]
global_step=1117999, episodic_return=[11261.647]
global_step=1118999, episodic_return=[11072.506]
global_step=1119999, episodic_return=[11490.449]
global_step=1120999, episodic_return=[10869.575]
global_step=1121999, episodic_return=[11347.093]
global_step=1122999, episodic_return=[11371.4]
global_step=1123999, episodic_return=[10687.08]
global_step=1124999, episodic_return=[11373.127]
global_step=1125999, episodic_return=[11155.919]
global_step=1126999, episodic_return=[11068.018]
global_step=1127999, episodic_return=[11219.973]
global_step=1128999, episodic_return=[11431.765]
global_step=1129999, episodic_return=[11053.049]
global_step=1130999, episodic_return=[11122.887]
global_step=1131999, episodic_return=[10437.83]
global_step=1132999, episodic_return=[11427.398]
global_step=1133999, episodic_return=[11252.364]
global_step=1134999, episodic_return=[11476.808]
global_step=1135999, episodic_return=[11370.288]
global_step=1136999, episodic_return=[11425.199]
global_step=1137999, episodic_return=[11101.386]
global_step=1138999, episodic_return=[11006.477]
global_step=1139999, episodic_return=[11234.367]
global_step=1140999, episodic_return=[11259.532]
global_step=1141999, episodic_return=[11365.015]
global_step=1142999, episodic_return=[11394.895]
global_step=1143999, episodic_return=[11137.711]
global_step=1144999, episodic_return=[11301.069]
global_step=1145999, episodic_return=[10937.61]
global_step=1146999, episodic_return=[11094.375]
global_step=1147999, episodic_return=[11167.121]
global_step=1148999, episodic_return=[11255.83]
global_step=1149999, episodic_return=[11396.768]
global_step=1150999, episodic_return=[11357.929]
global_step=1151999, episodic_return=[11069.342]
global_step=1152999, episodic_return=[11555.261]
global_step=1153999, episodic_return=[11336.192]
global_step=1154999, episodic_return=[10935.6045]
global_step=1155999, episodic_return=[10817.994]
global_step=1156999, episodic_return=[11358.752]
global_step=1157999, episodic_return=[11358.9795]
global_step=1158999, episodic_return=[11279.729]
global_step=1159999, episodic_return=[10896.433]
global_step=1160999, episodic_return=[11162.052]
global_step=1161999, episodic_return=[11297.566]
global_step=1162999, episodic_return=[10898.679]
global_step=1163999, episodic_return=[11320.949]
global_step=1164999, episodic_return=[11260.761]
global_step=1165999, episodic_return=[11495.459]
global_step=1166999, episodic_return=[11133.293]
global_step=1167999, episodic_return=[11474.524]
global_step=1168999, episodic_return=[11383.1045]
global_step=1169999, episodic_return=[10617.761]
global_step=1170999, episodic_return=[11169.365]
global_step=1171999, episodic_return=[10848.599]
global_step=1172999, episodic_return=[11456.109]
global_step=1173999, episodic_return=[10962.805]
global_step=1174999, episodic_return=[11480.982]
global_step=1175999, episodic_return=[10977.675]
global_step=1176999, episodic_return=[11391.266]
global_step=1177999, episodic_return=[11093.304]
global_step=1178999, episodic_return=[11000.299]
global_step=1179999, episodic_return=[11403.729]
global_step=1180999, episodic_return=[11031.358]
global_step=1181999, episodic_return=[11173.229]
global_step=1182999, episodic_return=[11458.388]
global_step=1183999, episodic_return=[11203.351]
global_step=1184999, episodic_return=[11352.932]
global_step=1185999, episodic_return=[11363.999]
global_step=1186999, episodic_return=[11131.206]
global_step=1187999, episodic_return=[11320.223]
global_step=1188999, episodic_return=[11415.416]
global_step=1189999, episodic_return=[11111.924]
global_step=1190999, episodic_return=[11446.645]
global_step=1191999, episodic_return=[11447.3]
global_step=1192999, episodic_return=[4877.988]
global_step=1193999, episodic_return=[11072.343]
global_step=1194999, episodic_return=[11324.758]
global_step=1195999, episodic_return=[11299.809]
global_step=1196999, episodic_return=[11207.042]
global_step=1197999, episodic_return=[10696.4375]
global_step=1198999, episodic_return=[11687.057]
global_step=1199999, episodic_return=[10344.075]
global_step=1200999, episodic_return=[10949.488]
global_step=1201999, episodic_return=[5422.979]
global_step=1202999, episodic_return=[11460.374]
global_step=1203999, episodic_return=[10930.409]
global_step=1204999, episodic_return=[11348.208]
global_step=1205999, episodic_return=[11514.1045]
global_step=1206999, episodic_return=[10290.913]
global_step=1207999, episodic_return=[11541.722]
global_step=1208999, episodic_return=[11020.847]
global_step=1209999, episodic_return=[11221.298]
global_step=1210999, episodic_return=[11353.196]
global_step=1211999, episodic_return=[10901.106]
global_step=1212999, episodic_return=[10920.637]
global_step=1213999, episodic_return=[10653.056]
global_step=1214999, episodic_return=[11090.447]
global_step=1215999, episodic_return=[11246.683]
global_step=1216999, episodic_return=[11201.72]
global_step=1217999, episodic_return=[11141.401]
global_step=1218999, episodic_return=[11301.452]
global_step=1219999, episodic_return=[10732.938]
global_step=1220999, episodic_return=[11405.991]
global_step=1221999, episodic_return=[10893.994]
global_step=1222999, episodic_return=[11251.303]
global_step=1223999, episodic_return=[11174.462]
global_step=1224999, episodic_return=[11397.972]
global_step=1225999, episodic_return=[11229.04]
global_step=1226999, episodic_return=[11056.106]
global_step=1227999, episodic_return=[11456.134]
global_step=1228999, episodic_return=[11094.816]
global_step=1229999, episodic_return=[11313.554]
global_step=1230999, episodic_return=[11338.926]
global_step=1231999, episodic_return=[11439.259]
global_step=1232999, episodic_return=[11508.522]
global_step=1233999, episodic_return=[11234.989]
global_step=1234999, episodic_return=[11179.247]
global_step=1235999, episodic_return=[11225.601]
global_step=1236999, episodic_return=[11096.175]
global_step=1237999, episodic_return=[11208.015]
global_step=1238999, episodic_return=[11254.643]
global_step=1239999, episodic_return=[11451.332]
global_step=1240999, episodic_return=[11275.439]
global_step=1241999, episodic_return=[11339.96]
global_step=1242999, episodic_return=[10913.858]
global_step=1243999, episodic_return=[11374.902]
global_step=1244999, episodic_return=[11314.876]
global_step=1245999, episodic_return=[11281.372]
global_step=1246999, episodic_return=[11252.698]
global_step=1247999, episodic_return=[11128.225]
global_step=1248999, episodic_return=[11483.426]
global_step=1249999, episodic_return=[11354.151]
global_step=1250999, episodic_return=[11386.06]
global_step=1251999, episodic_return=[11022.299]
global_step=1252999, episodic_return=[11321.799]
global_step=1253999, episodic_return=[11128.182]
global_step=1254999, episodic_return=[11332.461]
global_step=1255999, episodic_return=[11216.598]
global_step=1256999, episodic_return=[11240.613]
global_step=1257999, episodic_return=[11210.644]
global_step=1258999, episodic_return=[11130.941]
global_step=1259999, episodic_return=[11360.891]
global_step=1260999, episodic_return=[11253.56]
global_step=1261999, episodic_return=[6261.6294]
global_step=1262999, episodic_return=[11448.966]
global_step=1263999, episodic_return=[11355.5625]
global_step=1264999, episodic_return=[11162.867]
global_step=1265999, episodic_return=[11429.123]
global_step=1266999, episodic_return=[11183.14]
global_step=1267999, episodic_return=[11203.761]
global_step=1268999, episodic_return=[11232.197]
global_step=1269999, episodic_return=[11166.859]
global_step=1270999, episodic_return=[11430.474]
global_step=1271999, episodic_return=[11382.558]
global_step=1272999, episodic_return=[11217.725]
global_step=1273999, episodic_return=[11421.017]
global_step=1274999, episodic_return=[6270.2617]
global_step=1275999, episodic_return=[9053.717]
global_step=1276999, episodic_return=[10882.573]
global_step=1277999, episodic_return=[11251.941]
global_step=1278999, episodic_return=[4388.451]
global_step=1279999, episodic_return=[11383.763]
global_step=1280999, episodic_return=[11445.735]
global_step=1281999, episodic_return=[11255.668]
global_step=1282999, episodic_return=[11482.371]
global_step=1283999, episodic_return=[11438.786]
global_step=1284999, episodic_return=[11338.378]
global_step=1285999, episodic_return=[11156.396]
global_step=1286999, episodic_return=[11345.538]
global_step=1287999, episodic_return=[11322.757]
global_step=1288999, episodic_return=[11353.41]
global_step=1289999, episodic_return=[11401.328]
global_step=1290999, episodic_return=[11500.422]
global_step=1291999, episodic_return=[11223.979]
global_step=1292999, episodic_return=[11133.244]
global_step=1293999, episodic_return=[11439.493]
global_step=1294999, episodic_return=[7686.687]
global_step=1295999, episodic_return=[11457.456]
global_step=1296999, episodic_return=[11345.075]
global_step=1297999, episodic_return=[11315.094]
global_step=1298999, episodic_return=[11268.102]
global_step=1299999, episodic_return=[11351.041]
global_step=1300999, episodic_return=[10790.062]
global_step=1301999, episodic_return=[11106.739]
global_step=1302999, episodic_return=[11521.101]
global_step=1303999, episodic_return=[7202.428]
global_step=1304999, episodic_return=[11440.039]
global_step=1305999, episodic_return=[11580.727]
global_step=1306999, episodic_return=[10922.212]
global_step=1307999, episodic_return=[11226.582]
global_step=1308999, episodic_return=[11616.168]
global_step=1309999, episodic_return=[11024.937]
global_step=1310999, episodic_return=[11413.699]
global_step=1311999, episodic_return=[11240.201]
global_step=1312999, episodic_return=[11090.62]
global_step=1313999, episodic_return=[11475.823]
global_step=1314999, episodic_return=[10581.608]
global_step=1315999, episodic_return=[11286.986]
global_step=1316999, episodic_return=[10665.617]
global_step=1317999, episodic_return=[11333.684]
global_step=1318999, episodic_return=[11302.886]
global_step=1319999, episodic_return=[11516.156]
global_step=1320999, episodic_return=[11432.925]
global_step=1321999, episodic_return=[11124.062]
global_step=1322999, episodic_return=[10910.546]
global_step=1323999, episodic_return=[11090.881]
global_step=1324999, episodic_return=[11341.789]
global_step=1325999, episodic_return=[11248.447]
global_step=1326999, episodic_return=[10865.484]
global_step=1327999, episodic_return=[11385.253]
global_step=1328999, episodic_return=[11252.381]
global_step=1329999, episodic_return=[10714.368]
global_step=1330999, episodic_return=[11114.081]
global_step=1331999, episodic_return=[11540.472]
global_step=1332999, episodic_return=[11320.985]
global_step=1333999, episodic_return=[11564.714]
global_step=1334999, episodic_return=[11032.068]
global_step=1335999, episodic_return=[11557.546]
global_step=1336999, episodic_return=[11116.911]
global_step=1337999, episodic_return=[11313.241]
global_step=1338999, episodic_return=[11364.342]
global_step=1339999, episodic_return=[11064.638]
global_step=1340999, episodic_return=[11463.583]
global_step=1341999, episodic_return=[11078.21]
global_step=1342999, episodic_return=[11513.932]
global_step=1343999, episodic_return=[11511.465]
global_step=1344999, episodic_return=[10931.257]
global_step=1345999, episodic_return=[11351.474]
global_step=1346999, episodic_return=[11467.675]
global_step=1347999, episodic_return=[11293.1045]
global_step=1348999, episodic_return=[11529.262]
global_step=1349999, episodic_return=[11430.092]
global_step=1350999, episodic_return=[11561.752]
global_step=1351999, episodic_return=[11590.95]
global_step=1352999, episodic_return=[11506.931]
global_step=1353999, episodic_return=[11291.61]
global_step=1354999, episodic_return=[11211.]
global_step=1355999, episodic_return=[11424.82]
global_step=1356999, episodic_return=[4450.716]
global_step=1357999, episodic_return=[11464.686]
global_step=1358999, episodic_return=[11444.537]
global_step=1359999, episodic_return=[11511.912]
global_step=1360999, episodic_return=[11297.838]
global_step=1361999, episodic_return=[11267.034]
global_step=1362999, episodic_return=[11109.936]
global_step=1363999, episodic_return=[11269.328]
global_step=1364999, episodic_return=[11613.077]
global_step=1365999, episodic_return=[11368.621]
global_step=1366999, episodic_return=[11516.951]
global_step=1367999, episodic_return=[11256.602]
global_step=1368999, episodic_return=[11437.701]
global_step=1369999, episodic_return=[11451.497]
global_step=1370999, episodic_return=[4802.419]
global_step=1371999, episodic_return=[11452.482]
global_step=1372999, episodic_return=[11331.642]
global_step=1373999, episodic_return=[11495.13]
global_step=1374999, episodic_return=[11578.321]
global_step=1375999, episodic_return=[11115.487]
global_step=1376999, episodic_return=[11389.437]
global_step=1377999, episodic_return=[11369.862]
global_step=1378999, episodic_return=[11530.1875]
global_step=1379999, episodic_return=[11375.237]
global_step=1380999, episodic_return=[11406.461]
global_step=1381999, episodic_return=[11518.306]
global_step=1382999, episodic_return=[11206.777]
global_step=1383999, episodic_return=[11049.184]
global_step=1384999, episodic_return=[11548.789]
global_step=1385999, episodic_return=[11565.386]
global_step=1386999, episodic_return=[11195.069]
global_step=1387999, episodic_return=[11510.388]
global_step=1388999, episodic_return=[10251.519]
global_step=1389999, episodic_return=[11129.183]
global_step=1390999, episodic_return=[11556.839]
global_step=1391999, episodic_return=[11046.658]
global_step=1392999, episodic_return=[10798.556]
global_step=1393999, episodic_return=[11487.684]
global_step=1394999, episodic_return=[11562.905]
global_step=1395999, episodic_return=[9701.49]
global_step=1396999, episodic_return=[10969.513]
global_step=1397999, episodic_return=[11510.502]
global_step=1398999, episodic_return=[11446.784]
global_step=1399999, episodic_return=[11413.59]
global_step=1400999, episodic_return=[11043.458]
global_step=1401999, episodic_return=[11426.073]
global_step=1402999, episodic_return=[11429.484]
global_step=1403999, episodic_return=[11256.531]
global_step=1404999, episodic_return=[11567.149]
global_step=1405999, episodic_return=[9695.535]
global_step=1406999, episodic_return=[11297.865]
global_step=1407999, episodic_return=[11491.494]
global_step=1408999, episodic_return=[11099.486]
global_step=1409999, episodic_return=[11240.828]
global_step=1410999, episodic_return=[11211.917]
global_step=1411999, episodic_return=[11463.011]
global_step=1412999, episodic_return=[11194.867]
global_step=1413999, episodic_return=[11531.958]
global_step=1414999, episodic_return=[11390.074]
global_step=1415999, episodic_return=[11359.656]
global_step=1416999, episodic_return=[11581.19]
global_step=1417999, episodic_return=[11469.337]
global_step=1418999, episodic_return=[11269.587]
global_step=1419999, episodic_return=[10864.107]
global_step=1420999, episodic_return=[10957.789]
global_step=1421999, episodic_return=[11564.986]
global_step=1422999, episodic_return=[11250.509]
global_step=1423999, episodic_return=[11375.79]
global_step=1424999, episodic_return=[11365.082]
global_step=1425999, episodic_return=[11464.941]
global_step=1426999, episodic_return=[11285.936]
global_step=1427999, episodic_return=[11206.734]
global_step=1428999, episodic_return=[11311.387]
global_step=1429999, episodic_return=[11425.295]
global_step=1430999, episodic_return=[11685.224]
global_step=1431999, episodic_return=[11188.484]
global_step=1432999, episodic_return=[11664.395]
global_step=1433999, episodic_return=[11510.057]
global_step=1434999, episodic_return=[11307.587]
global_step=1435999, episodic_return=[11406.157]
global_step=1436999, episodic_return=[11240.977]
global_step=1437999, episodic_return=[11247.977]
global_step=1438999, episodic_return=[11401.797]
global_step=1439999, episodic_return=[11136.753]
global_step=1440999, episodic_return=[11419.025]
global_step=1441999, episodic_return=[11460.871]
global_step=1442999, episodic_return=[2498.1646]
global_step=1443999, episodic_return=[11186.584]
global_step=1444999, episodic_return=[11296.]
global_step=1445999, episodic_return=[11492.617]
global_step=1446999, episodic_return=[11455.224]
global_step=1447999, episodic_return=[11381.19]
global_step=1448999, episodic_return=[11224.648]
global_step=1449999, episodic_return=[11485.335]
global_step=1450999, episodic_return=[11095.897]
global_step=1451999, episodic_return=[10826.641]
global_step=1452999, episodic_return=[10867.218]
global_step=1453999, episodic_return=[11041.436]
global_step=1454999, episodic_return=[11276.201]
global_step=1455999, episodic_return=[11064.936]
global_step=1456999, episodic_return=[10404.142]
global_step=1457999, episodic_return=[11802.377]
global_step=1458999, episodic_return=[10893.223]
global_step=1459999, episodic_return=[11379.693]
global_step=1460999, episodic_return=[11046.0625]
global_step=1461999, episodic_return=[11633.16]
global_step=1462999, episodic_return=[11579.454]
global_step=1463999, episodic_return=[11149.871]
global_step=1464999, episodic_return=[11517.246]
global_step=1465999, episodic_return=[11392.087]
global_step=1466999, episodic_return=[11598.899]
global_step=1467999, episodic_return=[11215.234]
global_step=1468999, episodic_return=[10997.095]
global_step=1469999, episodic_return=[11397.618]
global_step=1470999, episodic_return=[11208.959]
global_step=1471999, episodic_return=[11527.652]
global_step=1472999, episodic_return=[11489.364]
global_step=1473999, episodic_return=[11446.478]
global_step=1474999, episodic_return=[11491.526]
global_step=1475999, episodic_return=[11446.174]
global_step=1476999, episodic_return=[11443.508]
global_step=1477999, episodic_return=[11506.599]
global_step=1478999, episodic_return=[11319.596]
global_step=1479999, episodic_return=[11543.698]
global_step=1480999, episodic_return=[11513.874]
global_step=1481999, episodic_return=[11635.512]
global_step=1482999, episodic_return=[11610.505]
global_step=1483999, episodic_return=[10750.421]
global_step=1484999, episodic_return=[11530.343]
global_step=1485999, episodic_return=[11400.318]
global_step=1486999, episodic_return=[11333.35]
global_step=1487999, episodic_return=[11292.213]
global_step=1488999, episodic_return=[11498.61]
global_step=1489999, episodic_return=[11496.953]
global_step=1490999, episodic_return=[11341.429]
global_step=1491999, episodic_return=[11560.086]
global_step=1492999, episodic_return=[11286.668]
global_step=1493999, episodic_return=[11317.129]
global_step=1494999, episodic_return=[11520.269]
global_step=1495999, episodic_return=[11590.135]
global_step=1496999, episodic_return=[11096.54]
global_step=1497999, episodic_return=[11215.203]
global_step=1498999, episodic_return=[11173.661]
global_step=1499999, episodic_return=[11511.053]