True
global_step=999, episodic_return=[-307.48352]
/Tmp/slurm.4487127.0/env/lib/python3.8/site-packages/gymnasium/utils/passive_env_checker.py:135: UserWarning: [33mWARN: The obs returned by the `reset()` method was expecting numpy array dtype to be <class 'numpy.float32'>, actual type: float64
  logger.warn(
/Tmp/slurm.4487127.0/env/lib/python3.8/site-packages/gymnasium/utils/passive_env_checker.py:159: UserWarning: [33mWARN: The obs returned by the `reset()` method is not within the observation space.
  logger.warn(f"{pre} is not within the observation space.")
/Tmp/slurm.4487127.0/env/lib/python3.8/site-packages/gymnasium/utils/passive_env_checker.py:135: UserWarning: [33mWARN: The obs returned by the `step()` method was expecting numpy array dtype to be <class 'numpy.float32'>, actual type: float64
  logger.warn(
/Tmp/slurm.4487127.0/env/lib/python3.8/site-packages/gymnasium/utils/passive_env_checker.py:159: UserWarning: [33mWARN: The obs returned by the `step()` method is not within the observation space.
  logger.warn(f"{pre} is not within the observation space.")
global_step=1999, episodic_return=[-396.30524]
global_step=2999, episodic_return=[-201.10631]
global_step=3999, episodic_return=[-323.77756]
global_step=4999, episodic_return=[-218.16974]
global_step=5999, episodic_return=[-394.406]
global_step=6999, episodic_return=[-330.69897]
global_step=7999, episodic_return=[-260.6252]
global_step=8999, episodic_return=[-214.65083]
global_step=9999, episodic_return=[-178.18248]
global_step=10999, episodic_return=[-177.70667]
global_step=11999, episodic_return=[-195.78236]
global_step=12999, episodic_return=[-144.3952]
global_step=13999, episodic_return=[-191.15318]
global_step=14999, episodic_return=[-82.11514]
global_step=15999, episodic_return=[-38.71717]
global_step=16999, episodic_return=[-46.184685]
global_step=17999, episodic_return=[-324.74567]
global_step=18999, episodic_return=[-79.41214]
global_step=19999, episodic_return=[-46.636272]
global_step=20999, episodic_return=[267.0447]
global_step=21999, episodic_return=[575.0025]
global_step=22999, episodic_return=[693.6935]
global_step=23999, episodic_return=[923.0066]
global_step=24999, episodic_return=[1167.5941]
global_step=25999, episodic_return=[1342.2972]
global_step=26999, episodic_return=[1816.9536]
global_step=27999, episodic_return=[1011.4855]
global_step=28999, episodic_return=[1716.7623]
global_step=29999, episodic_return=[2075.1165]
global_step=30999, episodic_return=[2365.9878]
global_step=31999, episodic_return=[2528.2017]
global_step=32999, episodic_return=[2652.6929]
global_step=33999, episodic_return=[2451.4714]
global_step=34999, episodic_return=[2963.2688]
global_step=35999, episodic_return=[2880.877]
global_step=36999, episodic_return=[2899.7778]
global_step=37999, episodic_return=[3350.3914]
global_step=38999, episodic_return=[2874.3162]
global_step=39999, episodic_return=[2877.2407]
global_step=40999, episodic_return=[2669.0598]
global_step=41999, episodic_return=[3293.7827]
global_step=42999, episodic_return=[3431.774]
global_step=43999, episodic_return=[3184.2996]
global_step=44999, episodic_return=[3334.828]
global_step=45999, episodic_return=[3402.096]
global_step=46999, episodic_return=[3660.3828]
global_step=47999, episodic_return=[3585.8457]
global_step=48999, episodic_return=[3700.5935]
global_step=49999, episodic_return=[3546.1763]
global_step=50999, episodic_return=[3810.243]
global_step=51999, episodic_return=[3885.4111]
global_step=52999, episodic_return=[3973.3223]
global_step=53999, episodic_return=[3967.8184]
global_step=54999, episodic_return=[3899.8428]
global_step=55999, episodic_return=[4106.0283]
global_step=56999, episodic_return=[4225.8228]
global_step=57999, episodic_return=[4098.355]
global_step=58999, episodic_return=[3866.7192]
global_step=59999, episodic_return=[4306.156]
global_step=60999, episodic_return=[4224.4595]
global_step=61999, episodic_return=[4361.4316]
global_step=62999, episodic_return=[4312.5874]
global_step=63999, episodic_return=[4381.1445]
global_step=64999, episodic_return=[4470.0615]
global_step=65999, episodic_return=[4574.9014]
global_step=66999, episodic_return=[4495.616]
global_step=67999, episodic_return=[4723.331]
global_step=68999, episodic_return=[4612.852]
global_step=69999, episodic_return=[4746.1997]
global_step=70999, episodic_return=[4680.805]
global_step=71999, episodic_return=[4860.218]
global_step=72999, episodic_return=[4916.3984]
global_step=73999, episodic_return=[4726.626]
global_step=74999, episodic_return=[4755.0522]
global_step=75999, episodic_return=[4880.1196]
global_step=76999, episodic_return=[5001.8003]
global_step=77999, episodic_return=[4886.547]
global_step=78999, episodic_return=[5101.7495]
global_step=79999, episodic_return=[5015.3525]
global_step=80999, episodic_return=[4867.9473]
global_step=81999, episodic_return=[2809.8706]
global_step=82999, episodic_return=[5085.718]
global_step=83999, episodic_return=[5201.291]
global_step=84999, episodic_return=[5185.4463]
global_step=85999, episodic_return=[5081.4854]
global_step=86999, episodic_return=[5195.7163]
global_step=87999, episodic_return=[5178.7583]
global_step=88999, episodic_return=[5262.318]
global_step=89999, episodic_return=[5286.714]
global_step=90999, episodic_return=[5325.883]
global_step=91999, episodic_return=[5609.6914]
global_step=92999, episodic_return=[5549.2036]
global_step=93999, episodic_return=[5423.883]
global_step=94999, episodic_return=[5272.53]
global_step=95999, episodic_return=[5291.148]
global_step=96999, episodic_return=[1489.0382]
global_step=97999, episodic_return=[5765.3447]
global_step=98999, episodic_return=[5435.7793]
global_step=99999, episodic_return=[796.78253]
global_step=100999, episodic_return=[5461.8193]
global_step=101999, episodic_return=[5728.5796]
global_step=102999, episodic_return=[5546.1865]
global_step=103999, episodic_return=[5931.405]
global_step=104999, episodic_return=[5812.097]
global_step=105999, episodic_return=[5843.0796]
global_step=106999, episodic_return=[1994.4285]
global_step=107999, episodic_return=[5991.211]
global_step=108999, episodic_return=[5681.01]
global_step=109999, episodic_return=[2701.4888]
global_step=110999, episodic_return=[2244.8982]
global_step=111999, episodic_return=[5790.0083]
global_step=112999, episodic_return=[5987.4644]
global_step=113999, episodic_return=[5736.231]
global_step=114999, episodic_return=[6013.147]
global_step=115999, episodic_return=[1171.9518]
global_step=116999, episodic_return=[5856.1636]
global_step=117999, episodic_return=[5949.289]
global_step=118999, episodic_return=[5908.6475]
global_step=119999, episodic_return=[5947.9224]
global_step=120999, episodic_return=[6023.446]
global_step=121999, episodic_return=[6015.9614]
global_step=122999, episodic_return=[5942.6846]
global_step=123999, episodic_return=[6097.7256]
global_step=124999, episodic_return=[1633.7194]
global_step=125999, episodic_return=[5989.1826]
global_step=126999, episodic_return=[6208.9937]
global_step=127999, episodic_return=[6237.3457]
global_step=128999, episodic_return=[6256.191]
global_step=129999, episodic_return=[6222.9644]
global_step=130999, episodic_return=[6169.3965]
global_step=131999, episodic_return=[6132.1597]
global_step=132999, episodic_return=[6321.709]
global_step=133999, episodic_return=[6282.9614]
global_step=134999, episodic_return=[6191.1035]
global_step=135999, episodic_return=[6269.568]
global_step=136999, episodic_return=[6236.036]
global_step=137999, episodic_return=[5947.33]
global_step=138999, episodic_return=[6160.3394]
global_step=139999, episodic_return=[6214.041]
global_step=140999, episodic_return=[6363.08]
global_step=141999, episodic_return=[6314.6025]
global_step=142999, episodic_return=[5329.814]
global_step=143999, episodic_return=[6471.2085]
global_step=144999, episodic_return=[6373.628]
global_step=145999, episodic_return=[6261.252]
global_step=146999, episodic_return=[6317.4155]
global_step=147999, episodic_return=[6433.649]
global_step=148999, episodic_return=[6465.677]
global_step=149999, episodic_return=[6547.292]
global_step=150999, episodic_return=[6516.448]
global_step=151999, episodic_return=[6612.013]
global_step=152999, episodic_return=[6400.949]
global_step=153999, episodic_return=[6531.386]
global_step=154999, episodic_return=[6581.1997]
global_step=155999, episodic_return=[6258.504]
global_step=156999, episodic_return=[6416.8794]
global_step=157999, episodic_return=[6510.7935]
global_step=158999, episodic_return=[6461.287]
global_step=159999, episodic_return=[6654.685]
global_step=160999, episodic_return=[5567.4062]
global_step=161999, episodic_return=[6513.3765]
global_step=162999, episodic_return=[6792.7197]
global_step=163999, episodic_return=[6624.621]
global_step=164999, episodic_return=[6804.264]
global_step=165999, episodic_return=[6682.1533]
global_step=166999, episodic_return=[6661.952]
global_step=167999, episodic_return=[6704.2427]
global_step=168999, episodic_return=[6874.2607]
global_step=169999, episodic_return=[6812.68]
global_step=170999, episodic_return=[6715.8877]
global_step=171999, episodic_return=[6785.012]
global_step=172999, episodic_return=[6676.352]
global_step=173999, episodic_return=[6677.354]
global_step=174999, episodic_return=[6858.2407]
global_step=175999, episodic_return=[6932.5864]
global_step=176999, episodic_return=[6703.429]
global_step=177999, episodic_return=[6806.2246]
global_step=178999, episodic_return=[6815.5728]
global_step=179999, episodic_return=[6918.866]
global_step=180999, episodic_return=[6859.9263]
global_step=181999, episodic_return=[6881.497]
global_step=182999, episodic_return=[6915.3975]
global_step=183999, episodic_return=[6642.796]
global_step=184999, episodic_return=[6913.1323]
global_step=185999, episodic_return=[6916.957]
global_step=186999, episodic_return=[7008.562]
global_step=187999, episodic_return=[6710.507]
global_step=188999, episodic_return=[7022.78]
global_step=189999, episodic_return=[6861.332]
global_step=190999, episodic_return=[7048.8696]
global_step=191999, episodic_return=[6943.0176]
global_step=192999, episodic_return=[6989.557]
global_step=193999, episodic_return=[7160.0664]
global_step=194999, episodic_return=[6942.6006]
global_step=195999, episodic_return=[6937.9434]
global_step=196999, episodic_return=[7064.946]
global_step=197999, episodic_return=[6924.782]
global_step=198999, episodic_return=[7106.1733]
global_step=199999, episodic_return=[7270.294]
global_step=200999, episodic_return=[7088.68]
global_step=201999, episodic_return=[7027.8735]
global_step=202999, episodic_return=[7136.5273]
global_step=203999, episodic_return=[6957.179]
global_step=204999, episodic_return=[7006.7935]
global_step=205999, episodic_return=[6964.7886]
global_step=206999, episodic_return=[7181.424]
global_step=207999, episodic_return=[7016.4863]
global_step=208999, episodic_return=[7147.06]
global_step=209999, episodic_return=[6867.8477]
global_step=210999, episodic_return=[7040.9644]
global_step=211999, episodic_return=[7125.229]
global_step=212999, episodic_return=[7188.2607]
global_step=213999, episodic_return=[7237.3633]
global_step=214999, episodic_return=[7183.243]
global_step=215999, episodic_return=[7312.8613]
global_step=216999, episodic_return=[7197.0503]
global_step=217999, episodic_return=[7332.184]
global_step=218999, episodic_return=[7284.267]
global_step=219999, episodic_return=[7170.4175]
global_step=220999, episodic_return=[7037.5854]
global_step=221999, episodic_return=[7202.522]
global_step=222999, episodic_return=[7217.197]
global_step=223999, episodic_return=[7286.1846]
global_step=224999, episodic_return=[963.0877]
global_step=225999, episodic_return=[7345.8643]
global_step=226999, episodic_return=[7265.172]
global_step=227999, episodic_return=[7343.991]
global_step=228999, episodic_return=[7355.19]
global_step=229999, episodic_return=[7152.72]
global_step=230999, episodic_return=[7221.8354]
global_step=231999, episodic_return=[7171.774]
global_step=232999, episodic_return=[7348.3965]
global_step=233999, episodic_return=[7140.93]
global_step=234999, episodic_return=[7301.104]
global_step=235999, episodic_return=[7388.5825]
global_step=236999, episodic_return=[7524.0483]
global_step=237999, episodic_return=[7401.1987]
global_step=238999, episodic_return=[7419.959]
global_step=239999, episodic_return=[7164.8804]
global_step=240999, episodic_return=[7410.4644]
global_step=241999, episodic_return=[7260.5635]
global_step=242999, episodic_return=[7282.562]
global_step=243999, episodic_return=[7320.678]
global_step=244999, episodic_return=[7450.05]
global_step=245999, episodic_return=[7565.5654]
global_step=246999, episodic_return=[7452.7896]
global_step=247999, episodic_return=[7406.0454]
global_step=248999, episodic_return=[7530.2715]
global_step=249999, episodic_return=[7597.9497]
global_step=250999, episodic_return=[7236.6377]
global_step=251999, episodic_return=[7535.2695]
global_step=252999, episodic_return=[7572.4653]
global_step=253999, episodic_return=[7576.056]
global_step=254999, episodic_return=[7463.0464]
global_step=255999, episodic_return=[7642.0166]
global_step=256999, episodic_return=[7412.732]
global_step=257999, episodic_return=[7412.293]
global_step=258999, episodic_return=[7700.258]
global_step=259999, episodic_return=[7618.39]
global_step=260999, episodic_return=[7458.3584]
global_step=261999, episodic_return=[7515.189]
global_step=262999, episodic_return=[7544.991]
global_step=263999, episodic_return=[7350.6797]
global_step=264999, episodic_return=[7515.766]
global_step=265999, episodic_return=[7640.661]
global_step=266999, episodic_return=[7628.6934]
global_step=267999, episodic_return=[7481.492]
global_step=268999, episodic_return=[7500.161]
global_step=269999, episodic_return=[7497.4155]
global_step=270999, episodic_return=[7610.731]
global_step=271999, episodic_return=[7611.681]
global_step=272999, episodic_return=[7668.777]
global_step=273999, episodic_return=[7502.7993]
global_step=274999, episodic_return=[7563.861]
global_step=275999, episodic_return=[7482.9478]
global_step=276999, episodic_return=[7594.347]
global_step=277999, episodic_return=[7454.648]
global_step=278999, episodic_return=[7467.41]
global_step=279999, episodic_return=[7616.526]
global_step=280999, episodic_return=[7463.5117]
global_step=281999, episodic_return=[7755.612]
global_step=282999, episodic_return=[7581.333]
global_step=283999, episodic_return=[7542.576]
global_step=284999, episodic_return=[7534.6187]
global_step=285999, episodic_return=[7665.5244]
global_step=286999, episodic_return=[7699.358]
global_step=287999, episodic_return=[7632.2393]
global_step=288999, episodic_return=[7696.0127]
global_step=289999, episodic_return=[7628.4443]
global_step=290999, episodic_return=[7774.427]
global_step=291999, episodic_return=[7636.6577]
global_step=292999, episodic_return=[7614.857]
global_step=293999, episodic_return=[7690.2446]
global_step=294999, episodic_return=[7835.8813]
global_step=295999, episodic_return=[7758.8594]
global_step=296999, episodic_return=[7747.234]
global_step=297999, episodic_return=[7700.9795]
global_step=298999, episodic_return=[7545.5093]
global_step=299999, episodic_return=[7775.316]
global_step=300999, episodic_return=[7713.678]
global_step=301999, episodic_return=[7480.545]
global_step=302999, episodic_return=[7826.328]
global_step=303999, episodic_return=[7530.6167]
global_step=304999, episodic_return=[7611.099]
global_step=305999, episodic_return=[7664.0664]
global_step=306999, episodic_return=[7844.4067]
global_step=307999, episodic_return=[7734.7046]
global_step=308999, episodic_return=[7607.311]
global_step=309999, episodic_return=[7753.659]
global_step=310999, episodic_return=[7916.545]
global_step=311999, episodic_return=[7739.0825]
global_step=312999, episodic_return=[7676.73]
global_step=313999, episodic_return=[7711.8857]
global_step=314999, episodic_return=[7940.2715]
global_step=315999, episodic_return=[7729.417]
global_step=316999, episodic_return=[7737.6455]
global_step=317999, episodic_return=[7842.241]
global_step=318999, episodic_return=[7793.399]
global_step=319999, episodic_return=[7605.2397]
global_step=320999, episodic_return=[7847.5845]
global_step=321999, episodic_return=[7793.679]
global_step=322999, episodic_return=[7836.2656]
global_step=323999, episodic_return=[7714.6206]
global_step=324999, episodic_return=[7691.5493]
global_step=325999, episodic_return=[7883.9766]
global_step=326999, episodic_return=[7864.593]
global_step=327999, episodic_return=[7840.6924]
global_step=328999, episodic_return=[7860.0645]
global_step=329999, episodic_return=[7740.45]
global_step=330999, episodic_return=[7720.1035]
global_step=331999, episodic_return=[7905.0146]
global_step=332999, episodic_return=[7709.1626]
global_step=333999, episodic_return=[7812.39]
global_step=334999, episodic_return=[7618.297]
global_step=335999, episodic_return=[7623.1562]
global_step=336999, episodic_return=[7644.924]
global_step=337999, episodic_return=[7776.8633]
global_step=338999, episodic_return=[7996.669]
global_step=339999, episodic_return=[7929.2183]
global_step=340999, episodic_return=[7864.7427]
global_step=341999, episodic_return=[7816.878]
global_step=342999, episodic_return=[8031.857]
global_step=343999, episodic_return=[7719.1426]
global_step=344999, episodic_return=[7753.245]
global_step=345999, episodic_return=[7847.1626]
global_step=346999, episodic_return=[7833.121]
global_step=347999, episodic_return=[7926.431]
global_step=348999, episodic_return=[7891.9854]
global_step=349999, episodic_return=[7845.0044]
global_step=350999, episodic_return=[7925.181]
global_step=351999, episodic_return=[7904.5806]
global_step=352999, episodic_return=[8083.727]
global_step=353999, episodic_return=[8032.684]
global_step=354999, episodic_return=[7896.7627]
global_step=355999, episodic_return=[7920.831]
global_step=356999, episodic_return=[7955.328]
global_step=357999, episodic_return=[7987.151]
global_step=358999, episodic_return=[7940.8857]
global_step=359999, episodic_return=[8031.1006]
global_step=360999, episodic_return=[7996.4507]
global_step=361999, episodic_return=[7963.197]
global_step=362999, episodic_return=[7965.4927]
global_step=363999, episodic_return=[7975.4956]
global_step=364999, episodic_return=[7901.47]
global_step=365999, episodic_return=[7911.6357]
global_step=366999, episodic_return=[7951.3853]
global_step=367999, episodic_return=[8124.689]
global_step=368999, episodic_return=[7963.6694]
global_step=369999, episodic_return=[7941.8335]
global_step=370999, episodic_return=[8029.6304]
global_step=371999, episodic_return=[8011.747]
global_step=372999, episodic_return=[7960.5186]
global_step=373999, episodic_return=[8019.271]
global_step=374999, episodic_return=[8029.6035]
global_step=375999, episodic_return=[7820.3213]
global_step=376999, episodic_return=[7808.6885]
global_step=377999, episodic_return=[7919.38]
global_step=378999, episodic_return=[8064.7944]
global_step=379999, episodic_return=[7681.421]
global_step=380999, episodic_return=[8096.7695]
global_step=381999, episodic_return=[8029.641]
global_step=382999, episodic_return=[8061.843]
global_step=383999, episodic_return=[8098.0215]
global_step=384999, episodic_return=[8103.436]
global_step=385999, episodic_return=[8180.7656]
global_step=386999, episodic_return=[8101.393]
global_step=387999, episodic_return=[8132.506]
global_step=388999, episodic_return=[8036.184]
global_step=389999, episodic_return=[7874.299]
global_step=390999, episodic_return=[8171.973]
global_step=391999, episodic_return=[8099.675]
global_step=392999, episodic_return=[7976.6084]
global_step=393999, episodic_return=[8133.027]
global_step=394999, episodic_return=[8003.578]
global_step=395999, episodic_return=[7961.5835]
global_step=396999, episodic_return=[8234.773]
global_step=397999, episodic_return=[8094.43]
global_step=398999, episodic_return=[8282.104]
global_step=399999, episodic_return=[7992.579]
global_step=400999, episodic_return=[8017.254]
global_step=401999, episodic_return=[8123.021]
global_step=402999, episodic_return=[8051.721]
global_step=403999, episodic_return=[8128.411]
global_step=404999, episodic_return=[8085.1416]
global_step=405999, episodic_return=[7984.2417]
global_step=406999, episodic_return=[8147.8535]
global_step=407999, episodic_return=[8162.512]
global_step=408999, episodic_return=[8176.8335]
global_step=409999, episodic_return=[8302.49]
global_step=410999, episodic_return=[7836.617]
global_step=411999, episodic_return=[8218.047]
global_step=412999, episodic_return=[8180.0796]
global_step=413999, episodic_return=[8009.1406]
global_step=414999, episodic_return=[8264.994]
global_step=415999, episodic_return=[8133.146]
global_step=416999, episodic_return=[8275.213]
global_step=417999, episodic_return=[8119.7915]
global_step=418999, episodic_return=[8279.807]
global_step=419999, episodic_return=[8082.411]
global_step=420999, episodic_return=[8045.1577]
global_step=421999, episodic_return=[8154.713]
global_step=422999, episodic_return=[8007.3203]
global_step=423999, episodic_return=[8142.474]
global_step=424999, episodic_return=[8001.5615]
global_step=425999, episodic_return=[8184.5415]
global_step=426999, episodic_return=[8107.9663]
global_step=427999, episodic_return=[8321.284]
global_step=428999, episodic_return=[8255.977]
global_step=429999, episodic_return=[8151.8213]
global_step=430999, episodic_return=[8192.331]
global_step=431999, episodic_return=[7974.563]
global_step=432999, episodic_return=[8169.163]
global_step=433999, episodic_return=[8304.428]
global_step=434999, episodic_return=[8299.36]
global_step=435999, episodic_return=[8405.8125]
global_step=436999, episodic_return=[8309.737]
global_step=437999, episodic_return=[8314.516]
global_step=438999, episodic_return=[8193.796]
global_step=439999, episodic_return=[8332.804]
global_step=440999, episodic_return=[8319.161]
global_step=441999, episodic_return=[8370.306]
global_step=442999, episodic_return=[8264.038]
global_step=443999, episodic_return=[8206.676]
global_step=444999, episodic_return=[8284.931]
global_step=445999, episodic_return=[8309.586]
global_step=446999, episodic_return=[8462.48]
global_step=447999, episodic_return=[8281.623]
global_step=448999, episodic_return=[8295.794]
global_step=449999, episodic_return=[8231.636]
global_step=450999, episodic_return=[8176.242]
global_step=451999, episodic_return=[8299.3]
global_step=452999, episodic_return=[8268.215]
global_step=453999, episodic_return=[8307.581]
global_step=454999, episodic_return=[8422.837]
global_step=455999, episodic_return=[8146.009]
global_step=456999, episodic_return=[8390.34]
global_step=457999, episodic_return=[8442.05]
global_step=458999, episodic_return=[8361.099]
global_step=459999, episodic_return=[8474.877]
global_step=460999, episodic_return=[8155.7935]
global_step=461999, episodic_return=[8285.858]
global_step=462999, episodic_return=[8318.251]
global_step=463999, episodic_return=[8473.847]
global_step=464999, episodic_return=[8513.754]
global_step=465999, episodic_return=[8494.093]
global_step=466999, episodic_return=[8527.258]
global_step=467999, episodic_return=[8553.614]
global_step=468999, episodic_return=[8407.969]
global_step=469999, episodic_return=[8344.811]
global_step=470999, episodic_return=[8399.157]
global_step=471999, episodic_return=[8410.118]
global_step=472999, episodic_return=[8461.691]
global_step=473999, episodic_return=[8467.253]
global_step=474999, episodic_return=[8360.276]
global_step=475999, episodic_return=[8375.769]
global_step=476999, episodic_return=[8430.198]
global_step=477999, episodic_return=[8409.013]
global_step=478999, episodic_return=[8507.323]
global_step=479999, episodic_return=[8488.489]
global_step=480999, episodic_return=[8416.617]
global_step=481999, episodic_return=[8583.351]
global_step=482999, episodic_return=[8241.961]
global_step=483999, episodic_return=[8409.102]
global_step=484999, episodic_return=[8450.444]
global_step=485999, episodic_return=[8198.101]
global_step=486999, episodic_return=[8388.281]
global_step=487999, episodic_return=[8334.837]
global_step=488999, episodic_return=[8452.296]
global_step=489999, episodic_return=[8482.788]
global_step=490999, episodic_return=[8480.303]
global_step=491999, episodic_return=[8434.882]
global_step=492999, episodic_return=[8511.296]
global_step=493999, episodic_return=[8421.798]
global_step=494999, episodic_return=[8397.167]
global_step=495999, episodic_return=[8557.483]
global_step=496999, episodic_return=[8618.434]
global_step=497999, episodic_return=[8545.97]
global_step=498999, episodic_return=[8653.521]
global_step=499999, episodic_return=[8635.744]
global_step=500999, episodic_return=[8415.671]
global_step=501999, episodic_return=[8434.882]
global_step=502999, episodic_return=[8524.736]
global_step=503999, episodic_return=[8471.047]
global_step=504999, episodic_return=[8458.11]
global_step=505999, episodic_return=[8499.525]
global_step=506999, episodic_return=[8481.092]
global_step=507999, episodic_return=[8505.013]
global_step=508999, episodic_return=[8533.207]
global_step=509999, episodic_return=[8519.461]
global_step=510999, episodic_return=[8294.613]
global_step=511999, episodic_return=[8635.611]
global_step=512999, episodic_return=[8830.228]
global_step=513999, episodic_return=[8638.976]
global_step=514999, episodic_return=[8601.392]
global_step=515999, episodic_return=[8780.3125]
global_step=516999, episodic_return=[8613.227]
global_step=517999, episodic_return=[8735.]
global_step=518999, episodic_return=[8429.479]
global_step=519999, episodic_return=[8528.264]
global_step=520999, episodic_return=[8564.406]
global_step=521999, episodic_return=[8641.125]
global_step=522999, episodic_return=[8736.355]
global_step=523999, episodic_return=[8716.963]
global_step=524999, episodic_return=[8777.51]
global_step=525999, episodic_return=[8523.395]
global_step=526999, episodic_return=[8592.52]
global_step=527999, episodic_return=[8607.2295]
global_step=528999, episodic_return=[8550.264]
global_step=529999, episodic_return=[8385.238]
global_step=530999, episodic_return=[8700.3125]
global_step=531999, episodic_return=[8880.954]
global_step=532999, episodic_return=[8768.395]
global_step=533999, episodic_return=[8819.537]
global_step=534999, episodic_return=[8608.453]
global_step=535999, episodic_return=[8748.686]
global_step=536999, episodic_return=[8779.871]
global_step=537999, episodic_return=[8686.201]
global_step=538999, episodic_return=[8835.891]
global_step=539999, episodic_return=[8543.9375]
global_step=540999, episodic_return=[8755.024]
global_step=541999, episodic_return=[8472.255]
global_step=542999, episodic_return=[8407.5205]
global_step=543999, episodic_return=[8919.923]
global_step=544999, episodic_return=[8622.698]
global_step=545999, episodic_return=[8683.007]
global_step=546999, episodic_return=[8780.002]
global_step=547999, episodic_return=[8743.332]
global_step=548999, episodic_return=[8662.206]
global_step=549999, episodic_return=[8777.897]
global_step=550999, episodic_return=[8799.693]
global_step=551999, episodic_return=[8641.11]
global_step=552999, episodic_return=[8878.0205]
global_step=553999, episodic_return=[8801.203]
global_step=554999, episodic_return=[8585.067]
global_step=555999, episodic_return=[8835.775]
global_step=556999, episodic_return=[8675.216]
global_step=557999, episodic_return=[8513.8]
global_step=558999, episodic_return=[8729.089]
global_step=559999, episodic_return=[8911.02]
global_step=560999, episodic_return=[8947.074]
global_step=561999, episodic_return=[9089.192]
global_step=562999, episodic_return=[8770.222]
global_step=563999, episodic_return=[8646.57]
global_step=564999, episodic_return=[8765.412]
global_step=565999, episodic_return=[8757.09]
global_step=566999, episodic_return=[8782.195]
global_step=567999, episodic_return=[8714.703]
global_step=568999, episodic_return=[8808.31]
global_step=569999, episodic_return=[8763.703]
global_step=570999, episodic_return=[8837.871]
global_step=571999, episodic_return=[8873.152]
global_step=572999, episodic_return=[8919.695]
global_step=573999, episodic_return=[8731.606]
global_step=574999, episodic_return=[8702.588]
global_step=575999, episodic_return=[8766.04]
global_step=576999, episodic_return=[8775.064]
global_step=577999, episodic_return=[8750.154]
global_step=578999, episodic_return=[8947.]
global_step=579999, episodic_return=[8516.315]
global_step=580999, episodic_return=[8931.904]
global_step=581999, episodic_return=[8486.254]
global_step=582999, episodic_return=[8598.789]
global_step=583999, episodic_return=[8658.923]
global_step=584999, episodic_return=[8893.639]
global_step=585999, episodic_return=[8525.394]
global_step=586999, episodic_return=[8872.682]
global_step=587999, episodic_return=[8729.44]
global_step=588999, episodic_return=[8821.348]
global_step=589999, episodic_return=[8501.616]
global_step=590999, episodic_return=[8867.301]
global_step=591999, episodic_return=[8819.156]
global_step=592999, episodic_return=[8664.779]
global_step=593999, episodic_return=[8821.94]
global_step=594999, episodic_return=[8811.34]
global_step=595999, episodic_return=[8851.871]
global_step=596999, episodic_return=[8983.831]
global_step=597999, episodic_return=[8842.551]
global_step=598999, episodic_return=[8831.15]
global_step=599999, episodic_return=[8732.844]
global_step=600999, episodic_return=[8802.951]
global_step=601999, episodic_return=[8736.813]
global_step=602999, episodic_return=[9068.668]
global_step=603999, episodic_return=[9041.571]
global_step=604999, episodic_return=[8526.161]
global_step=605999, episodic_return=[8646.374]
global_step=606999, episodic_return=[8804.401]
global_step=607999, episodic_return=[8778.134]
global_step=608999, episodic_return=[8891.604]
global_step=609999, episodic_return=[8822.065]
global_step=610999, episodic_return=[8849.884]
global_step=611999, episodic_return=[8939.567]
global_step=612999, episodic_return=[9029.004]
global_step=613999, episodic_return=[8832.819]
global_step=614999, episodic_return=[8940.42]
global_step=615999, episodic_return=[8888.14]
global_step=616999, episodic_return=[8749.69]
global_step=617999, episodic_return=[8775.329]
global_step=618999, episodic_return=[8750.318]
global_step=619999, episodic_return=[9034.409]
global_step=620999, episodic_return=[9008.248]
global_step=621999, episodic_return=[8863.184]
global_step=622999, episodic_return=[8870.462]
global_step=623999, episodic_return=[9034.099]
global_step=624999, episodic_return=[8950.854]
global_step=625999, episodic_return=[9035.854]
global_step=626999, episodic_return=[8522.249]
global_step=627999, episodic_return=[9112.077]
global_step=628999, episodic_return=[8938.914]
global_step=629999, episodic_return=[8726.611]
global_step=630999, episodic_return=[8861.167]
global_step=631999, episodic_return=[8963.805]
global_step=632999, episodic_return=[8964.6875]
global_step=633999, episodic_return=[8904.545]
global_step=634999, episodic_return=[9090.986]
global_step=635999, episodic_return=[8967.846]
global_step=636999, episodic_return=[9018.494]
global_step=637999, episodic_return=[9110.488]
global_step=638999, episodic_return=[8686.728]
global_step=639999, episodic_return=[9060.614]
global_step=640999, episodic_return=[8954.85]
global_step=641999, episodic_return=[8965.474]
global_step=642999, episodic_return=[9110.308]
global_step=643999, episodic_return=[9143.896]
global_step=644999, episodic_return=[8964.448]
global_step=645999, episodic_return=[8938.003]
global_step=646999, episodic_return=[9089.126]
global_step=647999, episodic_return=[9008.824]
global_step=648999, episodic_return=[9180.398]
global_step=649999, episodic_return=[9001.69]
global_step=650999, episodic_return=[9075.717]
global_step=651999, episodic_return=[9001.736]
global_step=652999, episodic_return=[9052.33]
global_step=653999, episodic_return=[9269.858]
global_step=654999, episodic_return=[9070.253]
global_step=655999, episodic_return=[9043.967]
global_step=656999, episodic_return=[9005.865]
global_step=657999, episodic_return=[8992.883]
global_step=658999, episodic_return=[8934.608]
global_step=659999, episodic_return=[9260.94]
global_step=660999, episodic_return=[8968.559]
global_step=661999, episodic_return=[9060.146]
global_step=662999, episodic_return=[9029.235]
global_step=663999, episodic_return=[9072.218]
global_step=664999, episodic_return=[9049.283]
global_step=665999, episodic_return=[9141.722]
global_step=666999, episodic_return=[9077.356]
global_step=667999, episodic_return=[9095.669]
global_step=668999, episodic_return=[9028.1045]
global_step=669999, episodic_return=[9158.758]
global_step=670999, episodic_return=[9348.323]
global_step=671999, episodic_return=[9061.769]
global_step=672999, episodic_return=[9083.123]
global_step=673999, episodic_return=[8941.249]
global_step=674999, episodic_return=[9013.456]
global_step=675999, episodic_return=[9176.159]
global_step=676999, episodic_return=[9149.442]
global_step=677999, episodic_return=[9044.093]
global_step=678999, episodic_return=[9232.662]
global_step=679999, episodic_return=[9165.908]
global_step=680999, episodic_return=[9049.432]
global_step=681999, episodic_return=[9286.013]
global_step=682999, episodic_return=[9104.658]
global_step=683999, episodic_return=[8989.105]
global_step=684999, episodic_return=[9113.112]
global_step=685999, episodic_return=[8863.61]
global_step=686999, episodic_return=[8787.659]
global_step=687999, episodic_return=[9099.368]
global_step=688999, episodic_return=[9175.055]
global_step=689999, episodic_return=[8987.734]
global_step=690999, episodic_return=[9220.932]
global_step=691999, episodic_return=[9179.792]
global_step=692999, episodic_return=[9209.619]
global_step=693999, episodic_return=[8980.15]
global_step=694999, episodic_return=[9158.3125]
global_step=695999, episodic_return=[9246.691]
global_step=696999, episodic_return=[9012.816]
global_step=697999, episodic_return=[8993.76]
global_step=698999, episodic_return=[9103.972]
global_step=699999, episodic_return=[9158.418]
global_step=700999, episodic_return=[9251.691]
global_step=701999, episodic_return=[9021.912]
global_step=702999, episodic_return=[9209.352]
global_step=703999, episodic_return=[9109.046]
global_step=704999, episodic_return=[9404.285]
global_step=705999, episodic_return=[9069.135]
global_step=706999, episodic_return=[9022.98]
global_step=707999, episodic_return=[9216.319]
global_step=708999, episodic_return=[9285.403]
global_step=709999, episodic_return=[9139.098]
global_step=710999, episodic_return=[9363.396]
global_step=711999, episodic_return=[9140.5]
global_step=712999, episodic_return=[9106.421]
global_step=713999, episodic_return=[9122.584]
global_step=714999, episodic_return=[9094.818]
global_step=715999, episodic_return=[9462.678]
global_step=716999, episodic_return=[9240.94]
global_step=717999, episodic_return=[9287.504]
global_step=718999, episodic_return=[9221.426]
global_step=719999, episodic_return=[9187.595]
global_step=720999, episodic_return=[9232.44]
global_step=721999, episodic_return=[9141.621]
global_step=722999, episodic_return=[9298.799]
global_step=723999, episodic_return=[9638.75]
global_step=724999, episodic_return=[9285.803]
global_step=725999, episodic_return=[9265.362]
global_step=726999, episodic_return=[9030.837]
global_step=727999, episodic_return=[9373.965]
global_step=728999, episodic_return=[9443.1]
global_step=729999, episodic_return=[9367.294]
global_step=730999, episodic_return=[9459.169]
global_step=731999, episodic_return=[9339.779]
global_step=732999, episodic_return=[9401.795]
global_step=733999, episodic_return=[9412.234]
global_step=734999, episodic_return=[9296.302]
global_step=735999, episodic_return=[9518.38]
global_step=736999, episodic_return=[9399.787]
global_step=737999, episodic_return=[9081.687]
global_step=738999, episodic_return=[9342.003]
global_step=739999, episodic_return=[9127.876]
global_step=740999, episodic_return=[9188.8955]
global_step=741999, episodic_return=[9355.319]
global_step=742999, episodic_return=[9534.64]
global_step=743999, episodic_return=[9405.2295]
global_step=744999, episodic_return=[9221.353]
global_step=745999, episodic_return=[9439.349]
global_step=746999, episodic_return=[9519.128]
global_step=747999, episodic_return=[9388.527]
global_step=748999, episodic_return=[9490.592]
global_step=749999, episodic_return=[9763.37]
global_step=750999, episodic_return=[9561.403]
global_step=751999, episodic_return=[9602.579]
global_step=752999, episodic_return=[9594.505]
global_step=753999, episodic_return=[9290.99]
global_step=754999, episodic_return=[9127.339]
global_step=755999, episodic_return=[9511.552]
global_step=756999, episodic_return=[9473.24]
global_step=757999, episodic_return=[9482.771]
global_step=758999, episodic_return=[9507.034]
global_step=759999, episodic_return=[9339.59]
global_step=760999, episodic_return=[9546.263]
global_step=761999, episodic_return=[9427.983]
global_step=762999, episodic_return=[9359.893]
global_step=763999, episodic_return=[9562.846]
global_step=764999, episodic_return=[9593.591]
global_step=765999, episodic_return=[9229.172]
global_step=766999, episodic_return=[9383.042]
global_step=767999, episodic_return=[9408.531]
global_step=768999, episodic_return=[9621.5625]
global_step=769999, episodic_return=[9440.514]
global_step=770999, episodic_return=[9359.947]
global_step=771999, episodic_return=[9721.053]
global_step=772999, episodic_return=[9715.321]
global_step=773999, episodic_return=[9520.321]
global_step=774999, episodic_return=[9253.006]
global_step=775999, episodic_return=[9610.627]
global_step=776999, episodic_return=[9675.062]
global_step=777999, episodic_return=[9646.715]
global_step=778999, episodic_return=[9332.345]
global_step=779999, episodic_return=[9631.785]
global_step=780999, episodic_return=[9437.823]
global_step=781999, episodic_return=[9663.989]
global_step=782999, episodic_return=[9380.167]
global_step=783999, episodic_return=[9263.261]
global_step=784999, episodic_return=[9746.246]
global_step=785999, episodic_return=[9313.653]
global_step=786999, episodic_return=[9583.642]
global_step=787999, episodic_return=[9557.82]
global_step=788999, episodic_return=[9446.96]
global_step=789999, episodic_return=[9533.465]
global_step=790999, episodic_return=[9275.38]
global_step=791999, episodic_return=[9640.612]
global_step=792999, episodic_return=[9651.828]
global_step=793999, episodic_return=[9582.591]
global_step=794999, episodic_return=[9869.345]
global_step=795999, episodic_return=[9578.066]
global_step=796999, episodic_return=[9680.646]
global_step=797999, episodic_return=[9548.39]
global_step=798999, episodic_return=[9398.3545]
global_step=799999, episodic_return=[9616.801]
global_step=800999, episodic_return=[9631.439]
global_step=801999, episodic_return=[9355.123]
global_step=802999, episodic_return=[9828.126]
global_step=803999, episodic_return=[9704.169]
global_step=804999, episodic_return=[9732.848]
global_step=805999, episodic_return=[9682.511]
global_step=806999, episodic_return=[9936.373]
global_step=807999, episodic_return=[9708.966]
global_step=808999, episodic_return=[9577.975]
global_step=809999, episodic_return=[9596.068]
global_step=810999, episodic_return=[9621.96]
global_step=811999, episodic_return=[9629.89]
global_step=812999, episodic_return=[9654.222]
global_step=813999, episodic_return=[9669.134]
global_step=814999, episodic_return=[9745.255]
global_step=815999, episodic_return=[9580.942]
global_step=816999, episodic_return=[9404.488]
global_step=817999, episodic_return=[9694.46]
global_step=818999, episodic_return=[9521.903]
global_step=819999, episodic_return=[9794.392]
global_step=820999, episodic_return=[9776.434]
global_step=821999, episodic_return=[9871.605]
global_step=822999, episodic_return=[9638.536]
global_step=823999, episodic_return=[9772.796]
global_step=824999, episodic_return=[9514.817]
global_step=825999, episodic_return=[9718.04]
global_step=826999, episodic_return=[9879.589]
global_step=827999, episodic_return=[9690.834]
global_step=828999, episodic_return=[9262.294]
global_step=829999, episodic_return=[9866.892]
global_step=830999, episodic_return=[9680.328]
global_step=831999, episodic_return=[9637.982]
global_step=832999, episodic_return=[9656.615]
global_step=833999, episodic_return=[9237.846]
global_step=834999, episodic_return=[9518.17]
global_step=835999, episodic_return=[9359.678]
global_step=836999, episodic_return=[9628.292]
global_step=837999, episodic_return=[9160.517]
global_step=838999, episodic_return=[9601.775]
global_step=839999, episodic_return=[9711.334]
global_step=840999, episodic_return=[9484.186]
global_step=841999, episodic_return=[9871.659]
global_step=842999, episodic_return=[9654.042]
global_step=843999, episodic_return=[10050.902]
global_step=844999, episodic_return=[2859.0586]
global_step=845999, episodic_return=[9721.906]
global_step=846999, episodic_return=[9664.614]
global_step=847999, episodic_return=[9599.413]
global_step=848999, episodic_return=[10057.509]
global_step=849999, episodic_return=[9710.244]
global_step=850999, episodic_return=[9753.454]
global_step=851999, episodic_return=[9677.794]
global_step=852999, episodic_return=[9745.111]
global_step=853999, episodic_return=[9849.582]
global_step=854999, episodic_return=[9751.636]
global_step=855999, episodic_return=[9571.745]
global_step=856999, episodic_return=[9798.899]
global_step=857999, episodic_return=[9938.917]
global_step=858999, episodic_return=[9692.374]
global_step=859999, episodic_return=[9668.905]
global_step=860999, episodic_return=[9809.976]
global_step=861999, episodic_return=[9635.947]
global_step=862999, episodic_return=[9888.477]
global_step=863999, episodic_return=[9955.063]
global_step=864999, episodic_return=[9660.394]
global_step=865999, episodic_return=[9873.231]
global_step=866999, episodic_return=[9844.107]
global_step=867999, episodic_return=[9948.227]
global_step=868999, episodic_return=[10087.885]
global_step=869999, episodic_return=[9952.063]
global_step=870999, episodic_return=[9511.565]
global_step=871999, episodic_return=[9870.372]
global_step=872999, episodic_return=[9545.563]
global_step=873999, episodic_return=[9744.088]
global_step=874999, episodic_return=[10082.897]
global_step=875999, episodic_return=[10047.471]
global_step=876999, episodic_return=[9482.587]
global_step=877999, episodic_return=[9943.274]
global_step=878999, episodic_return=[10098.513]
global_step=879999, episodic_return=[10034.43]
global_step=880999, episodic_return=[9943.562]
global_step=881999, episodic_return=[9846.254]
global_step=882999, episodic_return=[9781.907]
global_step=883999, episodic_return=[10169.289]
global_step=884999, episodic_return=[9840.062]
global_step=885999, episodic_return=[10187.805]
global_step=886999, episodic_return=[10160.984]
global_step=887999, episodic_return=[10058.085]
global_step=888999, episodic_return=[9958.656]
global_step=889999, episodic_return=[9841.597]
global_step=890999, episodic_return=[9966.6455]
global_step=891999, episodic_return=[10134.977]
global_step=892999, episodic_return=[9696.511]
global_step=893999, episodic_return=[9839.157]
global_step=894999, episodic_return=[10019.02]
global_step=895999, episodic_return=[9835.046]
global_step=896999, episodic_return=[10059.818]
global_step=897999, episodic_return=[9673.522]
global_step=898999, episodic_return=[10054.658]
global_step=899999, episodic_return=[9806.272]
global_step=900999, episodic_return=[9689.435]
global_step=901999, episodic_return=[9924.424]
global_step=902999, episodic_return=[9702.493]
global_step=903999, episodic_return=[10090.554]
global_step=904999, episodic_return=[9495.414]
global_step=905999, episodic_return=[9441.555]
global_step=906999, episodic_return=[10165.179]
global_step=907999, episodic_return=[10252.932]
global_step=908999, episodic_return=[9989.328]
global_step=909999, episodic_return=[9957.663]
global_step=910999, episodic_return=[9550.028]
global_step=911999, episodic_return=[9870.856]
global_step=912999, episodic_return=[9847.386]
global_step=913999, episodic_return=[10033.526]
global_step=914999, episodic_return=[10050.779]
global_step=915999, episodic_return=[9867.09]
global_step=916999, episodic_return=[10104.443]
global_step=917999, episodic_return=[10012.352]
global_step=918999, episodic_return=[9913.415]
global_step=919999, episodic_return=[10107.809]
global_step=920999, episodic_return=[10044.409]
global_step=921999, episodic_return=[10202.166]
global_step=922999, episodic_return=[10150.858]
global_step=923999, episodic_return=[9807.079]
global_step=924999, episodic_return=[10293.029]
global_step=925999, episodic_return=[9992.272]
global_step=926999, episodic_return=[9780.428]
global_step=927999, episodic_return=[10322.722]
global_step=928999, episodic_return=[9950.092]
global_step=929999, episodic_return=[10011.894]
global_step=930999, episodic_return=[9940.302]
global_step=931999, episodic_return=[10015.733]
global_step=932999, episodic_return=[10427.797]
global_step=933999, episodic_return=[10161.433]
global_step=934999, episodic_return=[10373.145]
global_step=935999, episodic_return=[10140.319]
global_step=936999, episodic_return=[9636.785]
global_step=937999, episodic_return=[10048.728]
global_step=938999, episodic_return=[10023.35]
global_step=939999, episodic_return=[9942.281]
global_step=940999, episodic_return=[9659.333]
global_step=941999, episodic_return=[10212.234]
global_step=942999, episodic_return=[10272.292]
global_step=943999, episodic_return=[9872.893]
global_step=944999, episodic_return=[10189.462]
global_step=945999, episodic_return=[10152.192]
global_step=946999, episodic_return=[9881.105]
global_step=947999, episodic_return=[9855.031]
global_step=948999, episodic_return=[9775.431]
global_step=949999, episodic_return=[10503.601]
global_step=950999, episodic_return=[9736.693]
global_step=951999, episodic_return=[9970.557]
global_step=952999, episodic_return=[10206.56]
global_step=953999, episodic_return=[10190.419]
global_step=954999, episodic_return=[10321.971]
global_step=955999, episodic_return=[9831.673]
global_step=956999, episodic_return=[10433.799]
global_step=957999, episodic_return=[9941.222]
global_step=958999, episodic_return=[9926.862]
global_step=959999, episodic_return=[10311.534]
global_step=960999, episodic_return=[10022.977]
global_step=961999, episodic_return=[10039.113]
global_step=962999, episodic_return=[10207.025]
global_step=963999, episodic_return=[10160.155]
global_step=964999, episodic_return=[10059.429]
global_step=965999, episodic_return=[10250.323]
global_step=966999, episodic_return=[10102.52]
global_step=967999, episodic_return=[10318.734]
global_step=968999, episodic_return=[10316.876]
global_step=969999, episodic_return=[10468.287]
global_step=970999, episodic_return=[10411.85]
global_step=971999, episodic_return=[10348.782]
global_step=972999, episodic_return=[9806.708]
global_step=973999, episodic_return=[10230.43]
global_step=974999, episodic_return=[9996.763]
global_step=975999, episodic_return=[9950.019]
global_step=976999, episodic_return=[9999.046]
global_step=977999, episodic_return=[10180.174]
global_step=978999, episodic_return=[9918.533]
global_step=979999, episodic_return=[10197.673]
global_step=980999, episodic_return=[10335.712]
global_step=981999, episodic_return=[9981.987]
global_step=982999, episodic_return=[10172.571]
global_step=983999, episodic_return=[10280.3]
global_step=984999, episodic_return=[10341.64]
global_step=985999, episodic_return=[10333.654]
global_step=986999, episodic_return=[10628.208]
global_step=987999, episodic_return=[10457.561]
global_step=988999, episodic_return=[10000.791]
global_step=989999, episodic_return=[10508.366]
global_step=990999, episodic_return=[10311.158]
global_step=991999, episodic_return=[10601.131]
global_step=992999, episodic_return=[10370.911]
global_step=993999, episodic_return=[10313.018]
global_step=994999, episodic_return=[10181.351]
global_step=995999, episodic_return=[10784.917]
global_step=996999, episodic_return=[10497.351]
global_step=997999, episodic_return=[10228.754]
global_step=998999, episodic_return=[10591.276]
global_step=999999, episodic_return=[10496.154]
global_step=1000999, episodic_return=[10439.88]
global_step=1001999, episodic_return=[10055.903]
global_step=1002999, episodic_return=[10567.416]
global_step=1003999, episodic_return=[10382.5]
global_step=1004999, episodic_return=[10442.044]
global_step=1005999, episodic_return=[10013.451]
global_step=1006999, episodic_return=[10362.968]
global_step=1007999, episodic_return=[10877.944]
global_step=1008999, episodic_return=[10339.862]
global_step=1009999, episodic_return=[10380.155]
global_step=1010999, episodic_return=[10658.516]
global_step=1011999, episodic_return=[10260.038]
global_step=1012999, episodic_return=[9463.426]
global_step=1013999, episodic_return=[10252.167]
global_step=1014999, episodic_return=[10490.808]
global_step=1015999, episodic_return=[10373.587]
global_step=1016999, episodic_return=[10735.38]
global_step=1017999, episodic_return=[10499.449]
global_step=1018999, episodic_return=[10588.814]
global_step=1019999, episodic_return=[10649.038]
global_step=1020999, episodic_return=[10719.829]
global_step=1021999, episodic_return=[10723.367]
global_step=1022999, episodic_return=[10528.59]
global_step=1023999, episodic_return=[10569.154]
global_step=1024999, episodic_return=[10045.359]
global_step=1025999, episodic_return=[10271.155]
global_step=1026999, episodic_return=[10407.292]
global_step=1027999, episodic_return=[10600.98]
global_step=1028999, episodic_return=[10379.853]
global_step=1029999, episodic_return=[10436.02]
global_step=1030999, episodic_return=[8469.828]
global_step=1031999, episodic_return=[10140.784]
global_step=1032999, episodic_return=[10480.746]
global_step=1033999, episodic_return=[10306.99]
global_step=1034999, episodic_return=[10577.847]
global_step=1035999, episodic_return=[10327.269]
global_step=1036999, episodic_return=[10587.578]
global_step=1037999, episodic_return=[10567.624]
global_step=1038999, episodic_return=[10317.581]
global_step=1039999, episodic_return=[10256.729]
global_step=1040999, episodic_return=[10483.005]
global_step=1041999, episodic_return=[10424.954]
global_step=1042999, episodic_return=[10206.671]
global_step=1043999, episodic_return=[10498.397]
global_step=1044999, episodic_return=[10265.353]
global_step=1045999, episodic_return=[10387.546]
global_step=1046999, episodic_return=[10187.171]
global_step=1047999, episodic_return=[5538.5815]
global_step=1048999, episodic_return=[9225.858]
global_step=1049999, episodic_return=[10198.017]
global_step=1050999, episodic_return=[10778.854]
global_step=1051999, episodic_return=[10676.944]
global_step=1052999, episodic_return=[10588.419]
global_step=1053999, episodic_return=[10246.901]
global_step=1054999, episodic_return=[10726.46]
global_step=1055999, episodic_return=[10590.328]
global_step=1056999, episodic_return=[10437.259]
global_step=1057999, episodic_return=[10624.398]
global_step=1058999, episodic_return=[10360.946]
global_step=1059999, episodic_return=[10769.488]
global_step=1060999, episodic_return=[10551.051]
global_step=1061999, episodic_return=[10670.858]
global_step=1062999, episodic_return=[10437.808]
global_step=1063999, episodic_return=[10699.094]
global_step=1064999, episodic_return=[10743.118]
global_step=1065999, episodic_return=[10523.369]
global_step=1066999, episodic_return=[10218.479]
global_step=1067999, episodic_return=[10821.082]
global_step=1068999, episodic_return=[10403.06]
global_step=1069999, episodic_return=[10388.533]
global_step=1070999, episodic_return=[10602.075]
global_step=1071999, episodic_return=[10783.082]
global_step=1072999, episodic_return=[10492.044]
global_step=1073999, episodic_return=[10583.335]
global_step=1074999, episodic_return=[10690.106]
global_step=1075999, episodic_return=[10961.926]
global_step=1076999, episodic_return=[10440.192]
global_step=1077999, episodic_return=[9881.64]
global_step=1078999, episodic_return=[10533.504]
global_step=1079999, episodic_return=[10956.3545]
global_step=1080999, episodic_return=[10426.628]
global_step=1081999, episodic_return=[10808.51]
global_step=1082999, episodic_return=[10297.406]
global_step=1083999, episodic_return=[10638.12]
global_step=1084999, episodic_return=[10604.675]
global_step=1085999, episodic_return=[10590.688]
global_step=1086999, episodic_return=[10731.405]
global_step=1087999, episodic_return=[9884.653]
global_step=1088999, episodic_return=[10511.748]
global_step=1089999, episodic_return=[10679.982]
global_step=1090999, episodic_return=[10654.348]
global_step=1091999, episodic_return=[10681.12]
global_step=1092999, episodic_return=[10477.668]
global_step=1093999, episodic_return=[10770.03]
global_step=1094999, episodic_return=[10502.09]
global_step=1095999, episodic_return=[10868.293]
global_step=1096999, episodic_return=[10766.061]
global_step=1097999, episodic_return=[10444.157]
global_step=1098999, episodic_return=[10555.747]
global_step=1099999, episodic_return=[10522.369]
global_step=1100999, episodic_return=[10330.485]
global_step=1101999, episodic_return=[10616.986]
global_step=1102999, episodic_return=[10760.714]
global_step=1103999, episodic_return=[10582.624]
global_step=1104999, episodic_return=[10857.054]
global_step=1105999, episodic_return=[10733.411]
global_step=1106999, episodic_return=[10912.2705]
global_step=1107999, episodic_return=[10881.1045]
global_step=1108999, episodic_return=[10948.225]
global_step=1109999, episodic_return=[10876.774]
global_step=1110999, episodic_return=[10807.99]
global_step=1111999, episodic_return=[10624.071]
global_step=1112999, episodic_return=[10902.671]
global_step=1113999, episodic_return=[10657.33]
global_step=1114999, episodic_return=[10916.65]
global_step=1115999, episodic_return=[10798.36]
global_step=1116999, episodic_return=[11093.937]
global_step=1117999, episodic_return=[10740.326]
global_step=1118999, episodic_return=[10749.075]
global_step=1119999, episodic_return=[10741.594]
global_step=1120999, episodic_return=[10986.]
global_step=1121999, episodic_return=[10717.518]
global_step=1122999, episodic_return=[11000.214]
global_step=1123999, episodic_return=[10797.618]
global_step=1124999, episodic_return=[10950.355]
global_step=1125999, episodic_return=[10725.466]
global_step=1126999, episodic_return=[10466.427]
global_step=1127999, episodic_return=[10805.275]
global_step=1128999, episodic_return=[10948.857]
global_step=1129999, episodic_return=[10812.174]
global_step=1130999, episodic_return=[10859.293]
global_step=1131999, episodic_return=[11061.208]
global_step=1132999, episodic_return=[10878.461]
global_step=1133999, episodic_return=[11143.508]
global_step=1134999, episodic_return=[10590.527]
global_step=1135999, episodic_return=[10830.012]
global_step=1136999, episodic_return=[11159.898]
global_step=1137999, episodic_return=[11067.171]
global_step=1138999, episodic_return=[10841.929]
global_step=1139999, episodic_return=[10774.991]
global_step=1140999, episodic_return=[10853.397]
global_step=1141999, episodic_return=[11022.895]
global_step=1142999, episodic_return=[11175.424]
global_step=1143999, episodic_return=[10568.884]
global_step=1144999, episodic_return=[10854.892]
global_step=1145999, episodic_return=[10769.363]
global_step=1146999, episodic_return=[10928.869]
global_step=1147999, episodic_return=[11094.713]
global_step=1148999, episodic_return=[10858.435]
global_step=1149999, episodic_return=[10941.828]
global_step=1150999, episodic_return=[10434.666]
global_step=1151999, episodic_return=[10779.452]
global_step=1152999, episodic_return=[10866.204]
global_step=1153999, episodic_return=[10857.846]
global_step=1154999, episodic_return=[10823.863]
global_step=1155999, episodic_return=[10867.985]
global_step=1156999, episodic_return=[10792.433]
global_step=1157999, episodic_return=[10547.673]
global_step=1158999, episodic_return=[11085.31]
global_step=1159999, episodic_return=[10915.887]
global_step=1160999, episodic_return=[10955.208]
global_step=1161999, episodic_return=[10753.93]
global_step=1162999, episodic_return=[10220.802]
global_step=1163999, episodic_return=[11211.891]
global_step=1164999, episodic_return=[10693.721]
global_step=1165999, episodic_return=[10716.854]
global_step=1166999, episodic_return=[10731.682]
global_step=1167999, episodic_return=[10702.393]
global_step=1168999, episodic_return=[10585.603]
global_step=1169999, episodic_return=[10469.092]
global_step=1170999, episodic_return=[11005.075]
global_step=1171999, episodic_return=[10963.459]
global_step=1172999, episodic_return=[10944.434]
global_step=1173999, episodic_return=[10769.6455]
global_step=1174999, episodic_return=[11175.445]
global_step=1175999, episodic_return=[10735.165]
global_step=1176999, episodic_return=[10806.003]
global_step=1177999, episodic_return=[10787.681]
global_step=1178999, episodic_return=[10900.302]
global_step=1179999, episodic_return=[11077.508]
global_step=1180999, episodic_return=[10949.853]
global_step=1181999, episodic_return=[10921.148]
global_step=1182999, episodic_return=[10900.198]
global_step=1183999, episodic_return=[11246.364]
global_step=1184999, episodic_return=[11221.933]
global_step=1185999, episodic_return=[11006.016]
global_step=1186999, episodic_return=[11171.787]
global_step=1187999, episodic_return=[11039.53]
global_step=1188999, episodic_return=[10774.631]
global_step=1189999, episodic_return=[10976.015]
global_step=1190999, episodic_return=[11030.008]
global_step=1191999, episodic_return=[11023.656]
global_step=1192999, episodic_return=[11192.728]
global_step=1193999, episodic_return=[11138.702]
global_step=1194999, episodic_return=[11068.418]
global_step=1195999, episodic_return=[10821.285]
global_step=1196999, episodic_return=[11152.307]
global_step=1197999, episodic_return=[10617.485]
global_step=1198999, episodic_return=[11144.076]
global_step=1199999, episodic_return=[11176.65]
global_step=1200999, episodic_return=[11065.863]
global_step=1201999, episodic_return=[11021.738]
global_step=1202999, episodic_return=[11124.74]
global_step=1203999, episodic_return=[10989.914]
global_step=1204999, episodic_return=[10672.441]
global_step=1205999, episodic_return=[11190.179]
global_step=1206999, episodic_return=[11228.918]
global_step=1207999, episodic_return=[11248.313]
global_step=1208999, episodic_return=[11151.881]
global_step=1209999, episodic_return=[11338.299]
global_step=1210999, episodic_return=[11125.523]
global_step=1211999, episodic_return=[11405.335]
global_step=1212999, episodic_return=[11264.777]
global_step=1213999, episodic_return=[11036.698]
global_step=1214999, episodic_return=[10880.924]
global_step=1215999, episodic_return=[11178.864]
global_step=1216999, episodic_return=[10727.481]
global_step=1217999, episodic_return=[11109.807]
global_step=1218999, episodic_return=[11240.809]
global_step=1219999, episodic_return=[11276.982]
global_step=1220999, episodic_return=[11363.025]
global_step=1221999, episodic_return=[11119.986]
global_step=1222999, episodic_return=[10809.724]
global_step=1223999, episodic_return=[10944.238]
global_step=1224999, episodic_return=[11033.076]
global_step=1225999, episodic_return=[10951.815]
global_step=1226999, episodic_return=[11434.28]
global_step=1227999, episodic_return=[11119.895]
global_step=1228999, episodic_return=[11229.126]
global_step=1229999, episodic_return=[11279.441]
global_step=1230999, episodic_return=[10954.28]
global_step=1231999, episodic_return=[8185.87]
global_step=1232999, episodic_return=[11191.941]
global_step=1233999, episodic_return=[11202.672]
global_step=1234999, episodic_return=[11330.552]
global_step=1235999, episodic_return=[11408.893]
global_step=1236999, episodic_return=[10924.75]
global_step=1237999, episodic_return=[11228.272]
global_step=1238999, episodic_return=[11363.118]
global_step=1239999, episodic_return=[11319.52]
global_step=1240999, episodic_return=[11322.552]
global_step=1241999, episodic_return=[11423.669]
global_step=1242999, episodic_return=[10996.923]
global_step=1243999, episodic_return=[11569.953]
global_step=1244999, episodic_return=[11001.6045]
global_step=1245999, episodic_return=[11206.022]
global_step=1246999, episodic_return=[11261.467]
global_step=1247999, episodic_return=[10958.419]
global_step=1248999, episodic_return=[11105.643]
global_step=1249999, episodic_return=[11204.617]
global_step=1250999, episodic_return=[11212.98]
global_step=1251999, episodic_return=[11542.799]
global_step=1252999, episodic_return=[11173.216]
global_step=1253999, episodic_return=[11537.232]
global_step=1254999, episodic_return=[11465.632]
global_step=1255999, episodic_return=[11124.907]
global_step=1256999, episodic_return=[11347.542]
global_step=1257999, episodic_return=[11478.168]
global_step=1258999, episodic_return=[10913.728]
global_step=1259999, episodic_return=[11340.79]
global_step=1260999, episodic_return=[11601.291]
global_step=1261999, episodic_return=[11096.097]
global_step=1262999, episodic_return=[11576.391]
global_step=1263999, episodic_return=[11496.526]
global_step=1264999, episodic_return=[11597.006]
global_step=1265999, episodic_return=[11583.383]
global_step=1266999, episodic_return=[11531.075]
global_step=1267999, episodic_return=[11451.532]
global_step=1268999, episodic_return=[11335.994]
global_step=1269999, episodic_return=[10576.561]
global_step=1270999, episodic_return=[11010.94]
global_step=1271999, episodic_return=[11570.34]
global_step=1272999, episodic_return=[11445.175]
global_step=1273999, episodic_return=[11361.654]
global_step=1274999, episodic_return=[11664.275]
global_step=1275999, episodic_return=[11471.586]
global_step=1276999, episodic_return=[11575.96]
global_step=1277999, episodic_return=[11552.89]
global_step=1278999, episodic_return=[11087.884]
global_step=1279999, episodic_return=[11358.695]
global_step=1280999, episodic_return=[11284.277]
global_step=1281999, episodic_return=[11694.685]
global_step=1282999, episodic_return=[11667.07]
global_step=1283999, episodic_return=[11041.487]
global_step=1284999, episodic_return=[11292.101]
global_step=1285999, episodic_return=[11262.235]
global_step=1286999, episodic_return=[10962.957]
global_step=1287999, episodic_return=[10684.174]
global_step=1288999, episodic_return=[11373.27]
global_step=1289999, episodic_return=[11725.368]
global_step=1290999, episodic_return=[10981.201]
global_step=1291999, episodic_return=[11557.272]
global_step=1292999, episodic_return=[11732.384]
global_step=1293999, episodic_return=[11714.829]
global_step=1294999, episodic_return=[11591.783]
global_step=1295999, episodic_return=[11655.339]
global_step=1296999, episodic_return=[11673.681]
global_step=1297999, episodic_return=[11895.121]
global_step=1298999, episodic_return=[11530.88]
global_step=1299999, episodic_return=[11327.463]
global_step=1300999, episodic_return=[11520.953]
global_step=1301999, episodic_return=[11476.789]
global_step=1302999, episodic_return=[11426.835]
global_step=1303999, episodic_return=[11375.478]
global_step=1304999, episodic_return=[11632.682]
global_step=1305999, episodic_return=[11208.88]
global_step=1306999, episodic_return=[11190.567]
global_step=1307999, episodic_return=[10944.312]
global_step=1308999, episodic_return=[11610.786]
global_step=1309999, episodic_return=[11965.909]
global_step=1310999, episodic_return=[11495.02]
global_step=1311999, episodic_return=[11611.741]
global_step=1312999, episodic_return=[11821.446]
global_step=1313999, episodic_return=[11371.983]
global_step=1314999, episodic_return=[11491.619]
global_step=1315999, episodic_return=[11166.775]
global_step=1316999, episodic_return=[11173.359]
global_step=1317999, episodic_return=[10991.147]
global_step=1318999, episodic_return=[11580.471]
global_step=1319999, episodic_return=[11226.588]
global_step=1320999, episodic_return=[11381.306]
global_step=1321999, episodic_return=[11460.309]
global_step=1322999, episodic_return=[11313.472]
global_step=1323999, episodic_return=[11771.571]
global_step=1324999, episodic_return=[11677.814]
global_step=1325999, episodic_return=[11734.558]
global_step=1326999, episodic_return=[11873.902]
global_step=1327999, episodic_return=[11905.888]
global_step=1328999, episodic_return=[11761.742]
global_step=1329999, episodic_return=[11695.488]
global_step=1330999, episodic_return=[11543.248]
global_step=1331999, episodic_return=[11825.312]
global_step=1332999, episodic_return=[11115.997]
global_step=1333999, episodic_return=[10696.66]
global_step=1334999, episodic_return=[11378.467]
global_step=1335999, episodic_return=[11737.683]
global_step=1336999, episodic_return=[11605.671]
global_step=1337999, episodic_return=[11551.784]
global_step=1338999, episodic_return=[11177.756]
global_step=1339999, episodic_return=[11426.751]
global_step=1340999, episodic_return=[11970.129]
global_step=1341999, episodic_return=[11491.512]
global_step=1342999, episodic_return=[11668.445]
global_step=1343999, episodic_return=[8779.77]
global_step=1344999, episodic_return=[3784.038]
global_step=1345999, episodic_return=[11435.306]
global_step=1346999, episodic_return=[11725.958]
global_step=1347999, episodic_return=[11717.46]
global_step=1348999, episodic_return=[11594.307]
global_step=1349999, episodic_return=[11730.311]
global_step=1350999, episodic_return=[11376.039]
global_step=1351999, episodic_return=[11750.875]
global_step=1352999, episodic_return=[11652.015]
global_step=1353999, episodic_return=[11582.328]
global_step=1354999, episodic_return=[11872.513]
global_step=1355999, episodic_return=[11608.249]
global_step=1356999, episodic_return=[11640.284]
global_step=1357999, episodic_return=[11312.517]
global_step=1358999, episodic_return=[11845.238]
global_step=1359999, episodic_return=[11684.406]
global_step=1360999, episodic_return=[11597.703]
global_step=1361999, episodic_return=[11357.178]
global_step=1362999, episodic_return=[11679.5]
global_step=1363999, episodic_return=[11821.736]
global_step=1364999, episodic_return=[11585.458]
global_step=1365999, episodic_return=[11615.882]
global_step=1366999, episodic_return=[11688.31]
global_step=1367999, episodic_return=[11695.557]
global_step=1368999, episodic_return=[11730.924]
global_step=1369999, episodic_return=[11250.083]
global_step=1370999, episodic_return=[11612.374]
global_step=1371999, episodic_return=[11592.708]
global_step=1372999, episodic_return=[11081.418]
global_step=1373999, episodic_return=[11965.366]
global_step=1374999, episodic_return=[11692.815]
global_step=1375999, episodic_return=[11420.728]
global_step=1376999, episodic_return=[11477.122]
global_step=1377999, episodic_return=[11748.921]
global_step=1378999, episodic_return=[11992.473]
global_step=1379999, episodic_return=[11397.706]
global_step=1380999, episodic_return=[11959.524]
global_step=1381999, episodic_return=[11513.976]
global_step=1382999, episodic_return=[12025.071]
global_step=1383999, episodic_return=[11585.946]
global_step=1384999, episodic_return=[11971.792]
global_step=1385999, episodic_return=[11668.713]
global_step=1386999, episodic_return=[11848.676]
global_step=1387999, episodic_return=[11579.424]
global_step=1388999, episodic_return=[11947.992]
global_step=1389999, episodic_return=[11572.108]
global_step=1390999, episodic_return=[11951.052]
global_step=1391999, episodic_return=[11805.547]
global_step=1392999, episodic_return=[11579.919]
global_step=1393999, episodic_return=[11590.161]
global_step=1394999, episodic_return=[12005.491]
global_step=1395999, episodic_return=[12169.635]
global_step=1396999, episodic_return=[11884.564]
global_step=1397999, episodic_return=[11837.386]
global_step=1398999, episodic_return=[11888.593]
global_step=1399999, episodic_return=[11967.291]
global_step=1400999, episodic_return=[12157.624]
global_step=1401999, episodic_return=[11989.975]
global_step=1402999, episodic_return=[11572.73]
global_step=1403999, episodic_return=[11863.501]
global_step=1404999, episodic_return=[12121.038]
global_step=1405999, episodic_return=[11825.065]
global_step=1406999, episodic_return=[11817.754]
global_step=1407999, episodic_return=[11944.083]
global_step=1408999, episodic_return=[12281.872]
global_step=1409999, episodic_return=[11867.478]
global_step=1410999, episodic_return=[12011.106]
global_step=1411999, episodic_return=[11386.169]
global_step=1412999, episodic_return=[11800.613]
global_step=1413999, episodic_return=[11569.182]
global_step=1414999, episodic_return=[12171.827]
global_step=1415999, episodic_return=[12145.038]
global_step=1416999, episodic_return=[11693.532]
global_step=1417999, episodic_return=[11991.822]
global_step=1418999, episodic_return=[11440.567]
global_step=1419999, episodic_return=[11849.781]
global_step=1420999, episodic_return=[12055.145]
global_step=1421999, episodic_return=[11890.593]
global_step=1422999, episodic_return=[12009.047]
global_step=1423999, episodic_return=[11852.382]
global_step=1424999, episodic_return=[12359.57]
global_step=1425999, episodic_return=[11161.203]
global_step=1426999, episodic_return=[11526.791]
global_step=1427999, episodic_return=[11988.916]
global_step=1428999, episodic_return=[12010.111]
global_step=1429999, episodic_return=[12065.944]
global_step=1430999, episodic_return=[11895.909]
global_step=1431999, episodic_return=[12049.097]
global_step=1432999, episodic_return=[11088.304]
global_step=1433999, episodic_return=[11809.763]
global_step=1434999, episodic_return=[11757.858]
global_step=1435999, episodic_return=[12204.245]
global_step=1436999, episodic_return=[11898.617]
global_step=1437999, episodic_return=[12113.462]
global_step=1438999, episodic_return=[11509.839]
global_step=1439999, episodic_return=[11852.212]
global_step=1440999, episodic_return=[11836.892]
global_step=1441999, episodic_return=[11973.405]
global_step=1442999, episodic_return=[12014.445]
global_step=1443999, episodic_return=[11959.68]
global_step=1444999, episodic_return=[11982.961]
global_step=1445999, episodic_return=[11745.247]
global_step=1446999, episodic_return=[11933.274]
global_step=1447999, episodic_return=[12167.441]
global_step=1448999, episodic_return=[11553.736]
global_step=1449999, episodic_return=[12189.005]
global_step=1450999, episodic_return=[11750.014]
global_step=1451999, episodic_return=[11891.309]
global_step=1452999, episodic_return=[12267.268]
global_step=1453999, episodic_return=[11955.488]
global_step=1454999, episodic_return=[11289.422]
global_step=1455999, episodic_return=[12367.954]
global_step=1456999, episodic_return=[11905.842]
global_step=1457999, episodic_return=[11991.474]
global_step=1458999, episodic_return=[11716.016]
global_step=1459999, episodic_return=[12143.139]
global_step=1460999, episodic_return=[11933.64]
global_step=1461999, episodic_return=[11926.256]
global_step=1462999, episodic_return=[11828.937]
global_step=1463999, episodic_return=[12174.415]
global_step=1464999, episodic_return=[12352.354]
global_step=1465999, episodic_return=[12302.662]
global_step=1466999, episodic_return=[12326.091]
global_step=1467999, episodic_return=[12249.01]
global_step=1468999, episodic_return=[11813.6875]
global_step=1469999, episodic_return=[12130.743]
global_step=1470999, episodic_return=[11839.091]
global_step=1471999, episodic_return=[11965.924]
global_step=1472999, episodic_return=[11872.251]
global_step=1473999, episodic_return=[11641.4375]
global_step=1474999, episodic_return=[11938.296]
global_step=1475999, episodic_return=[12153.273]
global_step=1476999, episodic_return=[12574.75]
global_step=1477999, episodic_return=[12273.274]
global_step=1478999, episodic_return=[11375.717]
global_step=1479999, episodic_return=[12031.538]
global_step=1480999, episodic_return=[11991.384]
global_step=1481999, episodic_return=[12087.535]
global_step=1482999, episodic_return=[12132.132]
global_step=1483999, episodic_return=[12302.928]
global_step=1484999, episodic_return=[11783.968]
global_step=1485999, episodic_return=[12284.838]
global_step=1486999, episodic_return=[12311.511]
global_step=1487999, episodic_return=[11893.207]
global_step=1488999, episodic_return=[11304.332]
global_step=1489999, episodic_return=[11326.389]
global_step=1490999, episodic_return=[12324.677]
global_step=1491999, episodic_return=[12160.309]
global_step=1492999, episodic_return=[11992.848]
global_step=1493999, episodic_return=[12254.206]
global_step=1494999, episodic_return=[12307.759]
global_step=1495999, episodic_return=[11906.047]
global_step=1496999, episodic_return=[11643.419]
global_step=1497999, episodic_return=[12427.924]
global_step=1498999, episodic_return=[12170.705]
global_step=1499999, episodic_return=[11960.267]