
True
/Tmp/slurm.4487126.0/env/lib/python3.8/site-packages/gymnasium/utils/passive_env_checker.py:135: UserWarning: [33mWARN: The obs returned by the `reset()` method was expecting numpy array dtype to be <class 'numpy.float32'>, actual type: float64
  logger.warn(
/Tmp/slurm.4487126.0/env/lib/python3.8/site-packages/gymnasium/utils/passive_env_checker.py:159: UserWarning: [33mWARN: The obs returned by the `reset()` method is not within the observation space.
  logger.warn(f"{pre} is not within the observation space.")
/Tmp/slurm.4487126.0/env/lib/python3.8/site-packages/gymnasium/utils/passive_env_checker.py:135: UserWarning: [33mWARN: The obs returned by the `step()` method was expecting numpy array dtype to be <class 'numpy.float32'>, actual type: float64
  logger.warn(
/Tmp/slurm.4487126.0/env/lib/python3.8/site-packages/gymnasium/utils/passive_env_checker.py:159: UserWarning: [33mWARN: The obs returned by the `step()` method is not within the observation space.
  logger.warn(f"{pre} is not within the observation space.")
global_step=999, episodic_return=[-295.98477]
global_step=1999, episodic_return=[-202.17592]
global_step=2999, episodic_return=[-260.1825]
global_step=3999, episodic_return=[-301.3014]
global_step=4999, episodic_return=[-266.58154]
global_step=5999, episodic_return=[-171.37814]
global_step=6999, episodic_return=[-322.76846]
global_step=7999, episodic_return=[-247.57385]
global_step=8999, episodic_return=[-246.63521]
global_step=9999, episodic_return=[-158.50879]
global_step=10999, episodic_return=[-247.69855]
global_step=11999, episodic_return=[-192.72734]
global_step=12999, episodic_return=[-166.18445]
global_step=13999, episodic_return=[-263.4325]
global_step=14999, episodic_return=[-210.45349]
global_step=15999, episodic_return=[-106.86015]
global_step=16999, episodic_return=[-82.59418]
global_step=17999, episodic_return=[96.09398]
global_step=18999, episodic_return=[52.839016]
global_step=19999, episodic_return=[188.78314]
global_step=20999, episodic_return=[761.28455]
global_step=21999, episodic_return=[-128.19704]
global_step=22999, episodic_return=[1305.8939]
global_step=23999, episodic_return=[1548.6672]
global_step=24999, episodic_return=[628.9395]
global_step=25999, episodic_return=[765.8834]
global_step=26999, episodic_return=[2203.1438]
global_step=27999, episodic_return=[1551.9122]
global_step=28999, episodic_return=[2100.0312]
global_step=29999, episodic_return=[1449.0505]
global_step=30999, episodic_return=[2874.123]
global_step=31999, episodic_return=[3104.6375]
global_step=32999, episodic_return=[3122.26]
global_step=33999, episodic_return=[3132.931]
global_step=34999, episodic_return=[3064.2383]
global_step=35999, episodic_return=[3165.6685]
global_step=36999, episodic_return=[3332.9934]
global_step=37999, episodic_return=[3177.7798]
global_step=38999, episodic_return=[3032.961]
global_step=39999, episodic_return=[3116.8762]
global_step=40999, episodic_return=[3114.6196]
global_step=41999, episodic_return=[3116.746]
global_step=42999, episodic_return=[3345.5925]
global_step=43999, episodic_return=[3382.8179]
global_step=44999, episodic_return=[3533.4333]
global_step=45999, episodic_return=[3392.7417]
global_step=46999, episodic_return=[3663.6958]
global_step=47999, episodic_return=[3725.801]
global_step=48999, episodic_return=[3760.9602]
global_step=49999, episodic_return=[3592.146]
global_step=50999, episodic_return=[3535.0027]
global_step=51999, episodic_return=[3791.4368]
global_step=52999, episodic_return=[3910.4734]
global_step=53999, episodic_return=[3977.6575]
global_step=54999, episodic_return=[3850.615]
global_step=55999, episodic_return=[3922.344]
global_step=56999, episodic_return=[3920.2424]
global_step=57999, episodic_return=[4117.059]
global_step=58999, episodic_return=[4156.082]
global_step=59999, episodic_return=[4270.4937]
global_step=60999, episodic_return=[4310.8413]
global_step=61999, episodic_return=[4281.6694]
global_step=62999, episodic_return=[4234.778]
global_step=63999, episodic_return=[4238.4746]
global_step=64999, episodic_return=[4516.8794]
global_step=65999, episodic_return=[4559.199]
global_step=66999, episodic_return=[4563.375]
global_step=67999, episodic_return=[4521.325]
global_step=68999, episodic_return=[4592.445]
global_step=69999, episodic_return=[4562.9116]
global_step=70999, episodic_return=[4594.6045]
global_step=71999, episodic_return=[4670.8613]
global_step=72999, episodic_return=[4703.0024]
global_step=73999, episodic_return=[4769.1367]
global_step=74999, episodic_return=[4495.1143]
global_step=75999, episodic_return=[4892.0396]
global_step=76999, episodic_return=[4899.1074]
global_step=77999, episodic_return=[4786.592]
global_step=78999, episodic_return=[4719.5938]
global_step=79999, episodic_return=[4843.4443]
global_step=80999, episodic_return=[4947.5596]
global_step=81999, episodic_return=[5017.221]
global_step=82999, episodic_return=[937.2654]
global_step=83999, episodic_return=[5086.914]
global_step=84999, episodic_return=[5145.1123]
global_step=85999, episodic_return=[5148.3296]
global_step=86999, episodic_return=[5254.7783]
global_step=87999, episodic_return=[5135.8574]
global_step=88999, episodic_return=[5201.7285]
global_step=89999, episodic_return=[5242.995]
global_step=90999, episodic_return=[5229.464]
global_step=91999, episodic_return=[5369.3003]
global_step=92999, episodic_return=[5403.508]
global_step=93999, episodic_return=[2625.0566]
global_step=94999, episodic_return=[5471.7114]
global_step=95999, episodic_return=[5152.6626]
global_step=96999, episodic_return=[5214.072]
global_step=97999, episodic_return=[5438.021]
global_step=98999, episodic_return=[5514.989]
global_step=99999, episodic_return=[3332.1912]
global_step=100999, episodic_return=[5541.4473]
global_step=101999, episodic_return=[5467.6753]
global_step=102999, episodic_return=[5593.7905]
global_step=103999, episodic_return=[5598.8525]
global_step=104999, episodic_return=[480.44202]
global_step=105999, episodic_return=[5613.6562]
global_step=106999, episodic_return=[5629.52]
global_step=107999, episodic_return=[5680.4814]
global_step=108999, episodic_return=[5340.4434]
global_step=109999, episodic_return=[5209.8315]
global_step=110999, episodic_return=[5531.246]
global_step=111999, episodic_return=[5752.5356]
global_step=112999, episodic_return=[5592.156]
global_step=113999, episodic_return=[5678.4]
global_step=114999, episodic_return=[5680.8]
global_step=115999, episodic_return=[5863.7534]
global_step=116999, episodic_return=[5867.857]
global_step=117999, episodic_return=[5727.9297]
global_step=118999, episodic_return=[5886.3853]
global_step=119999, episodic_return=[5784.2534]
global_step=120999, episodic_return=[5904.3115]
global_step=121999, episodic_return=[5858.743]
global_step=122999, episodic_return=[6058.3247]
global_step=123999, episodic_return=[6071.462]
global_step=124999, episodic_return=[6081.0186]
global_step=125999, episodic_return=[5947.797]
global_step=126999, episodic_return=[5615.208]
global_step=127999, episodic_return=[6081.654]
global_step=128999, episodic_return=[5974.272]
global_step=129999, episodic_return=[5913.9688]
global_step=130999, episodic_return=[6121.1]
global_step=131999, episodic_return=[6259.4233]
global_step=132999, episodic_return=[5974.0244]
global_step=133999, episodic_return=[5962.4575]
global_step=134999, episodic_return=[6085.7886]
global_step=135999, episodic_return=[6183.205]
global_step=136999, episodic_return=[5745.073]
global_step=137999, episodic_return=[6311.919]
global_step=138999, episodic_return=[6261.095]
global_step=139999, episodic_return=[6400.701]
global_step=140999, episodic_return=[6273.1035]
global_step=141999, episodic_return=[6064.975]
global_step=142999, episodic_return=[6379.373]
global_step=143999, episodic_return=[6473.804]
global_step=144999, episodic_return=[6435.134]
global_step=145999, episodic_return=[6364.1255]
global_step=146999, episodic_return=[6506.6885]
global_step=147999, episodic_return=[6387.111]
global_step=148999, episodic_return=[6369.192]
global_step=149999, episodic_return=[6411.477]
global_step=150999, episodic_return=[6548.729]
global_step=151999, episodic_return=[6434.993]
global_step=152999, episodic_return=[6532.227]
global_step=153999, episodic_return=[6547.204]
global_step=154999, episodic_return=[6368.358]
global_step=155999, episodic_return=[6572.8926]
global_step=156999, episodic_return=[6473.503]
global_step=157999, episodic_return=[6566.7734]
global_step=158999, episodic_return=[6483.231]
global_step=159999, episodic_return=[6519.996]
global_step=160999, episodic_return=[6535.0503]
global_step=161999, episodic_return=[6047.787]
global_step=162999, episodic_return=[6762.7217]
global_step=163999, episodic_return=[6783.2695]
global_step=164999, episodic_return=[6811.007]
global_step=165999, episodic_return=[6796.9893]
global_step=166999, episodic_return=[6682.9414]
global_step=167999, episodic_return=[6860.302]
global_step=168999, episodic_return=[6697.2915]
global_step=169999, episodic_return=[6563.339]
global_step=170999, episodic_return=[6863.2705]
global_step=171999, episodic_return=[6730.9976]
global_step=172999, episodic_return=[6906.797]
global_step=173999, episodic_return=[6742.9414]
global_step=174999, episodic_return=[6859.707]
global_step=175999, episodic_return=[6807.1113]
global_step=176999, episodic_return=[6955.5474]
global_step=177999, episodic_return=[7113.6133]
global_step=178999, episodic_return=[6937.5825]
global_step=179999, episodic_return=[6748.832]
global_step=180999, episodic_return=[7169.825]
global_step=181999, episodic_return=[7294.2007]
global_step=182999, episodic_return=[6998.95]
global_step=183999, episodic_return=[7159.034]
global_step=184999, episodic_return=[6971.499]
global_step=185999, episodic_return=[6991.8374]
global_step=186999, episodic_return=[6963.8203]
global_step=187999, episodic_return=[6873.697]
global_step=188999, episodic_return=[7083.327]
global_step=189999, episodic_return=[6859.385]
global_step=190999, episodic_return=[7134.1206]
global_step=191999, episodic_return=[7075.0635]
global_step=192999, episodic_return=[6955.3525]
global_step=193999, episodic_return=[7342.5767]
global_step=194999, episodic_return=[7224.7183]
global_step=195999, episodic_return=[7452.383]
global_step=196999, episodic_return=[7104.1826]
global_step=197999, episodic_return=[7207.395]
global_step=198999, episodic_return=[7180.8755]
global_step=199999, episodic_return=[7155.749]
global_step=200999, episodic_return=[7513.3867]
global_step=201999, episodic_return=[7384.654]
global_step=202999, episodic_return=[7409.235]
global_step=203999, episodic_return=[7367.642]
global_step=204999, episodic_return=[7323.3257]
global_step=205999, episodic_return=[7479.1323]
global_step=206999, episodic_return=[7334.1436]
global_step=207999, episodic_return=[7391.9414]
global_step=208999, episodic_return=[7448.54]
global_step=209999, episodic_return=[7371.9185]
global_step=210999, episodic_return=[7332.722]
global_step=211999, episodic_return=[7589.2773]
global_step=212999, episodic_return=[7363.021]
global_step=213999, episodic_return=[7304.331]
global_step=214999, episodic_return=[7460.757]
global_step=215999, episodic_return=[7646.102]
global_step=216999, episodic_return=[7378.1763]
global_step=217999, episodic_return=[7259.6797]
global_step=218999, episodic_return=[7556.1963]
global_step=219999, episodic_return=[7630.6587]
global_step=220999, episodic_return=[7626.7046]
global_step=221999, episodic_return=[7839.8564]
global_step=222999, episodic_return=[7867.8936]
global_step=223999, episodic_return=[7387.7305]
global_step=224999, episodic_return=[7789.112]
global_step=225999, episodic_return=[7762.801]
global_step=226999, episodic_return=[7526.4624]
global_step=227999, episodic_return=[7906.2363]
global_step=228999, episodic_return=[7775.007]
global_step=229999, episodic_return=[2542.2734]
global_step=230999, episodic_return=[7550.192]
global_step=231999, episodic_return=[1224.5442]
global_step=232999, episodic_return=[7951.7417]
global_step=233999, episodic_return=[7651.8223]
global_step=234999, episodic_return=[7821.6504]
global_step=235999, episodic_return=[7923.091]
global_step=236999, episodic_return=[7947.5605]
global_step=237999, episodic_return=[7843.8896]
global_step=238999, episodic_return=[7620.8574]
global_step=239999, episodic_return=[7844.0454]
global_step=240999, episodic_return=[7853.311]
global_step=241999, episodic_return=[7783.45]
global_step=242999, episodic_return=[7846.0015]
global_step=243999, episodic_return=[7807.154]
global_step=244999, episodic_return=[7762.614]
global_step=245999, episodic_return=[7563.3447]
global_step=246999, episodic_return=[7597.214]
global_step=247999, episodic_return=[8030.451]
global_step=248999, episodic_return=[8030.9824]
global_step=249999, episodic_return=[7768.562]
global_step=250999, episodic_return=[3844.0044]
global_step=251999, episodic_return=[7926.572]
global_step=252999, episodic_return=[7811.5127]
global_step=253999, episodic_return=[8047.6567]
global_step=254999, episodic_return=[8137.856]
global_step=255999, episodic_return=[7998.971]
global_step=256999, episodic_return=[8040.8105]
global_step=257999, episodic_return=[8097.4746]
global_step=258999, episodic_return=[7894.698]
global_step=259999, episodic_return=[8116.1953]
global_step=260999, episodic_return=[8121.9033]
global_step=261999, episodic_return=[8189.751]
global_step=262999, episodic_return=[8028.1147]
global_step=263999, episodic_return=[8081.905]
global_step=264999, episodic_return=[7740.279]
global_step=265999, episodic_return=[7928.839]
global_step=266999, episodic_return=[8272.036]
global_step=267999, episodic_return=[8081.6855]
global_step=268999, episodic_return=[8121.716]
global_step=269999, episodic_return=[8081.754]
global_step=270999, episodic_return=[8037.1772]
global_step=271999, episodic_return=[8191.2085]
global_step=272999, episodic_return=[7624.2485]
global_step=273999, episodic_return=[7956.828]
global_step=274999, episodic_return=[7994.011]
global_step=275999, episodic_return=[7869.]
global_step=276999, episodic_return=[7829.766]
global_step=277999, episodic_return=[7992.275]
global_step=278999, episodic_return=[7963.755]
global_step=279999, episodic_return=[7927.8745]
global_step=280999, episodic_return=[7957.807]
global_step=281999, episodic_return=[7941.3335]
global_step=282999, episodic_return=[8185.0425]
global_step=283999, episodic_return=[8177.103]
global_step=284999, episodic_return=[8255.816]
global_step=285999, episodic_return=[8081.0356]
global_step=286999, episodic_return=[8228.416]
global_step=287999, episodic_return=[8360.6045]
global_step=288999, episodic_return=[8293.984]
global_step=289999, episodic_return=[8221.5205]
global_step=290999, episodic_return=[8205.649]
global_step=291999, episodic_return=[8313.327]
global_step=292999, episodic_return=[8446.623]
global_step=293999, episodic_return=[8064.349]
global_step=294999, episodic_return=[8054.4497]
global_step=295999, episodic_return=[8319.093]
global_step=296999, episodic_return=[8363.083]
global_step=297999, episodic_return=[7833.095]
global_step=298999, episodic_return=[8135.113]
global_step=299999, episodic_return=[8234.152]
global_step=300999, episodic_return=[8353.992]
global_step=301999, episodic_return=[8588.415]
global_step=302999, episodic_return=[8254.5]
global_step=303999, episodic_return=[8096.666]
global_step=304999, episodic_return=[8427.198]
global_step=305999, episodic_return=[8380.53]
global_step=306999, episodic_return=[8349.736]
global_step=307999, episodic_return=[8231.914]
global_step=308999, episodic_return=[8167.6465]
global_step=309999, episodic_return=[8433.684]
global_step=310999, episodic_return=[8298.222]
global_step=311999, episodic_return=[7981.684]
global_step=312999, episodic_return=[8226.178]
global_step=313999, episodic_return=[8225.867]
global_step=314999, episodic_return=[8325.808]
global_step=315999, episodic_return=[8397.255]
global_step=316999, episodic_return=[4219.8994]
global_step=317999, episodic_return=[8429.168]
global_step=318999, episodic_return=[8488.79]
global_step=319999, episodic_return=[8303.537]
global_step=320999, episodic_return=[8505.736]
global_step=321999, episodic_return=[8502.385]
global_step=322999, episodic_return=[8405.981]
global_step=323999, episodic_return=[8492.876]
global_step=324999, episodic_return=[8416.184]
global_step=325999, episodic_return=[8441.566]
global_step=326999, episodic_return=[8417.434]
global_step=327999, episodic_return=[8553.342]
global_step=328999, episodic_return=[8608.346]
global_step=329999, episodic_return=[8420.188]
global_step=330999, episodic_return=[8600.4795]
global_step=331999, episodic_return=[8556.307]
global_step=332999, episodic_return=[8534.64]
global_step=333999, episodic_return=[8488.407]
global_step=334999, episodic_return=[8770.474]
global_step=335999, episodic_return=[8546.214]
global_step=336999, episodic_return=[8637.956]
global_step=337999, episodic_return=[8713.472]
global_step=338999, episodic_return=[8528.181]
global_step=339999, episodic_return=[8603.58]
global_step=340999, episodic_return=[8659.55]
global_step=341999, episodic_return=[8678.8955]
global_step=342999, episodic_return=[8777.8955]
global_step=343999, episodic_return=[8639.302]
global_step=344999, episodic_return=[8453.676]
global_step=345999, episodic_return=[8236.653]
global_step=346999, episodic_return=[8513.767]
global_step=347999, episodic_return=[8578.578]
global_step=348999, episodic_return=[8529.863]
global_step=349999, episodic_return=[8404.035]
global_step=350999, episodic_return=[8628.547]
global_step=351999, episodic_return=[8364.735]
global_step=352999, episodic_return=[8677.471]
global_step=353999, episodic_return=[8718.275]
global_step=354999, episodic_return=[8630.157]
global_step=355999, episodic_return=[8602.952]
global_step=356999, episodic_return=[8710.46]
global_step=357999, episodic_return=[8744.674]
global_step=358999, episodic_return=[8593.541]
global_step=359999, episodic_return=[8739.168]
global_step=360999, episodic_return=[8999.312]
global_step=361999, episodic_return=[8719.77]
global_step=362999, episodic_return=[8574.231]
global_step=363999, episodic_return=[8540.987]
global_step=364999, episodic_return=[8837.525]
global_step=365999, episodic_return=[8821.096]
global_step=366999, episodic_return=[9169.031]
global_step=367999, episodic_return=[8818.185]
global_step=368999, episodic_return=[8915.896]
global_step=369999, episodic_return=[8856.749]
global_step=370999, episodic_return=[9000.248]
global_step=371999, episodic_return=[8899.57]
global_step=372999, episodic_return=[8676.303]
global_step=373999, episodic_return=[8980.003]
global_step=374999, episodic_return=[8850.454]
global_step=375999, episodic_return=[8689.137]
global_step=376999, episodic_return=[8708.04]
global_step=377999, episodic_return=[8575.363]
global_step=378999, episodic_return=[9116.594]
global_step=379999, episodic_return=[9003.273]
global_step=380999, episodic_return=[8912.537]
global_step=381999, episodic_return=[9098.067]
global_step=382999, episodic_return=[9049.489]
global_step=383999, episodic_return=[8961.139]
global_step=384999, episodic_return=[9176.624]
global_step=385999, episodic_return=[3490.1829]
global_step=386999, episodic_return=[8834.872]
global_step=387999, episodic_return=[8922.067]
global_step=388999, episodic_return=[8942.698]
global_step=389999, episodic_return=[9047.379]
global_step=390999, episodic_return=[9160.113]
global_step=391999, episodic_return=[8889.892]
global_step=392999, episodic_return=[9046.913]
global_step=393999, episodic_return=[8654.37]
global_step=394999, episodic_return=[8945.983]
global_step=395999, episodic_return=[9298.027]
global_step=396999, episodic_return=[8833.756]
global_step=397999, episodic_return=[9025.128]
global_step=398999, episodic_return=[8472.81]
global_step=399999, episodic_return=[9011.93]
global_step=400999, episodic_return=[8989.08]
global_step=401999, episodic_return=[9099.508]
global_step=402999, episodic_return=[9183.017]
global_step=403999, episodic_return=[9183.625]
global_step=404999, episodic_return=[8783.859]
global_step=405999, episodic_return=[9327.514]
global_step=406999, episodic_return=[9469.175]
global_step=407999, episodic_return=[9243.809]
global_step=408999, episodic_return=[9128.744]
global_step=409999, episodic_return=[9293.011]
global_step=410999, episodic_return=[8945.61]
global_step=411999, episodic_return=[9180.798]
global_step=412999, episodic_return=[9171.095]
global_step=413999, episodic_return=[9362.259]
global_step=414999, episodic_return=[9153.724]
global_step=415999, episodic_return=[8920.784]
global_step=416999, episodic_return=[9287.621]
global_step=417999, episodic_return=[9251.836]
global_step=418999, episodic_return=[9445.766]
global_step=419999, episodic_return=[9177.036]
global_step=420999, episodic_return=[9331.344]
global_step=421999, episodic_return=[9354.1]
global_step=422999, episodic_return=[9407.346]
global_step=423999, episodic_return=[9168.448]
global_step=424999, episodic_return=[9191.138]
global_step=425999, episodic_return=[9211.637]
global_step=426999, episodic_return=[9352.545]
global_step=427999, episodic_return=[9027.323]
global_step=428999, episodic_return=[9367.619]
global_step=429999, episodic_return=[9021.332]
global_step=430999, episodic_return=[9260.972]
global_step=431999, episodic_return=[8759.875]
global_step=432999, episodic_return=[9407.004]
global_step=433999, episodic_return=[9142.125]
global_step=434999, episodic_return=[9453.607]
global_step=435999, episodic_return=[9656.903]
global_step=436999, episodic_return=[9630.038]
global_step=437999, episodic_return=[9430.916]
global_step=438999, episodic_return=[9570.661]
global_step=439999, episodic_return=[9321.809]
global_step=440999, episodic_return=[9419.361]
global_step=441999, episodic_return=[9552.408]
global_step=442999, episodic_return=[9506.436]
global_step=443999, episodic_return=[9404.849]
global_step=444999, episodic_return=[8973.914]
global_step=445999, episodic_return=[9537.079]
global_step=446999, episodic_return=[9499.884]
global_step=447999, episodic_return=[9306.293]
global_step=448999, episodic_return=[9140.802]
global_step=449999, episodic_return=[9630.062]
global_step=450999, episodic_return=[9336.371]
global_step=451999, episodic_return=[9790.693]
global_step=452999, episodic_return=[9627.89]
global_step=453999, episodic_return=[9341.405]
global_step=454999, episodic_return=[9444.618]
global_step=455999, episodic_return=[9211.421]
global_step=456999, episodic_return=[9391.606]
global_step=457999, episodic_return=[9420.835]
global_step=458999, episodic_return=[9537.018]
global_step=459999, episodic_return=[9179.375]
global_step=460999, episodic_return=[9699.385]
global_step=461999, episodic_return=[9383.371]
global_step=462999, episodic_return=[9321.066]
global_step=463999, episodic_return=[9350.687]
global_step=464999, episodic_return=[9725.184]
global_step=465999, episodic_return=[9176.186]
global_step=466999, episodic_return=[9419.023]
global_step=467999, episodic_return=[9477.503]
global_step=468999, episodic_return=[9632.94]
global_step=469999, episodic_return=[9575.777]
global_step=470999, episodic_return=[9903.292]
global_step=471999, episodic_return=[9524.637]
global_step=472999, episodic_return=[9639.798]
global_step=473999, episodic_return=[8860.336]
global_step=474999, episodic_return=[9278.741]
global_step=475999, episodic_return=[9491.412]
global_step=476999, episodic_return=[9212.686]
global_step=477999, episodic_return=[9640.289]
global_step=478999, episodic_return=[9580.994]
global_step=479999, episodic_return=[9952.411]
global_step=480999, episodic_return=[9179.782]
global_step=481999, episodic_return=[9740.305]
global_step=482999, episodic_return=[9587.581]
global_step=483999, episodic_return=[9529.029]
global_step=484999, episodic_return=[9590.17]
global_step=485999, episodic_return=[9774.098]
global_step=486999, episodic_return=[9489.453]
global_step=487999, episodic_return=[9682.756]
global_step=488999, episodic_return=[9685.407]
global_step=489999, episodic_return=[10041.009]
global_step=490999, episodic_return=[9381.167]
global_step=491999, episodic_return=[9693.23]
global_step=492999, episodic_return=[9861.283]
global_step=493999, episodic_return=[9316.778]
global_step=494999, episodic_return=[9515.211]
global_step=495999, episodic_return=[9415.664]
global_step=496999, episodic_return=[9641.782]
global_step=497999, episodic_return=[9434.093]
global_step=498999, episodic_return=[9593.65]
global_step=499999, episodic_return=[9894.041]
global_step=500999, episodic_return=[9786.378]
global_step=501999, episodic_return=[9549.186]
global_step=502999, episodic_return=[9743.595]
global_step=503999, episodic_return=[9893.141]
global_step=504999, episodic_return=[9493.162]
global_step=505999, episodic_return=[9501.793]
global_step=506999, episodic_return=[9844.901]
global_step=507999, episodic_return=[9845.198]
global_step=508999, episodic_return=[9700.756]
global_step=509999, episodic_return=[9803.553]
global_step=510999, episodic_return=[9672.697]
global_step=511999, episodic_return=[9395.351]
global_step=512999, episodic_return=[6081.5215]
global_step=513999, episodic_return=[10157.234]
global_step=514999, episodic_return=[10020.355]
global_step=515999, episodic_return=[10093.345]
global_step=516999, episodic_return=[9209.495]
global_step=517999, episodic_return=[9526.3955]
global_step=518999, episodic_return=[9378.031]
global_step=519999, episodic_return=[9477.278]
global_step=520999, episodic_return=[9515.133]
global_step=521999, episodic_return=[9855.798]
global_step=522999, episodic_return=[9789.852]
global_step=523999, episodic_return=[9725.927]
global_step=524999, episodic_return=[9724.706]
global_step=525999, episodic_return=[9973.631]
global_step=526999, episodic_return=[10039.872]
global_step=527999, episodic_return=[9604.605]
global_step=528999, episodic_return=[10019.582]
global_step=529999, episodic_return=[9743.459]
global_step=530999, episodic_return=[9962.703]
global_step=531999, episodic_return=[9732.686]
global_step=532999, episodic_return=[9857.814]
global_step=533999, episodic_return=[10001.351]
global_step=534999, episodic_return=[9687.828]
global_step=535999, episodic_return=[9895.995]
global_step=536999, episodic_return=[9922.3955]
global_step=537999, episodic_return=[9916.096]
global_step=538999, episodic_return=[9983.901]
global_step=539999, episodic_return=[9677.641]
global_step=540999, episodic_return=[10063.506]
global_step=541999, episodic_return=[9786.891]
global_step=542999, episodic_return=[10084.14]
global_step=543999, episodic_return=[9981.434]
global_step=544999, episodic_return=[10156.405]
global_step=545999, episodic_return=[9764.393]
global_step=546999, episodic_return=[10073.544]
global_step=547999, episodic_return=[9871.308]
global_step=548999, episodic_return=[9853.803]
global_step=549999, episodic_return=[9689.123]
global_step=550999, episodic_return=[9830.716]
global_step=551999, episodic_return=[9923.428]
global_step=552999, episodic_return=[9845.993]
global_step=553999, episodic_return=[9870.615]
global_step=554999, episodic_return=[9977.993]
global_step=555999, episodic_return=[9580.936]
global_step=556999, episodic_return=[10096.129]
global_step=557999, episodic_return=[9533.711]
global_step=558999, episodic_return=[9813.902]
global_step=559999, episodic_return=[10175.619]
global_step=560999, episodic_return=[9777.308]
global_step=561999, episodic_return=[9494.204]
global_step=562999, episodic_return=[9711.651]
global_step=563999, episodic_return=[9706.871]
global_step=564999, episodic_return=[10100.137]
global_step=565999, episodic_return=[9842.946]
global_step=566999, episodic_return=[9459.169]
global_step=567999, episodic_return=[9774.828]
global_step=568999, episodic_return=[9871.327]
global_step=569999, episodic_return=[9765.553]
global_step=570999, episodic_return=[10165.706]
global_step=571999, episodic_return=[9899.929]
global_step=572999, episodic_return=[10023.448]
global_step=573999, episodic_return=[9962.42]
global_step=574999, episodic_return=[9850.376]
global_step=575999, episodic_return=[10013.102]
global_step=576999, episodic_return=[10315.713]
global_step=577999, episodic_return=[10155.905]
global_step=578999, episodic_return=[10052.957]
global_step=579999, episodic_return=[9835.612]
global_step=580999, episodic_return=[9665.215]
global_step=581999, episodic_return=[9946.783]
global_step=582999, episodic_return=[10017.587]
global_step=583999, episodic_return=[9897.991]
global_step=584999, episodic_return=[10080.464]
global_step=585999, episodic_return=[10269.949]
global_step=586999, episodic_return=[9954.9375]
global_step=587999, episodic_return=[9943.98]
global_step=588999, episodic_return=[9922.543]
global_step=589999, episodic_return=[10148.298]
global_step=590999, episodic_return=[10172.954]
global_step=591999, episodic_return=[10038.011]
global_step=592999, episodic_return=[10006.716]
global_step=593999, episodic_return=[10001.192]
global_step=594999, episodic_return=[10071.6045]
global_step=595999, episodic_return=[9966.927]
global_step=596999, episodic_return=[9772.99]
global_step=597999, episodic_return=[10400.608]
global_step=598999, episodic_return=[10292.85]
global_step=599999, episodic_return=[9953.156]
global_step=600999, episodic_return=[10114.412]
global_step=601999, episodic_return=[9915.239]
global_step=602999, episodic_return=[10381.748]
global_step=603999, episodic_return=[10187.895]
global_step=604999, episodic_return=[9922.676]
global_step=605999, episodic_return=[9714.949]
global_step=606999, episodic_return=[10257.857]
global_step=607999, episodic_return=[10119.929]
global_step=608999, episodic_return=[10327.858]
global_step=609999, episodic_return=[10188.687]
global_step=610999, episodic_return=[9901.598]
global_step=611999, episodic_return=[9654.676]
global_step=612999, episodic_return=[9751.919]
global_step=613999, episodic_return=[10123.104]
global_step=614999, episodic_return=[2014.5452]
global_step=615999, episodic_return=[10121.364]
global_step=616999, episodic_return=[10092.841]
global_step=617999, episodic_return=[9836.678]
global_step=618999, episodic_return=[10245.033]
global_step=619999, episodic_return=[9515.757]
global_step=620999, episodic_return=[9836.814]
global_step=621999, episodic_return=[7790.1963]
global_step=622999, episodic_return=[10038.118]
global_step=623999, episodic_return=[10024.392]
global_step=624999, episodic_return=[10408.842]
global_step=625999, episodic_return=[10108.783]
global_step=626999, episodic_return=[10072.547]
global_step=627999, episodic_return=[9998.629]
global_step=628999, episodic_return=[10188.316]
global_step=629999, episodic_return=[10183.182]
global_step=630999, episodic_return=[10469.774]
global_step=631999, episodic_return=[10398.452]
global_step=632999, episodic_return=[10321.043]
global_step=633999, episodic_return=[9673.671]
global_step=634999, episodic_return=[9974.099]
global_step=635999, episodic_return=[9892.745]
global_step=636999, episodic_return=[10242.523]
global_step=637999, episodic_return=[10347.669]
global_step=638999, episodic_return=[10129.104]
global_step=639999, episodic_return=[10135.7705]
global_step=640999, episodic_return=[10394.846]
global_step=641999, episodic_return=[10273.9795]
global_step=642999, episodic_return=[9858.243]
global_step=643999, episodic_return=[10321.301]
global_step=644999, episodic_return=[10499.722]
global_step=645999, episodic_return=[10277.729]
global_step=646999, episodic_return=[10178.141]
global_step=647999, episodic_return=[10259.604]
global_step=648999, episodic_return=[10185.96]
global_step=649999, episodic_return=[10434.757]
global_step=650999, episodic_return=[10002.084]
global_step=651999, episodic_return=[9654.621]
global_step=652999, episodic_return=[9720.317]
global_step=653999, episodic_return=[10364.7]
global_step=654999, episodic_return=[9756.209]
global_step=655999, episodic_return=[10384.098]
global_step=656999, episodic_return=[9795.636]
global_step=657999, episodic_return=[9837.127]
global_step=658999, episodic_return=[10207.188]
global_step=659999, episodic_return=[10533.025]
global_step=660999, episodic_return=[10449.533]
global_step=661999, episodic_return=[10302.24]
global_step=662999, episodic_return=[10273.02]
global_step=663999, episodic_return=[10271.239]
global_step=664999, episodic_return=[10184.284]
global_step=665999, episodic_return=[10081.555]
global_step=666999, episodic_return=[9996.28]
global_step=667999, episodic_return=[9980.396]
global_step=668999, episodic_return=[10497.442]
global_step=669999, episodic_return=[10582.589]
global_step=670999, episodic_return=[10240.446]
global_step=671999, episodic_return=[10481.988]
global_step=672999, episodic_return=[10414.052]
global_step=673999, episodic_return=[10320.575]
global_step=674999, episodic_return=[10210.344]
global_step=675999, episodic_return=[10565.46]
global_step=676999, episodic_return=[10285.618]
global_step=677999, episodic_return=[10188.427]
global_step=678999, episodic_return=[10398.117]
global_step=679999, episodic_return=[9643.483]
global_step=680999, episodic_return=[10020.452]
global_step=681999, episodic_return=[10062.547]
global_step=682999, episodic_return=[10364.569]
global_step=683999, episodic_return=[9920.078]
global_step=684999, episodic_return=[10237.601]
global_step=685999, episodic_return=[10352.524]
global_step=686999, episodic_return=[10550.352]
global_step=687999, episodic_return=[10541.918]
global_step=688999, episodic_return=[10155.691]
global_step=689999, episodic_return=[10253.116]
global_step=690999, episodic_return=[10537.485]
global_step=691999, episodic_return=[10180.135]
global_step=692999, episodic_return=[10109.265]
global_step=693999, episodic_return=[10407.26]
global_step=694999, episodic_return=[10184.906]
global_step=695999, episodic_return=[10324.616]
global_step=696999, episodic_return=[10425.988]
global_step=697999, episodic_return=[10171.722]
global_step=698999, episodic_return=[10367.124]
global_step=699999, episodic_return=[10131.153]
global_step=700999, episodic_return=[10315.432]
global_step=701999, episodic_return=[9987.202]
global_step=702999, episodic_return=[10314.555]
global_step=703999, episodic_return=[10219.089]
global_step=704999, episodic_return=[10732.669]
global_step=705999, episodic_return=[10362.583]
global_step=706999, episodic_return=[10417.619]
global_step=707999, episodic_return=[10624.238]
global_step=708999, episodic_return=[10743.088]
global_step=709999, episodic_return=[10361.073]
global_step=710999, episodic_return=[10329.162]
global_step=711999, episodic_return=[10644.968]
global_step=712999, episodic_return=[10203.206]
global_step=713999, episodic_return=[10398.496]
global_step=714999, episodic_return=[10519.331]
global_step=715999, episodic_return=[9821.852]
global_step=716999, episodic_return=[10618.179]
global_step=717999, episodic_return=[10292.651]
global_step=718999, episodic_return=[10623.526]
global_step=719999, episodic_return=[10393.523]
global_step=720999, episodic_return=[10342.824]
global_step=721999, episodic_return=[10549.743]
global_step=722999, episodic_return=[10217.505]
global_step=723999, episodic_return=[10626.982]
global_step=724999, episodic_return=[10148.387]
global_step=725999, episodic_return=[10411.515]
global_step=726999, episodic_return=[10163.358]
global_step=727999, episodic_return=[10208.703]
global_step=728999, episodic_return=[10156.263]
global_step=729999, episodic_return=[10518.506]
global_step=730999, episodic_return=[10483.267]
global_step=731999, episodic_return=[10519.52]
global_step=732999, episodic_return=[10249.622]
global_step=733999, episodic_return=[10647.969]
global_step=734999, episodic_return=[10428.906]
global_step=735999, episodic_return=[8160.3955]
global_step=736999, episodic_return=[10206.291]
global_step=737999, episodic_return=[10434.79]
global_step=738999, episodic_return=[10195.3125]
global_step=739999, episodic_return=[10502.807]
global_step=740999, episodic_return=[10416.102]
global_step=741999, episodic_return=[10321.306]
global_step=742999, episodic_return=[10336.369]
global_step=743999, episodic_return=[10616.662]
global_step=744999, episodic_return=[10579.145]
global_step=745999, episodic_return=[10477.235]
global_step=746999, episodic_return=[10581.294]
global_step=747999, episodic_return=[10564.5205]
global_step=748999, episodic_return=[10287.693]
global_step=749999, episodic_return=[10512.073]
global_step=750999, episodic_return=[10576.733]
global_step=751999, episodic_return=[10916.498]
global_step=752999, episodic_return=[10107.387]
global_step=753999, episodic_return=[10279.716]
global_step=754999, episodic_return=[9959.459]
global_step=755999, episodic_return=[10290.767]
global_step=756999, episodic_return=[10535.397]
global_step=757999, episodic_return=[10643.785]
global_step=758999, episodic_return=[10630.488]
global_step=759999, episodic_return=[10694.749]
global_step=760999, episodic_return=[10494.288]
global_step=761999, episodic_return=[10814.765]
global_step=762999, episodic_return=[10480.765]
global_step=763999, episodic_return=[10632.964]
global_step=764999, episodic_return=[10401.289]
global_step=765999, episodic_return=[10912.36]
global_step=766999, episodic_return=[10683.515]
global_step=767999, episodic_return=[10546.817]
global_step=768999, episodic_return=[10539.035]
global_step=769999, episodic_return=[10518.793]
global_step=770999, episodic_return=[10561.956]
global_step=771999, episodic_return=[10396.654]
global_step=772999, episodic_return=[10370.98]
global_step=773999, episodic_return=[10554.7]
global_step=774999, episodic_return=[10363.177]
global_step=775999, episodic_return=[10427.037]
global_step=776999, episodic_return=[10758.115]
global_step=777999, episodic_return=[10656.064]
global_step=778999, episodic_return=[10754.146]
global_step=779999, episodic_return=[10410.685]
global_step=780999, episodic_return=[10465.305]
global_step=781999, episodic_return=[10546.221]
global_step=782999, episodic_return=[10433.463]
global_step=783999, episodic_return=[10317.18]
global_step=784999, episodic_return=[10667.098]
global_step=785999, episodic_return=[10581.198]
global_step=786999, episodic_return=[10692.182]
global_step=787999, episodic_return=[10542.375]
global_step=788999, episodic_return=[5838.998]
global_step=789999, episodic_return=[10387.039]
global_step=790999, episodic_return=[10596.5]
global_step=791999, episodic_return=[10565.748]
global_step=792999, episodic_return=[10845.046]
global_step=793999, episodic_return=[10596.022]
global_step=794999, episodic_return=[10403.539]
global_step=795999, episodic_return=[10112.8545]
global_step=796999, episodic_return=[9690.701]
global_step=797999, episodic_return=[10291.566]
global_step=798999, episodic_return=[10817.171]
global_step=799999, episodic_return=[10402.159]
global_step=800999, episodic_return=[10629.711]
global_step=801999, episodic_return=[10612.243]
global_step=802999, episodic_return=[10920.57]
global_step=803999, episodic_return=[10640.2295]
global_step=804999, episodic_return=[10690.23]
global_step=805999, episodic_return=[10647.913]
global_step=806999, episodic_return=[9976.154]
global_step=807999, episodic_return=[10357.445]
global_step=808999, episodic_return=[10684.127]
global_step=809999, episodic_return=[10718.137]
global_step=810999, episodic_return=[10435.764]
global_step=811999, episodic_return=[10534.624]
global_step=812999, episodic_return=[10650.355]
global_step=813999, episodic_return=[10277.195]
global_step=814999, episodic_return=[10524.215]
global_step=815999, episodic_return=[10533.795]
global_step=816999, episodic_return=[10493.054]
global_step=817999, episodic_return=[10737.868]
global_step=818999, episodic_return=[10802.982]
global_step=819999, episodic_return=[10422.462]
global_step=820999, episodic_return=[10669.292]
global_step=821999, episodic_return=[10712.793]
global_step=822999, episodic_return=[10300.981]
global_step=823999, episodic_return=[10837.557]
global_step=824999, episodic_return=[10392.655]
global_step=825999, episodic_return=[10635.647]
global_step=826999, episodic_return=[10486.653]
global_step=827999, episodic_return=[10103.599]
global_step=828999, episodic_return=[8027.81]
global_step=829999, episodic_return=[10668.446]
global_step=830999, episodic_return=[10992.903]
global_step=831999, episodic_return=[10087.689]
global_step=832999, episodic_return=[10541.58]
global_step=833999, episodic_return=[10492.514]
global_step=834999, episodic_return=[10593.897]
global_step=835999, episodic_return=[10521.363]
global_step=836999, episodic_return=[10374.888]
global_step=837999, episodic_return=[11014.02]
global_step=838999, episodic_return=[10260.741]
global_step=839999, episodic_return=[10623.62]
global_step=840999, episodic_return=[10730.93]
global_step=841999, episodic_return=[2385.4485]
global_step=842999, episodic_return=[10567.051]
global_step=843999, episodic_return=[10303.112]
global_step=844999, episodic_return=[3309.7737]
global_step=845999, episodic_return=[10750.63]
global_step=846999, episodic_return=[10579.917]
global_step=847999, episodic_return=[10382.911]
global_step=848999, episodic_return=[10783.527]
global_step=849999, episodic_return=[9857.905]
global_step=850999, episodic_return=[10897.095]
global_step=851999, episodic_return=[10415.865]
global_step=852999, episodic_return=[10935.153]
global_step=853999, episodic_return=[10335.272]
global_step=854999, episodic_return=[10452.885]
global_step=855999, episodic_return=[10631.519]
global_step=856999, episodic_return=[10332.849]
global_step=857999, episodic_return=[10708.245]
global_step=858999, episodic_return=[10680.568]
global_step=859999, episodic_return=[10202.1875]
global_step=860999, episodic_return=[10684.397]
global_step=861999, episodic_return=[10701.496]
global_step=862999, episodic_return=[10539.22]
global_step=863999, episodic_return=[10613.005]
global_step=864999, episodic_return=[10654.728]
global_step=865999, episodic_return=[10841.295]
global_step=866999, episodic_return=[10277.36]
global_step=867999, episodic_return=[10859.476]
global_step=868999, episodic_return=[10238.555]
global_step=869999, episodic_return=[10629.73]
global_step=870999, episodic_return=[10714.157]
global_step=871999, episodic_return=[10807.562]
global_step=872999, episodic_return=[10508.197]
global_step=873999, episodic_return=[10572.721]
global_step=874999, episodic_return=[11057.165]
global_step=875999, episodic_return=[9894.052]
global_step=876999, episodic_return=[10783.502]
global_step=877999, episodic_return=[10365.737]
global_step=878999, episodic_return=[10196.021]
global_step=879999, episodic_return=[10781.387]
global_step=880999, episodic_return=[10837.734]
global_step=881999, episodic_return=[10744.282]
global_step=882999, episodic_return=[10673.62]
global_step=883999, episodic_return=[10639.828]
global_step=884999, episodic_return=[10674.752]
global_step=885999, episodic_return=[10677.977]
global_step=886999, episodic_return=[10570.599]
global_step=887999, episodic_return=[10716.071]
global_step=888999, episodic_return=[10965.448]
global_step=889999, episodic_return=[10505.277]
global_step=890999, episodic_return=[3234.4834]
global_step=891999, episodic_return=[10269.231]
global_step=892999, episodic_return=[10734.966]
global_step=893999, episodic_return=[10854.398]
global_step=894999, episodic_return=[10935.142]
global_step=895999, episodic_return=[10707.52]
global_step=896999, episodic_return=[10644.163]
global_step=897999, episodic_return=[10794.614]
global_step=898999, episodic_return=[10177.004]
global_step=899999, episodic_return=[10754.173]
global_step=900999, episodic_return=[10676.286]
global_step=901999, episodic_return=[10675.69]
global_step=902999, episodic_return=[10990.856]
global_step=903999, episodic_return=[10956.021]
global_step=904999, episodic_return=[10579.028]
global_step=905999, episodic_return=[10847.173]
global_step=906999, episodic_return=[10618.548]
global_step=907999, episodic_return=[10306.199]
global_step=908999, episodic_return=[10651.629]
global_step=909999, episodic_return=[10650.752]
global_step=910999, episodic_return=[2110.317]
global_step=911999, episodic_return=[10450.912]
global_step=912999, episodic_return=[10774.374]
global_step=913999, episodic_return=[10432.74]
global_step=914999, episodic_return=[10725.363]
global_step=915999, episodic_return=[10681.383]
global_step=916999, episodic_return=[10445.651]
global_step=917999, episodic_return=[10720.176]
global_step=918999, episodic_return=[10719.064]
global_step=919999, episodic_return=[10577.993]
global_step=920999, episodic_return=[10595.645]
global_step=921999, episodic_return=[10154.935]
global_step=922999, episodic_return=[10280.525]
global_step=923999, episodic_return=[10831.369]
global_step=924999, episodic_return=[10775.411]
global_step=925999, episodic_return=[10874.764]
global_step=926999, episodic_return=[10510.1]
global_step=927999, episodic_return=[11253.108]
global_step=928999, episodic_return=[11014.411]
global_step=929999, episodic_return=[10656.997]
global_step=930999, episodic_return=[518.7459]
global_step=931999, episodic_return=[11054.648]
global_step=932999, episodic_return=[10699.428]
global_step=933999, episodic_return=[10974.764]
global_step=934999, episodic_return=[10748.004]
global_step=935999, episodic_return=[10899.122]
global_step=936999, episodic_return=[10755.478]
global_step=937999, episodic_return=[10843.07]
global_step=938999, episodic_return=[10722.65]
global_step=939999, episodic_return=[10978.217]
global_step=940999, episodic_return=[10842.331]
global_step=941999, episodic_return=[11169.573]
global_step=942999, episodic_return=[10520.969]
global_step=943999, episodic_return=[10788.664]
global_step=944999, episodic_return=[10817.64]
global_step=945999, episodic_return=[4487.782]
global_step=946999, episodic_return=[10712.198]
global_step=947999, episodic_return=[10319.768]
global_step=948999, episodic_return=[3252.6736]
global_step=949999, episodic_return=[10633.867]
global_step=950999, episodic_return=[11033.966]
global_step=951999, episodic_return=[10828.643]
global_step=952999, episodic_return=[10859.733]
global_step=953999, episodic_return=[10684.519]
global_step=954999, episodic_return=[10190.385]
global_step=955999, episodic_return=[10609.432]
global_step=956999, episodic_return=[11072.736]
global_step=957999, episodic_return=[10088.952]
global_step=958999, episodic_return=[10508.832]
global_step=959999, episodic_return=[10828.349]
global_step=960999, episodic_return=[10757.13]
global_step=961999, episodic_return=[10987.834]
global_step=962999, episodic_return=[10561.874]
global_step=963999, episodic_return=[10851.587]
global_step=964999, episodic_return=[10643.005]
global_step=965999, episodic_return=[10905.614]
global_step=966999, episodic_return=[10854.431]
global_step=967999, episodic_return=[10701.882]
global_step=968999, episodic_return=[10730.888]
global_step=969999, episodic_return=[10762.956]
global_step=970999, episodic_return=[10813.45]
global_step=971999, episodic_return=[11053.929]
global_step=972999, episodic_return=[10417.037]
global_step=973999, episodic_return=[11082.858]
global_step=974999, episodic_return=[10856.7705]
global_step=975999, episodic_return=[10840.639]
global_step=976999, episodic_return=[10919.3545]
global_step=977999, episodic_return=[10703.616]
global_step=978999, episodic_return=[11022.892]
global_step=979999, episodic_return=[10677.657]
global_step=980999, episodic_return=[10593.577]
global_step=981999, episodic_return=[11053.423]
global_step=982999, episodic_return=[11108.451]
global_step=983999, episodic_return=[10950.322]
global_step=984999, episodic_return=[10842.091]
global_step=985999, episodic_return=[10892.3125]
global_step=986999, episodic_return=[10929.407]
global_step=987999, episodic_return=[10741.4]
global_step=988999, episodic_return=[10873.894]
global_step=989999, episodic_return=[10833.026]
global_step=990999, episodic_return=[10813.296]
global_step=991999, episodic_return=[10783.575]
global_step=992999, episodic_return=[10843.561]
global_step=993999, episodic_return=[10811.699]
global_step=994999, episodic_return=[10901.614]
global_step=995999, episodic_return=[10716.479]
global_step=996999, episodic_return=[10687.083]
global_step=997999, episodic_return=[10855.083]
global_step=998999, episodic_return=[11091.003]
global_step=999999, episodic_return=[10956.485]
global_step=1000999, episodic_return=[10842.607]
global_step=1001999, episodic_return=[10735.31]
global_step=1002999, episodic_return=[11039.564]
global_step=1003999, episodic_return=[10947.51]
global_step=1004999, episodic_return=[10994.879]
global_step=1005999, episodic_return=[10851.704]
global_step=1006999, episodic_return=[10940.017]
global_step=1007999, episodic_return=[11103.398]
global_step=1008999, episodic_return=[10524.156]
global_step=1009999, episodic_return=[10969.888]
global_step=1010999, episodic_return=[10767.424]
global_step=1011999, episodic_return=[10834.237]
global_step=1012999, episodic_return=[10976.878]
global_step=1013999, episodic_return=[11105.941]
global_step=1014999, episodic_return=[11070.183]
global_step=1015999, episodic_return=[11164.665]
global_step=1016999, episodic_return=[10923.409]
global_step=1017999, episodic_return=[11374.772]
global_step=1018999, episodic_return=[5673.1177]
global_step=1019999, episodic_return=[11229.433]
global_step=1020999, episodic_return=[11051.793]
global_step=1021999, episodic_return=[10985.7705]
global_step=1022999, episodic_return=[10722.336]
global_step=1023999, episodic_return=[11036.578]
global_step=1024999, episodic_return=[10618.732]
global_step=1025999, episodic_return=[11081.702]
global_step=1026999, episodic_return=[11094.449]
global_step=1027999, episodic_return=[11054.268]
global_step=1028999, episodic_return=[11183.3]
global_step=1029999, episodic_return=[11007.152]
global_step=1030999, episodic_return=[10958.448]
global_step=1031999, episodic_return=[10529.697]
global_step=1032999, episodic_return=[10725.214]
global_step=1033999, episodic_return=[11336.686]
global_step=1034999, episodic_return=[10765.065]
global_step=1035999, episodic_return=[10952.428]
global_step=1036999, episodic_return=[11042.943]
global_step=1037999, episodic_return=[10797.018]
global_step=1038999, episodic_return=[11224.012]
global_step=1039999, episodic_return=[10725.258]
global_step=1040999, episodic_return=[11124.263]
global_step=1041999, episodic_return=[10622.79]
global_step=1042999, episodic_return=[11186.245]
global_step=1043999, episodic_return=[10995.867]
global_step=1044999, episodic_return=[11050.887]
global_step=1045999, episodic_return=[10921.421]
global_step=1046999, episodic_return=[11146.449]
global_step=1047999, episodic_return=[10916.801]
global_step=1048999, episodic_return=[10808.595]
global_step=1049999, episodic_return=[11039.8125]
global_step=1050999, episodic_return=[11120.129]
global_step=1051999, episodic_return=[11091.814]
global_step=1052999, episodic_return=[11064.494]
global_step=1053999, episodic_return=[11295.862]
global_step=1054999, episodic_return=[10719.723]
global_step=1055999, episodic_return=[10664.961]
global_step=1056999, episodic_return=[11084.303]
global_step=1057999, episodic_return=[11241.114]
global_step=1058999, episodic_return=[11006.331]
global_step=1059999, episodic_return=[10750.515]
global_step=1060999, episodic_return=[11130.55]
global_step=1061999, episodic_return=[11074.443]
global_step=1062999, episodic_return=[10824.987]
global_step=1063999, episodic_return=[10772.214]
global_step=1064999, episodic_return=[8268.601]
global_step=1065999, episodic_return=[10885.323]
global_step=1066999, episodic_return=[11135.557]
global_step=1067999, episodic_return=[10701.814]
global_step=1068999, episodic_return=[11065.273]
global_step=1069999, episodic_return=[10909.335]
global_step=1070999, episodic_return=[10698.453]
global_step=1071999, episodic_return=[10948.608]
global_step=1072999, episodic_return=[11113.49]
global_step=1073999, episodic_return=[10974.982]
global_step=1074999, episodic_return=[11324.029]
global_step=1075999, episodic_return=[10870.984]
global_step=1076999, episodic_return=[10371.82]
global_step=1077999, episodic_return=[10883.887]
global_step=1078999, episodic_return=[11239.433]
global_step=1079999, episodic_return=[11096.277]
global_step=1080999, episodic_return=[11205.05]
global_step=1081999, episodic_return=[10901.852]
global_step=1082999, episodic_return=[10743.794]
global_step=1083999, episodic_return=[11525.628]
global_step=1084999, episodic_return=[11174.466]
global_step=1085999, episodic_return=[11086.179]
global_step=1086999, episodic_return=[11061.75]
global_step=1087999, episodic_return=[11237.436]
global_step=1088999, episodic_return=[11172.564]
global_step=1089999, episodic_return=[10808.014]
global_step=1090999, episodic_return=[10885.8125]
global_step=1091999, episodic_return=[11192.926]
global_step=1092999, episodic_return=[11240.772]
global_step=1093999, episodic_return=[10843.0625]
global_step=1094999, episodic_return=[11266.085]
global_step=1095999, episodic_return=[10955.813]
global_step=1096999, episodic_return=[10826.856]
global_step=1097999, episodic_return=[10685.627]
global_step=1098999, episodic_return=[11167.66]
global_step=1099999, episodic_return=[11163.2705]
global_step=1100999, episodic_return=[10717.672]
global_step=1101999, episodic_return=[11163.567]
global_step=1102999, episodic_return=[10902.402]
global_step=1103999, episodic_return=[11202.726]
global_step=1104999, episodic_return=[11163.857]
global_step=1105999, episodic_return=[10379.823]
global_step=1106999, episodic_return=[10784.548]
global_step=1107999, episodic_return=[11170.087]
global_step=1108999, episodic_return=[11074.209]
global_step=1109999, episodic_return=[10908.188]
global_step=1110999, episodic_return=[10840.791]
global_step=1111999, episodic_return=[11099.025]
global_step=1112999, episodic_return=[11460.148]
global_step=1113999, episodic_return=[10397.783]
global_step=1114999, episodic_return=[10823.577]
global_step=1115999, episodic_return=[11036.577]
global_step=1116999, episodic_return=[11121.2295]
global_step=1117999, episodic_return=[10763.687]
global_step=1118999, episodic_return=[10896.797]
global_step=1119999, episodic_return=[11331.748]
global_step=1120999, episodic_return=[11053.2295]
global_step=1121999, episodic_return=[11028.677]
global_step=1122999, episodic_return=[11070.232]
global_step=1123999, episodic_return=[11263.702]
global_step=1124999, episodic_return=[11088.397]
global_step=1125999, episodic_return=[11363.065]
global_step=1126999, episodic_return=[10870.602]
global_step=1127999, episodic_return=[11297.782]
global_step=1128999, episodic_return=[11053.166]
global_step=1129999, episodic_return=[10935.918]
global_step=1130999, episodic_return=[11108.541]
global_step=1131999, episodic_return=[11292.985]
global_step=1132999, episodic_return=[11350.799]
global_step=1133999, episodic_return=[11028.991]
global_step=1134999, episodic_return=[11007.841]
global_step=1135999, episodic_return=[10884.449]
global_step=1136999, episodic_return=[11059.152]
global_step=1137999, episodic_return=[10879.937]
global_step=1138999, episodic_return=[97.00725]
global_step=1139999, episodic_return=[11134.06]
global_step=1140999, episodic_return=[10931.817]
global_step=1141999, episodic_return=[11362.896]
global_step=1142999, episodic_return=[11135.514]
global_step=1143999, episodic_return=[11308.833]
global_step=1144999, episodic_return=[11334.932]
global_step=1145999, episodic_return=[11152.08]
global_step=1146999, episodic_return=[11084.013]
global_step=1147999, episodic_return=[11206.045]
global_step=1148999, episodic_return=[11208.93]
global_step=1149999, episodic_return=[11339.136]
global_step=1150999, episodic_return=[11424.489]
global_step=1151999, episodic_return=[10997.209]
global_step=1152999, episodic_return=[11266.971]
global_step=1153999, episodic_return=[11376.645]
global_step=1154999, episodic_return=[11469.591]
global_step=1155999, episodic_return=[11177.459]
global_step=1156999, episodic_return=[11349.012]
global_step=1157999, episodic_return=[10799.539]
global_step=1158999, episodic_return=[11182.766]
global_step=1159999, episodic_return=[10465.539]
global_step=1160999, episodic_return=[11176.5]
global_step=1161999, episodic_return=[11282.067]
global_step=1162999, episodic_return=[11490.692]
global_step=1163999, episodic_return=[11049.381]
global_step=1164999, episodic_return=[10971.841]
global_step=1165999, episodic_return=[10351.715]
global_step=1166999, episodic_return=[11132.413]
global_step=1167999, episodic_return=[11020.65]
global_step=1168999, episodic_return=[11298.122]
global_step=1169999, episodic_return=[11137.344]
global_step=1170999, episodic_return=[11249.645]
global_step=1171999, episodic_return=[11292.724]
global_step=1172999, episodic_return=[11232.512]
global_step=1173999, episodic_return=[11336.301]
global_step=1174999, episodic_return=[11161.202]
global_step=1175999, episodic_return=[11122.849]
global_step=1176999, episodic_return=[11427.812]
global_step=1177999, episodic_return=[11502.53]
global_step=1178999, episodic_return=[11364.192]
global_step=1179999, episodic_return=[11344.791]
global_step=1180999, episodic_return=[11306.658]
global_step=1181999, episodic_return=[11268.908]
global_step=1182999, episodic_return=[11285.101]
global_step=1183999, episodic_return=[11157.346]
global_step=1184999, episodic_return=[11600.99]
global_step=1185999, episodic_return=[11332.083]
global_step=1186999, episodic_return=[11381.176]
global_step=1187999, episodic_return=[11172.022]
global_step=1188999, episodic_return=[11184.472]
global_step=1189999, episodic_return=[11195.359]
global_step=1190999, episodic_return=[11219.698]
global_step=1191999, episodic_return=[10906.745]
global_step=1192999, episodic_return=[5496.7017]
global_step=1193999, episodic_return=[11198.169]
global_step=1194999, episodic_return=[11331.653]
global_step=1195999, episodic_return=[11440.826]
global_step=1196999, episodic_return=[11152.992]
global_step=1197999, episodic_return=[10917.515]
global_step=1198999, episodic_return=[11576.237]
global_step=1199999, episodic_return=[11313.657]
global_step=1200999, episodic_return=[10620.943]
global_step=1201999, episodic_return=[10985.146]
global_step=1202999, episodic_return=[11103.461]
global_step=1203999, episodic_return=[11265.834]
global_step=1204999, episodic_return=[11541.109]
global_step=1205999, episodic_return=[11267.218]
global_step=1206999, episodic_return=[11084.969]
global_step=1207999, episodic_return=[11074.752]
global_step=1208999, episodic_return=[11563.22]
global_step=1209999, episodic_return=[11274.921]
global_step=1210999, episodic_return=[11401.553]
global_step=1211999, episodic_return=[11262.139]
global_step=1212999, episodic_return=[11233.993]
global_step=1213999, episodic_return=[11556.973]
global_step=1214999, episodic_return=[11367.574]
global_step=1215999, episodic_return=[11146.356]
global_step=1216999, episodic_return=[11153.541]
global_step=1217999, episodic_return=[11089.885]
global_step=1218999, episodic_return=[11550.247]
global_step=1219999, episodic_return=[11343.488]
global_step=1220999, episodic_return=[11411.582]
global_step=1221999, episodic_return=[11067.187]
global_step=1222999, episodic_return=[11447.127]
global_step=1223999, episodic_return=[11348.218]
global_step=1224999, episodic_return=[11050.728]
global_step=1225999, episodic_return=[11405.015]
global_step=1226999, episodic_return=[11394.707]
global_step=1227999, episodic_return=[11604.454]
global_step=1228999, episodic_return=[11305.899]
global_step=1229999, episodic_return=[11000.276]
global_step=1230999, episodic_return=[11328.974]
global_step=1231999, episodic_return=[11617.617]
global_step=1232999, episodic_return=[2304.234]
global_step=1233999, episodic_return=[10997.095]
global_step=1234999, episodic_return=[11343.908]
global_step=1235999, episodic_return=[11491.803]
global_step=1236999, episodic_return=[11049.656]
global_step=1237999, episodic_return=[11003.62]
global_step=1238999, episodic_return=[11449.868]
global_step=1239999, episodic_return=[11075.859]
global_step=1240999, episodic_return=[11281.758]
global_step=1241999, episodic_return=[11286.725]
global_step=1242999, episodic_return=[10991.401]
global_step=1243999, episodic_return=[11259.238]
global_step=1244999, episodic_return=[11168.9795]
global_step=1245999, episodic_return=[11516.4]
global_step=1246999, episodic_return=[11226.623]
global_step=1247999, episodic_return=[11511.749]
global_step=1248999, episodic_return=[11431.121]
global_step=1249999, episodic_return=[11637.117]
global_step=1250999, episodic_return=[11469.416]
global_step=1251999, episodic_return=[11564.681]
global_step=1252999, episodic_return=[11657.692]
global_step=1253999, episodic_return=[11352.751]
global_step=1254999, episodic_return=[11362.051]
global_step=1255999, episodic_return=[11308.829]
global_step=1256999, episodic_return=[11114.796]
global_step=1257999, episodic_return=[11519.084]
global_step=1258999, episodic_return=[11458.002]
global_step=1259999, episodic_return=[11248.264]
global_step=1260999, episodic_return=[11385.633]
global_step=1261999, episodic_return=[11431.942]
global_step=1262999, episodic_return=[11601.306]
global_step=1263999, episodic_return=[11420.552]
global_step=1264999, episodic_return=[11542.557]
global_step=1265999, episodic_return=[11262.391]
global_step=1266999, episodic_return=[11263.897]
global_step=1267999, episodic_return=[11741.27]
global_step=1268999, episodic_return=[11107.918]
global_step=1269999, episodic_return=[11521.79]
global_step=1270999, episodic_return=[11262.517]
global_step=1271999, episodic_return=[11259.652]
global_step=1272999, episodic_return=[11619.981]
global_step=1273999, episodic_return=[11450.322]
global_step=1274999, episodic_return=[11546.546]
global_step=1275999, episodic_return=[11598.156]
global_step=1276999, episodic_return=[11808.733]
global_step=1277999, episodic_return=[11292.49]
global_step=1278999, episodic_return=[11323.093]
global_step=1279999, episodic_return=[11328.984]
global_step=1280999, episodic_return=[11288.227]
global_step=1281999, episodic_return=[11255.865]
global_step=1282999, episodic_return=[11631.306]
global_step=1283999, episodic_return=[11346.553]
global_step=1284999, episodic_return=[11504.308]
global_step=1285999, episodic_return=[11321.868]
global_step=1286999, episodic_return=[11252.608]
global_step=1287999, episodic_return=[11062.826]
global_step=1288999, episodic_return=[11721.629]
global_step=1289999, episodic_return=[11569.527]
global_step=1290999, episodic_return=[11725.334]
global_step=1291999, episodic_return=[11663.32]
global_step=1292999, episodic_return=[11419.581]
global_step=1293999, episodic_return=[11679.604]
global_step=1294999, episodic_return=[11617.366]
global_step=1295999, episodic_return=[11517.962]
global_step=1296999, episodic_return=[11301.128]
global_step=1297999, episodic_return=[9666.1455]
global_step=1298999, episodic_return=[11328.586]
global_step=1299999, episodic_return=[11480.165]
global_step=1300999, episodic_return=[11486.54]
global_step=1301999, episodic_return=[11689.592]
global_step=1302999, episodic_return=[11589.722]
global_step=1303999, episodic_return=[11538.427]
global_step=1304999, episodic_return=[11415.582]
global_step=1305999, episodic_return=[11567.877]
global_step=1306999, episodic_return=[11587.063]
global_step=1307999, episodic_return=[11013.833]
global_step=1308999, episodic_return=[11401.905]
global_step=1309999, episodic_return=[11587.041]
global_step=1310999, episodic_return=[11428.001]
global_step=1311999, episodic_return=[11213.526]
global_step=1312999, episodic_return=[11234.472]
global_step=1313999, episodic_return=[11835.396]
global_step=1314999, episodic_return=[11152.138]
global_step=1315999, episodic_return=[11471.12]
global_step=1316999, episodic_return=[11222.902]
global_step=1317999, episodic_return=[10786.992]
global_step=1318999, episodic_return=[11435.9]
global_step=1319999, episodic_return=[11339.59]
global_step=1320999, episodic_return=[11655.37]
global_step=1321999, episodic_return=[11637.948]
global_step=1322999, episodic_return=[11692.652]
global_step=1323999, episodic_return=[11488.423]
global_step=1324999, episodic_return=[11740.315]
global_step=1325999, episodic_return=[11599.367]
global_step=1326999, episodic_return=[11276.795]
global_step=1327999, episodic_return=[11464.23]
global_step=1328999, episodic_return=[11521.46]
global_step=1329999, episodic_return=[11345.482]
global_step=1330999, episodic_return=[11471.013]
global_step=1331999, episodic_return=[11228.751]
global_step=1332999, episodic_return=[11434.939]
global_step=1333999, episodic_return=[11462.101]
global_step=1334999, episodic_return=[11234.488]
global_step=1335999, episodic_return=[11417.289]
global_step=1336999, episodic_return=[11578.216]
global_step=1337999, episodic_return=[4053.6953]
global_step=1338999, episodic_return=[11471.606]
global_step=1339999, episodic_return=[11245.383]
global_step=1340999, episodic_return=[7819.571]
global_step=1341999, episodic_return=[11645.36]
global_step=1342999, episodic_return=[11174.105]
global_step=1343999, episodic_return=[11404.536]
global_step=1344999, episodic_return=[11477.682]
global_step=1345999, episodic_return=[11337.93]
global_step=1346999, episodic_return=[11773.978]
global_step=1347999, episodic_return=[11334.62]
global_step=1348999, episodic_return=[11495.837]
global_step=1349999, episodic_return=[11349.27]
global_step=1350999, episodic_return=[11530.593]
global_step=1351999, episodic_return=[11172.432]
global_step=1352999, episodic_return=[11653.81]
global_step=1353999, episodic_return=[11571.479]
global_step=1354999, episodic_return=[11382.251]
global_step=1355999, episodic_return=[11226.405]
global_step=1356999, episodic_return=[11641.073]
global_step=1357999, episodic_return=[11631.333]
global_step=1358999, episodic_return=[11366.374]
global_step=1359999, episodic_return=[11683.85]
global_step=1360999, episodic_return=[11375.212]
global_step=1361999, episodic_return=[11366.027]
global_step=1362999, episodic_return=[11888.8125]
global_step=1363999, episodic_return=[11413.575]
global_step=1364999, episodic_return=[11358.684]
global_step=1365999, episodic_return=[11625.785]
global_step=1366999, episodic_return=[11495.035]
global_step=1367999, episodic_return=[11408.07]
global_step=1368999, episodic_return=[11464.187]
global_step=1369999, episodic_return=[11597.199]
global_step=1370999, episodic_return=[11484.1]
global_step=1371999, episodic_return=[11014.885]
global_step=1372999, episodic_return=[11317.814]
global_step=1373999, episodic_return=[11621.542]
global_step=1374999, episodic_return=[11541.813]
global_step=1375999, episodic_return=[11408.587]
global_step=1376999, episodic_return=[5563.4043]
global_step=1377999, episodic_return=[11483.578]
global_step=1378999, episodic_return=[10748.454]
global_step=1379999, episodic_return=[11241.297]
global_step=1380999, episodic_return=[11280.894]
global_step=1381999, episodic_return=[6253.5376]
global_step=1382999, episodic_return=[11798.014]
global_step=1383999, episodic_return=[11539.9375]
global_step=1384999, episodic_return=[11588.974]
global_step=1385999, episodic_return=[11767.62]
global_step=1386999, episodic_return=[11394.806]
global_step=1387999, episodic_return=[11644.155]
global_step=1388999, episodic_return=[11272.024]
global_step=1389999, episodic_return=[11712.253]
global_step=1390999, episodic_return=[11782.544]
global_step=1391999, episodic_return=[11547.844]
global_step=1392999, episodic_return=[11717.597]
global_step=1393999, episodic_return=[11760.288]
global_step=1394999, episodic_return=[11411.48]
global_step=1395999, episodic_return=[11420.46]
global_step=1396999, episodic_return=[11639.286]
global_step=1397999, episodic_return=[11558.185]
global_step=1398999, episodic_return=[11174.765]
global_step=1399999, episodic_return=[4413.213]
global_step=1400999, episodic_return=[11627.765]
global_step=1401999, episodic_return=[11580.341]
global_step=1402999, episodic_return=[11384.323]
global_step=1403999, episodic_return=[11617.508]
global_step=1404999, episodic_return=[11513.501]
global_step=1405999, episodic_return=[11638.286]
global_step=1406999, episodic_return=[11580.98]
global_step=1407999, episodic_return=[4611.252]
global_step=1408999, episodic_return=[11569.65]
global_step=1409999, episodic_return=[11687.257]
global_step=1410999, episodic_return=[11576.642]
global_step=1411999, episodic_return=[11785.593]
global_step=1412999, episodic_return=[11716.819]
global_step=1413999, episodic_return=[11409.839]
global_step=1414999, episodic_return=[11389.506]
global_step=1415999, episodic_return=[11933.166]
global_step=1416999, episodic_return=[11718.641]
global_step=1417999, episodic_return=[11542.129]
global_step=1418999, episodic_return=[11511.196]
global_step=1419999, episodic_return=[11716.51]
global_step=1420999, episodic_return=[11552.175]
global_step=1421999, episodic_return=[11226.8955]
global_step=1422999, episodic_return=[11468.696]
global_step=1423999, episodic_return=[11462.585]
global_step=1424999, episodic_return=[11667.904]
global_step=1425999, episodic_return=[11684.357]
global_step=1426999, episodic_return=[11412.839]
global_step=1427999, episodic_return=[11679.287]
global_step=1428999, episodic_return=[11530.131]
global_step=1429999, episodic_return=[11624.742]
global_step=1430999, episodic_return=[11682.767]
global_step=1431999, episodic_return=[11222.805]
global_step=1432999, episodic_return=[4788.6597]
global_step=1433999, episodic_return=[11182.548]
global_step=1434999, episodic_return=[11656.482]
global_step=1435999, episodic_return=[11784.168]
global_step=1436999, episodic_return=[11324.801]
global_step=1437999, episodic_return=[11488.099]
global_step=1438999, episodic_return=[11467.493]
global_step=1439999, episodic_return=[11594.176]
global_step=1440999, episodic_return=[11111.766]
global_step=1441999, episodic_return=[11734.838]
global_step=1442999, episodic_return=[7601.3315]
global_step=1443999, episodic_return=[11088.328]
global_step=1444999, episodic_return=[11235.568]
global_step=1445999, episodic_return=[11461.357]
global_step=1446999, episodic_return=[8850.755]
global_step=1447999, episodic_return=[10825.585]
global_step=1448999, episodic_return=[11706.064]
global_step=1449999, episodic_return=[11284.444]
global_step=1450999, episodic_return=[11576.103]
global_step=1451999, episodic_return=[11210.349]
global_step=1452999, episodic_return=[11604.603]
global_step=1453999, episodic_return=[11392.12]
global_step=1454999, episodic_return=[11720.186]
global_step=1455999, episodic_return=[11557.912]
global_step=1456999, episodic_return=[11653.763]
global_step=1457999, episodic_return=[11503.095]
global_step=1458999, episodic_return=[11445.529]
global_step=1459999, episodic_return=[11657.483]
global_step=1460999, episodic_return=[11664.011]
global_step=1461999, episodic_return=[11811.229]
global_step=1462999, episodic_return=[11582.887]
global_step=1463999, episodic_return=[11337.378]
global_step=1464999, episodic_return=[11643.761]
global_step=1465999, episodic_return=[11349.373]
global_step=1466999, episodic_return=[11792.365]
global_step=1467999, episodic_return=[11499.185]
global_step=1468999, episodic_return=[11626.094]
global_step=1469999, episodic_return=[11567.669]
global_step=1470999, episodic_return=[11432.999]
global_step=1471999, episodic_return=[11479.729]
global_step=1472999, episodic_return=[11478.438]
global_step=1473999, episodic_return=[11328.553]
global_step=1474999, episodic_return=[11613.628]
global_step=1475999, episodic_return=[11425.496]
global_step=1476999, episodic_return=[11596.174]
global_step=1477999, episodic_return=[11254.715]
global_step=1478999, episodic_return=[11637.254]
global_step=1479999, episodic_return=[11428.415]
global_step=1480999, episodic_return=[11158.795]
global_step=1481999, episodic_return=[11538.284]
global_step=1482999, episodic_return=[11468.332]
global_step=1483999, episodic_return=[11664.668]
global_step=1484999, episodic_return=[11608.639]
global_step=1485999, episodic_return=[11439.947]
global_step=1486999, episodic_return=[11661.631]
global_step=1487999, episodic_return=[11141.016]
global_step=1488999, episodic_return=[4685.2935]
global_step=1489999, episodic_return=[11510.514]
global_step=1490999, episodic_return=[11645.571]
global_step=1491999, episodic_return=[11556.744]
global_step=1492999, episodic_return=[11632.924]
global_step=1493999, episodic_return=[11599.297]
global_step=1494999, episodic_return=[11762.204]
global_step=1495999, episodic_return=[11898.735]
global_step=1496999, episodic_return=[11541.648]
global_step=1497999, episodic_return=[11548.26]
global_step=1498999, episodic_return=[11532.324]
global_step=1499999, episodic_return=[11850.842]