
True
/tmp/env/lib/python3.8/site-packages/gymnasium/utils/passive_env_checker.py:135: UserWarning: [33mWARN: The obs returned by the `reset()` method was expecting numpy array dtype to be <class 'numpy.float32'>, actual type: float64
  logger.warn(
/tmp/env/lib/python3.8/site-packages/gymnasium/utils/passive_env_checker.py:159: UserWarning: [33mWARN: The obs returned by the `reset()` method is not within the observation space.
  logger.warn(f"{pre} is not within the observation space.")
/tmp/env/lib/python3.8/site-packages/gymnasium/utils/passive_env_checker.py:135: UserWarning: [33mWARN: The obs returned by the `step()` method was expecting numpy array dtype to be <class 'numpy.float32'>, actual type: float64
  logger.warn(
/tmp/env/lib/python3.8/site-packages/gymnasium/utils/passive_env_checker.py:159: UserWarning: [33mWARN: The obs returned by the `step()` method is not within the observation space.
  logger.warn(f"{pre} is not within the observation space.")
global_step=999, episodic_return=[34315.75]
global_step=1999, episodic_return=[34734.188]
global_step=2999, episodic_return=[35468.992]
global_step=3999, episodic_return=[31861.246]
global_step=4999, episodic_return=[30415.133]
wandb: WARNING Step cannot be set when using syncing with tensorboard. Please log your step values as a metric such as 'global_step'
global_step=5999, episodic_return=[30918.115]
global_step=6999, episodic_return=[60980.71]
global_step=7999, episodic_return=[80766.88]
global_step=8999, episodic_return=[85695.68]
global_step=9999, episodic_return=[77050.15]
global_step=10999, episodic_return=[88815.516]
global_step=11999, episodic_return=[90115.66]
global_step=12999, episodic_return=[91037.74]
global_step=13999, episodic_return=[82091.8]
global_step=14999, episodic_return=[119590.76]
global_step=15999, episodic_return=[132191.23]
global_step=16999, episodic_return=[132592.61]
global_step=17999, episodic_return=[78482.414]
global_step=18999, episodic_return=[90816.31]
global_step=19999, episodic_return=[132224.23]
global_step=20999, episodic_return=[119583.195]
global_step=21999, episodic_return=[110175.16]
global_step=22999, episodic_return=[128611.06]
global_step=23999, episodic_return=[133954.14]
global_step=24999, episodic_return=[137596.69]
global_step=25999, episodic_return=[130906.75]
global_step=26999, episodic_return=[54118.207]
global_step=27999, episodic_return=[123449.56]
global_step=28999, episodic_return=[66201.5]
global_step=29999, episodic_return=[111045.]
global_step=30999, episodic_return=[128024.12]
global_step=31999, episodic_return=[135547.94]
global_step=32999, episodic_return=[131518.22]
global_step=33999, episodic_return=[132826.86]
global_step=34999, episodic_return=[126751.67]
global_step=35999, episodic_return=[136032.77]
global_step=36999, episodic_return=[136437.17]
global_step=37999, episodic_return=[131118.55]
global_step=38999, episodic_return=[137671.84]
global_step=39999, episodic_return=[77665.375]
global_step=40999, episodic_return=[94545.55]
global_step=41999, episodic_return=[71396.64]
global_step=42999, episodic_return=[58505.3]
global_step=43999, episodic_return=[132138.88]
global_step=44999, episodic_return=[137311.34]
global_step=45999, episodic_return=[135313.94]
global_step=46999, episodic_return=[134298.28]
global_step=47999, episodic_return=[135176.02]
global_step=48999, episodic_return=[138491.55]
global_step=49999, episodic_return=[136116.55]
global_step=50999, episodic_return=[136929.14]
global_step=51999, episodic_return=[138935.38]
global_step=52999, episodic_return=[134737.02]
global_step=53999, episodic_return=[102896.266]
global_step=54999, episodic_return=[139376.62]
global_step=55999, episodic_return=[138063.12]
global_step=56999, episodic_return=[133315.69]
global_step=57999, episodic_return=[137150.69]
global_step=58999, episodic_return=[141854.02]
global_step=59999, episodic_return=[138160.25]
global_step=60999, episodic_return=[139518.17]
global_step=61999, episodic_return=[140165.23]
global_step=62999, episodic_return=[139963.19]
global_step=63999, episodic_return=[142050.16]
global_step=64999, episodic_return=[142195.92]
global_step=65999, episodic_return=[140540.11]
global_step=66999, episodic_return=[142520.77]
global_step=67999, episodic_return=[141769.12]
global_step=68999, episodic_return=[98607.05]
global_step=69999, episodic_return=[141363.]
global_step=70999, episodic_return=[140677.66]
global_step=71999, episodic_return=[142749.97]
global_step=72999, episodic_return=[142445.2]
global_step=73999, episodic_return=[136473.19]
global_step=74999, episodic_return=[143858.77]
global_step=75999, episodic_return=[143651.58]
global_step=76999, episodic_return=[143967.67]
global_step=77999, episodic_return=[103567.125]
global_step=78999, episodic_return=[136811.8]
global_step=79999, episodic_return=[127577.6]
global_step=80999, episodic_return=[144352.78]
global_step=81999, episodic_return=[144968.77]
global_step=82999, episodic_return=[144607.47]
global_step=83999, episodic_return=[145487.28]
global_step=84999, episodic_return=[145171.17]
global_step=85999, episodic_return=[144999.3]
global_step=86999, episodic_return=[144805.92]
global_step=87999, episodic_return=[144901.64]
global_step=88999, episodic_return=[145097.39]
global_step=89999, episodic_return=[145213.62]
global_step=90999, episodic_return=[145262.27]
global_step=91999, episodic_return=[145163.2]
global_step=92999, episodic_return=[145589.72]
global_step=93999, episodic_return=[144872.23]
global_step=94999, episodic_return=[145097.83]
global_step=95999, episodic_return=[144991.45]
global_step=96999, episodic_return=[144736.17]
global_step=97999, episodic_return=[144546.27]
global_step=98999, episodic_return=[145138.16]
global_step=99999, episodic_return=[145059.2]
global_step=100999, episodic_return=[145007.56]
global_step=101999, episodic_return=[145100.95]
global_step=102999, episodic_return=[144738.27]
global_step=103999, episodic_return=[144859.5]
global_step=104999, episodic_return=[144906.14]
global_step=105999, episodic_return=[144942.06]
global_step=106999, episodic_return=[144684.27]
global_step=107999, episodic_return=[145005.9]
global_step=108999, episodic_return=[144348.02]
global_step=109999, episodic_return=[145158.77]
global_step=110999, episodic_return=[144770.53]
global_step=111999, episodic_return=[144559.52]
global_step=112999, episodic_return=[144502.39]
global_step=113999, episodic_return=[144730.42]
global_step=114999, episodic_return=[145141.38]
global_step=115999, episodic_return=[145001.86]
global_step=116999, episodic_return=[140132.08]
global_step=117999, episodic_return=[144800.28]
global_step=118999, episodic_return=[145055.14]
global_step=119999, episodic_return=[144747.94]
global_step=120999, episodic_return=[102730.2]
global_step=121999, episodic_return=[145279.12]
global_step=122999, episodic_return=[145172.7]
global_step=123999, episodic_return=[145330.86]
global_step=124999, episodic_return=[144364.8]
global_step=125999, episodic_return=[144737.94]
global_step=126999, episodic_return=[145261.86]
global_step=127999, episodic_return=[145372.81]
global_step=128999, episodic_return=[145184.78]
global_step=129999, episodic_return=[145322.67]
global_step=130999, episodic_return=[145250.06]
global_step=131999, episodic_return=[145627.69]
global_step=132999, episodic_return=[145570.05]
global_step=133999, episodic_return=[145134.7]
global_step=134999, episodic_return=[144805.2]
global_step=135999, episodic_return=[144191.86]
global_step=136999, episodic_return=[145548.73]
global_step=137999, episodic_return=[145691.16]
global_step=138999, episodic_return=[145397.98]
global_step=139999, episodic_return=[145144.56]
global_step=140999, episodic_return=[145325.86]
global_step=141999, episodic_return=[145375.58]
global_step=142999, episodic_return=[144744.88]
global_step=143999, episodic_return=[145599.78]
global_step=144999, episodic_return=[145301.75]
global_step=145999, episodic_return=[144583.44]
global_step=146999, episodic_return=[144851.28]
global_step=147999, episodic_return=[145264.33]
global_step=148999, episodic_return=[144639.94]
global_step=149999, episodic_return=[143579.05]
global_step=150999, episodic_return=[143011.56]
global_step=151999, episodic_return=[145286.08]
global_step=152999, episodic_return=[144324.27]
global_step=153999, episodic_return=[144335.36]
global_step=154999, episodic_return=[145058.28]
global_step=155999, episodic_return=[143996.48]
global_step=156999, episodic_return=[145576.02]
global_step=157999, episodic_return=[144980.25]
global_step=158999, episodic_return=[145658.9]
global_step=159999, episodic_return=[145135.73]
global_step=160999, episodic_return=[145665.6]
global_step=161999, episodic_return=[145435.98]
global_step=162999, episodic_return=[145170.9]
global_step=163999, episodic_return=[146761.92]
global_step=164999, episodic_return=[145012.45]
global_step=165999, episodic_return=[144998.28]
global_step=166999, episodic_return=[145713.05]
global_step=167999, episodic_return=[145361.83]
global_step=168999, episodic_return=[145754.89]
global_step=169999, episodic_return=[145093.77]
global_step=170999, episodic_return=[146205.39]
global_step=171999, episodic_return=[145041.08]
global_step=172999, episodic_return=[145331.97]
global_step=173999, episodic_return=[145221.92]
global_step=174999, episodic_return=[145583.8]
global_step=175999, episodic_return=[145821.98]
global_step=176999, episodic_return=[144886.94]
global_step=177999, episodic_return=[144840.5]
global_step=178999, episodic_return=[145013.2]
global_step=179999, episodic_return=[145231.89]
global_step=180999, episodic_return=[145866.52]
global_step=181999, episodic_return=[146120.72]
global_step=182999, episodic_return=[144996.72]
global_step=183999, episodic_return=[145693.7]
global_step=184999, episodic_return=[145199.97]
global_step=185999, episodic_return=[144539.38]
global_step=186999, episodic_return=[146106.3]
global_step=187999, episodic_return=[145751.]
global_step=188999, episodic_return=[134705.12]
global_step=189999, episodic_return=[145085.58]
global_step=190999, episodic_return=[145951.16]
global_step=191999, episodic_return=[144977.34]
global_step=192999, episodic_return=[145512.81]
global_step=193999, episodic_return=[145291.45]
global_step=194999, episodic_return=[145376.8]
global_step=195999, episodic_return=[144893.7]
global_step=196999, episodic_return=[145907.75]
global_step=197999, episodic_return=[146731.39]
global_step=198999, episodic_return=[145401.39]
global_step=199999, episodic_return=[145667.92]
global_step=200999, episodic_return=[145992.98]
global_step=201999, episodic_return=[145977.06]
global_step=202999, episodic_return=[146088.25]
global_step=203999, episodic_return=[144748.67]
global_step=204999, episodic_return=[145803.97]
global_step=205999, episodic_return=[145451.66]
global_step=206999, episodic_return=[145246.72]
global_step=207999, episodic_return=[144922.44]
global_step=208999, episodic_return=[145386.94]
global_step=209999, episodic_return=[145960.12]
global_step=210999, episodic_return=[145327.22]
global_step=211999, episodic_return=[146953.89]
global_step=212999, episodic_return=[144618.11]
global_step=213999, episodic_return=[145223.69]
global_step=214999, episodic_return=[145620.72]
global_step=215999, episodic_return=[144928.1]
global_step=216999, episodic_return=[145719.92]
global_step=217999, episodic_return=[146640.48]
global_step=218999, episodic_return=[146382.34]
global_step=219999, episodic_return=[145696.52]
global_step=220999, episodic_return=[145499.56]
global_step=221999, episodic_return=[145704.42]
global_step=222999, episodic_return=[145939.12]
global_step=223999, episodic_return=[145811.3]
global_step=224999, episodic_return=[146265.14]
global_step=225999, episodic_return=[145484.4]
global_step=226999, episodic_return=[147009.92]
global_step=227999, episodic_return=[146232.2]
global_step=228999, episodic_return=[145957.97]
global_step=229999, episodic_return=[147108.78]
global_step=230999, episodic_return=[145932.56]
global_step=231999, episodic_return=[145508.33]
global_step=232999, episodic_return=[144992.61]
global_step=233999, episodic_return=[145646.77]
global_step=234999, episodic_return=[146845.27]
global_step=235999, episodic_return=[146447.42]
global_step=236999, episodic_return=[146705.33]
global_step=237999, episodic_return=[146575.52]
global_step=238999, episodic_return=[146627.78]
global_step=239999, episodic_return=[146275.16]
global_step=240999, episodic_return=[146628.28]
global_step=241999, episodic_return=[147878.94]
global_step=242999, episodic_return=[146301.61]
global_step=243999, episodic_return=[146507.34]
global_step=244999, episodic_return=[146207.8]
global_step=245999, episodic_return=[146742.61]
global_step=246999, episodic_return=[147145.1]
global_step=247999, episodic_return=[147071.94]
global_step=248999, episodic_return=[146481.83]
global_step=249999, episodic_return=[145406.45]
global_step=250999, episodic_return=[144091.06]
global_step=251999, episodic_return=[146185.1]
global_step=252999, episodic_return=[146882.17]
global_step=253999, episodic_return=[145898.72]
global_step=254999, episodic_return=[146129.84]
global_step=255999, episodic_return=[146375.9]
global_step=256999, episodic_return=[146283.73]
global_step=257999, episodic_return=[147690.4]
global_step=258999, episodic_return=[146728.8]
global_step=259999, episodic_return=[146546.48]
global_step=260999, episodic_return=[146010.42]
global_step=261999, episodic_return=[145396.47]
global_step=262999, episodic_return=[146328.06]
global_step=263999, episodic_return=[146866.94]
global_step=264999, episodic_return=[146469.77]
global_step=265999, episodic_return=[145845.7]
global_step=266999, episodic_return=[148160.52]
global_step=267999, episodic_return=[147231.7]
global_step=268999, episodic_return=[146259.64]
global_step=269999, episodic_return=[146094.73]
global_step=270999, episodic_return=[146260.98]
global_step=271999, episodic_return=[146978.62]
global_step=272999, episodic_return=[146052.62]
global_step=273999, episodic_return=[148011.28]
global_step=274999, episodic_return=[147113.44]
global_step=275999, episodic_return=[146780.64]
global_step=276999, episodic_return=[146238.67]
global_step=277999, episodic_return=[147689.16]
global_step=278999, episodic_return=[145660.62]
global_step=279999, episodic_return=[145981.2]
global_step=280999, episodic_return=[145926.47]
global_step=281999, episodic_return=[146883.23]
global_step=282999, episodic_return=[139948.2]
global_step=283999, episodic_return=[147223.58]
global_step=284999, episodic_return=[147078.12]
global_step=285999, episodic_return=[146352.97]
global_step=286999, episodic_return=[146791.56]
global_step=287999, episodic_return=[147213.4]
global_step=288999, episodic_return=[145778.98]
global_step=289999, episodic_return=[147426.38]
global_step=290999, episodic_return=[148243.88]
global_step=291999, episodic_return=[146725.69]
global_step=292999, episodic_return=[147375.12]
global_step=293999, episodic_return=[147514.84]
global_step=294999, episodic_return=[145679.89]
global_step=295999, episodic_return=[145885.98]
global_step=296999, episodic_return=[147062.31]
global_step=297999, episodic_return=[146921.72]
global_step=298999, episodic_return=[148036.98]
global_step=299999, episodic_return=[146734.8]
global_step=300999, episodic_return=[121988.336]
global_step=301999, episodic_return=[147483.97]
global_step=302999, episodic_return=[146880.73]
global_step=303999, episodic_return=[148094.69]
global_step=304999, episodic_return=[146700.39]
global_step=305999, episodic_return=[138528.19]
global_step=306999, episodic_return=[148418.11]
global_step=307999, episodic_return=[147482.75]
global_step=308999, episodic_return=[147737.42]
global_step=309999, episodic_return=[147944.66]
global_step=310999, episodic_return=[135522.12]
global_step=311999, episodic_return=[147858.42]
global_step=312999, episodic_return=[132185.8]
global_step=313999, episodic_return=[149095.98]
global_step=314999, episodic_return=[147204.8]
global_step=315999, episodic_return=[149427.22]
global_step=316999, episodic_return=[148820.42]
global_step=317999, episodic_return=[148218.6]
global_step=318999, episodic_return=[148831.73]
global_step=319999, episodic_return=[148581.5]
global_step=320999, episodic_return=[146782.25]
global_step=321999, episodic_return=[147252.6]
global_step=322999, episodic_return=[148997.81]
global_step=323999, episodic_return=[145888.45]
global_step=324999, episodic_return=[148832.3]
global_step=325999, episodic_return=[148912.17]
global_step=326999, episodic_return=[148063.9]
global_step=327999, episodic_return=[148274.75]
global_step=328999, episodic_return=[149885.38]
global_step=329999, episodic_return=[147977.39]
global_step=330999, episodic_return=[148880.62]
global_step=331999, episodic_return=[149470.66]
global_step=332999, episodic_return=[148595.95]
global_step=333999, episodic_return=[149951.03]
global_step=334999, episodic_return=[146494.22]
global_step=335999, episodic_return=[150731.25]
global_step=336999, episodic_return=[149561.78]
global_step=337999, episodic_return=[148530.14]
global_step=338999, episodic_return=[147918.88]
global_step=339999, episodic_return=[147534.27]
global_step=340999, episodic_return=[147319.62]
global_step=341999, episodic_return=[148782.33]
global_step=342999, episodic_return=[149571.61]
global_step=343999, episodic_return=[143811.8]
global_step=344999, episodic_return=[148778.06]
global_step=345999, episodic_return=[149127.67]
global_step=346999, episodic_return=[150558.47]
global_step=347999, episodic_return=[149283.6]
global_step=348999, episodic_return=[147781.89]
global_step=349999, episodic_return=[149368.8]
global_step=350999, episodic_return=[149535.36]
global_step=351999, episodic_return=[149715.6]
global_step=352999, episodic_return=[68101.23]
global_step=353999, episodic_return=[147444.17]
global_step=354999, episodic_return=[67479.266]
global_step=355999, episodic_return=[151971.34]
global_step=356999, episodic_return=[134542.11]
global_step=357999, episodic_return=[148497.38]
global_step=358999, episodic_return=[150991.2]
global_step=359999, episodic_return=[140539.33]
global_step=360999, episodic_return=[139100.27]
global_step=361999, episodic_return=[150633.77]
global_step=362999, episodic_return=[149863.39]
global_step=363999, episodic_return=[62320.598]
global_step=364999, episodic_return=[149253.53]
global_step=365999, episodic_return=[151358.81]
global_step=366999, episodic_return=[151409.25]
global_step=367999, episodic_return=[149394.9]
global_step=368999, episodic_return=[149911.81]
global_step=369999, episodic_return=[151614.73]
global_step=370999, episodic_return=[71988.055]
global_step=371999, episodic_return=[151866.11]
global_step=372999, episodic_return=[76594.12]
global_step=373999, episodic_return=[152556.14]
global_step=374999, episodic_return=[149625.6]
global_step=375999, episodic_return=[149186.31]
global_step=376999, episodic_return=[73022.87]
global_step=377999, episodic_return=[150405.42]
global_step=378999, episodic_return=[149267.77]
global_step=379999, episodic_return=[61873.35]
global_step=380999, episodic_return=[150738.34]
global_step=381999, episodic_return=[150590.39]
global_step=382999, episodic_return=[140402.03]
global_step=383999, episodic_return=[120092.766]
global_step=384999, episodic_return=[134217.22]
global_step=385999, episodic_return=[75170.52]
global_step=386999, episodic_return=[119029.164]
global_step=387999, episodic_return=[150178.86]
global_step=388999, episodic_return=[150458.11]
global_step=389999, episodic_return=[151002.06]
global_step=390999, episodic_return=[145959.08]
global_step=391999, episodic_return=[149716.56]
global_step=392999, episodic_return=[149414.08]
global_step=393999, episodic_return=[99980.305]
global_step=394999, episodic_return=[149365.5]
global_step=395999, episodic_return=[148439.2]
global_step=396999, episodic_return=[148665.06]
global_step=397999, episodic_return=[144783.4]
global_step=398999, episodic_return=[150140.38]
global_step=399999, episodic_return=[147496.88]
global_step=400999, episodic_return=[149223.39]
global_step=401999, episodic_return=[149145.4]
global_step=402999, episodic_return=[145849.88]
global_step=403999, episodic_return=[149642.11]
global_step=404999, episodic_return=[146127.16]
global_step=405999, episodic_return=[146951.64]
global_step=406999, episodic_return=[146794.72]
global_step=407999, episodic_return=[147888.6]
global_step=408999, episodic_return=[138888.05]
global_step=409999, episodic_return=[148408.34]
global_step=410999, episodic_return=[147163.48]
global_step=411999, episodic_return=[147122.31]
global_step=412999, episodic_return=[147719.86]
global_step=413999, episodic_return=[147371.02]
global_step=414999, episodic_return=[148963.38]
global_step=415999, episodic_return=[146942.92]
global_step=416999, episodic_return=[146293.47]
global_step=417999, episodic_return=[148321.6]
global_step=418999, episodic_return=[147344.19]
global_step=419999, episodic_return=[142985.12]
global_step=420999, episodic_return=[148930.53]
global_step=421999, episodic_return=[148781.02]
global_step=422999, episodic_return=[149856.23]
global_step=423999, episodic_return=[149078.31]
global_step=424999, episodic_return=[149175.53]
global_step=425999, episodic_return=[148294.]
global_step=426999, episodic_return=[149190.84]
global_step=427999, episodic_return=[148741.33]
global_step=428999, episodic_return=[143759.45]
global_step=429999, episodic_return=[149837.88]
global_step=430999, episodic_return=[148691.9]
global_step=431999, episodic_return=[148637.36]
global_step=432999, episodic_return=[142616.67]
global_step=433999, episodic_return=[146716.17]
global_step=434999, episodic_return=[148455.45]
global_step=435999, episodic_return=[149475.92]
global_step=436999, episodic_return=[150540.62]
global_step=437999, episodic_return=[148256.98]
global_step=438999, episodic_return=[151153.61]
global_step=439999, episodic_return=[150978.14]
global_step=440999, episodic_return=[152689.6]
global_step=441999, episodic_return=[151829.84]
global_step=442999, episodic_return=[106620.34]
global_step=443999, episodic_return=[152123.66]
global_step=444999, episodic_return=[151445.12]
global_step=445999, episodic_return=[152608.6]
global_step=446999, episodic_return=[152173.23]
global_step=447999, episodic_return=[143577.11]
global_step=448999, episodic_return=[152888.9]
global_step=449999, episodic_return=[149600.92]
global_step=450999, episodic_return=[151328.1]
global_step=451999, episodic_return=[151137.11]
global_step=452999, episodic_return=[149584.39]
global_step=453999, episodic_return=[151736.61]
global_step=454999, episodic_return=[152814.34]
global_step=455999, episodic_return=[151095.25]
global_step=456999, episodic_return=[151041.06]
global_step=457999, episodic_return=[151666.34]
global_step=458999, episodic_return=[149716.47]
global_step=459999, episodic_return=[152230.7]
global_step=460999, episodic_return=[153116.47]
global_step=461999, episodic_return=[151694.19]
global_step=462999, episodic_return=[153362.7]
global_step=463999, episodic_return=[150961.72]
global_step=464999, episodic_return=[150543.36]
global_step=465999, episodic_return=[152357.89]
global_step=466999, episodic_return=[150586.52]
global_step=467999, episodic_return=[150464.5]
global_step=468999, episodic_return=[151549.11]
global_step=469999, episodic_return=[152628.1]
global_step=470999, episodic_return=[153349.17]
global_step=471999, episodic_return=[151560.25]
global_step=472999, episodic_return=[152267.23]
global_step=473999, episodic_return=[152947.12]
global_step=474999, episodic_return=[151083.97]
global_step=475999, episodic_return=[150420.38]
global_step=476999, episodic_return=[151747.47]
global_step=477999, episodic_return=[151502.27]
global_step=478999, episodic_return=[151066.34]
global_step=479999, episodic_return=[152643.31]
global_step=480999, episodic_return=[152478.1]
global_step=481999, episodic_return=[150210.97]
global_step=482999, episodic_return=[151367.77]
global_step=483999, episodic_return=[152631.31]
global_step=484999, episodic_return=[153976.67]
global_step=485999, episodic_return=[153006.8]
global_step=486999, episodic_return=[152535.]
global_step=487999, episodic_return=[150728.75]
global_step=488999, episodic_return=[152285.97]
global_step=489999, episodic_return=[153696.7]
global_step=490999, episodic_return=[154157.1]
global_step=491999, episodic_return=[152899.25]
global_step=492999, episodic_return=[152118.81]
global_step=493999, episodic_return=[151837.28]
global_step=494999, episodic_return=[151107.16]
global_step=495999, episodic_return=[152936.1]
global_step=496999, episodic_return=[152418.5]
global_step=497999, episodic_return=[152753.64]
global_step=498999, episodic_return=[153588.02]
global_step=499999, episodic_return=[152099.78]
global_step=500999, episodic_return=[153058.23]
global_step=501999, episodic_return=[151560.77]
global_step=502999, episodic_return=[153111.98]
global_step=503999, episodic_return=[152916.67]
global_step=504999, episodic_return=[153662.64]
global_step=505999, episodic_return=[152363.9]
global_step=506999, episodic_return=[152507.12]
global_step=507999, episodic_return=[153755.38]
global_step=508999, episodic_return=[152399.06]
global_step=509999, episodic_return=[154522.39]
global_step=510999, episodic_return=[152204.44]
global_step=511999, episodic_return=[154242.4]
global_step=512999, episodic_return=[153138.67]
global_step=513999, episodic_return=[151386.7]
global_step=514999, episodic_return=[153433.98]
global_step=515999, episodic_return=[152609.92]
global_step=516999, episodic_return=[152780.69]
global_step=517999, episodic_return=[153713.66]
global_step=518999, episodic_return=[152623.5]
global_step=519999, episodic_return=[152171.95]
global_step=520999, episodic_return=[154239.33]
global_step=521999, episodic_return=[151919.23]
global_step=522999, episodic_return=[154049.4]
global_step=523999, episodic_return=[153241.81]
global_step=524999, episodic_return=[153039.84]
global_step=525999, episodic_return=[154300.38]
global_step=526999, episodic_return=[152723.33]
global_step=527999, episodic_return=[153488.81]
global_step=528999, episodic_return=[152038.73]
global_step=529999, episodic_return=[151990.19]
global_step=530999, episodic_return=[151091.08]
global_step=531999, episodic_return=[152194.89]
global_step=532999, episodic_return=[151483.36]
global_step=533999, episodic_return=[152277.53]
global_step=534999, episodic_return=[153603.36]
global_step=535999, episodic_return=[152443.98]
global_step=536999, episodic_return=[152613.38]
global_step=537999, episodic_return=[152933.67]
global_step=538999, episodic_return=[151482.31]
global_step=539999, episodic_return=[152995.39]
global_step=540999, episodic_return=[152968.05]
global_step=541999, episodic_return=[153318.6]
global_step=542999, episodic_return=[152925.9]
global_step=543999, episodic_return=[151320.2]
global_step=544999, episodic_return=[152701.78]
global_step=545999, episodic_return=[154765.83]
global_step=546999, episodic_return=[153399.98]
global_step=547999, episodic_return=[153217.88]
global_step=548999, episodic_return=[152244.58]
global_step=549999, episodic_return=[151776.45]
global_step=550999, episodic_return=[151660.7]
global_step=551999, episodic_return=[152459.22]
global_step=552999, episodic_return=[153324.62]
global_step=553999, episodic_return=[152993.3]
global_step=554999, episodic_return=[153011.52]
global_step=555999, episodic_return=[152681.39]
global_step=556999, episodic_return=[152189.27]
global_step=557999, episodic_return=[152070.73]
global_step=558999, episodic_return=[151323.97]
global_step=559999, episodic_return=[154299.14]
global_step=560999, episodic_return=[152212.98]
global_step=561999, episodic_return=[153436.08]
global_step=562999, episodic_return=[153590.16]
global_step=563999, episodic_return=[153505.27]
global_step=564999, episodic_return=[152861.92]
global_step=565999, episodic_return=[152663.53]
global_step=566999, episodic_return=[152244.95]
global_step=567999, episodic_return=[152121.39]
global_step=568999, episodic_return=[153286.19]
global_step=569999, episodic_return=[152555.4]
global_step=570999, episodic_return=[154096.47]
global_step=571999, episodic_return=[152093.89]
global_step=572999, episodic_return=[152398.73]
global_step=573999, episodic_return=[153149.4]
global_step=574999, episodic_return=[153014.16]
global_step=575999, episodic_return=[153361.98]
global_step=576999, episodic_return=[152117.06]
global_step=577999, episodic_return=[152784.52]
global_step=578999, episodic_return=[153137.75]
global_step=579999, episodic_return=[154023.58]
global_step=580999, episodic_return=[152438.95]
global_step=581999, episodic_return=[152153.83]
global_step=582999, episodic_return=[151083.42]
global_step=583999, episodic_return=[151288.39]
global_step=584999, episodic_return=[153163.44]
global_step=585999, episodic_return=[150805.14]
global_step=586999, episodic_return=[153881.42]
global_step=587999, episodic_return=[152701.44]
global_step=588999, episodic_return=[151794.88]
global_step=589999, episodic_return=[152967.23]
global_step=590999, episodic_return=[151312.89]
global_step=591999, episodic_return=[153328.78]
global_step=592999, episodic_return=[151804.98]
global_step=593999, episodic_return=[152543.98]
global_step=594999, episodic_return=[151819.8]
global_step=595999, episodic_return=[152598.16]
global_step=596999, episodic_return=[153579.45]
global_step=597999, episodic_return=[153198.78]
global_step=598999, episodic_return=[140663.44]
global_step=599999, episodic_return=[154156.73]
global_step=600999, episodic_return=[153498.22]
global_step=601999, episodic_return=[153841.72]
global_step=602999, episodic_return=[153623.66]
global_step=603999, episodic_return=[152760.73]
global_step=604999, episodic_return=[147177.75]
global_step=605999, episodic_return=[150915.27]
global_step=606999, episodic_return=[152707.42]
global_step=607999, episodic_return=[153937.53]
global_step=608999, episodic_return=[153771.64]
global_step=609999, episodic_return=[154022.61]
global_step=610999, episodic_return=[154685.81]
global_step=611999, episodic_return=[154159.61]
global_step=612999, episodic_return=[153637.25]
global_step=613999, episodic_return=[153586.67]
global_step=614999, episodic_return=[153246.92]
global_step=615999, episodic_return=[153364.36]
global_step=616999, episodic_return=[154312.81]
global_step=617999, episodic_return=[152560.05]
global_step=618999, episodic_return=[153660.73]
global_step=619999, episodic_return=[153009.02]
global_step=620999, episodic_return=[152245.39]
global_step=621999, episodic_return=[152570.47]
global_step=622999, episodic_return=[152131.23]
global_step=623999, episodic_return=[154729.25]
global_step=624999, episodic_return=[154544.47]
global_step=625999, episodic_return=[152373.9]
global_step=626999, episodic_return=[154323.27]
global_step=627999, episodic_return=[153905.89]
global_step=628999, episodic_return=[154238.47]
global_step=629999, episodic_return=[153630.55]
global_step=630999, episodic_return=[153752.2]
global_step=631999, episodic_return=[152262.11]
global_step=632999, episodic_return=[153569.95]
global_step=633999, episodic_return=[153379.86]
global_step=634999, episodic_return=[153070.06]
global_step=635999, episodic_return=[153282.78]
global_step=636999, episodic_return=[154237.53]
global_step=637999, episodic_return=[153234.4]
global_step=638999, episodic_return=[152441.2]
global_step=639999, episodic_return=[151671.61]
global_step=640999, episodic_return=[151981.86]
global_step=641999, episodic_return=[81345.72]
global_step=642999, episodic_return=[152351.94]
global_step=643999, episodic_return=[152095.95]
global_step=644999, episodic_return=[109986.93]
global_step=645999, episodic_return=[152254.69]
global_step=646999, episodic_return=[153754.55]
global_step=647999, episodic_return=[153066.64]
global_step=648999, episodic_return=[152779.72]
global_step=649999, episodic_return=[154117.88]
global_step=650999, episodic_return=[153112.36]
global_step=651999, episodic_return=[153026.4]
global_step=652999, episodic_return=[152804.]
global_step=653999, episodic_return=[151911.16]
global_step=654999, episodic_return=[153219.08]
global_step=655999, episodic_return=[154355.7]
global_step=656999, episodic_return=[153850.53]
global_step=657999, episodic_return=[153440.38]
global_step=658999, episodic_return=[153358.64]
global_step=659999, episodic_return=[153876.56]
global_step=660999, episodic_return=[154112.08]
global_step=661999, episodic_return=[154394.36]
global_step=662999, episodic_return=[154270.33]
global_step=663999, episodic_return=[154446.53]
global_step=664999, episodic_return=[153771.89]
global_step=665999, episodic_return=[153660.27]
global_step=666999, episodic_return=[155341.08]
global_step=667999, episodic_return=[155446.44]
global_step=668999, episodic_return=[153628.23]
global_step=669999, episodic_return=[65302.41]
global_step=670999, episodic_return=[154139.48]
global_step=671999, episodic_return=[152098.73]
global_step=672999, episodic_return=[155396.75]
global_step=673999, episodic_return=[154406.75]
global_step=674999, episodic_return=[155076.86]
global_step=675999, episodic_return=[153774.7]
global_step=676999, episodic_return=[153904.88]
global_step=677999, episodic_return=[154540.53]
global_step=678999, episodic_return=[154061.6]
global_step=679999, episodic_return=[154158.62]
global_step=680999, episodic_return=[154844.53]
global_step=681999, episodic_return=[155066.52]
global_step=682999, episodic_return=[153963.69]
global_step=683999, episodic_return=[154367.4]
global_step=684999, episodic_return=[154562.55]
global_step=685999, episodic_return=[153606.34]
global_step=686999, episodic_return=[152501.62]
global_step=687999, episodic_return=[152958.89]
global_step=688999, episodic_return=[154317.19]
global_step=689999, episodic_return=[154675.75]
global_step=690999, episodic_return=[153997.97]
global_step=691999, episodic_return=[153339.5]
global_step=692999, episodic_return=[85932.]
global_step=693999, episodic_return=[154580.73]
global_step=694999, episodic_return=[154704.45]
global_step=695999, episodic_return=[78471.05]
global_step=696999, episodic_return=[154033.89]
global_step=697999, episodic_return=[129535.58]
global_step=698999, episodic_return=[153985.06]
global_step=699999, episodic_return=[153744.64]
global_step=700999, episodic_return=[153853.86]
global_step=701999, episodic_return=[152724.39]
global_step=702999, episodic_return=[153887.19]
global_step=703999, episodic_return=[153729.58]
global_step=704999, episodic_return=[153704.84]
global_step=705999, episodic_return=[154987.1]
global_step=706999, episodic_return=[152967.62]
global_step=707999, episodic_return=[153622.97]
global_step=708999, episodic_return=[153386.62]
global_step=709999, episodic_return=[152626.27]
global_step=710999, episodic_return=[152628.27]
global_step=711999, episodic_return=[135307.22]
global_step=712999, episodic_return=[154912.3]
global_step=713999, episodic_return=[156451.64]
global_step=714999, episodic_return=[155567.06]
global_step=715999, episodic_return=[153079.75]
global_step=716999, episodic_return=[153869.7]
global_step=717999, episodic_return=[153855.52]
global_step=718999, episodic_return=[153188.4]
global_step=719999, episodic_return=[154829.83]
global_step=720999, episodic_return=[152923.05]
global_step=721999, episodic_return=[153165.73]
global_step=722999, episodic_return=[153365.81]
global_step=723999, episodic_return=[153481.19]
global_step=724999, episodic_return=[154608.92]
global_step=725999, episodic_return=[154307.58]
global_step=726999, episodic_return=[153243.61]
global_step=727999, episodic_return=[154305.28]
global_step=728999, episodic_return=[153272.33]
global_step=729999, episodic_return=[152545.]
global_step=730999, episodic_return=[135169.81]
global_step=731999, episodic_return=[154290.39]
global_step=732999, episodic_return=[152939.92]
global_step=733999, episodic_return=[154394.58]
global_step=734999, episodic_return=[153898.73]
global_step=735999, episodic_return=[153253.52]
global_step=736999, episodic_return=[153864.06]
global_step=737999, episodic_return=[153339.42]
global_step=738999, episodic_return=[155053.45]
global_step=739999, episodic_return=[155585.34]
global_step=740999, episodic_return=[156081.73]
global_step=741999, episodic_return=[153926.55]
global_step=742999, episodic_return=[153444.69]
global_step=743999, episodic_return=[153595.19]
global_step=744999, episodic_return=[154983.28]
global_step=745999, episodic_return=[154418.72]
global_step=746999, episodic_return=[154043.98]
global_step=747999, episodic_return=[153320.73]
global_step=748999, episodic_return=[154563.27]
global_step=749999, episodic_return=[153615.52]
global_step=750999, episodic_return=[154766.14]
global_step=751999, episodic_return=[153159.81]
global_step=752999, episodic_return=[155033.22]
global_step=753999, episodic_return=[154337.97]
global_step=754999, episodic_return=[154003.72]
global_step=755999, episodic_return=[153977.44]
global_step=756999, episodic_return=[154093.16]
global_step=757999, episodic_return=[154198.72]
global_step=758999, episodic_return=[155095.36]
global_step=759999, episodic_return=[153428.86]
global_step=760999, episodic_return=[154350.53]
global_step=761999, episodic_return=[155129.25]
global_step=762999, episodic_return=[153606.39]
global_step=763999, episodic_return=[152142.8]
global_step=764999, episodic_return=[154847.84]
global_step=765999, episodic_return=[151504.1]
global_step=766999, episodic_return=[154500.3]
global_step=767999, episodic_return=[154546.98]
global_step=768999, episodic_return=[154216.44]
global_step=769999, episodic_return=[154082.92]
global_step=770999, episodic_return=[154459.89]
global_step=771999, episodic_return=[154070.86]
global_step=772999, episodic_return=[155233.27]
global_step=773999, episodic_return=[154286.38]
global_step=774999, episodic_return=[155454.33]
global_step=775999, episodic_return=[155721.31]
global_step=776999, episodic_return=[155453.14]
global_step=777999, episodic_return=[155919.45]
global_step=778999, episodic_return=[155884.69]
global_step=779999, episodic_return=[155857.58]
global_step=780999, episodic_return=[155353.78]
global_step=781999, episodic_return=[151210.73]
global_step=782999, episodic_return=[155991.23]
global_step=783999, episodic_return=[155296.69]
global_step=784999, episodic_return=[155182.69]
global_step=785999, episodic_return=[154596.9]
global_step=786999, episodic_return=[155090.95]
global_step=787999, episodic_return=[154253.47]
global_step=788999, episodic_return=[154792.1]
global_step=789999, episodic_return=[155285.77]
global_step=790999, episodic_return=[154712.03]
global_step=791999, episodic_return=[154607.8]
global_step=792999, episodic_return=[154712.1]
global_step=793999, episodic_return=[155464.52]
global_step=794999, episodic_return=[155773.36]
global_step=795999, episodic_return=[153091.14]
global_step=796999, episodic_return=[154663.55]
global_step=797999, episodic_return=[155819.53]
global_step=798999, episodic_return=[155176.45]
global_step=799999, episodic_return=[155199.61]
global_step=800999, episodic_return=[155144.98]
global_step=801999, episodic_return=[155112.48]
global_step=802999, episodic_return=[153902.88]
global_step=803999, episodic_return=[155710.12]
global_step=804999, episodic_return=[156282.55]
global_step=805999, episodic_return=[155423.14]
global_step=806999, episodic_return=[155324.72]
global_step=807999, episodic_return=[156227.17]
global_step=808999, episodic_return=[155628.58]
global_step=809999, episodic_return=[155242.6]
global_step=810999, episodic_return=[155058.16]
global_step=811999, episodic_return=[156273.66]
global_step=812999, episodic_return=[154306.17]
global_step=813999, episodic_return=[154586.75]
global_step=814999, episodic_return=[155655.61]
global_step=815999, episodic_return=[148522.86]
global_step=816999, episodic_return=[156045.52]
global_step=817999, episodic_return=[155880.97]
global_step=818999, episodic_return=[155063.38]
global_step=819999, episodic_return=[155890.33]
global_step=820999, episodic_return=[155287.45]
global_step=821999, episodic_return=[155891.17]
global_step=822999, episodic_return=[156835.23]
global_step=823999, episodic_return=[154101.88]
global_step=824999, episodic_return=[155539.69]
global_step=825999, episodic_return=[155508.9]
global_step=826999, episodic_return=[155964.92]
global_step=827999, episodic_return=[154678.39]
global_step=828999, episodic_return=[157080.25]
global_step=829999, episodic_return=[156121.9]
global_step=830999, episodic_return=[155316.86]
global_step=831999, episodic_return=[155437.7]
global_step=832999, episodic_return=[156068.8]
global_step=833999, episodic_return=[155354.67]
global_step=834999, episodic_return=[154371.55]
global_step=835999, episodic_return=[155848.61]
global_step=836999, episodic_return=[149963.77]
global_step=837999, episodic_return=[155757.98]
global_step=838999, episodic_return=[155128.72]
global_step=839999, episodic_return=[154536.27]
global_step=840999, episodic_return=[155377.97]
global_step=841999, episodic_return=[155776.7]
global_step=842999, episodic_return=[155296.75]
global_step=843999, episodic_return=[155118.48]
global_step=844999, episodic_return=[153649.67]
global_step=845999, episodic_return=[155915.84]
global_step=846999, episodic_return=[156021.8]
global_step=847999, episodic_return=[154867.4]
global_step=848999, episodic_return=[154709.6]
global_step=849999, episodic_return=[154914.25]
global_step=850999, episodic_return=[155372.5]
global_step=851999, episodic_return=[157529.5]
global_step=852999, episodic_return=[156354.17]
global_step=853999, episodic_return=[157171.47]
global_step=854999, episodic_return=[155329.4]
global_step=855999, episodic_return=[156353.25]
global_step=856999, episodic_return=[156006.75]
global_step=857999, episodic_return=[155334.94]
global_step=858999, episodic_return=[155390.12]
global_step=859999, episodic_return=[155506.64]
global_step=860999, episodic_return=[156084.08]
global_step=861999, episodic_return=[155995.3]
global_step=862999, episodic_return=[148105.7]
global_step=863999, episodic_return=[155898.97]
global_step=864999, episodic_return=[155893.3]
global_step=865999, episodic_return=[156725.97]
global_step=866999, episodic_return=[154784.56]
global_step=867999, episodic_return=[154643.14]
global_step=868999, episodic_return=[154552.17]
global_step=869999, episodic_return=[156470.6]
global_step=870999, episodic_return=[156785.39]
global_step=871999, episodic_return=[155784.56]
global_step=872999, episodic_return=[156143.61]
global_step=873999, episodic_return=[154540.4]
global_step=874999, episodic_return=[155724.98]
global_step=875999, episodic_return=[155756.64]
global_step=876999, episodic_return=[155518.48]
global_step=877999, episodic_return=[156410.61]
global_step=878999, episodic_return=[156015.22]
global_step=879999, episodic_return=[156078.17]
global_step=880999, episodic_return=[156476.14]
global_step=881999, episodic_return=[157232.55]
global_step=882999, episodic_return=[156495.66]
global_step=883999, episodic_return=[156112.11]
global_step=884999, episodic_return=[156467.19]
global_step=885999, episodic_return=[156571.25]
global_step=886999, episodic_return=[156246.34]
global_step=887999, episodic_return=[155009.81]
global_step=888999, episodic_return=[156073.34]
global_step=889999, episodic_return=[154085.4]
global_step=890999, episodic_return=[156625.08]
global_step=891999, episodic_return=[156604.38]
global_step=892999, episodic_return=[155539.03]
global_step=893999, episodic_return=[155353.52]
global_step=894999, episodic_return=[156146.73]
global_step=895999, episodic_return=[156546.7]
global_step=896999, episodic_return=[156843.27]
global_step=897999, episodic_return=[156875.11]
global_step=898999, episodic_return=[155706.77]
global_step=899999, episodic_return=[155285.64]
global_step=900999, episodic_return=[155934.33]
global_step=901999, episodic_return=[157812.55]
global_step=902999, episodic_return=[157129.72]
global_step=903999, episodic_return=[156044.03]
global_step=904999, episodic_return=[157655.03]
global_step=905999, episodic_return=[156605.22]
global_step=906999, episodic_return=[157598.77]
global_step=907999, episodic_return=[155187.36]
global_step=908999, episodic_return=[149513.95]
global_step=909999, episodic_return=[156717.6]
global_step=910999, episodic_return=[156888.38]
global_step=911999, episodic_return=[158296.11]
global_step=912999, episodic_return=[155988.6]
global_step=913999, episodic_return=[73486.91]
global_step=914999, episodic_return=[154986.83]
global_step=915999, episodic_return=[157421.89]
global_step=916999, episodic_return=[135127.31]
global_step=917999, episodic_return=[156604.11]
global_step=918999, episodic_return=[157075.89]
global_step=919999, episodic_return=[156854.33]
global_step=920999, episodic_return=[155580.25]
global_step=921999, episodic_return=[157455.86]
global_step=922999, episodic_return=[155554.84]
global_step=923999, episodic_return=[156222.62]
global_step=924999, episodic_return=[155597.78]
global_step=925999, episodic_return=[156509.2]
global_step=926999, episodic_return=[154682.45]
global_step=927999, episodic_return=[155919.56]
global_step=928999, episodic_return=[157378.27]
global_step=929999, episodic_return=[155935.]
global_step=930999, episodic_return=[156168.67]
global_step=931999, episodic_return=[157090.2]
global_step=932999, episodic_return=[154965.34]
global_step=933999, episodic_return=[156065.48]
global_step=934999, episodic_return=[156712.17]
global_step=935999, episodic_return=[156495.08]
global_step=936999, episodic_return=[156947.]
global_step=937999, episodic_return=[156632.72]
global_step=938999, episodic_return=[155712.6]
global_step=939999, episodic_return=[156264.06]
global_step=940999, episodic_return=[155543.66]
global_step=941999, episodic_return=[155737.8]
global_step=942999, episodic_return=[156153.45]
global_step=943999, episodic_return=[156435.98]
global_step=944999, episodic_return=[156407.73]
global_step=945999, episodic_return=[157198.22]
global_step=946999, episodic_return=[156575.64]
global_step=947999, episodic_return=[156569.39]
global_step=948999, episodic_return=[155499.61]
global_step=949999, episodic_return=[154996.39]
global_step=950999, episodic_return=[150837.78]
global_step=951999, episodic_return=[153595.02]
global_step=952999, episodic_return=[156181.58]
global_step=953999, episodic_return=[157096.83]
global_step=954999, episodic_return=[154388.23]
global_step=955999, episodic_return=[156651.47]
global_step=956999, episodic_return=[157114.48]
global_step=957999, episodic_return=[149346.89]
global_step=958999, episodic_return=[156481.72]
global_step=959999, episodic_return=[155665.75]
global_step=960999, episodic_return=[155477.98]
global_step=961999, episodic_return=[152309.1]
global_step=962999, episodic_return=[156708.75]
global_step=963999, episodic_return=[156079.75]
global_step=964999, episodic_return=[155428.11]
global_step=965999, episodic_return=[155968.98]
global_step=966999, episodic_return=[155862.94]
global_step=967999, episodic_return=[156646.92]
global_step=968999, episodic_return=[157035.83]
global_step=969999, episodic_return=[156116.77]
global_step=970999, episodic_return=[147817.94]
global_step=971999, episodic_return=[156949.4]
global_step=972999, episodic_return=[156465.28]
global_step=973999, episodic_return=[154653.75]
global_step=974999, episodic_return=[155956.66]
global_step=975999, episodic_return=[156373.38]
global_step=976999, episodic_return=[157213.05]
global_step=977999, episodic_return=[157127.89]
global_step=978999, episodic_return=[156595.97]
global_step=979999, episodic_return=[155193.42]
global_step=980999, episodic_return=[157090.33]
global_step=981999, episodic_return=[156836.62]
global_step=982999, episodic_return=[153850.7]
global_step=983999, episodic_return=[156458.94]
global_step=984999, episodic_return=[155046.23]
global_step=985999, episodic_return=[156082.4]
global_step=986999, episodic_return=[156345.27]
global_step=987999, episodic_return=[154961.97]
global_step=988999, episodic_return=[155715.23]
global_step=989999, episodic_return=[156574.55]
global_step=990999, episodic_return=[156351.28]
global_step=991999, episodic_return=[156416.53]
global_step=992999, episodic_return=[128897.95]
global_step=993999, episodic_return=[155701.02]
global_step=994999, episodic_return=[157599.94]
global_step=995999, episodic_return=[156456.72]
global_step=996999, episodic_return=[156887.55]
global_step=997999, episodic_return=[156841.06]
global_step=998999, episodic_return=[157537.72]
global_step=999999, episodic_return=[153864.75]
global_step=1000999, episodic_return=[156406.25]
global_step=1001999, episodic_return=[155508.88]
global_step=1002999, episodic_return=[155543.47]
global_step=1003999, episodic_return=[157141.38]
global_step=1004999, episodic_return=[156336.73]
global_step=1005999, episodic_return=[156321.31]
global_step=1006999, episodic_return=[156406.23]
global_step=1007999, episodic_return=[156479.6]
global_step=1008999, episodic_return=[155875.39]
global_step=1009999, episodic_return=[156370.5]
global_step=1010999, episodic_return=[155129.6]
global_step=1011999, episodic_return=[156835.8]
global_step=1012999, episodic_return=[155245.67]
global_step=1013999, episodic_return=[156899.05]
global_step=1014999, episodic_return=[156431.67]
global_step=1015999, episodic_return=[156715.88]
global_step=1016999, episodic_return=[156815.05]
global_step=1017999, episodic_return=[155676.28]
global_step=1018999, episodic_return=[155799.06]
global_step=1019999, episodic_return=[156493.94]
global_step=1020999, episodic_return=[153757.42]
global_step=1021999, episodic_return=[156459.39]
global_step=1022999, episodic_return=[154458.7]
global_step=1023999, episodic_return=[154895.5]
global_step=1024999, episodic_return=[156651.28]
global_step=1025999, episodic_return=[156501.19]
global_step=1026999, episodic_return=[157297.45]
global_step=1027999, episodic_return=[156042.22]
global_step=1028999, episodic_return=[156055.78]
global_step=1029999, episodic_return=[156314.88]
global_step=1030999, episodic_return=[156588.58]
global_step=1031999, episodic_return=[155924.48]
global_step=1032999, episodic_return=[156988.27]
global_step=1033999, episodic_return=[156312.81]
global_step=1034999, episodic_return=[156195.38]
global_step=1035999, episodic_return=[156578.89]
global_step=1036999, episodic_return=[156350.]
global_step=1037999, episodic_return=[156316.19]
global_step=1038999, episodic_return=[156107.52]
global_step=1039999, episodic_return=[156368.53]
global_step=1040999, episodic_return=[155789.95]
global_step=1041999, episodic_return=[155279.06]
global_step=1042999, episodic_return=[156064.55]
global_step=1043999, episodic_return=[155461.89]
global_step=1044999, episodic_return=[156073.9]
global_step=1045999, episodic_return=[156637.53]
global_step=1046999, episodic_return=[155861.73]
global_step=1047999, episodic_return=[155623.94]
global_step=1048999, episodic_return=[156695.38]
global_step=1049999, episodic_return=[154128.36]
global_step=1050999, episodic_return=[154602.06]
global_step=1051999, episodic_return=[155413.58]
global_step=1052999, episodic_return=[154954.12]
global_step=1053999, episodic_return=[156016.69]
global_step=1054999, episodic_return=[155837.62]
global_step=1055999, episodic_return=[156286.56]
global_step=1056999, episodic_return=[155762.17]
global_step=1057999, episodic_return=[156143.75]
global_step=1058999, episodic_return=[155624.5]
global_step=1059999, episodic_return=[156025.56]
global_step=1060999, episodic_return=[157131.36]
global_step=1061999, episodic_return=[156584.7]
global_step=1062999, episodic_return=[156425.95]
global_step=1063999, episodic_return=[156960.39]
global_step=1064999, episodic_return=[155072.9]
global_step=1065999, episodic_return=[156260.2]
global_step=1066999, episodic_return=[157197.75]
global_step=1067999, episodic_return=[156818.06]
global_step=1068999, episodic_return=[156455.53]
global_step=1069999, episodic_return=[157000.89]
global_step=1070999, episodic_return=[154767.2]
global_step=1071999, episodic_return=[156525.2]
global_step=1072999, episodic_return=[156946.88]
global_step=1073999, episodic_return=[156040.7]
global_step=1074999, episodic_return=[156166.97]
global_step=1075999, episodic_return=[155821.33]
global_step=1076999, episodic_return=[154469.1]
global_step=1077999, episodic_return=[156279.66]
global_step=1078999, episodic_return=[157388.52]
global_step=1079999, episodic_return=[157857.8]
global_step=1080999, episodic_return=[157946.9]
global_step=1081999, episodic_return=[156806.89]
global_step=1082999, episodic_return=[157673.92]
global_step=1083999, episodic_return=[157530.97]
global_step=1084999, episodic_return=[157371.27]
global_step=1085999, episodic_return=[156971.64]
global_step=1086999, episodic_return=[156046.75]
global_step=1087999, episodic_return=[157184.81]
global_step=1088999, episodic_return=[156891.2]
global_step=1089999, episodic_return=[156692.3]
global_step=1090999, episodic_return=[156959.58]
global_step=1091999, episodic_return=[157440.72]
global_step=1092999, episodic_return=[158264.69]
global_step=1093999, episodic_return=[155997.1]
global_step=1094999, episodic_return=[157332.28]
global_step=1095999, episodic_return=[157797.72]
global_step=1096999, episodic_return=[157627.8]
global_step=1097999, episodic_return=[155844.47]
global_step=1098999, episodic_return=[157842.14]
global_step=1099999, episodic_return=[154428.34]
global_step=1100999, episodic_return=[156585.28]
global_step=1101999, episodic_return=[155925.97]
global_step=1102999, episodic_return=[151970.42]
global_step=1103999, episodic_return=[157687.23]
global_step=1104999, episodic_return=[155695.31]
global_step=1105999, episodic_return=[156429.02]
global_step=1106999, episodic_return=[156368.4]
global_step=1107999, episodic_return=[156238.78]
global_step=1108999, episodic_return=[157135.12]
global_step=1109999, episodic_return=[80955.26]
global_step=1110999, episodic_return=[157251.86]
global_step=1111999, episodic_return=[156891.33]
global_step=1112999, episodic_return=[157297.92]
global_step=1113999, episodic_return=[157173.72]
global_step=1114999, episodic_return=[154950.64]
global_step=1115999, episodic_return=[156611.58]
global_step=1116999, episodic_return=[156797.03]
global_step=1117999, episodic_return=[157893.56]
global_step=1118999, episodic_return=[156286.86]
global_step=1119999, episodic_return=[156649.42]
global_step=1120999, episodic_return=[155486.66]
global_step=1121999, episodic_return=[157068.47]
global_step=1122999, episodic_return=[156881.03]
global_step=1123999, episodic_return=[157067.05]
global_step=1124999, episodic_return=[156579.56]
global_step=1125999, episodic_return=[156317.81]
global_step=1126999, episodic_return=[157262.12]
global_step=1127999, episodic_return=[157642.56]
global_step=1128999, episodic_return=[157465.56]
global_step=1129999, episodic_return=[155878.3]
global_step=1130999, episodic_return=[156967.27]
global_step=1131999, episodic_return=[157178.64]
global_step=1132999, episodic_return=[156888.78]
global_step=1133999, episodic_return=[157142.34]
global_step=1134999, episodic_return=[156980.34]
global_step=1135999, episodic_return=[157634.4]
global_step=1136999, episodic_return=[158320.52]
global_step=1137999, episodic_return=[154884.89]
global_step=1138999, episodic_return=[157179.66]
global_step=1139999, episodic_return=[158246.23]
global_step=1140999, episodic_return=[156918.14]
global_step=1141999, episodic_return=[157420.3]
global_step=1142999, episodic_return=[158041.14]
global_step=1143999, episodic_return=[157317.84]
global_step=1144999, episodic_return=[157616.52]
global_step=1145999, episodic_return=[157311.58]
global_step=1146999, episodic_return=[157715.]
global_step=1147999, episodic_return=[158462.98]
global_step=1148999, episodic_return=[157608.17]
global_step=1149999, episodic_return=[156995.02]
global_step=1150999, episodic_return=[157475.03]
global_step=1151999, episodic_return=[158306.14]
global_step=1152999, episodic_return=[157373.67]
global_step=1153999, episodic_return=[157504.66]
global_step=1154999, episodic_return=[150480.42]
global_step=1155999, episodic_return=[158148.72]
global_step=1156999, episodic_return=[156978.03]
global_step=1157999, episodic_return=[155217.56]
global_step=1158999, episodic_return=[157519.05]
global_step=1159999, episodic_return=[158641.42]
global_step=1160999, episodic_return=[139064.88]
global_step=1161999, episodic_return=[154950.8]
global_step=1162999, episodic_return=[157559.95]
global_step=1163999, episodic_return=[155294.03]
global_step=1164999, episodic_return=[157658.02]
global_step=1165999, episodic_return=[157867.44]
global_step=1166999, episodic_return=[157768.06]
global_step=1167999, episodic_return=[158118.6]
global_step=1168999, episodic_return=[153301.08]
global_step=1169999, episodic_return=[158836.02]
global_step=1170999, episodic_return=[156542.05]
global_step=1171999, episodic_return=[157443.78]
global_step=1172999, episodic_return=[156892.8]
global_step=1173999, episodic_return=[157765.47]
global_step=1174999, episodic_return=[157949.58]
global_step=1175999, episodic_return=[156460.03]
global_step=1176999, episodic_return=[157916.48]
global_step=1177999, episodic_return=[157955.9]
global_step=1178999, episodic_return=[154168.94]
global_step=1179999, episodic_return=[157741.95]
global_step=1180999, episodic_return=[157410.88]
global_step=1181999, episodic_return=[157759.61]
global_step=1182999, episodic_return=[157969.16]
global_step=1183999, episodic_return=[158535.86]
global_step=1184999, episodic_return=[157459.19]
global_step=1185999, episodic_return=[156331.98]
global_step=1186999, episodic_return=[157647.02]
global_step=1187999, episodic_return=[156176.34]
global_step=1188999, episodic_return=[158037.45]
global_step=1189999, episodic_return=[158430.06]
global_step=1190999, episodic_return=[158220.39]
global_step=1191999, episodic_return=[157512.47]
global_step=1192999, episodic_return=[138255.58]
global_step=1193999, episodic_return=[157814.83]
global_step=1194999, episodic_return=[157325.45]
global_step=1195999, episodic_return=[127424.71]
global_step=1196999, episodic_return=[157506.77]
global_step=1197999, episodic_return=[156984.2]
global_step=1198999, episodic_return=[158331.73]
global_step=1199999, episodic_return=[158048.42]
global_step=1200999, episodic_return=[156515.2]
global_step=1201999, episodic_return=[156602.88]
global_step=1202999, episodic_return=[155117.17]
global_step=1203999, episodic_return=[157216.6]
global_step=1204999, episodic_return=[156730.58]
global_step=1205999, episodic_return=[157348.55]
global_step=1206999, episodic_return=[157717.1]
global_step=1207999, episodic_return=[158625.11]
global_step=1208999, episodic_return=[158026.86]
global_step=1209999, episodic_return=[158374.05]
global_step=1210999, episodic_return=[156776.73]
global_step=1211999, episodic_return=[158565.14]
global_step=1212999, episodic_return=[158379.8]
global_step=1213999, episodic_return=[157635.56]
global_step=1214999, episodic_return=[157468.45]
global_step=1215999, episodic_return=[158626.75]
global_step=1216999, episodic_return=[154269.42]
global_step=1217999, episodic_return=[157779.33]
global_step=1218999, episodic_return=[155494.39]
global_step=1219999, episodic_return=[155660.42]
global_step=1220999, episodic_return=[156132.47]
global_step=1221999, episodic_return=[156704.42]
global_step=1222999, episodic_return=[155314.03]
global_step=1223999, episodic_return=[153530.84]
global_step=1224999, episodic_return=[158576.39]
global_step=1225999, episodic_return=[158208.9]
global_step=1226999, episodic_return=[156749.16]
global_step=1227999, episodic_return=[156947.75]
global_step=1228999, episodic_return=[156816.23]
global_step=1229999, episodic_return=[155797.89]
global_step=1230999, episodic_return=[156731.39]
global_step=1231999, episodic_return=[157524.62]
global_step=1232999, episodic_return=[158184.33]
global_step=1233999, episodic_return=[157849.42]
global_step=1234999, episodic_return=[157693.61]
global_step=1235999, episodic_return=[156798.14]
global_step=1236999, episodic_return=[154498.28]
global_step=1237999, episodic_return=[158587.28]
global_step=1238999, episodic_return=[157993.11]
global_step=1239999, episodic_return=[153586.64]
global_step=1240999, episodic_return=[155497.92]
global_step=1241999, episodic_return=[157719.31]
global_step=1242999, episodic_return=[157783.4]
global_step=1243999, episodic_return=[156586.33]
global_step=1244999, episodic_return=[157365.75]
global_step=1245999, episodic_return=[155874.72]
global_step=1246999, episodic_return=[157842.16]
global_step=1247999, episodic_return=[155472.69]
global_step=1248999, episodic_return=[158401.06]
global_step=1249999, episodic_return=[158060.55]
global_step=1250999, episodic_return=[156959.06]
global_step=1251999, episodic_return=[157424.52]
global_step=1252999, episodic_return=[156797.39]
global_step=1253999, episodic_return=[155815.33]
global_step=1254999, episodic_return=[136508.92]
global_step=1255999, episodic_return=[156813.19]
global_step=1256999, episodic_return=[156793.11]
global_step=1257999, episodic_return=[156405.9]
global_step=1258999, episodic_return=[155455.14]
global_step=1259999, episodic_return=[155297.14]
global_step=1260999, episodic_return=[157339.11]
global_step=1261999, episodic_return=[157227.97]
global_step=1262999, episodic_return=[156471.47]
global_step=1263999, episodic_return=[157312.67]
global_step=1264999, episodic_return=[158585.16]
global_step=1265999, episodic_return=[157228.69]
global_step=1266999, episodic_return=[157387.94]
global_step=1267999, episodic_return=[132755.86]
global_step=1268999, episodic_return=[157279.33]
global_step=1269999, episodic_return=[153326.23]
global_step=1270999, episodic_return=[156972.83]
global_step=1271999, episodic_return=[157764.78]
global_step=1272999, episodic_return=[156730.62]
global_step=1273999, episodic_return=[157593.8]
global_step=1274999, episodic_return=[158263.39]
global_step=1275999, episodic_return=[155175.45]
global_step=1276999, episodic_return=[155888.36]
global_step=1277999, episodic_return=[156937.69]
global_step=1278999, episodic_return=[157410.44]
global_step=1279999, episodic_return=[156915.11]
global_step=1280999, episodic_return=[156321.1]
global_step=1281999, episodic_return=[155793.67]
global_step=1282999, episodic_return=[158733.94]
global_step=1283999, episodic_return=[158654.02]
global_step=1284999, episodic_return=[157357.94]
global_step=1285999, episodic_return=[159303.8]
global_step=1286999, episodic_return=[158402.19]
global_step=1287999, episodic_return=[159005.56]
global_step=1288999, episodic_return=[156413.88]
global_step=1289999, episodic_return=[158024.62]
global_step=1290999, episodic_return=[158698.69]
global_step=1291999, episodic_return=[158814.36]
global_step=1292999, episodic_return=[99847.945]
global_step=1293999, episodic_return=[153813.83]
global_step=1294999, episodic_return=[154813.44]
global_step=1295999, episodic_return=[158322.27]
global_step=1296999, episodic_return=[158301.2]
global_step=1297999, episodic_return=[160157.4]
global_step=1298999, episodic_return=[159297.55]
global_step=1299999, episodic_return=[157492.44]
global_step=1300999, episodic_return=[158347.14]
global_step=1301999, episodic_return=[157565.23]
global_step=1302999, episodic_return=[160275.97]
global_step=1303999, episodic_return=[157940.98]
global_step=1304999, episodic_return=[159174.92]
global_step=1305999, episodic_return=[157498.23]
global_step=1306999, episodic_return=[159388.78]
global_step=1307999, episodic_return=[160068.33]
global_step=1308999, episodic_return=[159291.08]
global_step=1309999, episodic_return=[158572.05]
global_step=1310999, episodic_return=[158336.77]
global_step=1311999, episodic_return=[160149.11]
global_step=1312999, episodic_return=[157502.06]
global_step=1313999, episodic_return=[156813.83]
global_step=1314999, episodic_return=[159069.36]
global_step=1315999, episodic_return=[159335.38]
global_step=1316999, episodic_return=[155086.58]
global_step=1317999, episodic_return=[159610.44]
global_step=1318999, episodic_return=[158542.11]
global_step=1319999, episodic_return=[148578.6]
global_step=1320999, episodic_return=[157920.14]
global_step=1321999, episodic_return=[157745.53]
global_step=1322999, episodic_return=[158536.98]
global_step=1323999, episodic_return=[158558.77]
global_step=1324999, episodic_return=[149557.34]
global_step=1325999, episodic_return=[157686.86]
global_step=1326999, episodic_return=[158063.64]
global_step=1327999, episodic_return=[155400.1]
global_step=1328999, episodic_return=[158345.73]
global_step=1329999, episodic_return=[159154.92]
global_step=1330999, episodic_return=[159935.05]
global_step=1331999, episodic_return=[159180.58]
global_step=1332999, episodic_return=[159627.84]
global_step=1333999, episodic_return=[157404.16]
global_step=1334999, episodic_return=[158888.36]
global_step=1335999, episodic_return=[157476.05]
global_step=1336999, episodic_return=[156772.81]
global_step=1337999, episodic_return=[158531.66]
global_step=1338999, episodic_return=[159347.25]
global_step=1339999, episodic_return=[159106.92]
global_step=1340999, episodic_return=[159087.16]
global_step=1341999, episodic_return=[158388.6]
global_step=1342999, episodic_return=[158954.27]
global_step=1343999, episodic_return=[159380.4]
global_step=1344999, episodic_return=[156162.36]
global_step=1345999, episodic_return=[158355.89]
global_step=1346999, episodic_return=[158053.56]
global_step=1347999, episodic_return=[158928.1]
global_step=1348999, episodic_return=[160182.05]
global_step=1349999, episodic_return=[160215.06]
global_step=1350999, episodic_return=[156668.67]
global_step=1351999, episodic_return=[158914.73]
global_step=1352999, episodic_return=[158269.11]
global_step=1353999, episodic_return=[159880.45]
global_step=1354999, episodic_return=[160076.72]
global_step=1355999, episodic_return=[160265.31]
global_step=1356999, episodic_return=[159326.23]
global_step=1357999, episodic_return=[160423.56]
global_step=1358999, episodic_return=[159041.44]
global_step=1359999, episodic_return=[158794.4]
global_step=1360999, episodic_return=[159344.69]
global_step=1361999, episodic_return=[159780.31]
global_step=1362999, episodic_return=[159320.77]
global_step=1363999, episodic_return=[159303.28]
global_step=1364999, episodic_return=[159776.66]
global_step=1365999, episodic_return=[159864.61]
global_step=1366999, episodic_return=[158787.17]
global_step=1367999, episodic_return=[158492.48]
global_step=1368999, episodic_return=[159417.23]
global_step=1369999, episodic_return=[160558.23]
global_step=1370999, episodic_return=[159357.9]
global_step=1371999, episodic_return=[159083.75]
global_step=1372999, episodic_return=[157978.8]
global_step=1373999, episodic_return=[160392.61]
global_step=1374999, episodic_return=[159100.55]
global_step=1375999, episodic_return=[159762.95]
global_step=1376999, episodic_return=[159365.19]
global_step=1377999, episodic_return=[159852.28]
global_step=1378999, episodic_return=[158050.4]
global_step=1379999, episodic_return=[158775.64]
global_step=1380999, episodic_return=[158381.28]
global_step=1381999, episodic_return=[159163.81]
global_step=1382999, episodic_return=[155982.62]
global_step=1383999, episodic_return=[158286.23]
global_step=1384999, episodic_return=[159695.28]
global_step=1385999, episodic_return=[157407.1]
global_step=1386999, episodic_return=[159627.34]
global_step=1387999, episodic_return=[158969.38]
global_step=1388999, episodic_return=[159828.61]
global_step=1389999, episodic_return=[140409.05]
global_step=1390999, episodic_return=[84360.13]
global_step=1391999, episodic_return=[161306.6]
global_step=1392999, episodic_return=[159239.73]
global_step=1393999, episodic_return=[158644.6]
global_step=1394999, episodic_return=[159326.83]
global_step=1395999, episodic_return=[161039.23]
global_step=1396999, episodic_return=[158761.06]
global_step=1397999, episodic_return=[159058.3]
global_step=1398999, episodic_return=[159540.5]
global_step=1399999, episodic_return=[153917.36]
global_step=1400999, episodic_return=[159859.25]
global_step=1401999, episodic_return=[143533.64]
global_step=1402999, episodic_return=[151900.08]
global_step=1403999, episodic_return=[117593.414]
global_step=1404999, episodic_return=[125189.47]
global_step=1405999, episodic_return=[159146.66]
global_step=1406999, episodic_return=[159970.5]
global_step=1407999, episodic_return=[158425.62]
global_step=1408999, episodic_return=[159553.86]
global_step=1409999, episodic_return=[157684.92]
global_step=1410999, episodic_return=[156773.6]
global_step=1411999, episodic_return=[156599.98]
global_step=1412999, episodic_return=[159384.75]
global_step=1413999, episodic_return=[158225.02]
global_step=1414999, episodic_return=[160615.44]
global_step=1415999, episodic_return=[158326.56]
global_step=1416999, episodic_return=[97298.3]
global_step=1417999, episodic_return=[157461.06]
global_step=1418999, episodic_return=[157686.84]
global_step=1419999, episodic_return=[158072.95]
global_step=1420999, episodic_return=[158916.28]
global_step=1421999, episodic_return=[156651.86]
global_step=1422999, episodic_return=[158638.1]
global_step=1423999, episodic_return=[158196.62]
global_step=1424999, episodic_return=[156776.78]
global_step=1425999, episodic_return=[158753.62]
global_step=1426999, episodic_return=[158717.19]
global_step=1427999, episodic_return=[156945.94]
global_step=1428999, episodic_return=[159283.78]
global_step=1429999, episodic_return=[154944.77]
global_step=1430999, episodic_return=[154926.11]
global_step=1431999, episodic_return=[159043.06]
global_step=1432999, episodic_return=[129758.016]
global_step=1433999, episodic_return=[158067.38]
global_step=1434999, episodic_return=[157079.56]
global_step=1435999, episodic_return=[152647.12]
global_step=1436999, episodic_return=[157165.95]
global_step=1437999, episodic_return=[155061.36]
global_step=1438999, episodic_return=[159285.78]
global_step=1439999, episodic_return=[158380.75]
global_step=1440999, episodic_return=[157487.38]
global_step=1441999, episodic_return=[157637.2]
global_step=1442999, episodic_return=[158668.12]
global_step=1443999, episodic_return=[155548.9]
global_step=1444999, episodic_return=[152474.62]
global_step=1445999, episodic_return=[156743.23]
global_step=1446999, episodic_return=[157054.03]
global_step=1447999, episodic_return=[156277.17]
global_step=1448999, episodic_return=[154962.64]
global_step=1449999, episodic_return=[152029.53]
global_step=1450999, episodic_return=[156345.55]
global_step=1451999, episodic_return=[146425.7]
global_step=1452999, episodic_return=[156514.62]
global_step=1453999, episodic_return=[155825.19]
global_step=1454999, episodic_return=[155921.25]
global_step=1455999, episodic_return=[154482.97]
global_step=1456999, episodic_return=[154194.92]
global_step=1457999, episodic_return=[156246.89]
global_step=1458999, episodic_return=[155876.3]
global_step=1459999, episodic_return=[158196.12]
global_step=1460999, episodic_return=[156046.62]
global_step=1461999, episodic_return=[156272.95]
global_step=1462999, episodic_return=[158033.05]
global_step=1463999, episodic_return=[158023.5]
global_step=1464999, episodic_return=[156120.73]
global_step=1465999, episodic_return=[156152.06]
global_step=1466999, episodic_return=[157133.5]
global_step=1467999, episodic_return=[158334.31]
global_step=1468999, episodic_return=[158297.3]
global_step=1469999, episodic_return=[156722.33]
global_step=1470999, episodic_return=[156872.39]
global_step=1471999, episodic_return=[155262.56]
global_step=1472999, episodic_return=[157760.05]
global_step=1473999, episodic_return=[157742.84]
global_step=1474999, episodic_return=[144284.39]
global_step=1475999, episodic_return=[153719.39]
global_step=1476999, episodic_return=[155769.9]
global_step=1477999, episodic_return=[154940.89]
global_step=1478999, episodic_return=[156111.17]
global_step=1479999, episodic_return=[156132.31]
global_step=1480999, episodic_return=[155054.27]
global_step=1481999, episodic_return=[158011.8]
global_step=1482999, episodic_return=[157339.92]
global_step=1483999, episodic_return=[120497.1]
global_step=1484999, episodic_return=[153190.7]
global_step=1485999, episodic_return=[153429.55]
global_step=1486999, episodic_return=[156797.03]
global_step=1487999, episodic_return=[157194.48]
global_step=1488999, episodic_return=[156491.72]
global_step=1489999, episodic_return=[158112.45]
global_step=1490999, episodic_return=[154904.33]
global_step=1491999, episodic_return=[150422.78]
global_step=1492999, episodic_return=[153896.33]
global_step=1493999, episodic_return=[144124.88]
global_step=1494999, episodic_return=[131981.88]
global_step=1495999, episodic_return=[156140.17]
global_step=1496999, episodic_return=[154536.98]
global_step=1497999, episodic_return=[154123.36]
global_step=1498999, episodic_return=[155958.89]
global_step=1499999, episodic_return=[157190.05]