True
global_step=999, episodic_return=[31336.598]
/tmp/env/lib/python3.8/site-packages/gymnasium/utils/passive_env_checker.py:135: UserWarning: [33mWARN: The obs returned by the `reset()` method was expecting numpy array dtype to be <class 'numpy.float32'>, actual type: float64
  logger.warn(
/tmp/env/lib/python3.8/site-packages/gymnasium/utils/passive_env_checker.py:159: UserWarning: [33mWARN: The obs returned by the `reset()` method is not within the observation space.
  logger.warn(f"{pre} is not within the observation space.")
/tmp/env/lib/python3.8/site-packages/gymnasium/utils/passive_env_checker.py:135: UserWarning: [33mWARN: The obs returned by the `step()` method was expecting numpy array dtype to be <class 'numpy.float32'>, actual type: float64
  logger.warn(
/tmp/env/lib/python3.8/site-packages/gymnasium/utils/passive_env_checker.py:159: UserWarning: [33mWARN: The obs returned by the `step()` method is not within the observation space.
  logger.warn(f"{pre} is not within the observation space.")
global_step=1999, episodic_return=[32865.3]
global_step=2999, episodic_return=[31744.426]
global_step=3999, episodic_return=[33795.6]
global_step=4999, episodic_return=[29662.572]
wandb: WARNING Step cannot be set when using syncing with tensorboard. Please log your step values as a metric such as 'global_step'
global_step=5999, episodic_return=[40778.234]
global_step=6999, episodic_return=[53665.656]
global_step=7999, episodic_return=[98895.24]
global_step=8999, episodic_return=[110992.37]
global_step=9999, episodic_return=[83835.59]
global_step=10999, episodic_return=[98227.2]
global_step=11999, episodic_return=[122773.47]
global_step=12999, episodic_return=[122441.79]
global_step=13999, episodic_return=[122434.336]
global_step=14999, episodic_return=[93757.586]
global_step=15999, episodic_return=[73803.89]
global_step=16999, episodic_return=[93174.52]
global_step=17999, episodic_return=[51677.46]
global_step=18999, episodic_return=[72905.74]
global_step=19999, episodic_return=[121116.305]
global_step=20999, episodic_return=[122673.695]
global_step=21999, episodic_return=[123966.55]
global_step=22999, episodic_return=[124665.65]
global_step=23999, episodic_return=[125965.57]
global_step=24999, episodic_return=[127029.62]
global_step=25999, episodic_return=[118355.58]
global_step=26999, episodic_return=[127436.64]
global_step=27999, episodic_return=[125936.82]
global_step=28999, episodic_return=[126191.97]
global_step=29999, episodic_return=[121907.66]
global_step=30999, episodic_return=[114920.92]
global_step=31999, episodic_return=[123072.87]
global_step=32999, episodic_return=[120339.94]
global_step=33999, episodic_return=[125430.]
global_step=34999, episodic_return=[127232.57]
global_step=35999, episodic_return=[122636.2]
global_step=36999, episodic_return=[125699.91]
global_step=37999, episodic_return=[125655.08]
global_step=38999, episodic_return=[125805.94]
global_step=39999, episodic_return=[116851.51]
global_step=40999, episodic_return=[127763.23]
global_step=41999, episodic_return=[127109.66]
global_step=42999, episodic_return=[129563.09]
global_step=43999, episodic_return=[65371.305]
global_step=44999, episodic_return=[129095.055]
global_step=45999, episodic_return=[126600.305]
global_step=46999, episodic_return=[69087.234]
global_step=47999, episodic_return=[128735.43]
global_step=48999, episodic_return=[85889.32]
global_step=49999, episodic_return=[63518.02]
global_step=50999, episodic_return=[127182.04]
global_step=51999, episodic_return=[122551.2]
global_step=52999, episodic_return=[127223.52]
global_step=53999, episodic_return=[127769.43]
global_step=54999, episodic_return=[129721.85]
global_step=55999, episodic_return=[127795.17]
global_step=56999, episodic_return=[129325.73]
global_step=57999, episodic_return=[129462.73]
global_step=58999, episodic_return=[130343.08]
global_step=59999, episodic_return=[128679.07]
global_step=60999, episodic_return=[130277.78]
global_step=61999, episodic_return=[128898.42]
global_step=62999, episodic_return=[129635.49]
global_step=63999, episodic_return=[128443.26]
global_step=64999, episodic_return=[130713.38]
global_step=65999, episodic_return=[129749.8]
global_step=66999, episodic_return=[131066.375]
global_step=67999, episodic_return=[130150.7]
global_step=68999, episodic_return=[124507.22]
global_step=69999, episodic_return=[129798.]
global_step=70999, episodic_return=[131289.52]
global_step=71999, episodic_return=[127139.66]
global_step=72999, episodic_return=[131415.14]
global_step=73999, episodic_return=[130033.83]
global_step=74999, episodic_return=[127415.53]
global_step=75999, episodic_return=[125560.445]
global_step=76999, episodic_return=[130362.23]
global_step=77999, episodic_return=[130287.69]
global_step=78999, episodic_return=[130845.016]
global_step=79999, episodic_return=[130278.21]
global_step=80999, episodic_return=[130445.37]
global_step=81999, episodic_return=[125435.3]
global_step=82999, episodic_return=[129667.25]
global_step=83999, episodic_return=[129930.51]
global_step=84999, episodic_return=[130708.23]
global_step=85999, episodic_return=[131244.06]
global_step=86999, episodic_return=[131727.56]
global_step=87999, episodic_return=[130932.414]
global_step=88999, episodic_return=[131027.12]
global_step=89999, episodic_return=[131084.05]
global_step=90999, episodic_return=[131059.23]
global_step=91999, episodic_return=[131286.11]
global_step=92999, episodic_return=[130663.73]
global_step=93999, episodic_return=[131234.52]
global_step=94999, episodic_return=[130144.73]
global_step=95999, episodic_return=[130915.45]
global_step=96999, episodic_return=[131299.2]
global_step=97999, episodic_return=[131222.55]
global_step=98999, episodic_return=[106665.08]
global_step=99999, episodic_return=[131739.52]
global_step=100999, episodic_return=[132030.28]
global_step=101999, episodic_return=[131379.34]
global_step=102999, episodic_return=[123819.35]
global_step=103999, episodic_return=[131926.8]
global_step=104999, episodic_return=[131058.51]
global_step=105999, episodic_return=[132172.97]
global_step=106999, episodic_return=[131192.28]
global_step=107999, episodic_return=[132751.02]
global_step=108999, episodic_return=[131742.23]
global_step=109999, episodic_return=[104808.61]
global_step=110999, episodic_return=[130889.42]
global_step=111999, episodic_return=[133133.95]
global_step=112999, episodic_return=[133215.67]
global_step=113999, episodic_return=[132586.64]
global_step=114999, episodic_return=[133449.69]
global_step=115999, episodic_return=[103598.836]
global_step=116999, episodic_return=[132546.86]
global_step=117999, episodic_return=[133119.77]
global_step=118999, episodic_return=[130035.36]
global_step=119999, episodic_return=[131963.86]
global_step=120999, episodic_return=[129739.55]
global_step=121999, episodic_return=[104958.08]
global_step=122999, episodic_return=[131468.23]
global_step=123999, episodic_return=[131520.28]
global_step=124999, episodic_return=[131697.81]
global_step=125999, episodic_return=[130923.766]
global_step=126999, episodic_return=[130811.6]
global_step=127999, episodic_return=[130815.734]
global_step=128999, episodic_return=[131091.02]
global_step=129999, episodic_return=[131203.47]
global_step=130999, episodic_return=[131161.1]
global_step=131999, episodic_return=[130785.875]
global_step=132999, episodic_return=[131004.37]
global_step=133999, episodic_return=[130813.71]
global_step=134999, episodic_return=[131334.67]
global_step=135999, episodic_return=[131156.17]
global_step=136999, episodic_return=[131660.64]
global_step=137999, episodic_return=[130868.76]
global_step=138999, episodic_return=[132106.17]
global_step=139999, episodic_return=[131523.5]
global_step=140999, episodic_return=[131685.53]
global_step=141999, episodic_return=[133171.08]
global_step=142999, episodic_return=[132376.69]
global_step=143999, episodic_return=[132703.89]
global_step=144999, episodic_return=[131483.61]
global_step=145999, episodic_return=[131008.484]
global_step=146999, episodic_return=[131871.97]
global_step=147999, episodic_return=[135585.89]
global_step=148999, episodic_return=[131299.58]
global_step=149999, episodic_return=[131542.53]
global_step=150999, episodic_return=[131613.48]
global_step=151999, episodic_return=[131874.23]
global_step=152999, episodic_return=[131853.66]
global_step=153999, episodic_return=[131151.72]
global_step=154999, episodic_return=[132356.62]
global_step=155999, episodic_return=[131976.33]
global_step=156999, episodic_return=[135762.55]
global_step=157999, episodic_return=[131953.28]
global_step=158999, episodic_return=[131459.25]
global_step=159999, episodic_return=[134638.88]
global_step=160999, episodic_return=[135633.98]
global_step=161999, episodic_return=[132589.69]
global_step=162999, episodic_return=[132764.53]
global_step=163999, episodic_return=[133064.53]
global_step=164999, episodic_return=[122647.055]
global_step=165999, episodic_return=[137536.84]
global_step=166999, episodic_return=[133078.55]
global_step=167999, episodic_return=[133890.]
global_step=168999, episodic_return=[133673.98]
global_step=169999, episodic_return=[133328.05]
global_step=170999, episodic_return=[132158.3]
global_step=171999, episodic_return=[132667.42]
global_step=172999, episodic_return=[134362.19]
global_step=173999, episodic_return=[136074.94]
global_step=174999, episodic_return=[132741.7]
global_step=175999, episodic_return=[133945.]
global_step=176999, episodic_return=[136738.44]
global_step=177999, episodic_return=[137646.81]
global_step=178999, episodic_return=[136634.27]
global_step=179999, episodic_return=[139059.7]
global_step=180999, episodic_return=[136223.36]
global_step=181999, episodic_return=[137120.75]
global_step=182999, episodic_return=[137546.97]
global_step=183999, episodic_return=[135786.94]
global_step=184999, episodic_return=[137142.81]
global_step=185999, episodic_return=[136895.27]
global_step=186999, episodic_return=[136865.48]
global_step=187999, episodic_return=[144040.72]
global_step=188999, episodic_return=[135711.75]
global_step=189999, episodic_return=[144413.1]
global_step=190999, episodic_return=[142531.69]
global_step=191999, episodic_return=[141316.31]
global_step=192999, episodic_return=[140966.06]
global_step=193999, episodic_return=[141441.69]
global_step=194999, episodic_return=[146851.72]
global_step=195999, episodic_return=[147959.64]
global_step=196999, episodic_return=[138339.83]
global_step=197999, episodic_return=[151050.05]
global_step=198999, episodic_return=[141458.48]
global_step=199999, episodic_return=[146795.]
global_step=200999, episodic_return=[146375.88]
global_step=201999, episodic_return=[142406.47]
global_step=202999, episodic_return=[149867.64]
global_step=203999, episodic_return=[150746.98]
global_step=204999, episodic_return=[152141.08]
global_step=205999, episodic_return=[140441.78]
global_step=206999, episodic_return=[147521.88]
global_step=207999, episodic_return=[148155.83]
global_step=208999, episodic_return=[147460.33]
global_step=209999, episodic_return=[150455.98]
global_step=210999, episodic_return=[150665.92]
global_step=211999, episodic_return=[151470.94]
global_step=212999, episodic_return=[148227.55]
global_step=213999, episodic_return=[151258.84]
global_step=214999, episodic_return=[150082.53]
global_step=215999, episodic_return=[151911.52]
global_step=216999, episodic_return=[152927.42]
global_step=217999, episodic_return=[150474.98]
global_step=218999, episodic_return=[151192.33]
global_step=219999, episodic_return=[152158.88]
global_step=220999, episodic_return=[151632.48]
global_step=221999, episodic_return=[153023.08]
global_step=222999, episodic_return=[150432.03]
global_step=223999, episodic_return=[148055.44]
global_step=224999, episodic_return=[149128.9]
global_step=225999, episodic_return=[150773.36]
global_step=226999, episodic_return=[150362.02]
global_step=227999, episodic_return=[151308.88]
global_step=228999, episodic_return=[150892.77]
global_step=229999, episodic_return=[152484.86]
global_step=230999, episodic_return=[151049.56]
global_step=231999, episodic_return=[150872.31]
global_step=232999, episodic_return=[150370.7]
global_step=233999, episodic_return=[152560.05]
global_step=234999, episodic_return=[150107.8]
global_step=235999, episodic_return=[153179.36]
global_step=236999, episodic_return=[153726.92]
global_step=237999, episodic_return=[151529.39]
global_step=238999, episodic_return=[152859.62]
global_step=239999, episodic_return=[150925.42]
global_step=240999, episodic_return=[152059.34]
global_step=241999, episodic_return=[153598.38]
global_step=242999, episodic_return=[153969.48]
global_step=243999, episodic_return=[153747.84]
global_step=244999, episodic_return=[154506.16]
global_step=245999, episodic_return=[154161.58]
global_step=246999, episodic_return=[151376.27]
global_step=247999, episodic_return=[151097.06]
global_step=248999, episodic_return=[151640.84]
global_step=249999, episodic_return=[154316.44]
global_step=250999, episodic_return=[154457.67]
global_step=251999, episodic_return=[152928.17]
global_step=252999, episodic_return=[152344.9]
global_step=253999, episodic_return=[153828.02]
global_step=254999, episodic_return=[151222.64]
global_step=255999, episodic_return=[153900.36]
global_step=256999, episodic_return=[150217.2]
global_step=257999, episodic_return=[151566.34]
global_step=258999, episodic_return=[152837.23]
global_step=259999, episodic_return=[112230.84]
global_step=260999, episodic_return=[151422.52]
global_step=261999, episodic_return=[152976.03]
global_step=262999, episodic_return=[153321.34]
global_step=263999, episodic_return=[151878.78]
global_step=264999, episodic_return=[152543.56]
global_step=265999, episodic_return=[153848.83]
global_step=266999, episodic_return=[154011.19]
global_step=267999, episodic_return=[151149.6]
global_step=268999, episodic_return=[151588.22]
global_step=269999, episodic_return=[151724.75]
global_step=270999, episodic_return=[153181.23]
global_step=271999, episodic_return=[151091.4]
global_step=272999, episodic_return=[153349.5]
global_step=273999, episodic_return=[153791.17]
global_step=274999, episodic_return=[154800.05]
global_step=275999, episodic_return=[154307.72]
global_step=276999, episodic_return=[154152.95]
global_step=277999, episodic_return=[153500.53]
global_step=278999, episodic_return=[153119.39]
global_step=279999, episodic_return=[148951.86]
global_step=280999, episodic_return=[151503.6]
global_step=281999, episodic_return=[154130.77]
global_step=282999, episodic_return=[154076.27]
global_step=283999, episodic_return=[154049.02]
global_step=284999, episodic_return=[152687.]
global_step=285999, episodic_return=[94046.74]
global_step=286999, episodic_return=[147169.55]
global_step=287999, episodic_return=[153776.73]
global_step=288999, episodic_return=[151754.52]
global_step=289999, episodic_return=[150567.39]
global_step=290999, episodic_return=[152395.03]
global_step=291999, episodic_return=[145573.48]
global_step=292999, episodic_return=[153781.28]
global_step=293999, episodic_return=[153487.92]
global_step=294999, episodic_return=[154008.64]
global_step=295999, episodic_return=[152976.81]
global_step=296999, episodic_return=[150845.33]
global_step=297999, episodic_return=[147396.97]
global_step=298999, episodic_return=[149525.7]
global_step=299999, episodic_return=[151010.73]
global_step=300999, episodic_return=[151905.62]
global_step=301999, episodic_return=[153146.66]
global_step=302999, episodic_return=[153357.86]
global_step=303999, episodic_return=[155162.38]
global_step=304999, episodic_return=[155011.]
global_step=305999, episodic_return=[153753.56]
global_step=306999, episodic_return=[153936.75]
global_step=307999, episodic_return=[154388.33]
global_step=308999, episodic_return=[153478.4]
global_step=309999, episodic_return=[153709.08]
global_step=310999, episodic_return=[154087.48]
global_step=311999, episodic_return=[154880.06]
global_step=312999, episodic_return=[154484.38]
global_step=313999, episodic_return=[154898.3]
global_step=314999, episodic_return=[153179.03]
global_step=315999, episodic_return=[154630.39]
global_step=316999, episodic_return=[154725.95]
global_step=317999, episodic_return=[144511.42]
global_step=318999, episodic_return=[153617.22]
global_step=319999, episodic_return=[153772.42]
global_step=320999, episodic_return=[155167.14]
global_step=321999, episodic_return=[153471.47]
global_step=322999, episodic_return=[147571.88]
global_step=323999, episodic_return=[149573.25]
global_step=324999, episodic_return=[150979.05]
global_step=325999, episodic_return=[153478.02]
global_step=326999, episodic_return=[152751.92]
global_step=327999, episodic_return=[152849.]
global_step=328999, episodic_return=[152110.14]
global_step=329999, episodic_return=[150377.7]
global_step=330999, episodic_return=[154139.1]
global_step=331999, episodic_return=[152642.67]
global_step=332999, episodic_return=[152733.61]
global_step=333999, episodic_return=[153579.53]
global_step=334999, episodic_return=[151074.47]
global_step=335999, episodic_return=[154403.8]
global_step=336999, episodic_return=[154670.12]
global_step=337999, episodic_return=[152624.25]
global_step=338999, episodic_return=[153593.23]
global_step=339999, episodic_return=[154832.95]
global_step=340999, episodic_return=[154483.14]
global_step=341999, episodic_return=[154586.27]
global_step=342999, episodic_return=[153484.22]
global_step=343999, episodic_return=[155301.88]
global_step=344999, episodic_return=[153479.12]
global_step=345999, episodic_return=[153004.92]
global_step=346999, episodic_return=[152109.7]
global_step=347999, episodic_return=[154720.6]
global_step=348999, episodic_return=[154827.94]
global_step=349999, episodic_return=[152878.16]
global_step=350999, episodic_return=[155105.34]
global_step=351999, episodic_return=[155109.42]
global_step=352999, episodic_return=[154569.6]
global_step=353999, episodic_return=[155002.06]
global_step=354999, episodic_return=[154070.7]
global_step=355999, episodic_return=[155311.58]
global_step=356999, episodic_return=[154770.34]
global_step=357999, episodic_return=[154452.3]
global_step=358999, episodic_return=[153850.53]
global_step=359999, episodic_return=[155080.61]
global_step=360999, episodic_return=[149264.36]
global_step=361999, episodic_return=[153337.03]
global_step=362999, episodic_return=[155207.73]
global_step=363999, episodic_return=[155563.23]
global_step=364999, episodic_return=[155298.33]
global_step=365999, episodic_return=[154558.84]
global_step=366999, episodic_return=[155490.36]
global_step=367999, episodic_return=[155161.95]
global_step=368999, episodic_return=[154417.28]
global_step=369999, episodic_return=[154832.53]
global_step=370999, episodic_return=[154823.86]
global_step=371999, episodic_return=[155678.45]
global_step=372999, episodic_return=[154705.1]
global_step=373999, episodic_return=[150304.72]
global_step=374999, episodic_return=[153953.77]
global_step=375999, episodic_return=[154581.84]
global_step=376999, episodic_return=[155479.81]
global_step=377999, episodic_return=[154684.94]
global_step=378999, episodic_return=[155726.52]
global_step=379999, episodic_return=[153295.53]
global_step=380999, episodic_return=[155068.7]
global_step=381999, episodic_return=[151714.95]
global_step=382999, episodic_return=[153363.39]
global_step=383999, episodic_return=[154569.8]
global_step=384999, episodic_return=[154634.03]
global_step=385999, episodic_return=[149612.25]
global_step=386999, episodic_return=[152203.69]
global_step=387999, episodic_return=[154137.84]
global_step=388999, episodic_return=[155292.11]
global_step=389999, episodic_return=[155701.12]
global_step=390999, episodic_return=[155416.11]
global_step=391999, episodic_return=[155409.5]
global_step=392999, episodic_return=[155317.16]
global_step=393999, episodic_return=[155673.56]
global_step=394999, episodic_return=[153923.89]
global_step=395999, episodic_return=[155763.98]
global_step=396999, episodic_return=[155670.31]
global_step=397999, episodic_return=[155423.64]
global_step=398999, episodic_return=[155543.6]
global_step=399999, episodic_return=[155068.08]
global_step=400999, episodic_return=[155517.25]
global_step=401999, episodic_return=[154607.7]
global_step=402999, episodic_return=[155875.77]
global_step=403999, episodic_return=[155458.06]
global_step=404999, episodic_return=[155126.55]
global_step=405999, episodic_return=[155317.47]
global_step=406999, episodic_return=[155844.92]
global_step=407999, episodic_return=[154951.66]
global_step=408999, episodic_return=[155742.81]
global_step=409999, episodic_return=[155195.5]
global_step=410999, episodic_return=[154601.84]
global_step=411999, episodic_return=[155093.8]
global_step=412999, episodic_return=[155433.44]
global_step=413999, episodic_return=[153719.58]
global_step=414999, episodic_return=[155941.11]
global_step=415999, episodic_return=[155381.23]
global_step=416999, episodic_return=[155674.81]
global_step=417999, episodic_return=[155364.05]
global_step=418999, episodic_return=[155692.03]
global_step=419999, episodic_return=[155779.77]
global_step=420999, episodic_return=[156075.64]
global_step=421999, episodic_return=[155722.56]
global_step=422999, episodic_return=[155426.45]
global_step=423999, episodic_return=[154346.56]
global_step=424999, episodic_return=[155779.86]
global_step=425999, episodic_return=[155552.4]
global_step=426999, episodic_return=[156071.94]
global_step=427999, episodic_return=[155557.23]
global_step=428999, episodic_return=[155026.69]
global_step=429999, episodic_return=[154848.9]
global_step=430999, episodic_return=[156673.52]
global_step=431999, episodic_return=[156061.39]
global_step=432999, episodic_return=[155417.78]
global_step=433999, episodic_return=[155974.39]
global_step=434999, episodic_return=[154803.55]
global_step=435999, episodic_return=[156090.98]
global_step=436999, episodic_return=[155875.3]
global_step=437999, episodic_return=[155968.84]
global_step=438999, episodic_return=[156065.72]
global_step=439999, episodic_return=[156093.05]
global_step=440999, episodic_return=[155945.38]
global_step=441999, episodic_return=[156386.62]
global_step=442999, episodic_return=[156054.2]
global_step=443999, episodic_return=[155678.27]
global_step=444999, episodic_return=[155960.86]
global_step=445999, episodic_return=[154793.45]
global_step=446999, episodic_return=[156050.42]
global_step=447999, episodic_return=[155895.61]
global_step=448999, episodic_return=[154996.64]
global_step=449999, episodic_return=[147920.34]
global_step=450999, episodic_return=[155882.14]
global_step=451999, episodic_return=[155678.3]
global_step=452999, episodic_return=[155512.38]
global_step=453999, episodic_return=[155844.98]
global_step=454999, episodic_return=[155918.95]
global_step=455999, episodic_return=[155886.72]
global_step=456999, episodic_return=[155187.03]
global_step=457999, episodic_return=[119799.86]
global_step=458999, episodic_return=[155698.23]
global_step=459999, episodic_return=[155571.75]
global_step=460999, episodic_return=[156015.14]
global_step=461999, episodic_return=[156546.08]
global_step=462999, episodic_return=[155243.19]
global_step=463999, episodic_return=[154738.]
global_step=464999, episodic_return=[156307.02]
global_step=465999, episodic_return=[153692.05]
global_step=466999, episodic_return=[147988.34]
global_step=467999, episodic_return=[155559.81]
global_step=468999, episodic_return=[156082.22]
global_step=469999, episodic_return=[154517.72]
global_step=470999, episodic_return=[155780.25]
global_step=471999, episodic_return=[154962.22]
global_step=472999, episodic_return=[155948.28]
global_step=473999, episodic_return=[155811.28]
global_step=474999, episodic_return=[155949.6]
global_step=475999, episodic_return=[155732.28]
global_step=476999, episodic_return=[156127.42]
global_step=477999, episodic_return=[155789.92]
global_step=478999, episodic_return=[155794.9]
global_step=479999, episodic_return=[155113.22]
global_step=480999, episodic_return=[154802.31]
global_step=481999, episodic_return=[155454.22]
global_step=482999, episodic_return=[155132.77]
global_step=483999, episodic_return=[155775.5]
global_step=484999, episodic_return=[132401.3]
global_step=485999, episodic_return=[155733.27]
global_step=486999, episodic_return=[156126.44]
global_step=487999, episodic_return=[156016.58]
global_step=488999, episodic_return=[155466.31]
global_step=489999, episodic_return=[155320.88]
global_step=490999, episodic_return=[154930.7]
global_step=491999, episodic_return=[155599.67]
global_step=492999, episodic_return=[156258.52]
global_step=493999, episodic_return=[155655.06]
global_step=494999, episodic_return=[154147.98]
global_step=495999, episodic_return=[155714.97]
global_step=496999, episodic_return=[155383.44]
global_step=497999, episodic_return=[155676.48]
global_step=498999, episodic_return=[155667.53]
global_step=499999, episodic_return=[155930.92]
global_step=500999, episodic_return=[155843.58]
global_step=501999, episodic_return=[155964.16]
global_step=502999, episodic_return=[155762.6]
global_step=503999, episodic_return=[154869.84]
global_step=504999, episodic_return=[155575.14]
global_step=505999, episodic_return=[156133.53]
global_step=506999, episodic_return=[155319.31]
global_step=507999, episodic_return=[155663.53]
global_step=508999, episodic_return=[155917.28]
global_step=509999, episodic_return=[155589.48]
global_step=510999, episodic_return=[154811.45]
global_step=511999, episodic_return=[155109.33]
global_step=512999, episodic_return=[155851.08]
global_step=513999, episodic_return=[155527.16]
global_step=514999, episodic_return=[156104.9]
global_step=515999, episodic_return=[155557.64]
global_step=516999, episodic_return=[156234.61]
global_step=517999, episodic_return=[155891.39]
global_step=518999, episodic_return=[155166.08]
global_step=519999, episodic_return=[155981.2]
global_step=520999, episodic_return=[155956.86]
global_step=521999, episodic_return=[155877.92]
global_step=522999, episodic_return=[154638.44]
global_step=523999, episodic_return=[148851.08]
global_step=524999, episodic_return=[156047.27]
global_step=525999, episodic_return=[155831.33]
global_step=526999, episodic_return=[155528.62]
global_step=527999, episodic_return=[153148.45]
global_step=528999, episodic_return=[156016.4]
global_step=529999, episodic_return=[155567.75]
global_step=530999, episodic_return=[155998.98]
global_step=531999, episodic_return=[155860.98]
global_step=532999, episodic_return=[155752.89]
global_step=533999, episodic_return=[156099.31]
global_step=534999, episodic_return=[155660.77]
global_step=535999, episodic_return=[155559.33]
global_step=536999, episodic_return=[155700.53]
global_step=537999, episodic_return=[155558.44]
global_step=538999, episodic_return=[155916.3]
global_step=539999, episodic_return=[155965.14]
global_step=540999, episodic_return=[156049.23]
global_step=541999, episodic_return=[155544.94]
global_step=542999, episodic_return=[155681.02]
global_step=543999, episodic_return=[155585.73]
global_step=544999, episodic_return=[155578.36]
global_step=545999, episodic_return=[154299.42]
global_step=546999, episodic_return=[154570.4]
global_step=547999, episodic_return=[154898.03]
global_step=548999, episodic_return=[155236.05]
global_step=549999, episodic_return=[156138.39]
global_step=550999, episodic_return=[116152.24]
global_step=551999, episodic_return=[155611.7]
global_step=552999, episodic_return=[155656.17]
global_step=553999, episodic_return=[155713.8]
global_step=554999, episodic_return=[156046.7]
global_step=555999, episodic_return=[155505.84]
global_step=556999, episodic_return=[155653.7]
global_step=557999, episodic_return=[154931.11]
global_step=558999, episodic_return=[154927.88]
global_step=559999, episodic_return=[155232.61]
global_step=560999, episodic_return=[154479.12]
global_step=561999, episodic_return=[155758.69]
global_step=562999, episodic_return=[155709.34]
global_step=563999, episodic_return=[155736.4]
global_step=564999, episodic_return=[154241.33]
global_step=565999, episodic_return=[154050.86]
global_step=566999, episodic_return=[154459.12]
global_step=567999, episodic_return=[155083.66]
global_step=568999, episodic_return=[155080.47]
global_step=569999, episodic_return=[155239.94]
global_step=570999, episodic_return=[154711.6]
global_step=571999, episodic_return=[154700.8]
global_step=572999, episodic_return=[155648.47]
global_step=573999, episodic_return=[155530.9]
global_step=574999, episodic_return=[154667.53]
global_step=575999, episodic_return=[154045.66]
global_step=576999, episodic_return=[154389.84]
global_step=577999, episodic_return=[154001.]
global_step=578999, episodic_return=[155098.11]
global_step=579999, episodic_return=[155220.47]
global_step=580999, episodic_return=[155522.78]
global_step=581999, episodic_return=[155712.89]
global_step=582999, episodic_return=[156022.05]
global_step=583999, episodic_return=[154752.39]
global_step=584999, episodic_return=[155023.16]
global_step=585999, episodic_return=[153477.4]
global_step=586999, episodic_return=[153354.78]
global_step=587999, episodic_return=[155070.97]
global_step=588999, episodic_return=[155760.56]
global_step=589999, episodic_return=[154611.4]
global_step=590999, episodic_return=[153496.31]
global_step=591999, episodic_return=[155292.02]
global_step=592999, episodic_return=[154864.73]
global_step=593999, episodic_return=[155868.98]
global_step=594999, episodic_return=[155771.97]
global_step=595999, episodic_return=[155648.92]
global_step=596999, episodic_return=[156376.98]
global_step=597999, episodic_return=[156328.86]
global_step=598999, episodic_return=[155946.34]
global_step=599999, episodic_return=[155890.05]
global_step=600999, episodic_return=[155940.62]
global_step=601999, episodic_return=[155707.98]
global_step=602999, episodic_return=[155798.25]
global_step=603999, episodic_return=[155806.81]
global_step=604999, episodic_return=[155794.02]
global_step=605999, episodic_return=[155650.28]
global_step=606999, episodic_return=[155261.06]
global_step=607999, episodic_return=[155783.36]
global_step=608999, episodic_return=[155679.6]
global_step=609999, episodic_return=[155941.53]
global_step=610999, episodic_return=[156225.02]
global_step=611999, episodic_return=[155709.66]
global_step=612999, episodic_return=[156052.17]
global_step=613999, episodic_return=[156078.86]
global_step=614999, episodic_return=[155506.28]
global_step=615999, episodic_return=[155780.7]
global_step=616999, episodic_return=[155627.34]
global_step=617999, episodic_return=[155571.81]
global_step=618999, episodic_return=[155945.11]
global_step=619999, episodic_return=[155494.77]
global_step=620999, episodic_return=[154835.44]
global_step=621999, episodic_return=[154437.2]
global_step=622999, episodic_return=[155798.89]
global_step=623999, episodic_return=[155778.73]
global_step=624999, episodic_return=[156017.06]
global_step=625999, episodic_return=[154356.27]
global_step=626999, episodic_return=[156061.92]
global_step=627999, episodic_return=[156502.02]
global_step=628999, episodic_return=[156399.22]
global_step=629999, episodic_return=[155906.8]
global_step=630999, episodic_return=[155932.81]
global_step=631999, episodic_return=[156146.27]
global_step=632999, episodic_return=[155656.16]
global_step=633999, episodic_return=[155748.03]
global_step=634999, episodic_return=[154637.97]
global_step=635999, episodic_return=[155185.8]
global_step=636999, episodic_return=[155596.94]
global_step=637999, episodic_return=[156343.64]
global_step=638999, episodic_return=[156235.25]
global_step=639999, episodic_return=[156179.66]
global_step=640999, episodic_return=[155910.83]
global_step=641999, episodic_return=[155826.27]
global_step=642999, episodic_return=[155936.4]
global_step=643999, episodic_return=[155960.84]
global_step=644999, episodic_return=[156284.52]
global_step=645999, episodic_return=[156143.83]
global_step=646999, episodic_return=[155929.44]
global_step=647999, episodic_return=[155972.31]
global_step=648999, episodic_return=[156103.3]
global_step=649999, episodic_return=[155295.86]
global_step=650999, episodic_return=[156365.22]
global_step=651999, episodic_return=[156084.27]
global_step=652999, episodic_return=[156552.72]
global_step=653999, episodic_return=[156343.52]
global_step=654999, episodic_return=[156604.12]
global_step=655999, episodic_return=[156292.78]
global_step=656999, episodic_return=[156505.88]
global_step=657999, episodic_return=[156217.95]
global_step=658999, episodic_return=[155925.89]
global_step=659999, episodic_return=[73364.75]
global_step=660999, episodic_return=[156213.]
global_step=661999, episodic_return=[156610.45]
global_step=662999, episodic_return=[156104.33]
global_step=663999, episodic_return=[156395.73]
global_step=664999, episodic_return=[156129.48]
global_step=665999, episodic_return=[156300.9]
global_step=666999, episodic_return=[156391.06]
global_step=667999, episodic_return=[156657.44]
global_step=668999, episodic_return=[156783.14]
global_step=669999, episodic_return=[156859.77]
global_step=670999, episodic_return=[156436.88]
global_step=671999, episodic_return=[157397.62]
global_step=672999, episodic_return=[156481.53]
global_step=673999, episodic_return=[156655.72]
global_step=674999, episodic_return=[157185.33]
global_step=675999, episodic_return=[156324.89]
global_step=676999, episodic_return=[157453.45]
global_step=677999, episodic_return=[156432.17]
global_step=678999, episodic_return=[155968.16]
global_step=679999, episodic_return=[156715.97]
global_step=680999, episodic_return=[147364.08]
global_step=681999, episodic_return=[156568.27]
global_step=682999, episodic_return=[156400.66]
global_step=683999, episodic_return=[156465.28]
global_step=684999, episodic_return=[156628.23]
global_step=685999, episodic_return=[156489.88]
global_step=686999, episodic_return=[156294.72]
global_step=687999, episodic_return=[156457.8]
global_step=688999, episodic_return=[156391.69]
global_step=689999, episodic_return=[157007.31]
global_step=690999, episodic_return=[157028.61]
global_step=691999, episodic_return=[156434.23]
global_step=692999, episodic_return=[156878.8]
global_step=693999, episodic_return=[156546.86]
global_step=694999, episodic_return=[156835.52]
global_step=695999, episodic_return=[156306.52]
global_step=696999, episodic_return=[156460.94]
global_step=697999, episodic_return=[155722.31]
global_step=698999, episodic_return=[156636.19]
global_step=699999, episodic_return=[156628.28]
global_step=700999, episodic_return=[156680.94]
global_step=701999, episodic_return=[156053.88]
global_step=702999, episodic_return=[156038.34]
global_step=703999, episodic_return=[155874.72]
global_step=704999, episodic_return=[156339.8]
global_step=705999, episodic_return=[156754.69]
global_step=706999, episodic_return=[156097.42]
global_step=707999, episodic_return=[156180.12]
global_step=708999, episodic_return=[142394.66]
global_step=709999, episodic_return=[155644.92]
global_step=710999, episodic_return=[156212.08]
global_step=711999, episodic_return=[155705.94]
global_step=712999, episodic_return=[156309.4]
global_step=713999, episodic_return=[157246.03]
global_step=714999, episodic_return=[156755.28]
global_step=715999, episodic_return=[155415.86]
global_step=716999, episodic_return=[155718.53]
global_step=717999, episodic_return=[156542.6]
global_step=718999, episodic_return=[156504.6]
global_step=719999, episodic_return=[156195.52]
global_step=720999, episodic_return=[155990.1]
global_step=721999, episodic_return=[156525.9]
global_step=722999, episodic_return=[156616.89]
global_step=723999, episodic_return=[155802.27]
global_step=724999, episodic_return=[156760.4]
global_step=725999, episodic_return=[156473.19]
global_step=726999, episodic_return=[156821.03]
global_step=727999, episodic_return=[156898.48]
global_step=728999, episodic_return=[156653.94]
global_step=729999, episodic_return=[156128.]
global_step=730999, episodic_return=[157087.02]
global_step=731999, episodic_return=[156716.88]
global_step=732999, episodic_return=[157142.31]
global_step=733999, episodic_return=[157144.44]
global_step=734999, episodic_return=[156405.05]
global_step=735999, episodic_return=[156250.06]
global_step=736999, episodic_return=[156892.28]
global_step=737999, episodic_return=[156295.66]
global_step=738999, episodic_return=[156700.33]
global_step=739999, episodic_return=[156985.66]
global_step=740999, episodic_return=[156468.81]
global_step=741999, episodic_return=[156566.78]
global_step=742999, episodic_return=[156792.62]
global_step=743999, episodic_return=[156553.03]
global_step=744999, episodic_return=[156403.78]
global_step=745999, episodic_return=[156801.06]
global_step=746999, episodic_return=[155953.97]
global_step=747999, episodic_return=[156652.33]
global_step=748999, episodic_return=[156921.44]
global_step=749999, episodic_return=[156698.22]
global_step=750999, episodic_return=[156924.97]
global_step=751999, episodic_return=[156680.92]
global_step=752999, episodic_return=[157416.4]
global_step=753999, episodic_return=[156779.14]
global_step=754999, episodic_return=[157056.7]
global_step=755999, episodic_return=[156406.36]
global_step=756999, episodic_return=[157110.8]
global_step=757999, episodic_return=[156453.12]
global_step=758999, episodic_return=[156830.08]
global_step=759999, episodic_return=[157095.25]
global_step=760999, episodic_return=[156968.86]
global_step=761999, episodic_return=[157042.33]
global_step=762999, episodic_return=[156618.86]
global_step=763999, episodic_return=[156247.39]
global_step=764999, episodic_return=[156809.94]
global_step=765999, episodic_return=[156247.3]
global_step=766999, episodic_return=[156230.66]
global_step=767999, episodic_return=[156747.95]
global_step=768999, episodic_return=[157166.6]
global_step=769999, episodic_return=[156970.83]
global_step=770999, episodic_return=[156637.05]
global_step=771999, episodic_return=[155953.]
global_step=772999, episodic_return=[156753.77]
global_step=773999, episodic_return=[156607.03]
global_step=774999, episodic_return=[157015.3]
global_step=775999, episodic_return=[157042.64]
global_step=776999, episodic_return=[155719.94]
global_step=777999, episodic_return=[155802.84]
global_step=778999, episodic_return=[157185.36]
global_step=779999, episodic_return=[156625.39]
global_step=780999, episodic_return=[156977.61]
global_step=781999, episodic_return=[156586.83]
global_step=782999, episodic_return=[157131.89]
global_step=783999, episodic_return=[156395.83]
global_step=784999, episodic_return=[156382.73]
global_step=785999, episodic_return=[156651.53]
global_step=786999, episodic_return=[156989.5]
global_step=787999, episodic_return=[155906.]
global_step=788999, episodic_return=[156401.77]
global_step=789999, episodic_return=[156539.62]
global_step=790999, episodic_return=[155566.03]
global_step=791999, episodic_return=[156219.5]
global_step=792999, episodic_return=[156511.5]
global_step=793999, episodic_return=[156728.11]
global_step=794999, episodic_return=[156253.06]
global_step=795999, episodic_return=[156259.17]
global_step=796999, episodic_return=[155752.94]
global_step=797999, episodic_return=[156730.7]
global_step=798999, episodic_return=[156903.39]
global_step=799999, episodic_return=[156031.8]
global_step=800999, episodic_return=[156842.88]
global_step=801999, episodic_return=[156967.72]
global_step=802999, episodic_return=[156960.95]
global_step=803999, episodic_return=[156716.12]
global_step=804999, episodic_return=[156216.25]
global_step=805999, episodic_return=[156714.33]
global_step=806999, episodic_return=[156715.11]
global_step=807999, episodic_return=[156622.55]
global_step=808999, episodic_return=[156453.34]
global_step=809999, episodic_return=[156518.8]
global_step=810999, episodic_return=[156954.98]
global_step=811999, episodic_return=[157174.67]
global_step=812999, episodic_return=[156782.17]
global_step=813999, episodic_return=[156635.81]
global_step=814999, episodic_return=[156399.7]
global_step=815999, episodic_return=[155681.58]
global_step=816999, episodic_return=[156707.14]
global_step=817999, episodic_return=[156835.7]
global_step=818999, episodic_return=[156639.47]
global_step=819999, episodic_return=[156971.11]
global_step=820999, episodic_return=[156767.02]
global_step=821999, episodic_return=[157026.86]
global_step=822999, episodic_return=[156498.27]
global_step=823999, episodic_return=[156228.36]
global_step=824999, episodic_return=[156216.53]
global_step=825999, episodic_return=[156991.9]
global_step=826999, episodic_return=[156770.58]
global_step=827999, episodic_return=[157066.14]
global_step=828999, episodic_return=[156806.9]
global_step=829999, episodic_return=[156884.55]
global_step=830999, episodic_return=[156945.73]
global_step=831999, episodic_return=[156733.72]
global_step=832999, episodic_return=[156383.88]
global_step=833999, episodic_return=[156536.45]
global_step=834999, episodic_return=[157047.39]
global_step=835999, episodic_return=[156714.61]
global_step=836999, episodic_return=[156462.06]
global_step=837999, episodic_return=[156785.58]
global_step=838999, episodic_return=[156304.27]
global_step=839999, episodic_return=[156760.73]
global_step=840999, episodic_return=[156630.6]
global_step=841999, episodic_return=[156146.17]
global_step=842999, episodic_return=[156440.69]
global_step=843999, episodic_return=[156147.84]
global_step=844999, episodic_return=[156513.88]
global_step=845999, episodic_return=[156725.98]
global_step=846999, episodic_return=[156648.94]
global_step=847999, episodic_return=[157070.16]
global_step=848999, episodic_return=[156509.56]
global_step=849999, episodic_return=[156312.88]
global_step=850999, episodic_return=[156428.55]
global_step=851999, episodic_return=[156528.95]
global_step=852999, episodic_return=[156868.16]
global_step=853999, episodic_return=[156527.58]
global_step=854999, episodic_return=[157069.83]
global_step=855999, episodic_return=[156930.86]
global_step=856999, episodic_return=[156822.92]
global_step=857999, episodic_return=[156699.58]
global_step=858999, episodic_return=[156972.34]
global_step=859999, episodic_return=[157074.1]
global_step=860999, episodic_return=[156410.11]
global_step=861999, episodic_return=[156592.08]
global_step=862999, episodic_return=[156800.75]
global_step=863999, episodic_return=[156352.8]
global_step=864999, episodic_return=[156407.34]
global_step=865999, episodic_return=[156701.95]
global_step=866999, episodic_return=[156604.33]
global_step=867999, episodic_return=[156072.9]
global_step=868999, episodic_return=[156854.5]
global_step=869999, episodic_return=[156506.56]
global_step=870999, episodic_return=[157220.23]
global_step=871999, episodic_return=[156715.61]
global_step=872999, episodic_return=[156456.7]
global_step=873999, episodic_return=[156858.56]
global_step=874999, episodic_return=[156671.02]
global_step=875999, episodic_return=[156989.3]
global_step=876999, episodic_return=[156902.83]
global_step=877999, episodic_return=[156928.47]
global_step=878999, episodic_return=[156594.86]
global_step=879999, episodic_return=[156717.64]
global_step=880999, episodic_return=[156717.16]
global_step=881999, episodic_return=[156732.48]
global_step=882999, episodic_return=[156259.81]
global_step=883999, episodic_return=[156558.11]
global_step=884999, episodic_return=[157046.5]
global_step=885999, episodic_return=[156348.66]
global_step=886999, episodic_return=[156697.75]
global_step=887999, episodic_return=[156690.14]
global_step=888999, episodic_return=[156683.38]
global_step=889999, episodic_return=[156863.97]
global_step=890999, episodic_return=[156858.28]
global_step=891999, episodic_return=[156633.08]
global_step=892999, episodic_return=[156836.17]
global_step=893999, episodic_return=[157131.61]
global_step=894999, episodic_return=[156776.22]
global_step=895999, episodic_return=[156585.36]
global_step=896999, episodic_return=[157168.08]
global_step=897999, episodic_return=[157333.77]
global_step=898999, episodic_return=[157691.55]
global_step=899999, episodic_return=[156873.72]
global_step=900999, episodic_return=[156761.39]
global_step=901999, episodic_return=[156766.11]
global_step=902999, episodic_return=[157029.11]
global_step=903999, episodic_return=[156761.56]
global_step=904999, episodic_return=[156594.89]
global_step=905999, episodic_return=[156207.95]
global_step=906999, episodic_return=[156742.92]
global_step=907999, episodic_return=[156374.3]
global_step=908999, episodic_return=[156205.14]
global_step=909999, episodic_return=[156807.19]
global_step=910999, episodic_return=[156730.14]
global_step=911999, episodic_return=[157115.23]
global_step=912999, episodic_return=[156894.05]
global_step=913999, episodic_return=[156701.19]
global_step=914999, episodic_return=[157093.94]
global_step=915999, episodic_return=[156679.14]
global_step=916999, episodic_return=[156882.34]
global_step=917999, episodic_return=[157133.67]
global_step=918999, episodic_return=[156916.16]
global_step=919999, episodic_return=[157081.47]
global_step=920999, episodic_return=[157353.7]
global_step=921999, episodic_return=[156855.44]
global_step=922999, episodic_return=[156912.88]
global_step=923999, episodic_return=[156496.67]
global_step=924999, episodic_return=[156632.06]
global_step=925999, episodic_return=[156697.05]
global_step=926999, episodic_return=[156982.27]
global_step=927999, episodic_return=[157164.02]
global_step=928999, episodic_return=[156868.06]
global_step=929999, episodic_return=[157041.11]
global_step=930999, episodic_return=[156420.61]
global_step=931999, episodic_return=[156837.44]
global_step=932999, episodic_return=[156505.4]
global_step=933999, episodic_return=[156652.86]
global_step=934999, episodic_return=[156900.42]
global_step=935999, episodic_return=[156773.83]
global_step=936999, episodic_return=[156654.81]
global_step=937999, episodic_return=[156880.78]
global_step=938999, episodic_return=[156765.39]
global_step=939999, episodic_return=[156617.28]
global_step=940999, episodic_return=[156972.58]
global_step=941999, episodic_return=[156495.28]
global_step=942999, episodic_return=[156835.72]
global_step=943999, episodic_return=[156920.88]
global_step=944999, episodic_return=[156492.7]
global_step=945999, episodic_return=[156687.11]
global_step=946999, episodic_return=[157174.97]
global_step=947999, episodic_return=[156515.2]
global_step=948999, episodic_return=[156672.48]
global_step=949999, episodic_return=[156737.75]
global_step=950999, episodic_return=[156941.36]
global_step=951999, episodic_return=[156910.48]
global_step=952999, episodic_return=[156944.33]
global_step=953999, episodic_return=[156439.83]
global_step=954999, episodic_return=[156946.23]
global_step=955999, episodic_return=[157343.12]
global_step=956999, episodic_return=[156683.98]
global_step=957999, episodic_return=[156983.77]
global_step=958999, episodic_return=[156306.03]
global_step=959999, episodic_return=[157231.67]
global_step=960999, episodic_return=[156888.31]
global_step=961999, episodic_return=[156656.62]
global_step=962999, episodic_return=[156845.97]
global_step=963999, episodic_return=[156637.19]
global_step=964999, episodic_return=[156767.08]
global_step=965999, episodic_return=[157056.62]
global_step=966999, episodic_return=[157151.39]
global_step=967999, episodic_return=[156737.19]
global_step=968999, episodic_return=[157022.84]
global_step=969999, episodic_return=[156508.23]
global_step=970999, episodic_return=[156563.73]
global_step=971999, episodic_return=[156573.39]
global_step=972999, episodic_return=[156561.05]
global_step=973999, episodic_return=[156761.5]
global_step=974999, episodic_return=[156839.28]
global_step=975999, episodic_return=[156603.48]
global_step=976999, episodic_return=[156404.25]
global_step=977999, episodic_return=[156866.16]
global_step=978999, episodic_return=[156835.97]
global_step=979999, episodic_return=[156682.34]
global_step=980999, episodic_return=[156564.77]
global_step=981999, episodic_return=[156840.48]
global_step=982999, episodic_return=[156682.05]
global_step=983999, episodic_return=[156185.27]
global_step=984999, episodic_return=[157078.88]
global_step=985999, episodic_return=[156632.33]
global_step=986999, episodic_return=[157030.61]
global_step=987999, episodic_return=[157035.38]
global_step=988999, episodic_return=[156561.95]
global_step=989999, episodic_return=[156706.16]
global_step=990999, episodic_return=[156682.8]
global_step=991999, episodic_return=[156195.14]
global_step=992999, episodic_return=[156968.4]
global_step=993999, episodic_return=[156651.72]
global_step=994999, episodic_return=[156781.98]
global_step=995999, episodic_return=[156599.88]
global_step=996999, episodic_return=[156453.4]
global_step=997999, episodic_return=[156687.03]
global_step=998999, episodic_return=[156680.73]
global_step=999999, episodic_return=[156804.81]
global_step=1000999, episodic_return=[156418.1]
global_step=1001999, episodic_return=[156540.67]
global_step=1002999, episodic_return=[156518.64]
global_step=1003999, episodic_return=[156435.45]
global_step=1004999, episodic_return=[156989.61]
global_step=1005999, episodic_return=[156719.88]
global_step=1006999, episodic_return=[156934.66]
global_step=1007999, episodic_return=[155972.83]
global_step=1008999, episodic_return=[156957.3]
global_step=1009999, episodic_return=[156566.05]
global_step=1010999, episodic_return=[156557.4]
global_step=1011999, episodic_return=[156375.33]
global_step=1012999, episodic_return=[156462.27]
global_step=1013999, episodic_return=[156139.83]
global_step=1014999, episodic_return=[156969.55]
global_step=1015999, episodic_return=[156801.14]
global_step=1016999, episodic_return=[156576.61]
global_step=1017999, episodic_return=[156658.47]
global_step=1018999, episodic_return=[156691.45]
global_step=1019999, episodic_return=[156589.06]
global_step=1020999, episodic_return=[156587.48]
global_step=1021999, episodic_return=[156756.28]
global_step=1022999, episodic_return=[156740.1]
global_step=1023999, episodic_return=[156613.61]
global_step=1024999, episodic_return=[156421.34]
global_step=1025999, episodic_return=[155849.14]
global_step=1026999, episodic_return=[156992.19]
global_step=1027999, episodic_return=[157010.25]
global_step=1028999, episodic_return=[156540.52]
global_step=1029999, episodic_return=[156279.58]
global_step=1030999, episodic_return=[156912.84]
global_step=1031999, episodic_return=[155845.61]
global_step=1032999, episodic_return=[149155.14]
global_step=1033999, episodic_return=[156474.75]
global_step=1034999, episodic_return=[155678.12]
global_step=1035999, episodic_return=[156180.22]
global_step=1036999, episodic_return=[156796.78]
global_step=1037999, episodic_return=[157089.97]
global_step=1038999, episodic_return=[156682.42]
global_step=1039999, episodic_return=[157320.69]
global_step=1040999, episodic_return=[156175.86]
global_step=1041999, episodic_return=[156749.78]
global_step=1042999, episodic_return=[156272.39]
global_step=1043999, episodic_return=[156440.19]
global_step=1044999, episodic_return=[156522.69]
global_step=1045999, episodic_return=[156293.25]
global_step=1046999, episodic_return=[155434.6]
global_step=1047999, episodic_return=[156387.72]
global_step=1048999, episodic_return=[156937.5]
global_step=1049999, episodic_return=[156700.25]
global_step=1050999, episodic_return=[156649.78]
global_step=1051999, episodic_return=[156051.06]
global_step=1052999, episodic_return=[155935.45]
global_step=1053999, episodic_return=[155209.95]
global_step=1054999, episodic_return=[156832.06]
global_step=1055999, episodic_return=[156344.39]
global_step=1056999, episodic_return=[156087.53]
global_step=1057999, episodic_return=[156410.64]
global_step=1058999, episodic_return=[156205.72]
global_step=1059999, episodic_return=[157493.27]
global_step=1060999, episodic_return=[156693.22]
global_step=1061999, episodic_return=[156010.72]
global_step=1062999, episodic_return=[154213.1]
global_step=1063999, episodic_return=[156372.78]
global_step=1064999, episodic_return=[155587.4]
global_step=1065999, episodic_return=[156211.77]
global_step=1066999, episodic_return=[156458.14]
global_step=1067999, episodic_return=[156452.61]
global_step=1068999, episodic_return=[156396.95]
global_step=1069999, episodic_return=[156924.02]
global_step=1070999, episodic_return=[156110.78]
global_step=1071999, episodic_return=[157148.22]
global_step=1072999, episodic_return=[157041.22]
global_step=1073999, episodic_return=[157136.89]
global_step=1074999, episodic_return=[157010.7]
global_step=1075999, episodic_return=[49834.68]
global_step=1076999, episodic_return=[157402.22]
global_step=1077999, episodic_return=[155949.]
global_step=1078999, episodic_return=[156372.97]
global_step=1079999, episodic_return=[155987.03]
global_step=1080999, episodic_return=[155626.05]
global_step=1081999, episodic_return=[156561.58]
global_step=1082999, episodic_return=[156195.06]
global_step=1083999, episodic_return=[155266.84]
global_step=1084999, episodic_return=[156720.5]
global_step=1085999, episodic_return=[156519.84]
global_step=1086999, episodic_return=[156708.88]
global_step=1087999, episodic_return=[156826.]
global_step=1088999, episodic_return=[156354.48]
global_step=1089999, episodic_return=[156967.56]
global_step=1090999, episodic_return=[156995.9]
global_step=1091999, episodic_return=[155987.58]
global_step=1092999, episodic_return=[156711.19]
global_step=1093999, episodic_return=[156962.27]
global_step=1094999, episodic_return=[156769.78]
global_step=1095999, episodic_return=[156888.39]
global_step=1096999, episodic_return=[156656.28]
global_step=1097999, episodic_return=[154835.69]
global_step=1098999, episodic_return=[155651.9]
global_step=1099999, episodic_return=[155864.38]
global_step=1100999, episodic_return=[156340.19]
global_step=1101999, episodic_return=[156107.31]
global_step=1102999, episodic_return=[156693.56]
global_step=1103999, episodic_return=[155292.]
global_step=1104999, episodic_return=[154013.72]
global_step=1105999, episodic_return=[156601.2]
global_step=1106999, episodic_return=[155862.36]
global_step=1107999, episodic_return=[155342.19]
global_step=1108999, episodic_return=[155249.55]
global_step=1109999, episodic_return=[156264.44]
global_step=1110999, episodic_return=[156042.42]
global_step=1111999, episodic_return=[156280.84]
global_step=1112999, episodic_return=[156224.67]
global_step=1113999, episodic_return=[156014.72]
global_step=1114999, episodic_return=[156034.86]
global_step=1115999, episodic_return=[157111.48]
global_step=1116999, episodic_return=[156775.11]
global_step=1117999, episodic_return=[156644.42]
global_step=1118999, episodic_return=[156201.58]
global_step=1119999, episodic_return=[156935.66]
global_step=1120999, episodic_return=[157028.]
global_step=1121999, episodic_return=[157077.17]
global_step=1122999, episodic_return=[156389.3]
global_step=1123999, episodic_return=[155705.38]
global_step=1124999, episodic_return=[156500.17]
global_step=1125999, episodic_return=[155909.27]
global_step=1126999, episodic_return=[154648.42]
global_step=1127999, episodic_return=[156628.5]
global_step=1128999, episodic_return=[156418.42]
global_step=1129999, episodic_return=[154439.72]
global_step=1130999, episodic_return=[154040.77]
global_step=1131999, episodic_return=[156187.27]
global_step=1132999, episodic_return=[156348.2]
global_step=1133999, episodic_return=[156962.19]
global_step=1134999, episodic_return=[154780.81]
global_step=1135999, episodic_return=[155543.78]
global_step=1136999, episodic_return=[155593.58]
global_step=1137999, episodic_return=[155544.16]
global_step=1138999, episodic_return=[155881.03]
global_step=1139999, episodic_return=[155074.7]
global_step=1140999, episodic_return=[145955.38]
global_step=1141999, episodic_return=[151572.14]
global_step=1142999, episodic_return=[152996.69]
global_step=1143999, episodic_return=[152711.3]
global_step=1144999, episodic_return=[152340.3]
global_step=1145999, episodic_return=[155217.69]
global_step=1146999, episodic_return=[154773.03]
global_step=1147999, episodic_return=[156353.78]
global_step=1148999, episodic_return=[156412.53]
global_step=1149999, episodic_return=[156346.3]
global_step=1150999, episodic_return=[156497.64]
global_step=1151999, episodic_return=[156230.06]
global_step=1152999, episodic_return=[155663.61]
global_step=1153999, episodic_return=[156573.12]
global_step=1154999, episodic_return=[155287.92]
global_step=1155999, episodic_return=[102077.6]
global_step=1156999, episodic_return=[153375.48]
global_step=1157999, episodic_return=[155024.98]
global_step=1158999, episodic_return=[155224.89]
global_step=1159999, episodic_return=[154759.75]
global_step=1160999, episodic_return=[156016.83]
global_step=1161999, episodic_return=[156629.67]
global_step=1162999, episodic_return=[154536.42]
global_step=1163999, episodic_return=[154316.38]
global_step=1164999, episodic_return=[156038.5]
global_step=1165999, episodic_return=[155775.9]
global_step=1166999, episodic_return=[155532.28]
global_step=1167999, episodic_return=[155227.73]
global_step=1168999, episodic_return=[155534.33]
global_step=1169999, episodic_return=[157466.19]
global_step=1170999, episodic_return=[154209.69]
global_step=1171999, episodic_return=[157025.44]
global_step=1172999, episodic_return=[156747.72]
global_step=1173999, episodic_return=[155581.72]
global_step=1174999, episodic_return=[155557.4]
global_step=1175999, episodic_return=[155219.95]
global_step=1176999, episodic_return=[155807.45]
global_step=1177999, episodic_return=[154760.55]
global_step=1178999, episodic_return=[150508.3]
global_step=1179999, episodic_return=[155185.23]
global_step=1180999, episodic_return=[156009.3]
global_step=1181999, episodic_return=[154493.39]
global_step=1182999, episodic_return=[152075.97]
global_step=1183999, episodic_return=[155409.69]
global_step=1184999, episodic_return=[74392.305]
global_step=1185999, episodic_return=[86563.65]
global_step=1186999, episodic_return=[65840.03]
global_step=1187999, episodic_return=[129296.04]
global_step=1188999, episodic_return=[155530.19]
global_step=1189999, episodic_return=[151939.94]
global_step=1190999, episodic_return=[93532.44]
global_step=1191999, episodic_return=[151339.44]
global_step=1192999, episodic_return=[154118.84]
global_step=1193999, episodic_return=[154556.64]
global_step=1194999, episodic_return=[155091.78]
global_step=1195999, episodic_return=[155772.75]
global_step=1196999, episodic_return=[155193.39]
global_step=1197999, episodic_return=[125350.31]
global_step=1198999, episodic_return=[150475.69]
global_step=1199999, episodic_return=[148920.12]
global_step=1200999, episodic_return=[146173.78]
global_step=1201999, episodic_return=[150651.97]
global_step=1202999, episodic_return=[151341.39]
global_step=1203999, episodic_return=[148046.23]
global_step=1204999, episodic_return=[150804.73]
global_step=1205999, episodic_return=[149424.31]
global_step=1206999, episodic_return=[149274.33]
global_step=1207999, episodic_return=[148179.05]
global_step=1208999, episodic_return=[151909.7]
global_step=1209999, episodic_return=[152597.78]
global_step=1210999, episodic_return=[65272.965]
global_step=1211999, episodic_return=[149887.16]
global_step=1212999, episodic_return=[153090.83]
global_step=1213999, episodic_return=[152933.7]
global_step=1214999, episodic_return=[140920.89]
global_step=1215999, episodic_return=[152397.86]
global_step=1216999, episodic_return=[155843.05]
global_step=1217999, episodic_return=[154278.8]
global_step=1218999, episodic_return=[153790.58]
global_step=1219999, episodic_return=[153516.1]
global_step=1220999, episodic_return=[155379.33]
global_step=1221999, episodic_return=[54020.016]
global_step=1222999, episodic_return=[82905.92]
global_step=1223999, episodic_return=[156716.62]
global_step=1224999, episodic_return=[154421.34]
global_step=1225999, episodic_return=[153824.17]
global_step=1226999, episodic_return=[152935.2]
global_step=1227999, episodic_return=[151064.9]
global_step=1228999, episodic_return=[154421.7]
global_step=1229999, episodic_return=[153641.02]
global_step=1230999, episodic_return=[154533.16]
global_step=1231999, episodic_return=[154649.67]
global_step=1232999, episodic_return=[155039.28]
global_step=1233999, episodic_return=[154848.9]
global_step=1234999, episodic_return=[154858.23]
global_step=1235999, episodic_return=[155733.33]
global_step=1236999, episodic_return=[154438.22]
global_step=1237999, episodic_return=[153790.75]
global_step=1238999, episodic_return=[157154.86]
global_step=1239999, episodic_return=[154765.84]
global_step=1240999, episodic_return=[153836.7]
global_step=1241999, episodic_return=[156556.25]
global_step=1242999, episodic_return=[155389.02]
global_step=1243999, episodic_return=[115322.18]
global_step=1244999, episodic_return=[152567.53]
global_step=1245999, episodic_return=[152480.75]
global_step=1246999, episodic_return=[154069.28]
global_step=1247999, episodic_return=[155331.61]
global_step=1248999, episodic_return=[156031.38]
global_step=1249999, episodic_return=[154990.14]
global_step=1250999, episodic_return=[120293.63]
global_step=1251999, episodic_return=[149245.03]
global_step=1252999, episodic_return=[154512.6]
global_step=1253999, episodic_return=[153033.67]
global_step=1254999, episodic_return=[151331.73]
global_step=1255999, episodic_return=[149465.33]
global_step=1256999, episodic_return=[151918.67]
global_step=1257999, episodic_return=[149857.12]
global_step=1258999, episodic_return=[148402.38]
global_step=1259999, episodic_return=[151700.06]
global_step=1260999, episodic_return=[153257.45]
global_step=1261999, episodic_return=[154700.38]
global_step=1262999, episodic_return=[153715.61]
global_step=1263999, episodic_return=[154627.98]
global_step=1264999, episodic_return=[153754.98]
global_step=1265999, episodic_return=[156458.34]
global_step=1266999, episodic_return=[154588.34]
global_step=1267999, episodic_return=[156183.55]
global_step=1268999, episodic_return=[154705.94]
global_step=1269999, episodic_return=[154339.84]
global_step=1270999, episodic_return=[89582.65]
global_step=1271999, episodic_return=[156323.9]
global_step=1272999, episodic_return=[156341.38]
global_step=1273999, episodic_return=[109744.67]
global_step=1274999, episodic_return=[155122.62]
global_step=1275999, episodic_return=[156163.58]
global_step=1276999, episodic_return=[155783.55]
global_step=1277999, episodic_return=[81928.375]
global_step=1278999, episodic_return=[149214.16]
global_step=1279999, episodic_return=[151685.2]
global_step=1280999, episodic_return=[156136.78]
global_step=1281999, episodic_return=[117341.836]
global_step=1282999, episodic_return=[66553.305]
global_step=1283999, episodic_return=[84400.44]
global_step=1284999, episodic_return=[59935.336]
global_step=1285999, episodic_return=[79942.625]
global_step=1286999, episodic_return=[105047.55]
global_step=1287999, episodic_return=[152062.28]
global_step=1288999, episodic_return=[73382.46]
global_step=1289999, episodic_return=[63854.81]
global_step=1290999, episodic_return=[156163.22]
global_step=1291999, episodic_return=[152104.]
global_step=1292999, episodic_return=[156253.12]
global_step=1293999, episodic_return=[106139.05]
global_step=1294999, episodic_return=[155778.23]
global_step=1295999, episodic_return=[155412.86]
global_step=1296999, episodic_return=[120019.8]
global_step=1297999, episodic_return=[126747.71]
global_step=1298999, episodic_return=[139922.16]
global_step=1299999, episodic_return=[89284.336]
global_step=1300999, episodic_return=[154188.25]
global_step=1301999, episodic_return=[154944.78]
global_step=1302999, episodic_return=[148332.]
global_step=1303999, episodic_return=[150398.17]
global_step=1304999, episodic_return=[90099.125]
global_step=1305999, episodic_return=[144865.38]
global_step=1306999, episodic_return=[141277.66]
global_step=1307999, episodic_return=[146414.4]
global_step=1308999, episodic_return=[147619.08]
global_step=1309999, episodic_return=[149136.62]
global_step=1310999, episodic_return=[149644.62]
global_step=1311999, episodic_return=[146786.9]
global_step=1312999, episodic_return=[144760.22]
global_step=1313999, episodic_return=[148574.83]
global_step=1314999, episodic_return=[146322.05]
global_step=1315999, episodic_return=[145083.14]
global_step=1316999, episodic_return=[152424.95]
global_step=1317999, episodic_return=[152763.89]
global_step=1318999, episodic_return=[152369.4]
global_step=1319999, episodic_return=[133373.08]
global_step=1320999, episodic_return=[153543.58]
global_step=1321999, episodic_return=[155953.05]
global_step=1322999, episodic_return=[153553.34]
global_step=1323999, episodic_return=[138020.61]
global_step=1324999, episodic_return=[153179.36]
global_step=1325999, episodic_return=[154539.31]
global_step=1326999, episodic_return=[146209.61]
global_step=1327999, episodic_return=[149309.47]
global_step=1328999, episodic_return=[155653.69]
global_step=1329999, episodic_return=[152897.34]
global_step=1330999, episodic_return=[155702.81]
global_step=1331999, episodic_return=[154978.86]
global_step=1332999, episodic_return=[154898.]
global_step=1333999, episodic_return=[154126.27]
global_step=1334999, episodic_return=[154711.36]
global_step=1335999, episodic_return=[155064.67]
global_step=1336999, episodic_return=[104822.44]
global_step=1337999, episodic_return=[156981.27]
global_step=1338999, episodic_return=[155380.1]
global_step=1339999, episodic_return=[156419.2]
global_step=1340999, episodic_return=[153810.83]
global_step=1341999, episodic_return=[154525.19]
global_step=1342999, episodic_return=[150864.4]
global_step=1343999, episodic_return=[156367.94]
global_step=1344999, episodic_return=[155351.58]
global_step=1345999, episodic_return=[125610.53]
global_step=1346999, episodic_return=[156912.12]
global_step=1347999, episodic_return=[118554.13]
global_step=1348999, episodic_return=[156719.38]
global_step=1349999, episodic_return=[156055.33]
global_step=1350999, episodic_return=[117400.33]
global_step=1351999, episodic_return=[154429.12]
global_step=1352999, episodic_return=[155756.17]
global_step=1353999, episodic_return=[155833.34]
global_step=1354999, episodic_return=[145995.97]
global_step=1355999, episodic_return=[154802.33]
global_step=1356999, episodic_return=[105080.445]
global_step=1357999, episodic_return=[155176.]
global_step=1358999, episodic_return=[148939.16]
global_step=1359999, episodic_return=[155465.44]
global_step=1360999, episodic_return=[155407.11]
global_step=1361999, episodic_return=[154996.2]
global_step=1362999, episodic_return=[155296.19]
global_step=1363999, episodic_return=[153048.61]
global_step=1364999, episodic_return=[153567.1]
global_step=1365999, episodic_return=[152109.45]
global_step=1366999, episodic_return=[151592.14]
global_step=1367999, episodic_return=[154773.53]
global_step=1368999, episodic_return=[152313.8]
global_step=1369999, episodic_return=[153136.83]
global_step=1370999, episodic_return=[155927.66]
global_step=1371999, episodic_return=[156910.62]
global_step=1372999, episodic_return=[124970.484]
global_step=1373999, episodic_return=[156032.]
global_step=1374999, episodic_return=[156207.55]
global_step=1375999, episodic_return=[156275.58]
global_step=1376999, episodic_return=[154359.98]
global_step=1377999, episodic_return=[156948.42]
global_step=1378999, episodic_return=[156299.92]
global_step=1379999, episodic_return=[156248.36]
global_step=1380999, episodic_return=[156614.53]
global_step=1381999, episodic_return=[156722.02]
global_step=1382999, episodic_return=[156811.89]
global_step=1383999, episodic_return=[154197.14]
global_step=1384999, episodic_return=[156570.94]
global_step=1385999, episodic_return=[156345.06]
global_step=1386999, episodic_return=[156794.08]
global_step=1387999, episodic_return=[156211.34]
global_step=1388999, episodic_return=[157129.31]
global_step=1389999, episodic_return=[156225.36]
global_step=1390999, episodic_return=[156837.34]
global_step=1391999, episodic_return=[156910.53]
global_step=1392999, episodic_return=[156337.44]
global_step=1393999, episodic_return=[156485.2]
global_step=1394999, episodic_return=[136224.03]
global_step=1395999, episodic_return=[156672.58]
global_step=1396999, episodic_return=[156036.22]
global_step=1397999, episodic_return=[156814.77]
global_step=1398999, episodic_return=[156417.61]
global_step=1399999, episodic_return=[153016.55]
global_step=1400999, episodic_return=[156983.12]
global_step=1401999, episodic_return=[156394.53]
global_step=1402999, episodic_return=[155592.94]
global_step=1403999, episodic_return=[155924.52]
global_step=1404999, episodic_return=[155692.28]
global_step=1405999, episodic_return=[154731.67]
global_step=1406999, episodic_return=[156932.3]
global_step=1407999, episodic_return=[156934.94]
global_step=1408999, episodic_return=[155271.36]
global_step=1409999, episodic_return=[156103.97]
global_step=1410999, episodic_return=[84824.89]
global_step=1411999, episodic_return=[156720.14]
global_step=1412999, episodic_return=[155291.88]
global_step=1413999, episodic_return=[156160.55]
global_step=1414999, episodic_return=[156675.77]
global_step=1415999, episodic_return=[156008.6]
global_step=1416999, episodic_return=[156410.02]
global_step=1417999, episodic_return=[155364.97]
global_step=1418999, episodic_return=[155754.53]
global_step=1419999, episodic_return=[156324.75]
global_step=1420999, episodic_return=[155681.3]
global_step=1421999, episodic_return=[155627.27]
global_step=1422999, episodic_return=[156750.9]
global_step=1423999, episodic_return=[155150.62]
global_step=1424999, episodic_return=[155907.]
global_step=1425999, episodic_return=[153128.62]
global_step=1426999, episodic_return=[153121.7]
global_step=1427999, episodic_return=[154697.23]
global_step=1428999, episodic_return=[155834.17]
global_step=1429999, episodic_return=[155331.2]
global_step=1430999, episodic_return=[156746.33]
global_step=1431999, episodic_return=[155298.33]
global_step=1432999, episodic_return=[154738.6]
global_step=1433999, episodic_return=[153986.03]
global_step=1434999, episodic_return=[155448.28]
global_step=1435999, episodic_return=[154828.42]
global_step=1436999, episodic_return=[155693.2]
global_step=1437999, episodic_return=[155509.31]
global_step=1438999, episodic_return=[154528.58]
global_step=1439999, episodic_return=[154319.92]
global_step=1440999, episodic_return=[154628.88]
global_step=1441999, episodic_return=[154542.05]
global_step=1442999, episodic_return=[155438.16]
global_step=1443999, episodic_return=[153118.48]
global_step=1444999, episodic_return=[155216.58]
global_step=1445999, episodic_return=[153881.4]
global_step=1446999, episodic_return=[152773.92]
global_step=1447999, episodic_return=[154090.31]
global_step=1448999, episodic_return=[154769.36]
global_step=1449999, episodic_return=[65737.72]
global_step=1450999, episodic_return=[155764.05]
global_step=1451999, episodic_return=[155449.67]
global_step=1452999, episodic_return=[151988.72]
global_step=1453999, episodic_return=[155593.47]
global_step=1454999, episodic_return=[151011.56]
global_step=1455999, episodic_return=[153071.42]
global_step=1456999, episodic_return=[155599.52]
global_step=1457999, episodic_return=[155399.08]
global_step=1458999, episodic_return=[155028.55]
global_step=1459999, episodic_return=[155275.1]
global_step=1460999, episodic_return=[155918.81]
global_step=1461999, episodic_return=[155831.8]
global_step=1462999, episodic_return=[155806.39]
global_step=1463999, episodic_return=[155066.52]
global_step=1464999, episodic_return=[157040.77]
global_step=1465999, episodic_return=[153163.77]
global_step=1466999, episodic_return=[156321.12]
global_step=1467999, episodic_return=[156831.36]
global_step=1468999, episodic_return=[155850.4]
global_step=1469999, episodic_return=[156132.34]
global_step=1470999, episodic_return=[156207.34]
global_step=1471999, episodic_return=[156731.25]
global_step=1472999, episodic_return=[155714.69]
global_step=1473999, episodic_return=[152388.9]
global_step=1474999, episodic_return=[152971.02]
global_step=1475999, episodic_return=[156960.83]
global_step=1476999, episodic_return=[153593.66]
global_step=1477999, episodic_return=[152937.36]
global_step=1478999, episodic_return=[131547.94]
global_step=1479999, episodic_return=[124585.73]
global_step=1480999, episodic_return=[132851.25]
global_step=1481999, episodic_return=[155634.27]
global_step=1482999, episodic_return=[156793.78]
global_step=1483999, episodic_return=[151629.22]
global_step=1484999, episodic_return=[108943.23]
global_step=1485999, episodic_return=[156064.27]
global_step=1486999, episodic_return=[156824.42]
global_step=1487999, episodic_return=[156325.44]
global_step=1488999, episodic_return=[155965.67]
global_step=1489999, episodic_return=[156667.89]
global_step=1490999, episodic_return=[156124.92]
global_step=1491999, episodic_return=[156578.45]
global_step=1492999, episodic_return=[81280.29]
global_step=1493999, episodic_return=[156174.52]
global_step=1494999, episodic_return=[155185.89]
global_step=1495999, episodic_return=[98696.07]
global_step=1496999, episodic_return=[155605.83]
global_step=1497999, episodic_return=[155722.9]
global_step=1498999, episodic_return=[156209.25]
global_step=1499999, episodic_return=[155299.75]