
True
/tmp/env/lib/python3.8/site-packages/gymnasium/utils/passive_env_checker.py:135: UserWarning: [33mWARN: The obs returned by the `reset()` method was expecting numpy array dtype to be <class 'numpy.float32'>, actual type: float64
  logger.warn(
/tmp/env/lib/python3.8/site-packages/gymnasium/utils/passive_env_checker.py:159: UserWarning: [33mWARN: The obs returned by the `reset()` method is not within the observation space.
  logger.warn(f"{pre} is not within the observation space.")
/tmp/env/lib/python3.8/site-packages/gymnasium/utils/passive_env_checker.py:135: UserWarning: [33mWARN: The obs returned by the `step()` method was expecting numpy array dtype to be <class 'numpy.float32'>, actual type: float64
  logger.warn(
/tmp/env/lib/python3.8/site-packages/gymnasium/utils/passive_env_checker.py:159: UserWarning: [33mWARN: The obs returned by the `step()` method is not within the observation space.
  logger.warn(f"{pre} is not within the observation space.")
global_step=999, episodic_return=[32589.504]
global_step=1999, episodic_return=[34008.]
global_step=2999, episodic_return=[32849.715]
global_step=3999, episodic_return=[35553.17]
global_step=4999, episodic_return=[33115.113]
wandb: WARNING Step cannot be set when using syncing with tensorboard. Please log your step values as a metric such as 'global_step'
global_step=5999, episodic_return=[32161.225]
global_step=6999, episodic_return=[47375.254]
global_step=7999, episodic_return=[62800.453]
global_step=8999, episodic_return=[107298.4]
global_step=9999, episodic_return=[86843.72]
global_step=10999, episodic_return=[88834.04]
global_step=11999, episodic_return=[92169.414]
global_step=12999, episodic_return=[95624.875]
global_step=13999, episodic_return=[66840.44]
global_step=14999, episodic_return=[83383.69]
global_step=15999, episodic_return=[82354.59]
global_step=16999, episodic_return=[62395.004]
global_step=17999, episodic_return=[55340.68]
global_step=18999, episodic_return=[57865.418]
global_step=19999, episodic_return=[60133.14]
global_step=20999, episodic_return=[49636.312]
global_step=21999, episodic_return=[79232.99]
global_step=22999, episodic_return=[74857.58]
global_step=23999, episodic_return=[83695.17]
global_step=24999, episodic_return=[68661.04]
global_step=25999, episodic_return=[77926.43]
global_step=26999, episodic_return=[76395.234]
global_step=27999, episodic_return=[120829.8]
global_step=28999, episodic_return=[126007.82]
global_step=29999, episodic_return=[76807.22]
global_step=30999, episodic_return=[87882.22]
global_step=31999, episodic_return=[118607.77]
global_step=32999, episodic_return=[120469.7]
global_step=33999, episodic_return=[124682.23]
global_step=34999, episodic_return=[102105.37]
global_step=35999, episodic_return=[35857.652]
global_step=36999, episodic_return=[79348.]
global_step=37999, episodic_return=[130683.484]
global_step=38999, episodic_return=[78079.39]
global_step=39999, episodic_return=[130252.11]
global_step=40999, episodic_return=[125167.83]
global_step=41999, episodic_return=[130570.414]
global_step=42999, episodic_return=[80082.89]
global_step=43999, episodic_return=[67652.3]
global_step=44999, episodic_return=[127710.02]
global_step=45999, episodic_return=[130719.87]
global_step=46999, episodic_return=[131519.11]
global_step=47999, episodic_return=[94378.47]
global_step=48999, episodic_return=[114818.6]
global_step=49999, episodic_return=[87341.84]
global_step=50999, episodic_return=[58480.44]
global_step=51999, episodic_return=[75612.414]
global_step=52999, episodic_return=[123395.88]
global_step=53999, episodic_return=[125853.28]
global_step=54999, episodic_return=[132615.12]
global_step=55999, episodic_return=[131998.23]
global_step=56999, episodic_return=[129733.16]
global_step=57999, episodic_return=[132908.75]
global_step=58999, episodic_return=[132831.28]
global_step=59999, episodic_return=[133038.44]
global_step=60999, episodic_return=[135813.19]
global_step=61999, episodic_return=[132878.44]
global_step=62999, episodic_return=[132230.97]
global_step=63999, episodic_return=[134874.75]
global_step=64999, episodic_return=[133666.27]
global_step=65999, episodic_return=[134353.3]
global_step=66999, episodic_return=[134779.8]
global_step=67999, episodic_return=[133279.6]
global_step=68999, episodic_return=[134669.5]
global_step=69999, episodic_return=[135026.02]
global_step=70999, episodic_return=[133533.1]
global_step=71999, episodic_return=[133627.4]
global_step=72999, episodic_return=[134704.84]
global_step=73999, episodic_return=[133598.64]
global_step=74999, episodic_return=[134718.14]
global_step=75999, episodic_return=[135269.08]
global_step=76999, episodic_return=[135224.22]
global_step=77999, episodic_return=[134850.9]
global_step=78999, episodic_return=[133510.23]
global_step=79999, episodic_return=[134996.34]
global_step=80999, episodic_return=[133988.64]
global_step=81999, episodic_return=[135468.08]
global_step=82999, episodic_return=[134543.53]
global_step=83999, episodic_return=[135196.12]
global_step=84999, episodic_return=[94808.414]
global_step=85999, episodic_return=[134662.52]
global_step=86999, episodic_return=[133188.08]
global_step=87999, episodic_return=[134253.58]
global_step=88999, episodic_return=[133861.77]
global_step=89999, episodic_return=[134441.88]
global_step=90999, episodic_return=[132707.23]
global_step=91999, episodic_return=[134532.73]
global_step=92999, episodic_return=[133527.61]
global_step=93999, episodic_return=[97016.96]
global_step=94999, episodic_return=[134873.56]
global_step=95999, episodic_return=[133635.77]
global_step=96999, episodic_return=[133145.88]
global_step=97999, episodic_return=[133450.78]
global_step=98999, episodic_return=[132972.75]
global_step=99999, episodic_return=[134132.77]
global_step=100999, episodic_return=[133759.9]
global_step=101999, episodic_return=[133390.36]
global_step=102999, episodic_return=[132173.58]
global_step=103999, episodic_return=[132300.4]
global_step=104999, episodic_return=[132741.53]
global_step=105999, episodic_return=[132382.92]
global_step=106999, episodic_return=[133222.06]
global_step=107999, episodic_return=[133055.52]
global_step=108999, episodic_return=[132754.84]
global_step=109999, episodic_return=[133208.89]
global_step=110999, episodic_return=[132972.34]
global_step=111999, episodic_return=[133704.1]
global_step=112999, episodic_return=[132950.48]
global_step=113999, episodic_return=[132333.58]
global_step=114999, episodic_return=[132475.89]
global_step=115999, episodic_return=[132496.03]
global_step=116999, episodic_return=[133402.98]
global_step=117999, episodic_return=[132988.9]
global_step=118999, episodic_return=[131902.02]
global_step=119999, episodic_return=[131638.66]
global_step=120999, episodic_return=[132445.81]
global_step=121999, episodic_return=[132342.52]
global_step=122999, episodic_return=[133265.53]
global_step=123999, episodic_return=[132887.28]
global_step=124999, episodic_return=[132410.98]
global_step=125999, episodic_return=[132380.14]
global_step=126999, episodic_return=[132327.92]
global_step=127999, episodic_return=[131446.55]
global_step=128999, episodic_return=[134406.08]
global_step=129999, episodic_return=[134202.33]
global_step=130999, episodic_return=[133589.61]
global_step=131999, episodic_return=[134509.36]
global_step=132999, episodic_return=[135055.78]
global_step=133999, episodic_return=[133489.39]
global_step=134999, episodic_return=[133120.67]
global_step=135999, episodic_return=[133634.17]
global_step=136999, episodic_return=[132977.75]
global_step=137999, episodic_return=[134411.73]
global_step=138999, episodic_return=[134200.9]
global_step=139999, episodic_return=[133014.75]
global_step=140999, episodic_return=[132784.44]
global_step=141999, episodic_return=[132612.39]
global_step=142999, episodic_return=[133130.5]
global_step=143999, episodic_return=[133612.92]
global_step=144999, episodic_return=[136268.84]
global_step=145999, episodic_return=[135433.25]
global_step=146999, episodic_return=[134695.97]
global_step=147999, episodic_return=[138399.56]
global_step=148999, episodic_return=[140472.34]
global_step=149999, episodic_return=[140993.83]
global_step=150999, episodic_return=[140235.98]
global_step=151999, episodic_return=[138992.38]
global_step=152999, episodic_return=[139627.25]
global_step=153999, episodic_return=[139604.64]
global_step=154999, episodic_return=[141085.97]
global_step=155999, episodic_return=[142169.75]
global_step=156999, episodic_return=[141309.11]
global_step=157999, episodic_return=[142181.28]
global_step=158999, episodic_return=[142170.55]
global_step=159999, episodic_return=[142448.47]
global_step=160999, episodic_return=[144680.7]
global_step=161999, episodic_return=[127004.375]
global_step=162999, episodic_return=[138758.23]
global_step=163999, episodic_return=[136993.77]
global_step=164999, episodic_return=[130310.266]
global_step=165999, episodic_return=[144758.2]
global_step=166999, episodic_return=[134903.27]
global_step=167999, episodic_return=[146014.38]
global_step=168999, episodic_return=[105212.1]
global_step=169999, episodic_return=[134736.39]
global_step=170999, episodic_return=[119917.375]
global_step=171999, episodic_return=[134273.22]
global_step=172999, episodic_return=[96451.19]
global_step=173999, episodic_return=[143966.12]
global_step=174999, episodic_return=[133060.61]
global_step=175999, episodic_return=[120979.87]
global_step=176999, episodic_return=[137999.47]
global_step=177999, episodic_return=[140435.1]
global_step=178999, episodic_return=[143860.22]
global_step=179999, episodic_return=[137376.9]
global_step=180999, episodic_return=[110741.914]
global_step=181999, episodic_return=[141645.27]
global_step=182999, episodic_return=[138026.55]
global_step=183999, episodic_return=[142868.52]
global_step=184999, episodic_return=[143576.36]
global_step=185999, episodic_return=[143266.45]
global_step=186999, episodic_return=[145440.27]
global_step=187999, episodic_return=[143886.33]
global_step=188999, episodic_return=[131817.98]
global_step=189999, episodic_return=[119859.47]
global_step=190999, episodic_return=[143363.62]
global_step=191999, episodic_return=[142532.02]
global_step=192999, episodic_return=[140755.78]
global_step=193999, episodic_return=[141489.02]
global_step=194999, episodic_return=[138922.19]
global_step=195999, episodic_return=[138499.67]
global_step=196999, episodic_return=[141457.69]
global_step=197999, episodic_return=[141989.02]
global_step=198999, episodic_return=[140942.47]
global_step=199999, episodic_return=[149703.84]
global_step=200999, episodic_return=[144619.47]
global_step=201999, episodic_return=[141168.23]
global_step=202999, episodic_return=[140058.8]
global_step=203999, episodic_return=[136655.58]
global_step=204999, episodic_return=[72622.34]
global_step=205999, episodic_return=[145023.11]
global_step=206999, episodic_return=[138557.19]
global_step=207999, episodic_return=[138650.45]
global_step=208999, episodic_return=[146401.19]
global_step=209999, episodic_return=[148657.16]
global_step=210999, episodic_return=[141025.53]
global_step=211999, episodic_return=[149995.42]
global_step=212999, episodic_return=[143920.84]
global_step=213999, episodic_return=[132675.61]
global_step=214999, episodic_return=[146394.27]
global_step=215999, episodic_return=[148003.16]
global_step=216999, episodic_return=[151993.9]
global_step=217999, episodic_return=[152207.86]
global_step=218999, episodic_return=[128123.88]
global_step=219999, episodic_return=[147866.05]
global_step=220999, episodic_return=[152926.67]
global_step=221999, episodic_return=[146935.38]
global_step=222999, episodic_return=[154126.98]
global_step=223999, episodic_return=[144235.84]
global_step=224999, episodic_return=[101283.03]
global_step=225999, episodic_return=[152077.02]
global_step=226999, episodic_return=[148782.77]
global_step=227999, episodic_return=[111350.95]
global_step=228999, episodic_return=[148112.05]
global_step=229999, episodic_return=[117155.22]
global_step=230999, episodic_return=[148983.06]
global_step=231999, episodic_return=[152321.12]
global_step=232999, episodic_return=[151000.86]
global_step=233999, episodic_return=[152241.]
global_step=234999, episodic_return=[146703.92]
global_step=235999, episodic_return=[149818.62]
global_step=236999, episodic_return=[149737.33]
global_step=237999, episodic_return=[148944.97]
global_step=238999, episodic_return=[145918.47]
global_step=239999, episodic_return=[135232.81]
global_step=240999, episodic_return=[150802.83]
global_step=241999, episodic_return=[149760.19]
global_step=242999, episodic_return=[151583.16]
global_step=243999, episodic_return=[150642.5]
global_step=244999, episodic_return=[146350.28]
global_step=245999, episodic_return=[148127.69]
global_step=246999, episodic_return=[149796.67]
global_step=247999, episodic_return=[150786.36]
global_step=248999, episodic_return=[149807.64]
global_step=249999, episodic_return=[149565.61]
global_step=250999, episodic_return=[148257.19]
global_step=251999, episodic_return=[147380.7]
global_step=252999, episodic_return=[150386.98]
global_step=253999, episodic_return=[148909.92]
global_step=254999, episodic_return=[151092.83]
global_step=255999, episodic_return=[148273.52]
global_step=256999, episodic_return=[148767.14]
global_step=257999, episodic_return=[150024.12]
global_step=258999, episodic_return=[151571.6]
global_step=259999, episodic_return=[151737.78]
global_step=260999, episodic_return=[151837.72]
global_step=261999, episodic_return=[150811.58]
global_step=262999, episodic_return=[152169.08]
global_step=263999, episodic_return=[153179.28]
global_step=264999, episodic_return=[152319.52]
global_step=265999, episodic_return=[149470.23]
global_step=266999, episodic_return=[152865.34]
global_step=267999, episodic_return=[151621.02]
global_step=268999, episodic_return=[153221.1]
global_step=269999, episodic_return=[148710.75]
global_step=270999, episodic_return=[149742.7]
global_step=271999, episodic_return=[151266.27]
global_step=272999, episodic_return=[148086.19]
global_step=273999, episodic_return=[152651.61]
global_step=274999, episodic_return=[153454.61]
global_step=275999, episodic_return=[153166.47]
global_step=276999, episodic_return=[151749.19]
global_step=277999, episodic_return=[152883.62]
global_step=278999, episodic_return=[151484.5]
global_step=279999, episodic_return=[153438.64]
global_step=280999, episodic_return=[153053.03]
global_step=281999, episodic_return=[151359.45]
global_step=282999, episodic_return=[150243.14]
global_step=283999, episodic_return=[151700.28]
global_step=284999, episodic_return=[150335.19]
global_step=285999, episodic_return=[152826.27]
global_step=286999, episodic_return=[152387.14]
global_step=287999, episodic_return=[151136.3]
global_step=288999, episodic_return=[151302.02]
global_step=289999, episodic_return=[151850.31]
global_step=290999, episodic_return=[152913.44]
global_step=291999, episodic_return=[153012.89]
global_step=292999, episodic_return=[154266.12]
global_step=293999, episodic_return=[152956.61]
global_step=294999, episodic_return=[152080.55]
global_step=295999, episodic_return=[150509.47]
global_step=296999, episodic_return=[151736.27]
global_step=297999, episodic_return=[152398.22]
global_step=298999, episodic_return=[152595.73]
global_step=299999, episodic_return=[153740.84]
global_step=300999, episodic_return=[153685.36]
global_step=301999, episodic_return=[153881.77]
global_step=302999, episodic_return=[140994.25]
global_step=303999, episodic_return=[154113.34]
global_step=304999, episodic_return=[153931.42]
global_step=305999, episodic_return=[154013.6]
global_step=306999, episodic_return=[153300.1]
global_step=307999, episodic_return=[155607.02]
global_step=308999, episodic_return=[153603.67]
global_step=309999, episodic_return=[153643.]
global_step=310999, episodic_return=[153246.92]
global_step=311999, episodic_return=[153452.1]
global_step=312999, episodic_return=[153905.55]
global_step=313999, episodic_return=[152926.4]
global_step=314999, episodic_return=[150201.78]
global_step=315999, episodic_return=[153355.11]
global_step=316999, episodic_return=[153952.17]
global_step=317999, episodic_return=[154162.]
global_step=318999, episodic_return=[154497.05]
global_step=319999, episodic_return=[154809.55]
global_step=320999, episodic_return=[153339.77]
global_step=321999, episodic_return=[154691.42]
global_step=322999, episodic_return=[153258.02]
global_step=323999, episodic_return=[83823.41]
global_step=324999, episodic_return=[153462.73]
global_step=325999, episodic_return=[151561.53]
global_step=326999, episodic_return=[153384.73]
global_step=327999, episodic_return=[150201.22]
global_step=328999, episodic_return=[151630.84]
global_step=329999, episodic_return=[153505.75]
global_step=330999, episodic_return=[152378.31]
global_step=331999, episodic_return=[154039.58]
global_step=332999, episodic_return=[153199.81]
global_step=333999, episodic_return=[154419.94]
global_step=334999, episodic_return=[151904.33]
global_step=335999, episodic_return=[152349.34]
global_step=336999, episodic_return=[154822.42]
global_step=337999, episodic_return=[152971.64]
global_step=338999, episodic_return=[153797.98]
global_step=339999, episodic_return=[152847.05]
global_step=340999, episodic_return=[153447.44]
global_step=341999, episodic_return=[154398.92]
global_step=342999, episodic_return=[153940.08]
global_step=343999, episodic_return=[154665.83]
global_step=344999, episodic_return=[154465.14]
global_step=345999, episodic_return=[154568.36]
global_step=346999, episodic_return=[148716.42]
global_step=347999, episodic_return=[155307.8]
global_step=348999, episodic_return=[154317.58]
global_step=349999, episodic_return=[154037.11]
global_step=350999, episodic_return=[154417.22]
global_step=351999, episodic_return=[148115.23]
global_step=352999, episodic_return=[152334.4]
global_step=353999, episodic_return=[150417.89]
global_step=354999, episodic_return=[154056.62]
global_step=355999, episodic_return=[155773.36]
global_step=356999, episodic_return=[154166.38]
global_step=357999, episodic_return=[154169.75]
global_step=358999, episodic_return=[154407.83]
global_step=359999, episodic_return=[152978.19]
global_step=360999, episodic_return=[151963.3]
global_step=361999, episodic_return=[154186.4]
global_step=362999, episodic_return=[153582.77]
global_step=363999, episodic_return=[154552.33]
global_step=364999, episodic_return=[154598.27]
global_step=365999, episodic_return=[152805.73]
global_step=366999, episodic_return=[153825.1]
global_step=367999, episodic_return=[154372.03]
global_step=368999, episodic_return=[154057.66]
global_step=369999, episodic_return=[153975.48]
global_step=370999, episodic_return=[154013.12]
global_step=371999, episodic_return=[154945.2]
global_step=372999, episodic_return=[154934.88]
global_step=373999, episodic_return=[154016.77]
global_step=374999, episodic_return=[153220.83]
global_step=375999, episodic_return=[153977.12]
global_step=376999, episodic_return=[155465.12]
global_step=377999, episodic_return=[153761.44]
global_step=378999, episodic_return=[154207.66]
global_step=379999, episodic_return=[153620.89]
global_step=380999, episodic_return=[121047.35]
global_step=381999, episodic_return=[153152.06]
global_step=382999, episodic_return=[153131.7]
global_step=383999, episodic_return=[154802.58]
global_step=384999, episodic_return=[154825.17]
global_step=385999, episodic_return=[153431.62]
global_step=386999, episodic_return=[154308.9]
global_step=387999, episodic_return=[154863.14]
global_step=388999, episodic_return=[154488.02]
global_step=389999, episodic_return=[153476.69]
global_step=390999, episodic_return=[154334.45]
global_step=391999, episodic_return=[153075.67]
global_step=392999, episodic_return=[153875.12]
global_step=393999, episodic_return=[150306.94]
global_step=394999, episodic_return=[152250.27]
global_step=395999, episodic_return=[152205.22]
global_step=396999, episodic_return=[153859.47]
global_step=397999, episodic_return=[153645.55]
global_step=398999, episodic_return=[154438.33]
global_step=399999, episodic_return=[154068.94]
global_step=400999, episodic_return=[155292.58]
global_step=401999, episodic_return=[152952.23]
global_step=402999, episodic_return=[152975.1]
global_step=403999, episodic_return=[154236.1]
global_step=404999, episodic_return=[152888.8]
global_step=405999, episodic_return=[153543.02]
global_step=406999, episodic_return=[154316.52]
global_step=407999, episodic_return=[154070.36]
global_step=408999, episodic_return=[154212.72]
global_step=409999, episodic_return=[153885.06]
global_step=410999, episodic_return=[151326.05]
global_step=411999, episodic_return=[151553.33]
global_step=412999, episodic_return=[152736.23]
global_step=413999, episodic_return=[152607.66]
global_step=414999, episodic_return=[152537.58]
global_step=415999, episodic_return=[154337.45]
global_step=416999, episodic_return=[154230.2]
global_step=417999, episodic_return=[153144.03]
global_step=418999, episodic_return=[154272.05]
global_step=419999, episodic_return=[153943.38]
global_step=420999, episodic_return=[155089.4]
global_step=421999, episodic_return=[154271.02]
global_step=422999, episodic_return=[154376.52]
global_step=423999, episodic_return=[154171.02]
global_step=424999, episodic_return=[154033.02]
global_step=425999, episodic_return=[155015.22]
global_step=426999, episodic_return=[154238.62]
global_step=427999, episodic_return=[155083.9]
global_step=428999, episodic_return=[154319.8]
global_step=429999, episodic_return=[154726.83]
global_step=430999, episodic_return=[154009.52]
global_step=431999, episodic_return=[154816.42]
global_step=432999, episodic_return=[152864.1]
global_step=433999, episodic_return=[150091.7]
global_step=434999, episodic_return=[153476.14]
global_step=435999, episodic_return=[153479.33]
global_step=436999, episodic_return=[154853.25]
global_step=437999, episodic_return=[154699.89]
global_step=438999, episodic_return=[154766.86]
global_step=439999, episodic_return=[154588.44]
global_step=440999, episodic_return=[155355.58]
global_step=441999, episodic_return=[154254.8]
global_step=442999, episodic_return=[154618.97]
global_step=443999, episodic_return=[154091.45]
global_step=444999, episodic_return=[154755.6]
global_step=445999, episodic_return=[155443.45]
global_step=446999, episodic_return=[154460.9]
global_step=447999, episodic_return=[154256.97]
global_step=448999, episodic_return=[152789.2]
global_step=449999, episodic_return=[154673.39]
global_step=450999, episodic_return=[154865.97]
global_step=451999, episodic_return=[155045.33]
global_step=452999, episodic_return=[154171.94]
global_step=453999, episodic_return=[154414.45]
global_step=454999, episodic_return=[153322.6]
global_step=455999, episodic_return=[139363.12]
global_step=456999, episodic_return=[153804.34]
global_step=457999, episodic_return=[154135.6]
global_step=458999, episodic_return=[154410.12]
global_step=459999, episodic_return=[154866.3]
global_step=460999, episodic_return=[154767.62]
global_step=461999, episodic_return=[155030.12]
global_step=462999, episodic_return=[151936.05]
global_step=463999, episodic_return=[152738.38]
global_step=464999, episodic_return=[153664.39]
global_step=465999, episodic_return=[152935.]
global_step=466999, episodic_return=[154259.97]
global_step=467999, episodic_return=[153506.83]
global_step=468999, episodic_return=[154083.3]
global_step=469999, episodic_return=[154661.1]
global_step=470999, episodic_return=[155291.62]
global_step=471999, episodic_return=[155273.34]
global_step=472999, episodic_return=[154986.34]
global_step=473999, episodic_return=[153852.83]
global_step=474999, episodic_return=[151967.42]
global_step=475999, episodic_return=[154579.45]
global_step=476999, episodic_return=[154550.34]
global_step=477999, episodic_return=[154689.56]
global_step=478999, episodic_return=[154074.44]
global_step=479999, episodic_return=[152931.08]
global_step=480999, episodic_return=[153872.8]
global_step=481999, episodic_return=[153241.25]
global_step=482999, episodic_return=[153650.23]
global_step=483999, episodic_return=[152835.62]
global_step=484999, episodic_return=[153401.66]
global_step=485999, episodic_return=[154500.]
global_step=486999, episodic_return=[154544.75]
global_step=487999, episodic_return=[154620.47]
global_step=488999, episodic_return=[154762.52]
global_step=489999, episodic_return=[153534.53]
global_step=490999, episodic_return=[154075.77]
global_step=491999, episodic_return=[154762.89]
global_step=492999, episodic_return=[154946.11]
global_step=493999, episodic_return=[153748.03]
global_step=494999, episodic_return=[152891.05]
global_step=495999, episodic_return=[154153.94]
global_step=496999, episodic_return=[153546.38]
global_step=497999, episodic_return=[154672.47]
global_step=498999, episodic_return=[155094.08]
global_step=499999, episodic_return=[154426.61]
global_step=500999, episodic_return=[154842.28]
global_step=501999, episodic_return=[154817.61]
global_step=502999, episodic_return=[155036.1]
global_step=503999, episodic_return=[154849.77]
global_step=504999, episodic_return=[153527.34]
global_step=505999, episodic_return=[154434.55]
global_step=506999, episodic_return=[155327.95]
global_step=507999, episodic_return=[154352.61]
global_step=508999, episodic_return=[155221.98]
global_step=509999, episodic_return=[154409.94]
global_step=510999, episodic_return=[155305.11]
global_step=511999, episodic_return=[155170.69]
global_step=512999, episodic_return=[155044.]
global_step=513999, episodic_return=[154162.67]
global_step=514999, episodic_return=[156437.03]
global_step=515999, episodic_return=[154859.64]
global_step=516999, episodic_return=[155253.1]
global_step=517999, episodic_return=[155006.2]
global_step=518999, episodic_return=[155042.19]
global_step=519999, episodic_return=[155740.06]
global_step=520999, episodic_return=[155308.31]
global_step=521999, episodic_return=[155230.64]
global_step=522999, episodic_return=[156007.16]
global_step=523999, episodic_return=[154758.52]
global_step=524999, episodic_return=[154628.66]
global_step=525999, episodic_return=[154981.38]
global_step=526999, episodic_return=[155941.69]
global_step=527999, episodic_return=[157088.48]
global_step=528999, episodic_return=[155495.47]
global_step=529999, episodic_return=[155126.11]
global_step=530999, episodic_return=[156456.22]
global_step=531999, episodic_return=[155554.6]
global_step=532999, episodic_return=[156156.1]
global_step=533999, episodic_return=[154365.62]
global_step=534999, episodic_return=[154889.34]
global_step=535999, episodic_return=[155782.05]
global_step=536999, episodic_return=[154994.11]
global_step=537999, episodic_return=[155265.97]
global_step=538999, episodic_return=[154146.03]
global_step=539999, episodic_return=[156314.22]
global_step=540999, episodic_return=[155264.02]
global_step=541999, episodic_return=[154249.02]
global_step=542999, episodic_return=[155309.38]
global_step=543999, episodic_return=[154504.34]
global_step=544999, episodic_return=[155555.64]
global_step=545999, episodic_return=[154727.48]
global_step=546999, episodic_return=[155794.84]
global_step=547999, episodic_return=[155517.38]
global_step=548999, episodic_return=[155915.81]
global_step=549999, episodic_return=[154353.05]
global_step=550999, episodic_return=[155648.56]
global_step=551999, episodic_return=[155924.8]
global_step=552999, episodic_return=[154577.11]
global_step=553999, episodic_return=[155963.12]
global_step=554999, episodic_return=[155757.31]
global_step=555999, episodic_return=[156569.36]
global_step=556999, episodic_return=[154863.7]
global_step=557999, episodic_return=[156286.75]
global_step=558999, episodic_return=[157314.22]
global_step=559999, episodic_return=[156238.6]
global_step=560999, episodic_return=[155636.25]
global_step=561999, episodic_return=[156361.78]
global_step=562999, episodic_return=[157268.72]
global_step=563999, episodic_return=[155593.25]
global_step=564999, episodic_return=[154869.19]
global_step=565999, episodic_return=[158393.27]
global_step=566999, episodic_return=[150283.27]
global_step=567999, episodic_return=[157946.78]
global_step=568999, episodic_return=[156796.06]
global_step=569999, episodic_return=[155505.84]
global_step=570999, episodic_return=[155919.58]
global_step=571999, episodic_return=[156089.77]
global_step=572999, episodic_return=[156170.7]
global_step=573999, episodic_return=[154566.42]
global_step=574999, episodic_return=[156383.62]
global_step=575999, episodic_return=[157153.1]
global_step=576999, episodic_return=[152292.03]
global_step=577999, episodic_return=[155319.66]
global_step=578999, episodic_return=[152412.64]
global_step=579999, episodic_return=[155598.55]
global_step=580999, episodic_return=[156814.47]
global_step=581999, episodic_return=[156725.53]
global_step=582999, episodic_return=[155706.28]
global_step=583999, episodic_return=[156119.19]
global_step=584999, episodic_return=[156549.17]
global_step=585999, episodic_return=[156815.72]
global_step=586999, episodic_return=[156408.83]
global_step=587999, episodic_return=[156273.5]
global_step=588999, episodic_return=[156003.1]
global_step=589999, episodic_return=[156409.39]
global_step=590999, episodic_return=[158561.55]
global_step=591999, episodic_return=[155990.83]
global_step=592999, episodic_return=[158198.62]
global_step=593999, episodic_return=[153981.34]
global_step=594999, episodic_return=[156479.47]
global_step=595999, episodic_return=[156758.83]
global_step=596999, episodic_return=[157805.6]
global_step=597999, episodic_return=[156433.47]
global_step=598999, episodic_return=[154904.12]
global_step=599999, episodic_return=[155824.88]
global_step=600999, episodic_return=[155878.84]
global_step=601999, episodic_return=[156037.6]
global_step=602999, episodic_return=[156370.88]
global_step=603999, episodic_return=[154428.47]
global_step=604999, episodic_return=[156799.97]
global_step=605999, episodic_return=[154611.23]
global_step=606999, episodic_return=[156927.72]
global_step=607999, episodic_return=[156750.39]
global_step=608999, episodic_return=[155160.6]
global_step=609999, episodic_return=[155301.53]
global_step=610999, episodic_return=[156309.22]
global_step=611999, episodic_return=[156031.27]
global_step=612999, episodic_return=[157416.03]
global_step=613999, episodic_return=[156954.9]
global_step=614999, episodic_return=[156589.12]
global_step=615999, episodic_return=[156985.22]
global_step=616999, episodic_return=[157069.81]
global_step=617999, episodic_return=[156204.52]
global_step=618999, episodic_return=[156451.56]
global_step=619999, episodic_return=[155743.06]
global_step=620999, episodic_return=[158084.86]
global_step=621999, episodic_return=[156267.11]
global_step=622999, episodic_return=[156453.94]
global_step=623999, episodic_return=[157728.6]
global_step=624999, episodic_return=[154956.98]
global_step=625999, episodic_return=[156988.48]
global_step=626999, episodic_return=[156291.73]
global_step=627999, episodic_return=[157083.19]
global_step=628999, episodic_return=[156249.67]
global_step=629999, episodic_return=[157721.14]
global_step=630999, episodic_return=[157129.22]
global_step=631999, episodic_return=[154657.45]
global_step=632999, episodic_return=[158812.28]
global_step=633999, episodic_return=[157564.33]
global_step=634999, episodic_return=[156179.12]
global_step=635999, episodic_return=[156300.5]
global_step=636999, episodic_return=[156171.75]
global_step=637999, episodic_return=[156002.97]
global_step=638999, episodic_return=[157692.66]
global_step=639999, episodic_return=[156680.61]
global_step=640999, episodic_return=[156862.27]
global_step=641999, episodic_return=[156811.56]
global_step=642999, episodic_return=[155558.8]
global_step=643999, episodic_return=[156399.53]
global_step=644999, episodic_return=[158924.42]
global_step=645999, episodic_return=[155950.67]
global_step=646999, episodic_return=[155427.94]
global_step=647999, episodic_return=[155530.77]
global_step=648999, episodic_return=[156474.25]
global_step=649999, episodic_return=[156026.52]
global_step=650999, episodic_return=[155730.53]
global_step=651999, episodic_return=[156360.47]
global_step=652999, episodic_return=[155865.3]
global_step=653999, episodic_return=[156215.56]
global_step=654999, episodic_return=[156936.97]
global_step=655999, episodic_return=[156170.67]
global_step=656999, episodic_return=[157968.17]
global_step=657999, episodic_return=[158239.92]
global_step=658999, episodic_return=[156678.19]
global_step=659999, episodic_return=[153636.95]
global_step=660999, episodic_return=[156279.12]
global_step=661999, episodic_return=[157278.98]
global_step=662999, episodic_return=[157128.95]
global_step=663999, episodic_return=[157158.1]
global_step=664999, episodic_return=[156537.98]
global_step=665999, episodic_return=[157667.08]
global_step=666999, episodic_return=[156331.45]
global_step=667999, episodic_return=[154897.89]
global_step=668999, episodic_return=[155899.98]
global_step=669999, episodic_return=[154938.17]
global_step=670999, episodic_return=[156070.72]
global_step=671999, episodic_return=[153262.72]
global_step=672999, episodic_return=[157608.55]
global_step=673999, episodic_return=[155598.9]
global_step=674999, episodic_return=[155641.03]
global_step=675999, episodic_return=[156688.53]
global_step=676999, episodic_return=[155806.]
global_step=677999, episodic_return=[155642.64]
global_step=678999, episodic_return=[157250.84]
global_step=679999, episodic_return=[157011.58]
global_step=680999, episodic_return=[156905.75]
global_step=681999, episodic_return=[155261.5]
global_step=682999, episodic_return=[155803.78]
global_step=683999, episodic_return=[156574.39]
global_step=684999, episodic_return=[155619.9]
global_step=685999, episodic_return=[155274.89]
global_step=686999, episodic_return=[156116.25]
global_step=687999, episodic_return=[155219.25]
global_step=688999, episodic_return=[156500.17]
global_step=689999, episodic_return=[155487.38]
global_step=690999, episodic_return=[156280.73]
global_step=691999, episodic_return=[156276.88]
global_step=692999, episodic_return=[156487.02]
global_step=693999, episodic_return=[157831.83]
global_step=694999, episodic_return=[157233.6]
global_step=695999, episodic_return=[156431.72]
global_step=696999, episodic_return=[156141.83]
global_step=697999, episodic_return=[157828.]
global_step=698999, episodic_return=[155994.6]
global_step=699999, episodic_return=[156806.03]
global_step=700999, episodic_return=[155940.48]
global_step=701999, episodic_return=[155726.44]
global_step=702999, episodic_return=[156456.56]
global_step=703999, episodic_return=[155311.1]
global_step=704999, episodic_return=[156025.47]
global_step=705999, episodic_return=[157064.06]
global_step=706999, episodic_return=[156139.58]
global_step=707999, episodic_return=[155864.62]
global_step=708999, episodic_return=[156307.6]
global_step=709999, episodic_return=[156668.1]
global_step=710999, episodic_return=[156361.08]
global_step=711999, episodic_return=[156323.23]
global_step=712999, episodic_return=[158696.89]
global_step=713999, episodic_return=[124773.05]
global_step=714999, episodic_return=[156055.2]
global_step=715999, episodic_return=[156187.27]
global_step=716999, episodic_return=[157314.94]
global_step=717999, episodic_return=[156132.83]
global_step=718999, episodic_return=[155672.33]
global_step=719999, episodic_return=[155414.78]
global_step=720999, episodic_return=[157210.56]
global_step=721999, episodic_return=[156751.53]
global_step=722999, episodic_return=[157850.31]
global_step=723999, episodic_return=[155166.94]
global_step=724999, episodic_return=[153975.02]
global_step=725999, episodic_return=[155401.]
global_step=726999, episodic_return=[155990.97]
global_step=727999, episodic_return=[155657.33]
global_step=728999, episodic_return=[155847.42]
global_step=729999, episodic_return=[156089.12]
global_step=730999, episodic_return=[155912.67]
global_step=731999, episodic_return=[158606.84]
global_step=732999, episodic_return=[158445.27]
global_step=733999, episodic_return=[155083.33]
global_step=734999, episodic_return=[156131.03]
global_step=735999, episodic_return=[155469.6]
global_step=736999, episodic_return=[156222.12]
global_step=737999, episodic_return=[155695.33]
global_step=738999, episodic_return=[156174.84]
global_step=739999, episodic_return=[157753.02]
global_step=740999, episodic_return=[155816.3]
global_step=741999, episodic_return=[156718.86]
global_step=742999, episodic_return=[157137.66]
global_step=743999, episodic_return=[156115.72]
global_step=744999, episodic_return=[155705.48]
global_step=745999, episodic_return=[157845.53]
global_step=746999, episodic_return=[156611.97]
global_step=747999, episodic_return=[156203.19]
global_step=748999, episodic_return=[156205.62]
global_step=749999, episodic_return=[156894.97]
global_step=750999, episodic_return=[156861.5]
global_step=751999, episodic_return=[155384.3]
global_step=752999, episodic_return=[158661.3]
global_step=753999, episodic_return=[158190.06]
global_step=754999, episodic_return=[155802.9]
global_step=755999, episodic_return=[155819.06]
global_step=756999, episodic_return=[157509.72]
global_step=757999, episodic_return=[156527.62]
global_step=758999, episodic_return=[158620.22]
global_step=759999, episodic_return=[156264.14]
global_step=760999, episodic_return=[156073.08]
global_step=761999, episodic_return=[156985.75]
global_step=762999, episodic_return=[156666.]
global_step=763999, episodic_return=[156198.61]
global_step=764999, episodic_return=[156594.39]
global_step=765999, episodic_return=[156741.67]
global_step=766999, episodic_return=[156978.33]
global_step=767999, episodic_return=[154320.52]
global_step=768999, episodic_return=[157349.56]
global_step=769999, episodic_return=[157220.16]
global_step=770999, episodic_return=[155576.27]
global_step=771999, episodic_return=[158375.55]
global_step=772999, episodic_return=[156354.69]
global_step=773999, episodic_return=[155247.27]
global_step=774999, episodic_return=[155123.83]
global_step=775999, episodic_return=[155551.28]
global_step=776999, episodic_return=[156262.52]
global_step=777999, episodic_return=[155497.38]
global_step=778999, episodic_return=[156542.8]
global_step=779999, episodic_return=[156916.06]
global_step=780999, episodic_return=[156354.92]
global_step=781999, episodic_return=[156943.56]
global_step=782999, episodic_return=[156575.3]
global_step=783999, episodic_return=[156424.86]
global_step=784999, episodic_return=[156898.23]
global_step=785999, episodic_return=[157805.95]
global_step=786999, episodic_return=[155089.23]
global_step=787999, episodic_return=[155140.1]
global_step=788999, episodic_return=[156711.23]
global_step=789999, episodic_return=[155418.89]
global_step=790999, episodic_return=[156445.62]
global_step=791999, episodic_return=[156045.2]
global_step=792999, episodic_return=[155635.05]
global_step=793999, episodic_return=[156072.86]
global_step=794999, episodic_return=[155401.34]
global_step=795999, episodic_return=[156582.42]
global_step=796999, episodic_return=[156711.17]
global_step=797999, episodic_return=[156760.83]
global_step=798999, episodic_return=[157359.81]
global_step=799999, episodic_return=[157424.92]
global_step=800999, episodic_return=[156159.06]
global_step=801999, episodic_return=[156320.81]
global_step=802999, episodic_return=[157577.53]
global_step=803999, episodic_return=[154863.11]
global_step=804999, episodic_return=[154797.31]
global_step=805999, episodic_return=[155273.47]
global_step=806999, episodic_return=[157912.89]
global_step=807999, episodic_return=[156710.92]
global_step=808999, episodic_return=[155410.19]
global_step=809999, episodic_return=[156573.9]
global_step=810999, episodic_return=[157007.66]
global_step=811999, episodic_return=[155660.75]
global_step=812999, episodic_return=[158658.98]
global_step=813999, episodic_return=[156709.95]
global_step=814999, episodic_return=[155790.56]
global_step=815999, episodic_return=[156415.22]
global_step=816999, episodic_return=[157473.62]
global_step=817999, episodic_return=[155092.3]
global_step=818999, episodic_return=[155315.17]
global_step=819999, episodic_return=[156880.36]
global_step=820999, episodic_return=[155805.17]
global_step=821999, episodic_return=[156483.25]
global_step=822999, episodic_return=[157048.92]
global_step=823999, episodic_return=[156626.22]
global_step=824999, episodic_return=[158097.92]
global_step=825999, episodic_return=[156086.81]
global_step=826999, episodic_return=[156947.05]
global_step=827999, episodic_return=[156249.56]
global_step=828999, episodic_return=[155457.08]
global_step=829999, episodic_return=[155447.38]
global_step=830999, episodic_return=[155927.73]
global_step=831999, episodic_return=[155464.02]
global_step=832999, episodic_return=[156037.44]
global_step=833999, episodic_return=[157432.12]
global_step=834999, episodic_return=[155311.9]
global_step=835999, episodic_return=[155403.77]
global_step=836999, episodic_return=[155827.23]
global_step=837999, episodic_return=[155943.64]
global_step=838999, episodic_return=[156646.67]
global_step=839999, episodic_return=[157236.89]
global_step=840999, episodic_return=[157629.8]
global_step=841999, episodic_return=[154418.77]
global_step=842999, episodic_return=[155721.94]
global_step=843999, episodic_return=[156653.27]
global_step=844999, episodic_return=[156891.84]
global_step=845999, episodic_return=[156946.39]
global_step=846999, episodic_return=[155748.14]
global_step=847999, episodic_return=[156801.11]
global_step=848999, episodic_return=[156622.11]
global_step=849999, episodic_return=[157784.31]
global_step=850999, episodic_return=[158403.86]
global_step=851999, episodic_return=[158231.3]
global_step=852999, episodic_return=[158765.02]
global_step=853999, episodic_return=[160297.1]
global_step=854999, episodic_return=[156499.33]
global_step=855999, episodic_return=[158058.23]
global_step=856999, episodic_return=[157990.67]
global_step=857999, episodic_return=[157479.75]
global_step=858999, episodic_return=[156631.8]
global_step=859999, episodic_return=[155916.58]
global_step=860999, episodic_return=[158511.08]
global_step=861999, episodic_return=[155962.69]
global_step=862999, episodic_return=[155891.02]
global_step=863999, episodic_return=[158027.8]
global_step=864999, episodic_return=[157737.9]
global_step=865999, episodic_return=[157963.73]
global_step=866999, episodic_return=[159204.23]
global_step=867999, episodic_return=[157304.69]
global_step=868999, episodic_return=[158508.]
global_step=869999, episodic_return=[155407.52]
global_step=870999, episodic_return=[159544.08]
global_step=871999, episodic_return=[157152.2]
global_step=872999, episodic_return=[158034.12]
global_step=873999, episodic_return=[155703.33]
global_step=874999, episodic_return=[155542.92]
global_step=875999, episodic_return=[155943.52]
global_step=876999, episodic_return=[157825.66]
global_step=877999, episodic_return=[156980.52]
global_step=878999, episodic_return=[157291.28]
global_step=879999, episodic_return=[156809.4]
global_step=880999, episodic_return=[156972.48]
global_step=881999, episodic_return=[156167.62]
global_step=882999, episodic_return=[155836.67]
global_step=883999, episodic_return=[154718.81]
global_step=884999, episodic_return=[155588.38]
global_step=885999, episodic_return=[157099.12]
global_step=886999, episodic_return=[155829.8]
global_step=887999, episodic_return=[156386.6]
global_step=888999, episodic_return=[156377.39]
global_step=889999, episodic_return=[157243.27]
global_step=890999, episodic_return=[155782.22]
global_step=891999, episodic_return=[155443.89]
global_step=892999, episodic_return=[158559.11]
global_step=893999, episodic_return=[155722.5]
global_step=894999, episodic_return=[157981.14]
global_step=895999, episodic_return=[156030.77]
global_step=896999, episodic_return=[155944.12]
global_step=897999, episodic_return=[155922.62]
global_step=898999, episodic_return=[156858.98]
global_step=899999, episodic_return=[156616.69]
global_step=900999, episodic_return=[156763.25]
global_step=901999, episodic_return=[155378.86]
global_step=902999, episodic_return=[156926.52]
global_step=903999, episodic_return=[156194.73]
global_step=904999, episodic_return=[157767.1]
global_step=905999, episodic_return=[155482.08]
global_step=906999, episodic_return=[156102.48]
global_step=907999, episodic_return=[157021.69]
global_step=908999, episodic_return=[156782.11]
global_step=909999, episodic_return=[156248.17]
global_step=910999, episodic_return=[156800.03]
global_step=911999, episodic_return=[156751.28]
global_step=912999, episodic_return=[154954.97]
global_step=913999, episodic_return=[156574.47]
global_step=914999, episodic_return=[156118.1]
global_step=915999, episodic_return=[155944.2]
global_step=916999, episodic_return=[156277.22]
global_step=917999, episodic_return=[155943.34]
global_step=918999, episodic_return=[156206.16]
global_step=919999, episodic_return=[156423.92]
global_step=920999, episodic_return=[155123.89]
global_step=921999, episodic_return=[155482.9]
global_step=922999, episodic_return=[156711.62]
global_step=923999, episodic_return=[155977.72]
global_step=924999, episodic_return=[156259.53]
global_step=925999, episodic_return=[154878.19]
global_step=926999, episodic_return=[157080.25]
global_step=927999, episodic_return=[155807.05]
global_step=928999, episodic_return=[156885.12]
global_step=929999, episodic_return=[157511.78]
global_step=930999, episodic_return=[157740.28]
global_step=931999, episodic_return=[157881.83]
global_step=932999, episodic_return=[157510.78]
global_step=933999, episodic_return=[157148.06]
global_step=934999, episodic_return=[155856.11]
global_step=935999, episodic_return=[156743.58]
global_step=936999, episodic_return=[156266.12]
global_step=937999, episodic_return=[157207.28]
global_step=938999, episodic_return=[157682.1]
global_step=939999, episodic_return=[156808.6]
global_step=940999, episodic_return=[157650.23]
global_step=941999, episodic_return=[156254.16]
global_step=942999, episodic_return=[157689.1]
global_step=943999, episodic_return=[156868.88]
global_step=944999, episodic_return=[156604.11]
global_step=945999, episodic_return=[157252.36]
global_step=946999, episodic_return=[156353.36]
global_step=947999, episodic_return=[155948.92]
global_step=948999, episodic_return=[156570.33]
global_step=949999, episodic_return=[155857.69]
global_step=950999, episodic_return=[156905.05]
global_step=951999, episodic_return=[156873.75]
global_step=952999, episodic_return=[156103.08]
global_step=953999, episodic_return=[157034.]
global_step=954999, episodic_return=[156811.89]
global_step=955999, episodic_return=[156931.03]
global_step=956999, episodic_return=[157175.94]
global_step=957999, episodic_return=[156871.69]
global_step=958999, episodic_return=[155532.08]
global_step=959999, episodic_return=[155750.78]
global_step=960999, episodic_return=[157629.7]
global_step=961999, episodic_return=[155572.48]
global_step=962999, episodic_return=[157992.56]
global_step=963999, episodic_return=[156553.81]
global_step=964999, episodic_return=[157281.78]
global_step=965999, episodic_return=[158257.94]
global_step=966999, episodic_return=[157833.47]
global_step=967999, episodic_return=[155919.14]
global_step=968999, episodic_return=[158415.12]
global_step=969999, episodic_return=[157143.67]
global_step=970999, episodic_return=[156240.72]
global_step=971999, episodic_return=[157182.94]
global_step=972999, episodic_return=[157044.92]
global_step=973999, episodic_return=[157380.55]
global_step=974999, episodic_return=[156057.58]
global_step=975999, episodic_return=[156263.55]
global_step=976999, episodic_return=[155305.73]
global_step=977999, episodic_return=[156657.]
global_step=978999, episodic_return=[156269.45]
global_step=979999, episodic_return=[157050.12]
global_step=980999, episodic_return=[156684.48]
global_step=981999, episodic_return=[156719.84]
global_step=982999, episodic_return=[156822.5]
global_step=983999, episodic_return=[156307.83]
global_step=984999, episodic_return=[155773.1]
global_step=985999, episodic_return=[158320.86]
global_step=986999, episodic_return=[155594.55]
global_step=987999, episodic_return=[157136.6]
global_step=988999, episodic_return=[156338.94]
global_step=989999, episodic_return=[156434.78]
global_step=990999, episodic_return=[158504.8]
global_step=991999, episodic_return=[156111.47]
global_step=992999, episodic_return=[157075.]
global_step=993999, episodic_return=[157477.3]
global_step=994999, episodic_return=[157851.08]
global_step=995999, episodic_return=[156319.7]
global_step=996999, episodic_return=[155428.95]
global_step=997999, episodic_return=[158629.11]
global_step=998999, episodic_return=[155648.98]
global_step=999999, episodic_return=[155526.86]
global_step=1000999, episodic_return=[157069.86]
global_step=1001999, episodic_return=[156768.56]
global_step=1002999, episodic_return=[157000.92]
global_step=1003999, episodic_return=[155773.11]
global_step=1004999, episodic_return=[156371.38]
global_step=1005999, episodic_return=[156382.28]
global_step=1006999, episodic_return=[155936.8]
global_step=1007999, episodic_return=[156583.2]
global_step=1008999, episodic_return=[156019.77]
global_step=1009999, episodic_return=[158430.34]
global_step=1010999, episodic_return=[157085.]
global_step=1011999, episodic_return=[157476.55]
global_step=1012999, episodic_return=[156094.58]
global_step=1013999, episodic_return=[157398.3]
global_step=1014999, episodic_return=[156553.55]
global_step=1015999, episodic_return=[158249.69]
global_step=1016999, episodic_return=[156652.94]
global_step=1017999, episodic_return=[156701.9]
global_step=1018999, episodic_return=[158379.7]
global_step=1019999, episodic_return=[155886.94]
global_step=1020999, episodic_return=[156223.22]
global_step=1021999, episodic_return=[156527.55]
global_step=1022999, episodic_return=[157123.4]
global_step=1023999, episodic_return=[158221.94]
global_step=1024999, episodic_return=[157684.84]
global_step=1025999, episodic_return=[156542.55]
global_step=1026999, episodic_return=[157854.97]
global_step=1027999, episodic_return=[157086.95]
global_step=1028999, episodic_return=[156267.1]
global_step=1029999, episodic_return=[156671.2]
global_step=1030999, episodic_return=[158316.78]
global_step=1031999, episodic_return=[158666.92]
global_step=1032999, episodic_return=[157464.48]
global_step=1033999, episodic_return=[158708.8]
global_step=1034999, episodic_return=[159231.44]
global_step=1035999, episodic_return=[156835.39]
global_step=1036999, episodic_return=[157224.72]
global_step=1037999, episodic_return=[157539.23]
global_step=1038999, episodic_return=[157000.92]
global_step=1039999, episodic_return=[157974.9]
global_step=1040999, episodic_return=[155522.9]
global_step=1041999, episodic_return=[157600.84]
global_step=1042999, episodic_return=[157395.34]
global_step=1043999, episodic_return=[158699.77]
global_step=1044999, episodic_return=[156707.97]
global_step=1045999, episodic_return=[157316.36]
global_step=1046999, episodic_return=[157270.12]
global_step=1047999, episodic_return=[156858.22]
global_step=1048999, episodic_return=[157331.78]
global_step=1049999, episodic_return=[158297.64]
global_step=1050999, episodic_return=[157697.98]
global_step=1051999, episodic_return=[156068.47]
global_step=1052999, episodic_return=[155947.77]
global_step=1053999, episodic_return=[157110.9]
global_step=1054999, episodic_return=[155630.47]
global_step=1055999, episodic_return=[157643.72]
global_step=1056999, episodic_return=[155954.7]
global_step=1057999, episodic_return=[158112.72]
global_step=1058999, episodic_return=[157137.03]
global_step=1059999, episodic_return=[158140.84]
global_step=1060999, episodic_return=[157909.72]
global_step=1061999, episodic_return=[158491.38]
global_step=1062999, episodic_return=[156911.55]
global_step=1063999, episodic_return=[156062.2]
global_step=1064999, episodic_return=[158182.77]
global_step=1065999, episodic_return=[155727.89]
global_step=1066999, episodic_return=[156668.61]
global_step=1067999, episodic_return=[157767.75]
global_step=1068999, episodic_return=[158348.05]
global_step=1069999, episodic_return=[156672.27]
global_step=1070999, episodic_return=[157326.5]
global_step=1071999, episodic_return=[155460.56]
global_step=1072999, episodic_return=[156963.67]
global_step=1073999, episodic_return=[158482.12]
global_step=1074999, episodic_return=[158385.02]
global_step=1075999, episodic_return=[155317.17]
global_step=1076999, episodic_return=[156315.02]
global_step=1077999, episodic_return=[155911.83]
global_step=1078999, episodic_return=[158005.2]
global_step=1079999, episodic_return=[158003.73]
global_step=1080999, episodic_return=[156585.4]
global_step=1081999, episodic_return=[156920.47]
global_step=1082999, episodic_return=[157205.62]
global_step=1083999, episodic_return=[157575.38]
global_step=1084999, episodic_return=[156612.17]
global_step=1085999, episodic_return=[156289.67]
global_step=1086999, episodic_return=[156397.77]
global_step=1087999, episodic_return=[158798.3]
global_step=1088999, episodic_return=[158442.11]
global_step=1089999, episodic_return=[156199.48]
global_step=1090999, episodic_return=[156168.44]
global_step=1091999, episodic_return=[156892.69]
global_step=1092999, episodic_return=[152952.81]
global_step=1093999, episodic_return=[156561.64]
global_step=1094999, episodic_return=[157130.58]
global_step=1095999, episodic_return=[157504.73]
global_step=1096999, episodic_return=[155742.4]
global_step=1097999, episodic_return=[155748.58]
global_step=1098999, episodic_return=[155352.86]
global_step=1099999, episodic_return=[157274.03]
global_step=1100999, episodic_return=[158042.56]
global_step=1101999, episodic_return=[158298.84]
global_step=1102999, episodic_return=[156129.55]
global_step=1103999, episodic_return=[156662.12]
global_step=1104999, episodic_return=[157479.1]
global_step=1105999, episodic_return=[157598.28]
global_step=1106999, episodic_return=[156622.28]
global_step=1107999, episodic_return=[157275.22]
global_step=1108999, episodic_return=[153416.53]
global_step=1109999, episodic_return=[155856.58]
global_step=1110999, episodic_return=[157194.77]
global_step=1111999, episodic_return=[154891.36]
global_step=1112999, episodic_return=[156603.92]
global_step=1113999, episodic_return=[157225.88]
global_step=1114999, episodic_return=[157575.81]
global_step=1115999, episodic_return=[157021.72]
global_step=1116999, episodic_return=[158430.11]
global_step=1117999, episodic_return=[156734.27]
global_step=1118999, episodic_return=[158594.14]
global_step=1119999, episodic_return=[158205.66]
global_step=1120999, episodic_return=[158496.22]
global_step=1121999, episodic_return=[157538.66]
global_step=1122999, episodic_return=[158178.53]
global_step=1123999, episodic_return=[159308.61]
global_step=1124999, episodic_return=[158760.34]
global_step=1125999, episodic_return=[156241.78]
global_step=1126999, episodic_return=[156626.7]
global_step=1127999, episodic_return=[155777.44]
global_step=1128999, episodic_return=[156836.31]
global_step=1129999, episodic_return=[157008.34]
global_step=1130999, episodic_return=[158111.48]
global_step=1131999, episodic_return=[157735.58]
global_step=1132999, episodic_return=[155785.38]
global_step=1133999, episodic_return=[157924.33]
global_step=1134999, episodic_return=[156801.05]
global_step=1135999, episodic_return=[156744.1]
global_step=1136999, episodic_return=[158524.2]
global_step=1137999, episodic_return=[156914.75]
global_step=1138999, episodic_return=[156100.84]
global_step=1139999, episodic_return=[155684.]
global_step=1140999, episodic_return=[155379.4]
global_step=1141999, episodic_return=[157419.94]
global_step=1142999, episodic_return=[158057.31]
global_step=1143999, episodic_return=[158137.17]
global_step=1144999, episodic_return=[157306.53]
global_step=1145999, episodic_return=[157802.47]
global_step=1146999, episodic_return=[158561.16]
global_step=1147999, episodic_return=[158020.84]
global_step=1148999, episodic_return=[157840.84]
global_step=1149999, episodic_return=[158435.61]
global_step=1150999, episodic_return=[157295.5]
global_step=1151999, episodic_return=[158077.38]
global_step=1152999, episodic_return=[158425.8]
global_step=1153999, episodic_return=[157743.9]
global_step=1154999, episodic_return=[157859.56]
global_step=1155999, episodic_return=[157347.44]
global_step=1156999, episodic_return=[156532.95]
global_step=1157999, episodic_return=[158177.81]
global_step=1158999, episodic_return=[157292.47]
global_step=1159999, episodic_return=[158315.66]
global_step=1160999, episodic_return=[158002.89]
global_step=1161999, episodic_return=[156149.75]
global_step=1162999, episodic_return=[156761.81]
global_step=1163999, episodic_return=[156649.23]
global_step=1164999, episodic_return=[156549.12]
global_step=1165999, episodic_return=[156795.83]
global_step=1166999, episodic_return=[157450.6]
global_step=1167999, episodic_return=[157136.56]
global_step=1168999, episodic_return=[156765.92]
global_step=1169999, episodic_return=[156440.38]
global_step=1170999, episodic_return=[156657.11]
global_step=1171999, episodic_return=[157498.31]
global_step=1172999, episodic_return=[157325.62]
global_step=1173999, episodic_return=[158550.1]
global_step=1174999, episodic_return=[157250.67]
global_step=1175999, episodic_return=[157984.86]
global_step=1176999, episodic_return=[157025.73]
global_step=1177999, episodic_return=[156647.11]
global_step=1178999, episodic_return=[158774.64]
global_step=1179999, episodic_return=[160184.52]
global_step=1180999, episodic_return=[157192.23]
global_step=1181999, episodic_return=[157523.72]
global_step=1182999, episodic_return=[158040.8]
global_step=1183999, episodic_return=[156779.27]
global_step=1184999, episodic_return=[157785.56]
global_step=1185999, episodic_return=[158163.83]
global_step=1186999, episodic_return=[157193.66]
global_step=1187999, episodic_return=[156790.]
global_step=1188999, episodic_return=[160050.55]
global_step=1189999, episodic_return=[156213.03]
global_step=1190999, episodic_return=[156680.39]
global_step=1191999, episodic_return=[63680.383]
global_step=1192999, episodic_return=[156541.64]
global_step=1193999, episodic_return=[157207.11]
global_step=1194999, episodic_return=[157589.42]
global_step=1195999, episodic_return=[158067.55]
global_step=1196999, episodic_return=[156144.25]
global_step=1197999, episodic_return=[156627.95]
global_step=1198999, episodic_return=[156084.95]
global_step=1199999, episodic_return=[155934.28]
global_step=1200999, episodic_return=[158249.33]
global_step=1201999, episodic_return=[158056.8]
global_step=1202999, episodic_return=[155329.6]
global_step=1203999, episodic_return=[157035.03]
global_step=1204999, episodic_return=[155968.6]
global_step=1205999, episodic_return=[156961.19]
global_step=1206999, episodic_return=[156318.81]
global_step=1207999, episodic_return=[156951.83]
global_step=1208999, episodic_return=[157260.39]
global_step=1209999, episodic_return=[149809.03]
global_step=1210999, episodic_return=[156963.23]
global_step=1211999, episodic_return=[157660.89]
global_step=1212999, episodic_return=[155457.8]
global_step=1213999, episodic_return=[156965.4]
global_step=1214999, episodic_return=[158450.33]
global_step=1215999, episodic_return=[156194.1]
global_step=1216999, episodic_return=[155762.48]
global_step=1217999, episodic_return=[156855.55]
global_step=1218999, episodic_return=[157569.39]
global_step=1219999, episodic_return=[157322.28]
global_step=1220999, episodic_return=[158197.34]
global_step=1221999, episodic_return=[156955.14]
global_step=1222999, episodic_return=[154826.98]
global_step=1223999, episodic_return=[153376.8]
global_step=1224999, episodic_return=[156806.06]
global_step=1225999, episodic_return=[159665.08]
global_step=1226999, episodic_return=[157477.19]
global_step=1227999, episodic_return=[153354.92]
global_step=1228999, episodic_return=[81041.29]
global_step=1229999, episodic_return=[158300.1]
global_step=1230999, episodic_return=[157411.14]
global_step=1231999, episodic_return=[156085.03]
global_step=1232999, episodic_return=[156147.12]
global_step=1233999, episodic_return=[158003.8]
global_step=1234999, episodic_return=[159200.88]
global_step=1235999, episodic_return=[157208.88]
global_step=1236999, episodic_return=[154915.48]
global_step=1237999, episodic_return=[155901.97]
global_step=1238999, episodic_return=[137092.31]
global_step=1239999, episodic_return=[158346.58]
global_step=1240999, episodic_return=[155993.38]
global_step=1241999, episodic_return=[156402.14]
global_step=1242999, episodic_return=[156340.19]
global_step=1243999, episodic_return=[155596.75]
global_step=1244999, episodic_return=[156113.38]
global_step=1245999, episodic_return=[156120.23]
global_step=1246999, episodic_return=[149116.16]
global_step=1247999, episodic_return=[150578.38]
global_step=1248999, episodic_return=[155217.75]
global_step=1249999, episodic_return=[114903.44]
global_step=1250999, episodic_return=[83384.71]
global_step=1251999, episodic_return=[153068.47]
global_step=1252999, episodic_return=[95442.3]
global_step=1253999, episodic_return=[86257.734]
global_step=1254999, episodic_return=[69146.54]
global_step=1255999, episodic_return=[99433.45]
global_step=1256999, episodic_return=[140721.61]
global_step=1257999, episodic_return=[119764.266]
global_step=1258999, episodic_return=[111030.44]
global_step=1259999, episodic_return=[86479.67]
global_step=1260999, episodic_return=[119360.19]
global_step=1261999, episodic_return=[154881.61]
global_step=1262999, episodic_return=[154967.34]
global_step=1263999, episodic_return=[123732.49]
global_step=1264999, episodic_return=[147527.62]
global_step=1265999, episodic_return=[73617.24]
global_step=1266999, episodic_return=[154251.1]
global_step=1267999, episodic_return=[153607.33]
global_step=1268999, episodic_return=[138974.]
global_step=1269999, episodic_return=[106798.31]
global_step=1270999, episodic_return=[106429.58]
global_step=1271999, episodic_return=[156004.7]
global_step=1272999, episodic_return=[114897.38]
global_step=1273999, episodic_return=[122118.14]
global_step=1274999, episodic_return=[139762.8]
global_step=1275999, episodic_return=[83824.82]
global_step=1276999, episodic_return=[137535.62]
global_step=1277999, episodic_return=[131227.98]
global_step=1278999, episodic_return=[151058.81]
global_step=1279999, episodic_return=[148245.62]
global_step=1280999, episodic_return=[154470.9]
global_step=1281999, episodic_return=[153055.75]
global_step=1282999, episodic_return=[151064.33]
global_step=1283999, episodic_return=[151799.1]
global_step=1284999, episodic_return=[152638.8]
global_step=1285999, episodic_return=[154620.77]
global_step=1286999, episodic_return=[152944.23]
global_step=1287999, episodic_return=[151049.08]
global_step=1288999, episodic_return=[153068.6]
global_step=1289999, episodic_return=[153363.94]
global_step=1290999, episodic_return=[155313.94]
global_step=1291999, episodic_return=[154099.64]
global_step=1292999, episodic_return=[155682.75]
global_step=1293999, episodic_return=[154066.69]
global_step=1294999, episodic_return=[154987.36]
global_step=1295999, episodic_return=[153714.53]
global_step=1296999, episodic_return=[154754.45]
global_step=1297999, episodic_return=[154792.45]
global_step=1298999, episodic_return=[156083.58]
global_step=1299999, episodic_return=[154905.94]
global_step=1300999, episodic_return=[154391.33]
global_step=1301999, episodic_return=[152188.94]
global_step=1302999, episodic_return=[151415.89]
global_step=1303999, episodic_return=[155060.19]
global_step=1304999, episodic_return=[153057.81]
global_step=1305999, episodic_return=[155892.88]
global_step=1306999, episodic_return=[154913.83]
global_step=1307999, episodic_return=[152939.12]
global_step=1308999, episodic_return=[154650.7]
global_step=1309999, episodic_return=[155153.69]
global_step=1310999, episodic_return=[152777.2]
global_step=1311999, episodic_return=[140703.81]
global_step=1312999, episodic_return=[145557.27]
global_step=1313999, episodic_return=[152487.97]
global_step=1314999, episodic_return=[153577.38]
global_step=1315999, episodic_return=[151415.45]
global_step=1316999, episodic_return=[153571.45]
global_step=1317999, episodic_return=[154364.31]
global_step=1318999, episodic_return=[148582.2]
global_step=1319999, episodic_return=[109563.61]
global_step=1320999, episodic_return=[95910.914]
global_step=1321999, episodic_return=[123566.74]
global_step=1322999, episodic_return=[150466.44]
global_step=1323999, episodic_return=[150035.69]
global_step=1324999, episodic_return=[148865.97]
global_step=1325999, episodic_return=[150424.88]
global_step=1326999, episodic_return=[148410.75]
global_step=1327999, episodic_return=[150264.53]
global_step=1328999, episodic_return=[150352.75]
global_step=1329999, episodic_return=[152963.14]
global_step=1330999, episodic_return=[148707.72]
global_step=1331999, episodic_return=[148303.12]
global_step=1332999, episodic_return=[154197.45]
global_step=1333999, episodic_return=[151634.97]
global_step=1334999, episodic_return=[151957.17]
global_step=1335999, episodic_return=[154080.02]
global_step=1336999, episodic_return=[153876.98]
global_step=1337999, episodic_return=[150824.4]
global_step=1338999, episodic_return=[150836.73]
global_step=1339999, episodic_return=[152179.11]
global_step=1340999, episodic_return=[154419.5]
global_step=1341999, episodic_return=[137981.36]
global_step=1342999, episodic_return=[147541.25]
global_step=1343999, episodic_return=[154384.7]
global_step=1344999, episodic_return=[154138.55]
global_step=1345999, episodic_return=[155035.34]
global_step=1346999, episodic_return=[149652.88]
global_step=1347999, episodic_return=[151336.8]
global_step=1348999, episodic_return=[153717.84]
global_step=1349999, episodic_return=[147238.2]
global_step=1350999, episodic_return=[143993.22]
global_step=1351999, episodic_return=[150285.47]
global_step=1352999, episodic_return=[145093.05]
global_step=1353999, episodic_return=[149559.4]
global_step=1354999, episodic_return=[149595.56]
global_step=1355999, episodic_return=[154664.16]
global_step=1356999, episodic_return=[144761.56]
global_step=1357999, episodic_return=[152033.3]
global_step=1358999, episodic_return=[142999.81]
global_step=1359999, episodic_return=[138052.7]
global_step=1360999, episodic_return=[141067.55]
global_step=1361999, episodic_return=[153735.66]
global_step=1362999, episodic_return=[143915.36]
global_step=1363999, episodic_return=[151348.39]
global_step=1364999, episodic_return=[121191.47]
global_step=1365999, episodic_return=[149398.27]
global_step=1366999, episodic_return=[145224.4]
global_step=1367999, episodic_return=[152329.88]
global_step=1368999, episodic_return=[147307.14]
global_step=1369999, episodic_return=[148816.05]
global_step=1370999, episodic_return=[147454.5]
global_step=1371999, episodic_return=[131626.02]
global_step=1372999, episodic_return=[150050.34]
global_step=1373999, episodic_return=[150342.67]
global_step=1374999, episodic_return=[154443.81]
global_step=1375999, episodic_return=[146961.64]
global_step=1376999, episodic_return=[149734.]
global_step=1377999, episodic_return=[145130.64]
global_step=1378999, episodic_return=[145642.47]
global_step=1379999, episodic_return=[151871.69]
global_step=1380999, episodic_return=[150770.94]
global_step=1381999, episodic_return=[144388.56]
global_step=1382999, episodic_return=[149633.12]
global_step=1383999, episodic_return=[151908.47]
global_step=1384999, episodic_return=[151928.31]
global_step=1385999, episodic_return=[151356.]
global_step=1386999, episodic_return=[147718.05]
global_step=1387999, episodic_return=[150271.66]
global_step=1388999, episodic_return=[153901.48]
global_step=1389999, episodic_return=[151263.83]
global_step=1390999, episodic_return=[149025.64]
global_step=1391999, episodic_return=[147560.81]
global_step=1392999, episodic_return=[151534.14]
global_step=1393999, episodic_return=[149915.92]
global_step=1394999, episodic_return=[155058.4]
global_step=1395999, episodic_return=[151499.4]
global_step=1396999, episodic_return=[151380.6]
global_step=1397999, episodic_return=[152191.42]
global_step=1398999, episodic_return=[150565.9]
global_step=1399999, episodic_return=[154260.64]
global_step=1400999, episodic_return=[154208.98]
global_step=1401999, episodic_return=[151830.22]
global_step=1402999, episodic_return=[152558.48]
global_step=1403999, episodic_return=[151713.94]
global_step=1404999, episodic_return=[151003.22]
global_step=1405999, episodic_return=[155410.64]
global_step=1406999, episodic_return=[154551.95]
global_step=1407999, episodic_return=[154978.55]
global_step=1408999, episodic_return=[153644.9]
global_step=1409999, episodic_return=[155677.31]
global_step=1410999, episodic_return=[156695.95]
global_step=1411999, episodic_return=[152080.83]
global_step=1412999, episodic_return=[152316.88]
global_step=1413999, episodic_return=[156166.1]
global_step=1414999, episodic_return=[155330.08]
global_step=1415999, episodic_return=[156056.56]
global_step=1416999, episodic_return=[157027.92]
global_step=1417999, episodic_return=[155609.2]
global_step=1418999, episodic_return=[156587.5]
global_step=1419999, episodic_return=[155647.98]
global_step=1420999, episodic_return=[155852.12]
global_step=1421999, episodic_return=[155399.11]
global_step=1422999, episodic_return=[157386.05]
global_step=1423999, episodic_return=[157025.56]
global_step=1424999, episodic_return=[154453.08]
global_step=1425999, episodic_return=[156588.36]
global_step=1426999, episodic_return=[155703.61]
global_step=1427999, episodic_return=[155002.78]
global_step=1428999, episodic_return=[154760.8]
global_step=1429999, episodic_return=[154427.77]
global_step=1430999, episodic_return=[154979.73]
global_step=1431999, episodic_return=[155058.1]
global_step=1432999, episodic_return=[154497.98]
global_step=1433999, episodic_return=[156385.02]
global_step=1434999, episodic_return=[154844.84]
global_step=1435999, episodic_return=[157827.36]
global_step=1436999, episodic_return=[153060.77]
global_step=1437999, episodic_return=[155720.86]
global_step=1438999, episodic_return=[154252.03]
global_step=1439999, episodic_return=[148074.47]
global_step=1440999, episodic_return=[154182.47]
global_step=1441999, episodic_return=[153564.89]
global_step=1442999, episodic_return=[157599.56]
global_step=1443999, episodic_return=[155604.27]
global_step=1444999, episodic_return=[155652.44]
global_step=1445999, episodic_return=[155801.53]
global_step=1446999, episodic_return=[154049.69]
global_step=1447999, episodic_return=[154988.69]
global_step=1448999, episodic_return=[154726.17]
global_step=1449999, episodic_return=[152568.11]
global_step=1450999, episodic_return=[154578.39]
global_step=1451999, episodic_return=[154667.39]
global_step=1452999, episodic_return=[152506.53]
global_step=1453999, episodic_return=[155464.23]
global_step=1454999, episodic_return=[156166.58]
global_step=1455999, episodic_return=[155674.53]
global_step=1456999, episodic_return=[154414.53]
global_step=1457999, episodic_return=[153146.5]
global_step=1458999, episodic_return=[154177.8]
global_step=1459999, episodic_return=[155922.12]
global_step=1460999, episodic_return=[154623.55]
global_step=1461999, episodic_return=[156932.]
global_step=1462999, episodic_return=[156494.34]
global_step=1463999, episodic_return=[156987.1]
global_step=1464999, episodic_return=[155465.75]
global_step=1465999, episodic_return=[156138.23]
global_step=1466999, episodic_return=[154941.77]
global_step=1467999, episodic_return=[147924.58]
global_step=1468999, episodic_return=[152425.75]
global_step=1469999, episodic_return=[155039.06]
global_step=1470999, episodic_return=[153354.62]
global_step=1471999, episodic_return=[156772.72]
global_step=1472999, episodic_return=[153906.08]
global_step=1473999, episodic_return=[155127.81]
global_step=1474999, episodic_return=[154685.98]
global_step=1475999, episodic_return=[155962.22]
global_step=1476999, episodic_return=[155832.84]
global_step=1477999, episodic_return=[155089.89]
global_step=1478999, episodic_return=[153748.06]
global_step=1479999, episodic_return=[155714.61]
global_step=1480999, episodic_return=[153198.42]
global_step=1481999, episodic_return=[153608.12]
global_step=1482999, episodic_return=[155493.12]
global_step=1483999, episodic_return=[155708.7]
global_step=1484999, episodic_return=[155564.33]
global_step=1485999, episodic_return=[154582.05]
global_step=1486999, episodic_return=[152552.36]
global_step=1487999, episodic_return=[153904.2]
global_step=1488999, episodic_return=[154484.84]
global_step=1489999, episodic_return=[154265.66]
global_step=1490999, episodic_return=[153711.06]
global_step=1491999, episodic_return=[152896.95]
global_step=1492999, episodic_return=[154527.12]
global_step=1493999, episodic_return=[151777.53]
global_step=1494999, episodic_return=[146640.61]
global_step=1495999, episodic_return=[151404.33]
global_step=1496999, episodic_return=[153526.06]
global_step=1497999, episodic_return=[150281.27]
global_step=1498999, episodic_return=[153301.39]
global_step=1499999, episodic_return=[155059.16]