True
global_step=95, episodic_return=[-49.776188]
global_step=1095, episodic_return=[-151.91129]
/Tmp/slurm.4496785.0/env/lib/python3.8/site-packages/gymnasium/utils/passive_env_checker.py:135: UserWarning: [33mWARN: The obs returned by the `reset()` method was expecting numpy array dtype to be <class 'numpy.float32'>, actual type: float64
  logger.warn(
/Tmp/slurm.4496785.0/env/lib/python3.8/site-packages/gymnasium/utils/passive_env_checker.py:159: UserWarning: [33mWARN: The obs returned by the `reset()` method is not within the observation space.
  logger.warn(f"{pre} is not within the observation space.")
/Tmp/slurm.4496785.0/env/lib/python3.8/site-packages/gymnasium/utils/passive_env_checker.py:135: UserWarning: [33mWARN: The obs returned by the `step()` method was expecting numpy array dtype to be <class 'numpy.float32'>, actual type: float64
  logger.warn(
/Tmp/slurm.4496785.0/env/lib/python3.8/site-packages/gymnasium/utils/passive_env_checker.py:159: UserWarning: [33mWARN: The obs returned by the `step()` method is not within the observation space.
  logger.warn(f"{pre} is not within the observation space.")
global_step=1127, episodic_return=[1.9030988]
global_step=1193, episodic_return=[-29.879887]
global_step=1260, episodic_return=[-28.477993]
global_step=2260, episodic_return=[-167.9587]
global_step=3260, episodic_return=[-163.28105]
global_step=3505, episodic_return=[-59.17574]
global_step=3543, episodic_return=[-2.2249355]
global_step=3589, episodic_return=[19.04346]
global_step=3763, episodic_return=[-54.971325]
global_step=3883, episodic_return=[16.923672]
global_step=3977, episodic_return=[-23.306038]
global_step=4020, episodic_return=[-15.526342]
global_step=4039, episodic_return=[-11.218753]
global_step=4177, episodic_return=[9.946719]
global_step=4216, episodic_return=[-2.2611322]
global_step=4267, episodic_return=[-14.619824]
global_step=4337, episodic_return=[-0.4500246]
global_step=4405, episodic_return=[-50.647655]
global_step=4445, episodic_return=[-27.318316]
global_step=4468, episodic_return=[-26.652601]
global_step=4576, episodic_return=[-18.104584]
global_step=4627, episodic_return=[2.6193297]
global_step=4692, episodic_return=[6.527611]
global_step=4722, episodic_return=[23.479822]
global_step=4785, episodic_return=[-41.39405]
global_step=4801, episodic_return=[-6.6757927]
global_step=4905, episodic_return=[-30.366573]
global_step=4930, episodic_return=[9.390683]
global_step=5009, episodic_return=[-31.077227]
global_step=5052, episodic_return=[7.3228145]
global_step=5086, episodic_return=[-13.13347]
global_step=5139, episodic_return=[-26.472797]
global_step=5197, episodic_return=[-36.2728]
global_step=5264, episodic_return=[-0.39505458]
global_step=5318, episodic_return=[-16.190975]
global_step=5372, episodic_return=[-8.043233]
global_step=5394, episodic_return=[-15.758577]
global_step=5486, episodic_return=[-79.161064]
global_step=5592, episodic_return=[-33.696747]
global_step=6592, episodic_return=[-797.89716]
global_step=7592, episodic_return=[-974.17847]
global_step=7610, episodic_return=[-24.538147]
global_step=8610, episodic_return=[-1135.8906]
global_step=8682, episodic_return=[-142.73358]
global_step=9682, episodic_return=[-1143.6128]
global_step=9755, episodic_return=[-54.67701]
global_step=10755, episodic_return=[-872.02423]
global_step=10883, episodic_return=[-158.24298]
global_step=10912, episodic_return=[-15.472332]
global_step=10953, episodic_return=[-36.81685]
global_step=11953, episodic_return=[-670.2526]
global_step=12151, episodic_return=[-232.15215]
global_step=12295, episodic_return=[-126.52317]
global_step=12308, episodic_return=[-10.0609255]
global_step=13308, episodic_return=[-301.40244]
global_step=14308, episodic_return=[-190.28783]
global_step=14347, episodic_return=[18.975328]
global_step=15347, episodic_return=[91.55279]
global_step=15415, episodic_return=[-61.449684]
global_step=16415, episodic_return=[96.73297]
global_step=17415, episodic_return=[-116.26589]
global_step=18415, episodic_return=[499.3265]
global_step=19415, episodic_return=[363.86856]
global_step=19799, episodic_return=[33.032284]
global_step=20131, episodic_return=[162.13756]
global_step=21131, episodic_return=[491.98044]
global_step=21351, episodic_return=[149.00496]
global_step=22351, episodic_return=[445.0424]
global_step=23351, episodic_return=[503.92264]
global_step=24351, episodic_return=[721.60474]
global_step=25351, episodic_return=[716.5931]
global_step=25372, episodic_return=[7.644665]
global_step=26372, episodic_return=[734.6376]
global_step=27372, episodic_return=[801.5992]
global_step=28372, episodic_return=[845.53973]
global_step=29372, episodic_return=[732.4748]
global_step=30372, episodic_return=[828.5844]
global_step=31372, episodic_return=[845.0584]
global_step=32372, episodic_return=[819.43256]
global_step=33372, episodic_return=[839.7643]
global_step=34372, episodic_return=[828.5391]
global_step=35372, episodic_return=[854.82806]
global_step=36372, episodic_return=[848.0027]
global_step=37372, episodic_return=[814.49634]
global_step=38372, episodic_return=[938.29315]
global_step=39372, episodic_return=[893.26685]
global_step=40372, episodic_return=[916.16504]
global_step=41372, episodic_return=[862.2532]
global_step=42372, episodic_return=[904.05884]
global_step=43372, episodic_return=[872.52576]
global_step=44372, episodic_return=[868.44696]
global_step=45372, episodic_return=[927.34735]
global_step=45416, episodic_return=[19.315239]
global_step=45481, episodic_return=[51.168655]
global_step=46481, episodic_return=[894.30707]
global_step=47481, episodic_return=[925.01697]
global_step=48481, episodic_return=[913.2445]
global_step=49481, episodic_return=[971.4823]
global_step=50481, episodic_return=[930.0759]
global_step=51481, episodic_return=[937.06445]
global_step=52481, episodic_return=[954.1641]
global_step=53481, episodic_return=[968.7852]
global_step=54481, episodic_return=[937.97015]
global_step=55481, episodic_return=[952.6642]
global_step=56481, episodic_return=[887.7902]
global_step=57481, episodic_return=[1043.6112]
global_step=58481, episodic_return=[1045.1278]
global_step=59481, episodic_return=[1138.5394]
global_step=60481, episodic_return=[902.48346]
global_step=61481, episodic_return=[808.5677]
global_step=61513, episodic_return=[31.70903]
global_step=62513, episodic_return=[857.94025]
global_step=63513, episodic_return=[863.22363]
global_step=64513, episodic_return=[898.01575]
global_step=65513, episodic_return=[847.42834]
global_step=66513, episodic_return=[719.3182]
global_step=67513, episodic_return=[896.9121]
global_step=67612, episodic_return=[131.38774]
global_step=68612, episodic_return=[842.3537]
global_step=68758, episodic_return=[173.49518]
global_step=69758, episodic_return=[990.202]
global_step=70758, episodic_return=[1043.8036]
global_step=71758, episodic_return=[915.6783]
global_step=72758, episodic_return=[972.0733]
global_step=73758, episodic_return=[915.2081]
global_step=74758, episodic_return=[937.6272]
global_step=75758, episodic_return=[942.71136]
global_step=76758, episodic_return=[930.97766]
global_step=77758, episodic_return=[868.721]
global_step=78758, episodic_return=[1105.2905]
global_step=79758, episodic_return=[879.615]
global_step=80758, episodic_return=[943.20795]
global_step=81563, episodic_return=[676.491]
global_step=81772, episodic_return=[266.83612]
global_step=82772, episodic_return=[1014.6443]
global_step=83772, episodic_return=[957.0816]
global_step=84772, episodic_return=[939.89624]
global_step=85772, episodic_return=[623.5799]
global_step=86772, episodic_return=[1179.2295]
global_step=87772, episodic_return=[955.5002]
global_step=88772, episodic_return=[963.14954]
global_step=89772, episodic_return=[1010.3221]
global_step=90772, episodic_return=[1148.2126]
global_step=91772, episodic_return=[833.26874]
global_step=92772, episodic_return=[1209.4932]
global_step=93772, episodic_return=[1172.7957]
global_step=94033, episodic_return=[330.10223]
global_step=95033, episodic_return=[933.8597]
global_step=96033, episodic_return=[894.09564]
global_step=97033, episodic_return=[993.25397]
global_step=98033, episodic_return=[766.32495]
global_step=99033, episodic_return=[1227.1743]
global_step=100033, episodic_return=[872.4437]
global_step=101033, episodic_return=[871.6126]
global_step=102033, episodic_return=[1310.8125]
global_step=102242, episodic_return=[298.32132]
global_step=102328, episodic_return=[103.290726]
global_step=103328, episodic_return=[908.69464]
global_step=104328, episodic_return=[1153.7548]
global_step=105328, episodic_return=[799.7256]
global_step=106328, episodic_return=[999.052]
global_step=107328, episodic_return=[1273.145]
global_step=107747, episodic_return=[630.31647]
global_step=107859, episodic_return=[183.30885]
global_step=108859, episodic_return=[1270.7496]
global_step=109490, episodic_return=[912.72754]
global_step=109689, episodic_return=[312.2198]
global_step=110689, episodic_return=[918.08344]
global_step=111689, episodic_return=[1387.7484]
global_step=112689, episodic_return=[1096.8441]
global_step=113689, episodic_return=[1239.1543]
global_step=114689, episodic_return=[1325.2953]
global_step=115689, episodic_return=[1257.1797]
global_step=115720, episodic_return=[49.46852]
global_step=116720, episodic_return=[1211.6919]
global_step=117720, episodic_return=[863.1129]
global_step=118720, episodic_return=[1747.3518]
global_step=118763, episodic_return=[64.27702]
global_step=119017, episodic_return=[395.88434]
global_step=120017, episodic_return=[1125.0739]
global_step=121017, episodic_return=[1397.7561]
global_step=121562, episodic_return=[1026.8784]
global_step=121761, episodic_return=[373.6138]
global_step=121865, episodic_return=[160.22974]
global_step=122174, episodic_return=[556.38464]
global_step=123174, episodic_return=[1296.0306]
global_step=123306, episodic_return=[244.39236]
global_step=123494, episodic_return=[275.9993]
global_step=123542, episodic_return=[70.13272]
global_step=124542, episodic_return=[1112.158]
global_step=124900, episodic_return=[670.1549]
global_step=125547, episodic_return=[1081.4126]
global_step=125723, episodic_return=[335.0914]
global_step=125779, episodic_return=[80.63303]
global_step=126779, episodic_return=[1226.5249]
global_step=126823, episodic_return=[72.57322]
global_step=127823, episodic_return=[1869.9976]
global_step=128179, episodic_return=[693.462]
global_step=128460, episodic_return=[520.5937]
global_step=128630, episodic_return=[408.04178]
global_step=129630, episodic_return=[1819.8452]
global_step=130630, episodic_return=[1618.9159]
global_step=131121, episodic_return=[948.95166]
global_step=132121, episodic_return=[1109.4951]
global_step=133121, episodic_return=[906.704]
global_step=134121, episodic_return=[1914.9866]
global_step=135121, episodic_return=[1967.6141]
global_step=136121, episodic_return=[2002.1643]
global_step=137121, episodic_return=[2075.6133]
global_step=137204, episodic_return=[119.573135]
global_step=137333, episodic_return=[267.1753]
global_step=137683, episodic_return=[693.2191]
global_step=138683, episodic_return=[1204.2737]
global_step=138894, episodic_return=[400.3602]
global_step=139894, episodic_return=[1077.3671]
global_step=140251, episodic_return=[676.948]
global_step=140391, episodic_return=[286.02896]
global_step=140716, episodic_return=[740.29504]
global_step=141261, episodic_return=[1268.6433]
global_step=142261, episodic_return=[1306.35]
global_step=142724, episodic_return=[988.04956]
global_step=143419, episodic_return=[1647.9938]
global_step=144419, episodic_return=[2220.4055]
global_step=145419, episodic_return=[909.73334]
global_step=146419, episodic_return=[2356.8855]
global_step=146822, episodic_return=[943.0847]
global_step=147822, episodic_return=[2068.9316]
global_step=148064, episodic_return=[632.1136]
global_step=148087, episodic_return=[44.0419]
global_step=148115, episodic_return=[32.979984]
global_step=148617, episodic_return=[1079.1636]
global_step=149139, episodic_return=[1308.0931]
global_step=149712, episodic_return=[1238.5786]
global_step=149954, episodic_return=[546.8448]
global_step=150248, episodic_return=[610.3187]
global_step=151248, episodic_return=[878.04565]
global_step=151296, episodic_return=[93.494415]
global_step=152296, episodic_return=[2218.2542]
global_step=152793, episodic_return=[1116.7142]
global_step=153041, episodic_return=[590.54407]
global_step=154041, episodic_return=[2482.8071]
global_step=155029, episodic_return=[2728.482]
global_step=156029, episodic_return=[2492.857]
global_step=157029, episodic_return=[2052.3674]
global_step=157317, episodic_return=[736.9494]
global_step=158317, episodic_return=[1018.33344]
global_step=158673, episodic_return=[1021.31647]
global_step=159673, episodic_return=[1381.9937]
global_step=159821, episodic_return=[379.9445]
global_step=160821, episodic_return=[841.998]
global_step=161821, episodic_return=[2472.6482]
global_step=162821, episodic_return=[2048.7776]
global_step=163821, episodic_return=[2664.5984]
global_step=164821, episodic_return=[1993.9277]
global_step=165606, episodic_return=[2277.055]
global_step=165798, episodic_return=[426.64404]
global_step=166087, episodic_return=[688.71875]
global_step=167087, episodic_return=[2743.288]
global_step=167541, episodic_return=[1327.3994]
global_step=168541, episodic_return=[3172.469]
global_step=169541, episodic_return=[1450.3151]
global_step=170541, episodic_return=[2618.2778]
global_step=171541, episodic_return=[2947.8425]
global_step=172541, episodic_return=[1412.1962]
global_step=173541, episodic_return=[1056.0867]
global_step=174541, episodic_return=[2885.1685]
global_step=175541, episodic_return=[3120.2158]
global_step=175641, episodic_return=[250.07182]
global_step=176641, episodic_return=[2753.141]
global_step=177040, episodic_return=[1190.6097]
global_step=178040, episodic_return=[1233.0531]
global_step=179040, episodic_return=[2721.392]
global_step=180040, episodic_return=[3000.276]
global_step=181040, episodic_return=[1482.7083]
global_step=182040, episodic_return=[1547.9711]
global_step=182983, episodic_return=[2690.226]
global_step=183983, episodic_return=[3046.805]
global_step=184031, episodic_return=[124.8057]
global_step=185031, episodic_return=[2602.1765]
global_step=186031, episodic_return=[3074.731]
global_step=187031, episodic_return=[3381.2139]
global_step=188031, episodic_return=[938.33154]
global_step=189031, episodic_return=[3157.2751]
global_step=189410, episodic_return=[1389.8821]
global_step=190410, episodic_return=[1132.1725]
global_step=190984, episodic_return=[1858.1052]
global_step=191984, episodic_return=[990.7179]
global_step=192984, episodic_return=[3120.2898]
global_step=193984, episodic_return=[3317.2551]
global_step=194984, episodic_return=[3153.7976]
global_step=195984, episodic_return=[3086.0576]
global_step=196984, episodic_return=[3047.313]
global_step=197984, episodic_return=[3461.3853]
global_step=198984, episodic_return=[2635.4365]
global_step=199984, episodic_return=[3504.5134]
global_step=200984, episodic_return=[1947.8314]
global_step=201984, episodic_return=[3699.7278]
global_step=202984, episodic_return=[3449.5344]
global_step=203984, episodic_return=[2384.4019]
global_step=204984, episodic_return=[3507.7974]
global_step=205984, episodic_return=[3430.7485]
global_step=206984, episodic_return=[3445.2332]
global_step=207984, episodic_return=[3524.1016]
global_step=208627, episodic_return=[2159.7666]
global_step=209348, episodic_return=[2599.2554]
global_step=210348, episodic_return=[3162.129]
global_step=211348, episodic_return=[1517.2177]
global_step=212348, episodic_return=[3589.3494]
global_step=213348, episodic_return=[3102.5894]
global_step=214348, episodic_return=[3356.9648]
global_step=215348, episodic_return=[2699.5854]
global_step=215993, episodic_return=[2481.7148]
global_step=216993, episodic_return=[3820.0916]
global_step=217993, episodic_return=[3678.3342]
global_step=218993, episodic_return=[3753.766]
global_step=219993, episodic_return=[3193.5266]
global_step=220993, episodic_return=[3754.7903]
global_step=221993, episodic_return=[3769.2378]
global_step=222993, episodic_return=[1664.4083]
global_step=223529, episodic_return=[1892.8853]
global_step=224529, episodic_return=[1519.6907]
global_step=225529, episodic_return=[3083.6343]
global_step=226529, episodic_return=[4028.3613]
global_step=227529, episodic_return=[3718.1936]
global_step=228215, episodic_return=[2712.3684]
global_step=229215, episodic_return=[3695.4473]
global_step=230215, episodic_return=[3947.2988]
global_step=231171, episodic_return=[3737.3203]
global_step=232171, episodic_return=[3802.0166]
global_step=232289, episodic_return=[394.26532]
global_step=233289, episodic_return=[4004.407]
global_step=234289, episodic_return=[3862.308]
global_step=235289, episodic_return=[3842.4426]
global_step=236289, episodic_return=[3824.1946]
global_step=236727, episodic_return=[1814.8881]
global_step=237727, episodic_return=[4018.0107]
global_step=238727, episodic_return=[3108.4917]
global_step=239727, episodic_return=[4020.9263]
global_step=239998, episodic_return=[987.5566]
global_step=240998, episodic_return=[3898.4504]
global_step=241871, episodic_return=[3410.761]
global_step=242509, episodic_return=[2498.6611]
global_step=243426, episodic_return=[3631.8086]
global_step=244426, episodic_return=[3787.496]
global_step=244940, episodic_return=[2159.3564]
global_step=245940, episodic_return=[4081.8162]
global_step=246940, episodic_return=[4090.6433]
global_step=247940, episodic_return=[1763.0953]
global_step=248940, episodic_return=[493.6022]
global_step=248988, episodic_return=[129.10068]
global_step=249988, episodic_return=[593.12305]
global_step=250988, episodic_return=[3932.827]
global_step=251582, episodic_return=[2276.295]
global_step=252582, episodic_return=[3918.321]
global_step=253582, episodic_return=[1133.6239]
global_step=254178, episodic_return=[2342.2576]
global_step=255178, episodic_return=[4037.155]
global_step=256178, episodic_return=[4006.5815]
global_step=257178, episodic_return=[1230.1428]
global_step=258178, episodic_return=[3934.7507]
global_step=259178, episodic_return=[3871.39]
global_step=260178, episodic_return=[4343.517]
global_step=261178, episodic_return=[3874.6782]
global_step=261623, episodic_return=[1711.716]
global_step=262623, episodic_return=[4152.071]
global_step=263623, episodic_return=[4079.524]
global_step=264623, episodic_return=[3873.8123]
global_step=265623, episodic_return=[1932.98]
global_step=266623, episodic_return=[4249.3403]
global_step=267364, episodic_return=[3127.5833]
global_step=268364, episodic_return=[3951.805]
global_step=269364, episodic_return=[4135.4507]
global_step=270364, episodic_return=[4140.809]
global_step=271364, episodic_return=[4030.296]
global_step=272364, episodic_return=[3961.3535]
global_step=273364, episodic_return=[4335.3296]
global_step=274364, episodic_return=[4247.253]
global_step=275364, episodic_return=[4309.7124]
global_step=276364, episodic_return=[4368.5503]
global_step=277364, episodic_return=[4297.837]
global_step=278364, episodic_return=[4200.565]
global_step=279364, episodic_return=[3364.435]
global_step=280364, episodic_return=[4294.091]
global_step=281364, episodic_return=[4403.227]
global_step=281607, episodic_return=[921.4851]
global_step=282607, episodic_return=[4233.163]
global_step=282990, episodic_return=[1516.8451]
global_step=283248, episodic_return=[1031.4729]
global_step=284248, episodic_return=[4304.095]
global_step=285248, episodic_return=[4360.11]
global_step=286248, episodic_return=[4153.5054]
global_step=287248, episodic_return=[4416.1865]
global_step=288248, episodic_return=[4319.249]
global_step=289248, episodic_return=[4316.101]
global_step=290248, episodic_return=[4112.53]
global_step=291248, episodic_return=[1682.0311]
global_step=291954, episodic_return=[3135.0283]
global_step=292954, episodic_return=[4181.877]
global_step=293061, episodic_return=[413.9543]
global_step=293412, episodic_return=[1528.3496]
global_step=294412, episodic_return=[4537.1655]
global_step=294789, episodic_return=[1623.338]
global_step=295789, episodic_return=[142.60919]
global_step=296789, episodic_return=[2026.3025]
global_step=297789, episodic_return=[4404.892]
global_step=298789, episodic_return=[4608.2783]
global_step=299789, episodic_return=[4397.5596]
global_step=300789, episodic_return=[1372.6262]
global_step=301789, episodic_return=[4519.6836]
global_step=302789, episodic_return=[4379.739]
global_step=303445, episodic_return=[3138.645]
global_step=304445, episodic_return=[4301.922]
global_step=305445, episodic_return=[4297.9756]
global_step=306445, episodic_return=[4160.635]
global_step=307445, episodic_return=[4453.602]
global_step=308445, episodic_return=[4275.7363]
global_step=309445, episodic_return=[4253.7964]
global_step=310445, episodic_return=[4147.6875]
global_step=311445, episodic_return=[4179.8286]
global_step=312445, episodic_return=[4580.5337]
global_step=313445, episodic_return=[4302.7114]
global_step=314445, episodic_return=[4593.604]
global_step=315445, episodic_return=[4164.4175]
global_step=316445, episodic_return=[4229.2256]
global_step=317445, episodic_return=[4369.7676]
global_step=317704, episodic_return=[1004.1635]
global_step=317859, episodic_return=[679.99854]
global_step=318859, episodic_return=[4502.4355]
global_step=319859, episodic_return=[4351.527]
global_step=320859, episodic_return=[4604.928]
global_step=321859, episodic_return=[4329.0674]
global_step=322450, episodic_return=[2550.638]
global_step=323450, episodic_return=[4726.2065]
global_step=324450, episodic_return=[4670.3765]
global_step=325450, episodic_return=[4780.504]
global_step=326450, episodic_return=[4190.7217]
global_step=327450, episodic_return=[4276.972]
global_step=328450, episodic_return=[4713.7495]
global_step=329450, episodic_return=[4458.704]
global_step=330450, episodic_return=[1554.9622]
global_step=331450, episodic_return=[4555.9585]
global_step=332450, episodic_return=[4831.2563]
global_step=333450, episodic_return=[1295.4867]
global_step=334450, episodic_return=[4291.3643]
global_step=335450, episodic_return=[4532.699]
global_step=336450, episodic_return=[4960.2993]
global_step=337450, episodic_return=[4747.5615]
global_step=338450, episodic_return=[4370.1304]
global_step=339450, episodic_return=[4770.3193]
global_step=340371, episodic_return=[4015.0183]
global_step=341371, episodic_return=[4618.944]
global_step=342371, episodic_return=[4591.385]
global_step=342724, episodic_return=[1556.3119]
global_step=343724, episodic_return=[4647.1196]
global_step=344724, episodic_return=[4294.419]
global_step=345724, episodic_return=[2201.8435]
global_step=346724, episodic_return=[4724.377]
global_step=347724, episodic_return=[4516.594]
global_step=348724, episodic_return=[4130.618]
global_step=349724, episodic_return=[4592.001]
global_step=350724, episodic_return=[4772.289]
global_step=351724, episodic_return=[4805.2905]
global_step=352724, episodic_return=[926.5189]
global_step=353724, episodic_return=[4972.3345]
global_step=354694, episodic_return=[4344.7124]
global_step=355389, episodic_return=[3299.9382]
global_step=356389, episodic_return=[4395.6167]
global_step=357389, episodic_return=[4697.965]
global_step=358389, episodic_return=[4654.7583]
global_step=359389, episodic_return=[4813.94]
global_step=360389, episodic_return=[4463.973]
global_step=361389, episodic_return=[4857.297]
global_step=362168, episodic_return=[3695.1943]
global_step=363168, episodic_return=[1055.4979]
global_step=363369, episodic_return=[857.66516]
global_step=364369, episodic_return=[4646.4854]
global_step=365369, episodic_return=[4710.163]
global_step=366369, episodic_return=[4810.7856]
global_step=367369, episodic_return=[4825.9355]
global_step=368369, episodic_return=[4759.7847]
global_step=369369, episodic_return=[4146.2397]
global_step=370369, episodic_return=[4576.481]
global_step=371369, episodic_return=[4795.836]
global_step=372369, episodic_return=[4889.392]
global_step=373369, episodic_return=[4789.988]
global_step=374369, episodic_return=[4807.1953]
global_step=375369, episodic_return=[4308.1826]
global_step=376369, episodic_return=[4532.2036]
global_step=376752, episodic_return=[1743.1937]
global_step=377752, episodic_return=[4774.56]
global_step=378752, episodic_return=[4697.5107]
global_step=379752, episodic_return=[4423.783]
global_step=380752, episodic_return=[4904.7617]
global_step=381752, episodic_return=[4808.8906]
global_step=382752, episodic_return=[4437.8438]
global_step=383752, episodic_return=[4780.589]
global_step=384752, episodic_return=[4721.941]
global_step=384764, episodic_return=[10.731039]
global_step=385764, episodic_return=[4828.2134]
global_step=385940, episodic_return=[772.18726]
global_step=386169, episodic_return=[1053.4498]
global_step=387169, episodic_return=[1471.4907]
global_step=388169, episodic_return=[4744.8823]
global_step=389169, episodic_return=[4645.9614]
global_step=390169, episodic_return=[4858.6777]
global_step=391169, episodic_return=[4745.7354]
global_step=392169, episodic_return=[-613.6566]
global_step=393169, episodic_return=[4845.6704]
global_step=394169, episodic_return=[3789.6465]
global_step=395169, episodic_return=[5152.842]
global_step=396169, episodic_return=[4866.3]
global_step=397169, episodic_return=[4760.4883]
global_step=398169, episodic_return=[4887.231]
global_step=399169, episodic_return=[4956.2524]
global_step=400169, episodic_return=[4735.145]
global_step=400806, episodic_return=[3176.955]
global_step=400852, episodic_return=[131.05562]
global_step=401126, episodic_return=[1294.9027]
global_step=402126, episodic_return=[4774.7656]
global_step=403126, episodic_return=[4809.144]
global_step=404126, episodic_return=[4636.7354]
global_step=405126, episodic_return=[4794.3164]
global_step=406126, episodic_return=[4827.506]
global_step=407126, episodic_return=[4785.8394]
global_step=407866, episodic_return=[3335.1968]
global_step=408866, episodic_return=[4646.3765]
global_step=409756, episodic_return=[4392.418]
global_step=410756, episodic_return=[4945.0117]
global_step=411756, episodic_return=[5010.4814]
global_step=412756, episodic_return=[5010.2847]
global_step=413756, episodic_return=[4899.974]
global_step=413884, episodic_return=[447.81366]
global_step=414884, episodic_return=[4900.9814]
global_step=415884, episodic_return=[4589.9966]
global_step=416884, episodic_return=[4663.224]
global_step=417884, episodic_return=[5027.0146]
global_step=418884, episodic_return=[4947.6875]
global_step=419884, episodic_return=[4777.284]
global_step=420147, episodic_return=[1223.3713]
global_step=421147, episodic_return=[4943.7295]
global_step=422147, episodic_return=[4874.6323]
global_step=423147, episodic_return=[4999.0786]
global_step=424147, episodic_return=[4889.0615]
global_step=425147, episodic_return=[5095.0127]
global_step=426147, episodic_return=[4732.651]
global_step=427147, episodic_return=[4806.59]
global_step=428147, episodic_return=[4686.8896]
global_step=429147, episodic_return=[4850.601]
global_step=430147, episodic_return=[4803.637]
global_step=431147, episodic_return=[5045.667]
global_step=432147, episodic_return=[4982.1333]
global_step=433147, episodic_return=[5127.543]
global_step=433160, episodic_return=[-2.6038072]
global_step=434160, episodic_return=[5028.6187]
global_step=435160, episodic_return=[4897.093]
global_step=436160, episodic_return=[4790.802]
global_step=437160, episodic_return=[3279.799]
global_step=438160, episodic_return=[4993.234]
global_step=439160, episodic_return=[5116.0166]
global_step=439521, episodic_return=[1754.4912]
global_step=440521, episodic_return=[3391.238]
global_step=441521, episodic_return=[4728.3027]
global_step=442521, episodic_return=[4958.5283]
global_step=443521, episodic_return=[4786.081]
global_step=444006, episodic_return=[2356.4082]
global_step=445006, episodic_return=[4972.016]
global_step=445031, episodic_return=[30.409405]
global_step=446031, episodic_return=[4764.788]
global_step=447031, episodic_return=[4936.9526]
global_step=448031, episodic_return=[4880.761]
global_step=449031, episodic_return=[4724.5225]
global_step=450031, episodic_return=[4944.964]
global_step=451031, episodic_return=[4928.376]
global_step=452031, episodic_return=[4968.6147]
global_step=453031, episodic_return=[2033.3776]
global_step=454031, episodic_return=[4930.861]
global_step=455031, episodic_return=[4770.7686]
global_step=455572, episodic_return=[2473.026]
global_step=456572, episodic_return=[3587.094]
global_step=456769, episodic_return=[805.012]
global_step=457769, episodic_return=[5094.725]
global_step=457778, episodic_return=[3.2094455]
global_step=458778, episodic_return=[3213.5151]
global_step=459778, episodic_return=[5000.9644]
global_step=460778, episodic_return=[4841.4844]
global_step=461778, episodic_return=[4987.064]
global_step=462778, episodic_return=[5091.157]
global_step=462918, episodic_return=[541.2823]
global_step=463918, episodic_return=[4686.7393]
global_step=464461, episodic_return=[2590.979]
global_step=465461, episodic_return=[5062.3906]
global_step=466461, episodic_return=[4763.689]
global_step=467461, episodic_return=[4858.309]
global_step=468461, episodic_return=[4983.4697]
global_step=469461, episodic_return=[5262.146]
global_step=469627, episodic_return=[595.49054]
global_step=470627, episodic_return=[1515.394]
global_step=471587, episodic_return=[4924.6016]
global_step=472587, episodic_return=[5061.8223]
global_step=473587, episodic_return=[5249.22]
global_step=474587, episodic_return=[4422.376]
global_step=474657, episodic_return=[170.36928]
global_step=475657, episodic_return=[5183.3716]
global_step=476657, episodic_return=[5000.8916]
global_step=477657, episodic_return=[5032.325]
global_step=478239, episodic_return=[2655.3066]
global_step=478809, episodic_return=[2883.9663]
global_step=479809, episodic_return=[5096.089]
global_step=480809, episodic_return=[5301.6196]
global_step=481809, episodic_return=[5170.849]
global_step=482809, episodic_return=[4877.752]
global_step=483809, episodic_return=[1213.5724]
global_step=484809, episodic_return=[1911.4276]
global_step=485809, episodic_return=[4999.897]
global_step=486809, episodic_return=[5131.601]
global_step=487809, episodic_return=[3338.2424]
global_step=488809, episodic_return=[5096.885]
global_step=489809, episodic_return=[4951.313]
global_step=490809, episodic_return=[4851.0444]
global_step=491809, episodic_return=[5049.6353]
global_step=492809, episodic_return=[5194.3193]
global_step=493809, episodic_return=[4949.099]
global_step=494809, episodic_return=[5109.6626]
global_step=495809, episodic_return=[4839.317]
global_step=496809, episodic_return=[5202.4966]
global_step=497809, episodic_return=[5105.597]
global_step=498809, episodic_return=[5063.2056]
global_step=499809, episodic_return=[4869.24]
global_step=500809, episodic_return=[5315.7993]
global_step=501809, episodic_return=[5220.966]
global_step=502809, episodic_return=[5156.2905]
global_step=503809, episodic_return=[4987.048]
global_step=504809, episodic_return=[5131.1562]
global_step=505809, episodic_return=[5138.3447]
global_step=506809, episodic_return=[5007.4707]
global_step=507809, episodic_return=[1116.5217]
global_step=508809, episodic_return=[2414.7566]
global_step=509809, episodic_return=[4995.672]
global_step=510809, episodic_return=[4962.8857]
global_step=511613, episodic_return=[4017.6926]
global_step=512613, episodic_return=[5184.586]
global_step=513613, episodic_return=[4973.352]
global_step=513625, episodic_return=[10.490872]
global_step=514625, episodic_return=[5233.397]
global_step=515625, episodic_return=[802.77277]
global_step=516625, episodic_return=[4877.7275]
global_step=517625, episodic_return=[5275.29]
global_step=518625, episodic_return=[4990.731]
global_step=519625, episodic_return=[5033.7017]
global_step=520092, episodic_return=[2028.2256]
global_step=521092, episodic_return=[5176.008]
global_step=522092, episodic_return=[2061.7202]
global_step=523092, episodic_return=[5048.6963]
global_step=524092, episodic_return=[4065.4358]
global_step=525092, episodic_return=[5108.5933]
global_step=525377, episodic_return=[1356.9019]
global_step=526377, episodic_return=[5069.287]
global_step=527377, episodic_return=[5177.506]
global_step=528377, episodic_return=[4912.607]
global_step=529377, episodic_return=[5200.25]
global_step=530377, episodic_return=[5091.839]
global_step=531377, episodic_return=[4658.917]
global_step=532377, episodic_return=[5095.7266]
global_step=533377, episodic_return=[5164.375]
global_step=534377, episodic_return=[4977.416]
global_step=535377, episodic_return=[5080.4785]
global_step=536377, episodic_return=[4976.9478]
global_step=537135, episodic_return=[3912.207]
global_step=538135, episodic_return=[5105.84]
global_step=539135, episodic_return=[5139.5913]
global_step=540135, episodic_return=[4977.73]
global_step=541135, episodic_return=[4935.944]
global_step=542135, episodic_return=[5095.1494]
global_step=543135, episodic_return=[5041.5864]
global_step=544135, episodic_return=[5058.228]
global_step=545135, episodic_return=[5166.594]
global_step=546135, episodic_return=[4961.282]
global_step=547135, episodic_return=[5229.286]
global_step=548135, episodic_return=[5107.5693]
global_step=549135, episodic_return=[5217.969]
global_step=550135, episodic_return=[5150.73]
global_step=551135, episodic_return=[5218.22]
global_step=552135, episodic_return=[5229.802]
global_step=553135, episodic_return=[5294.2456]
global_step=554135, episodic_return=[5039.289]
global_step=555135, episodic_return=[5016.6255]
global_step=556135, episodic_return=[5309.9165]
global_step=557135, episodic_return=[4323.4473]
global_step=558135, episodic_return=[5201.525]
global_step=558647, episodic_return=[2677.7468]
global_step=559647, episodic_return=[5069.7344]
global_step=560647, episodic_return=[4983.6006]
global_step=561647, episodic_return=[4700.367]
global_step=562647, episodic_return=[891.5858]
global_step=563156, episodic_return=[2429.759]
global_step=563583, episodic_return=[2101.2388]
global_step=564583, episodic_return=[5199.6924]
global_step=565583, episodic_return=[5248.528]
global_step=566196, episodic_return=[2959.308]
global_step=567196, episodic_return=[5152.391]
global_step=568142, episodic_return=[4781.685]
global_step=569142, episodic_return=[4999.514]
global_step=570142, episodic_return=[5100.902]
global_step=571142, episodic_return=[4905.6836]
global_step=572142, episodic_return=[5275.8613]
global_step=573142, episodic_return=[1928.47]
global_step=573623, episodic_return=[2177.229]
global_step=574623, episodic_return=[5063.8267]
global_step=575623, episodic_return=[5243.404]
global_step=576623, episodic_return=[4948.483]
global_step=577623, episodic_return=[5107.3843]
global_step=578623, episodic_return=[5208.7056]
global_step=579623, episodic_return=[5031.98]
global_step=580623, episodic_return=[4909.8926]
global_step=581623, episodic_return=[5069.3525]
global_step=582623, episodic_return=[1998.141]
global_step=583623, episodic_return=[5132.1787]
global_step=584623, episodic_return=[5130.5894]
global_step=585623, episodic_return=[5011.6084]
global_step=586623, episodic_return=[4852.5986]
global_step=587623, episodic_return=[5154.3496]
global_step=588623, episodic_return=[5318.064]
global_step=589623, episodic_return=[1831.7706]
global_step=590623, episodic_return=[5346.9478]
global_step=591623, episodic_return=[5307.552]
global_step=592623, episodic_return=[5024.019]
global_step=593623, episodic_return=[5394.8105]
global_step=594623, episodic_return=[5318.2627]
global_step=595623, episodic_return=[4853.369]
global_step=596623, episodic_return=[5362.3647]
global_step=597623, episodic_return=[735.1304]
global_step=598623, episodic_return=[5075.8223]
global_step=599623, episodic_return=[3358.5881]
global_step=600623, episodic_return=[5033.7554]
global_step=601623, episodic_return=[5091.8755]
global_step=602623, episodic_return=[5179.8066]
global_step=603623, episodic_return=[4883.172]
global_step=604257, episodic_return=[2600.9055]
global_step=605257, episodic_return=[5011.931]
global_step=605316, episodic_return=[146.81122]
global_step=606316, episodic_return=[4828.6514]
global_step=607316, episodic_return=[4856.7646]
global_step=607641, episodic_return=[1594.5005]
global_step=608509, episodic_return=[4281.6924]
global_step=609509, episodic_return=[5026.1646]
global_step=610509, episodic_return=[1682.1522]
global_step=611509, episodic_return=[5101.429]
global_step=611728, episodic_return=[972.2218]
global_step=612728, episodic_return=[3700.5105]
global_step=613728, episodic_return=[5221.0635]
global_step=614332, episodic_return=[3107.7302]
global_step=615332, episodic_return=[5222.532]
global_step=615844, episodic_return=[2445.5354]
global_step=616844, episodic_return=[5085.8677]
global_step=617844, episodic_return=[5098.595]
global_step=618262, episodic_return=[2022.7314]
global_step=619262, episodic_return=[5528.235]
global_step=620262, episodic_return=[5173.2856]
global_step=621262, episodic_return=[5142.3745]
global_step=622236, episodic_return=[4978.1436]
global_step=623236, episodic_return=[5077.651]
global_step=624236, episodic_return=[5067.4253]
global_step=625236, episodic_return=[5311.1055]
global_step=626236, episodic_return=[5205.907]
global_step=627236, episodic_return=[5201.163]
global_step=628236, episodic_return=[5185.0835]
global_step=629236, episodic_return=[5129.421]
global_step=630236, episodic_return=[5218.8315]
global_step=631236, episodic_return=[5359.02]
global_step=632236, episodic_return=[5259.8623]
global_step=633236, episodic_return=[5388.887]
global_step=634236, episodic_return=[5462.834]
global_step=635236, episodic_return=[5212.3037]
global_step=636236, episodic_return=[5008.197]
global_step=637236, episodic_return=[5430.6875]
global_step=638236, episodic_return=[5172.2627]
global_step=639178, episodic_return=[4774.979]
global_step=640178, episodic_return=[5300.7104]
global_step=641178, episodic_return=[5178.6343]
global_step=642178, episodic_return=[5108.463]
global_step=642435, episodic_return=[1238.4895]
global_step=643435, episodic_return=[5357.8975]
global_step=644435, episodic_return=[5341.0723]
global_step=645435, episodic_return=[5047.993]
global_step=646435, episodic_return=[5356.368]
global_step=647435, episodic_return=[5412.4346]
global_step=648435, episodic_return=[5018.422]
global_step=649435, episodic_return=[4971.8325]
global_step=650435, episodic_return=[5489.8564]
global_step=651435, episodic_return=[5208.3457]
global_step=652435, episodic_return=[5403.864]
global_step=653435, episodic_return=[5338.8726]
global_step=654435, episodic_return=[5469.0845]
global_step=655435, episodic_return=[5562.35]
global_step=656435, episodic_return=[5481.368]
global_step=657435, episodic_return=[5254.75]
global_step=658435, episodic_return=[5487.428]
global_step=659435, episodic_return=[5281.2896]
global_step=660435, episodic_return=[5147.0674]
global_step=661435, episodic_return=[5333.046]
global_step=662321, episodic_return=[4692.887]
global_step=663321, episodic_return=[5147.5874]
global_step=664321, episodic_return=[5397.2334]
global_step=665321, episodic_return=[5227.3433]
global_step=666321, episodic_return=[5343.9004]
global_step=667321, episodic_return=[5194.1494]
global_step=668321, episodic_return=[5432.9634]
global_step=669321, episodic_return=[5427.97]
global_step=670321, episodic_return=[5311.856]
global_step=671321, episodic_return=[5309.2466]
global_step=672321, episodic_return=[5399.397]
global_step=672933, episodic_return=[3261.7178]
global_step=673933, episodic_return=[5255.858]
global_step=674933, episodic_return=[5482.5747]
global_step=675933, episodic_return=[5227.254]
global_step=676933, episodic_return=[5220.2676]
global_step=677210, episodic_return=[1313.2725]
global_step=678210, episodic_return=[5469.2466]
global_step=679210, episodic_return=[5353.2827]
global_step=680210, episodic_return=[5369.3745]
global_step=681210, episodic_return=[5273.2544]
global_step=682210, episodic_return=[5263.7065]
global_step=682343, episodic_return=[623.50574]
global_step=683343, episodic_return=[5427.476]
global_step=683667, episodic_return=[1654.7164]
global_step=684121, episodic_return=[2297.6887]
global_step=684451, episodic_return=[1591.111]
global_step=685451, episodic_return=[5237.0845]
global_step=686451, episodic_return=[5499.7188]
global_step=687451, episodic_return=[5382.755]
global_step=688451, episodic_return=[5085.0728]
global_step=689451, episodic_return=[5605.1016]
global_step=690443, episodic_return=[5270.909]
global_step=691307, episodic_return=[4645.382]
global_step=692307, episodic_return=[4571.865]
global_step=693307, episodic_return=[5711.0435]
global_step=694091, episodic_return=[4047.9468]
global_step=695091, episodic_return=[5518.7876]
global_step=696091, episodic_return=[5351.098]
global_step=697091, episodic_return=[5438.0664]
global_step=698091, episodic_return=[5664.3022]
global_step=699091, episodic_return=[5664.388]
global_step=699265, episodic_return=[841.881]
global_step=699525, episodic_return=[1279.8527]
global_step=699677, episodic_return=[614.0091]
global_step=700677, episodic_return=[5205.282]
global_step=701677, episodic_return=[5271.5073]
global_step=702677, episodic_return=[5366.7417]
global_step=703677, episodic_return=[5532.0527]
global_step=704677, episodic_return=[5262.047]
global_step=705677, episodic_return=[5252.897]
global_step=706677, episodic_return=[5369.1646]
global_step=707629, episodic_return=[5257.607]
global_step=708629, episodic_return=[5289.286]
global_step=709629, episodic_return=[5193.7495]
global_step=710629, episodic_return=[5520.068]
global_step=711629, episodic_return=[5456.651]
global_step=712629, episodic_return=[5266.5264]
global_step=713629, episodic_return=[5578.615]
global_step=714629, episodic_return=[2018.6763]
global_step=714807, episodic_return=[879.76556]
global_step=715807, episodic_return=[5185.86]
global_step=716807, episodic_return=[1233.0138]
global_step=717807, episodic_return=[5403.604]
global_step=718807, episodic_return=[5421.4463]
global_step=719807, episodic_return=[5777.8228]
global_step=720807, episodic_return=[5339.199]
global_step=721599, episodic_return=[4270.289]
global_step=722599, episodic_return=[5488.882]
global_step=723599, episodic_return=[5362.4]
global_step=724599, episodic_return=[5198.3643]
global_step=725599, episodic_return=[5438.514]
global_step=726311, episodic_return=[3712.6628]
global_step=727311, episodic_return=[5447.0254]
global_step=728311, episodic_return=[5464.159]
global_step=729311, episodic_return=[5533.739]
global_step=729669, episodic_return=[1814.3602]
global_step=730669, episodic_return=[5620.02]
global_step=731669, episodic_return=[5456.6724]
global_step=732669, episodic_return=[5086.2944]
global_step=733669, episodic_return=[5443.5635]
global_step=734669, episodic_return=[5655.167]
global_step=735669, episodic_return=[5350.053]
global_step=736571, episodic_return=[5128.162]
global_step=736798, episodic_return=[1124.8624]
global_step=737798, episodic_return=[5509.6904]
global_step=738424, episodic_return=[3275.9783]
global_step=738773, episodic_return=[1775.8458]
global_step=739773, episodic_return=[5201.904]
global_step=740773, episodic_return=[5391.186]
global_step=740787, episodic_return=[11.738974]
global_step=740866, episodic_return=[266.2948]
global_step=741866, episodic_return=[5357.006]
global_step=742119, episodic_return=[1311.8683]
global_step=743119, episodic_return=[5311.934]
global_step=743369, episodic_return=[1455.3181]
global_step=744369, episodic_return=[5568.283]
global_step=745369, episodic_return=[1758.5302]
global_step=746369, episodic_return=[5406.5186]
global_step=747369, episodic_return=[5362.1606]
global_step=748369, episodic_return=[5282.262]
global_step=749054, episodic_return=[3520.2659]
global_step=749783, episodic_return=[3702.9639]
global_step=750783, episodic_return=[5532.182]
global_step=751763, episodic_return=[5358.5093]
global_step=752763, episodic_return=[5675.3804]
global_step=753763, episodic_return=[5552.]
global_step=754763, episodic_return=[5298.8174]
global_step=755763, episodic_return=[5268.1514]
global_step=756763, episodic_return=[5431.564]
global_step=757763, episodic_return=[5352.6133]
global_step=758379, episodic_return=[3344.1816]
global_step=758702, episodic_return=[1598.9135]
global_step=759702, episodic_return=[5446.5273]
global_step=760702, episodic_return=[5473.6787]
global_step=761702, episodic_return=[3748.1992]
global_step=762702, episodic_return=[5530.1387]
global_step=763702, episodic_return=[5575.5137]
global_step=764702, episodic_return=[5353.9053]
global_step=765702, episodic_return=[5447.1274]
global_step=766702, episodic_return=[5602.3706]
global_step=767117, episodic_return=[2157.768]
global_step=767396, episodic_return=[1489.084]
global_step=768396, episodic_return=[5279.28]
global_step=769396, episodic_return=[1154.8723]
global_step=770396, episodic_return=[5620.779]
global_step=771396, episodic_return=[5313.849]
global_step=772130, episodic_return=[3988.1855]
global_step=773130, episodic_return=[4981.7827]
global_step=774130, episodic_return=[5622.7686]
global_step=775130, episodic_return=[5328.345]
global_step=776130, episodic_return=[5691.988]
global_step=777130, episodic_return=[5330.9487]
global_step=778130, episodic_return=[5672.5234]
global_step=779130, episodic_return=[5325.383]
global_step=780130, episodic_return=[5429.8325]
global_step=781130, episodic_return=[5315.843]
global_step=782130, episodic_return=[5284.0625]
global_step=783130, episodic_return=[1922.7002]
global_step=783537, episodic_return=[2238.0327]
global_step=784537, episodic_return=[5565.8145]
global_step=784726, episodic_return=[980.0155]
global_step=785127, episodic_return=[2178.3918]
global_step=786127, episodic_return=[5761.9077]
global_step=787127, episodic_return=[5159.501]
global_step=787312, episodic_return=[882.3605]
global_step=788312, episodic_return=[5615.092]
global_step=789312, episodic_return=[5398.2056]
global_step=790312, episodic_return=[5516.549]
global_step=791312, episodic_return=[5524.709]
global_step=792312, episodic_return=[5656.9]
global_step=793312, episodic_return=[5033.1074]
global_step=794312, episodic_return=[5839.1235]
global_step=795312, episodic_return=[5246.222]
global_step=796312, episodic_return=[5331.9126]
global_step=797312, episodic_return=[5389.018]
global_step=798312, episodic_return=[5532.051]
global_step=799312, episodic_return=[5507.255]
global_step=799629, episodic_return=[1501.1512]
global_step=800629, episodic_return=[5468.147]
global_step=801629, episodic_return=[5097.471]
global_step=802629, episodic_return=[5593.707]
global_step=803629, episodic_return=[5418.467]
global_step=803667, episodic_return=[122.59673]
global_step=804667, episodic_return=[5565.339]
global_step=805667, episodic_return=[5227.0537]
global_step=806667, episodic_return=[5439.6333]
global_step=807542, episodic_return=[4646.9043]
global_step=808542, episodic_return=[5433.6304]
global_step=809542, episodic_return=[5376.0225]
global_step=810542, episodic_return=[5711.92]
global_step=811542, episodic_return=[5608.9917]
global_step=812542, episodic_return=[5623.424]
global_step=813542, episodic_return=[5533.936]
global_step=814542, episodic_return=[5480.309]
global_step=815542, episodic_return=[5307.8115]
global_step=816174, episodic_return=[3340.3762]
global_step=816699, episodic_return=[2789.3523]
global_step=817699, episodic_return=[5304.3467]
global_step=818699, episodic_return=[5696.4814]
global_step=819699, episodic_return=[5401.89]
global_step=820699, episodic_return=[5531.759]
global_step=821699, episodic_return=[5802.823]
global_step=822699, episodic_return=[5524.331]
global_step=823699, episodic_return=[3828.9863]
global_step=824139, episodic_return=[2399.0713]
global_step=825139, episodic_return=[5375.2915]
global_step=826139, episodic_return=[5373.323]
global_step=827139, episodic_return=[5266.315]
global_step=827197, episodic_return=[211.3625]
global_step=828140, episodic_return=[4916.303]
global_step=828247, episodic_return=[390.72205]
global_step=829247, episodic_return=[5309.913]
global_step=830247, episodic_return=[5729.42]
global_step=831247, episodic_return=[5691.1597]
global_step=832247, episodic_return=[5467.559]
global_step=833247, episodic_return=[5654.13]
global_step=834247, episodic_return=[5356.9224]
global_step=835082, episodic_return=[4182.648]
global_step=836082, episodic_return=[5649.8335]
global_step=836934, episodic_return=[4587.516]
global_step=836991, episodic_return=[197.48238]
global_step=837991, episodic_return=[5832.8086]
global_step=838991, episodic_return=[5188.121]
global_step=839991, episodic_return=[5156.1846]
global_step=840991, episodic_return=[2606.0369]
global_step=841991, episodic_return=[5838.0713]
global_step=842991, episodic_return=[5465.942]
global_step=843991, episodic_return=[5667.813]
global_step=844991, episodic_return=[5506.96]
global_step=845991, episodic_return=[1421.4202]
global_step=846991, episodic_return=[5627.6416]
global_step=847991, episodic_return=[5526.7993]
global_step=848991, episodic_return=[3298.4875]
global_step=849872, episodic_return=[4856.7393]
global_step=850872, episodic_return=[5610.2383]
global_step=851872, episodic_return=[5415.6245]
global_step=852872, episodic_return=[5033.3145]
global_step=853872, episodic_return=[5445.566]
global_step=854872, episodic_return=[5522.719]
global_step=855872, episodic_return=[5431.428]
global_step=856872, episodic_return=[5806.9956]
global_step=857005, episodic_return=[633.2861]
global_step=857015, episodic_return=[5.573163]
global_step=858015, episodic_return=[5449.269]
global_step=859015, episodic_return=[3560.4016]
global_step=860015, episodic_return=[5893.089]
global_step=861015, episodic_return=[4986.6724]
global_step=862015, episodic_return=[1537.0275]
global_step=863015, episodic_return=[5497.9004]
global_step=864015, episodic_return=[5838.938]
global_step=865015, episodic_return=[5460.559]
global_step=866015, episodic_return=[5433.8623]
global_step=867015, episodic_return=[5534.3315]
global_step=867630, episodic_return=[3340.4373]
global_step=868630, episodic_return=[5520.961]
global_step=869630, episodic_return=[5344.578]
global_step=870630, episodic_return=[5480.551]
global_step=871630, episodic_return=[5529.0557]
global_step=872630, episodic_return=[5240.417]
global_step=873630, episodic_return=[5597.0815]
global_step=874630, episodic_return=[5379.001]
global_step=875630, episodic_return=[5315.179]
global_step=876630, episodic_return=[5636.576]
global_step=877630, episodic_return=[2363.2104]
global_step=877650, episodic_return=[26.15438]
global_step=878650, episodic_return=[5281.11]
global_step=879650, episodic_return=[5518.107]
global_step=880650, episodic_return=[5781.7017]
global_step=880826, episodic_return=[889.97266]
global_step=881336, episodic_return=[2701.738]
global_step=882336, episodic_return=[5533.5103]
global_step=883336, episodic_return=[5594.7754]
global_step=884336, episodic_return=[5463.996]
global_step=884728, episodic_return=[2139.16]
global_step=885728, episodic_return=[2034.7108]
global_step=886728, episodic_return=[5415.6294]
global_step=887728, episodic_return=[5234.456]
global_step=888728, episodic_return=[5505.224]
global_step=889728, episodic_return=[5496.7734]
global_step=890465, episodic_return=[4099.996]
global_step=891465, episodic_return=[5406.1123]
global_step=892465, episodic_return=[5727.4565]
global_step=893465, episodic_return=[5773.8013]
global_step=894465, episodic_return=[5579.489]
global_step=895465, episodic_return=[5589.58]
global_step=896465, episodic_return=[5504.8174]
global_step=897465, episodic_return=[5632.123]
global_step=897487, episodic_return=[55.35517]
global_step=898008, episodic_return=[2803.002]
global_step=899008, episodic_return=[5619.843]
global_step=900008, episodic_return=[5457.9062]
global_step=901008, episodic_return=[5564.419]
global_step=901969, episodic_return=[5418.0146]
global_step=902969, episodic_return=[5369.099]
global_step=903060, episodic_return=[456.65524]
global_step=904060, episodic_return=[5622.535]
global_step=905060, episodic_return=[5465.133]
global_step=906060, episodic_return=[5440.4756]
global_step=907060, episodic_return=[5490.939]
global_step=908060, episodic_return=[5043.7407]
global_step=909060, episodic_return=[5676.6074]
global_step=910060, episodic_return=[5531.941]
global_step=911060, episodic_return=[5547.5376]
global_step=912060, episodic_return=[5477.5654]
global_step=912189, episodic_return=[644.4676]
global_step=913189, episodic_return=[5307.781]
global_step=914189, episodic_return=[5931.1406]
global_step=914792, episodic_return=[3437.4548]
global_step=915792, episodic_return=[4333.3745]
global_step=916792, episodic_return=[5662.6143]
global_step=917792, episodic_return=[5517.427]
global_step=918381, episodic_return=[3203.1267]
global_step=919381, episodic_return=[5511.2935]
global_step=920381, episodic_return=[2452.0276]
global_step=921381, episodic_return=[1309.849]
global_step=922381, episodic_return=[5737.465]
global_step=923381, episodic_return=[5463.8306]
global_step=924381, episodic_return=[5419.9717]
global_step=925381, episodic_return=[3819.912]
global_step=926381, episodic_return=[5256.8193]
global_step=926786, episodic_return=[2109.627]
global_step=927786, episodic_return=[5717.8936]
global_step=928786, episodic_return=[5658.244]
global_step=929786, episodic_return=[5241.4136]
global_step=930786, episodic_return=[5717.987]
global_step=930814, episodic_return=[33.12276]
global_step=931814, episodic_return=[647.6965]
global_step=932814, episodic_return=[5550.5566]
global_step=932926, episodic_return=[506.80817]
global_step=933926, episodic_return=[5851.246]
global_step=934926, episodic_return=[5275.4673]
global_step=935926, episodic_return=[5556.134]
global_step=936926, episodic_return=[5523.3804]
global_step=937926, episodic_return=[5333.3794]
global_step=938926, episodic_return=[5484.8364]
global_step=939926, episodic_return=[5689.0435]
global_step=939960, episodic_return=[85.80161]
global_step=940960, episodic_return=[5631.374]
global_step=941960, episodic_return=[5691.1123]
global_step=942960, episodic_return=[5131.754]
global_step=943960, episodic_return=[1497.2219]
global_step=944960, episodic_return=[5191.7446]
global_step=945960, episodic_return=[5518.208]
global_step=946011, episodic_return=[87.511215]
global_step=947011, episodic_return=[5333.3516]
global_step=948011, episodic_return=[5553.126]
global_step=949011, episodic_return=[5553.6216]
global_step=950011, episodic_return=[5726.294]
global_step=951011, episodic_return=[5578.6724]
global_step=952011, episodic_return=[5670.614]
global_step=953011, episodic_return=[5685.4453]
global_step=954011, episodic_return=[3936.0044]
global_step=955011, episodic_return=[5643.043]
global_step=956011, episodic_return=[5537.2812]
global_step=956080, episodic_return=[166.69302]
global_step=957080, episodic_return=[5606.1973]
global_step=958080, episodic_return=[5549.7324]
global_step=959080, episodic_return=[5650.4233]
global_step=959368, episodic_return=[1489.0867]
global_step=959453, episodic_return=[285.36435]
global_step=959597, episodic_return=[661.26416]
global_step=960597, episodic_return=[5707.6025]
global_step=961597, episodic_return=[5696.263]
global_step=962597, episodic_return=[5622.0303]
global_step=963597, episodic_return=[522.88855]
global_step=964597, episodic_return=[162.79744]
global_step=965597, episodic_return=[5374.798]
global_step=966597, episodic_return=[5578.5376]
global_step=967597, episodic_return=[5337.837]
global_step=968597, episodic_return=[5359.5444]
global_step=969597, episodic_return=[5619.6855]
global_step=970597, episodic_return=[5502.1523]
global_step=971597, episodic_return=[5363.1494]
global_step=972597, episodic_return=[5785.5127]
global_step=973597, episodic_return=[5387.245]
global_step=974597, episodic_return=[629.02985]
global_step=975597, episodic_return=[68.64658]
global_step=976597, episodic_return=[5844.2827]
global_step=977597, episodic_return=[5434.6562]
global_step=977609, episodic_return=[11.304474]
global_step=978609, episodic_return=[5257.092]
global_step=979609, episodic_return=[5800.2554]
global_step=980609, episodic_return=[5411.2495]
global_step=981609, episodic_return=[2922.57]
global_step=982586, episodic_return=[5695.844]
global_step=982739, episodic_return=[773.94147]
global_step=983739, episodic_return=[5464.529]
global_step=984739, episodic_return=[5434.5444]
global_step=985739, episodic_return=[5770.9644]
global_step=986739, episodic_return=[5684.2227]
global_step=987739, episodic_return=[5639.651]
global_step=988739, episodic_return=[5434.2637]
global_step=989739, episodic_return=[5652.171]
global_step=990739, episodic_return=[5516.881]
global_step=991739, episodic_return=[5788.1533]
global_step=992739, episodic_return=[5256.884]
global_step=993739, episodic_return=[5553.0503]
global_step=994739, episodic_return=[5817.187]
global_step=995739, episodic_return=[5429.366]
global_step=995888, episodic_return=[681.66437]
global_step=996888, episodic_return=[5356.462]
global_step=997888, episodic_return=[5349.1973]
global_step=998888, episodic_return=[5855.7056]
global_step=999888, episodic_return=[5873.6367]
global_step=1000888, episodic_return=[5818.948]
global_step=1001888, episodic_return=[5562.5303]
global_step=1002888, episodic_return=[5440.9507]
global_step=1003203, episodic_return=[1635.1558]
global_step=1004203, episodic_return=[5179.3594]
global_step=1005203, episodic_return=[5606.6255]
global_step=1005654, episodic_return=[2341.2688]
global_step=1006654, episodic_return=[5122.4595]
global_step=1007654, episodic_return=[5797.9536]
global_step=1007689, episodic_return=[94.4655]
global_step=1008689, episodic_return=[5516.932]
global_step=1009689, episodic_return=[760.47876]
global_step=1010689, episodic_return=[5430.186]
global_step=1011689, episodic_return=[5597.051]
global_step=1012689, episodic_return=[5495.131]
global_step=1013689, episodic_return=[5756.702]
global_step=1014689, episodic_return=[5643.821]
global_step=1015689, episodic_return=[5693.2524]
global_step=1016689, episodic_return=[5372.013]
global_step=1017689, episodic_return=[4040.2585]
global_step=1018689, episodic_return=[5484.695]
global_step=1019689, episodic_return=[5655.2363]
global_step=1020689, episodic_return=[5619.3135]
global_step=1021689, episodic_return=[5790.3315]
global_step=1022689, episodic_return=[3754.9119]
global_step=1023689, episodic_return=[5571.3037]
global_step=1024689, episodic_return=[5761.056]
global_step=1025689, episodic_return=[5654.5615]
global_step=1026689, episodic_return=[5666.781]
global_step=1027689, episodic_return=[5698.037]
global_step=1028689, episodic_return=[5589.522]
global_step=1029689, episodic_return=[5414.856]
global_step=1030689, episodic_return=[5536.149]
global_step=1031689, episodic_return=[5841.054]
global_step=1032689, episodic_return=[5688.637]
global_step=1033689, episodic_return=[5690.6074]
global_step=1034106, episodic_return=[2252.0671]
global_step=1035106, episodic_return=[5459.574]
global_step=1035253, episodic_return=[775.08527]
global_step=1036253, episodic_return=[5778.7734]
global_step=1037253, episodic_return=[5653.368]
global_step=1038253, episodic_return=[5912.606]
global_step=1039253, episodic_return=[5835.3877]
global_step=1040253, episodic_return=[5647.415]
global_step=1041253, episodic_return=[5933.1626]
global_step=1042060, episodic_return=[4574.9556]
global_step=1043060, episodic_return=[5538.539]
global_step=1043096, episodic_return=[108.97333]
global_step=1044096, episodic_return=[5849.6133]
global_step=1045096, episodic_return=[5660.8394]
global_step=1046096, episodic_return=[5735.6484]
global_step=1047096, episodic_return=[5596.4805]
global_step=1048096, episodic_return=[5589.354]
global_step=1049096, episodic_return=[5609.677]
global_step=1050096, episodic_return=[5509.997]
global_step=1051096, episodic_return=[5747.755]
global_step=1052096, episodic_return=[5742.859]
global_step=1052176, episodic_return=[266.58795]
global_step=1053176, episodic_return=[5656.4775]
global_step=1054176, episodic_return=[5383.022]
global_step=1055176, episodic_return=[5765.8237]
global_step=1055364, episodic_return=[788.52783]
global_step=1056364, episodic_return=[5625.359]
global_step=1057364, episodic_return=[5643.7153]
global_step=1058364, episodic_return=[5802.6313]
global_step=1059364, episodic_return=[5800.891]
global_step=1060364, episodic_return=[4782.554]
global_step=1061364, episodic_return=[5622.1055]
global_step=1062364, episodic_return=[1229.3859]
global_step=1063364, episodic_return=[5493.1274]
global_step=1064364, episodic_return=[5500.195]
global_step=1065364, episodic_return=[5550.9707]
global_step=1066364, episodic_return=[5539.05]
global_step=1067364, episodic_return=[2112.886]
global_step=1068307, episodic_return=[5229.9604]
global_step=1069307, episodic_return=[5483.492]
global_step=1070307, episodic_return=[5687.51]
global_step=1071307, episodic_return=[5650.737]
global_step=1072307, episodic_return=[5868.0957]
global_step=1073307, episodic_return=[5562.543]
global_step=1074307, episodic_return=[904.92444]
global_step=1075043, episodic_return=[4063.3503]
global_step=1076043, episodic_return=[5319.684]
global_step=1076572, episodic_return=[3077.0466]
global_step=1077572, episodic_return=[5805.2896]
global_step=1078572, episodic_return=[5635.7246]
global_step=1079572, episodic_return=[5380.4253]
global_step=1080572, episodic_return=[5687.045]
global_step=1081572, episodic_return=[5662.6006]
global_step=1082572, episodic_return=[5911.8604]
global_step=1083572, episodic_return=[5779.4004]
global_step=1084572, episodic_return=[5819.4897]
global_step=1085572, episodic_return=[5565.2544]
global_step=1086082, episodic_return=[2646.2146]
global_step=1087082, episodic_return=[5745.6265]
global_step=1088082, episodic_return=[241.41856]
global_step=1088095, episodic_return=[10.465008]
global_step=1089095, episodic_return=[5694.324]
global_step=1090095, episodic_return=[5629.6543]
global_step=1091095, episodic_return=[5957.2847]
global_step=1092095, episodic_return=[5305.6616]
global_step=1093095, episodic_return=[5765.9146]
global_step=1094095, episodic_return=[5656.91]
global_step=1095095, episodic_return=[5660.022]
global_step=1096095, episodic_return=[5844.7764]
global_step=1097095, episodic_return=[5623.7197]
global_step=1098095, episodic_return=[665.6195]
global_step=1099095, episodic_return=[5534.243]
global_step=1100095, episodic_return=[5783.9946]
global_step=1101095, episodic_return=[5417.5166]
global_step=1101774, episodic_return=[3764.4517]
global_step=1102774, episodic_return=[5724.437]
global_step=1103774, episodic_return=[5319.7656]
global_step=1104774, episodic_return=[5775.9233]
global_step=1105774, episodic_return=[5561.507]
global_step=1106774, episodic_return=[5355.0566]
global_step=1107774, episodic_return=[5705.8643]
global_step=1108774, episodic_return=[1493.3373]
global_step=1109774, episodic_return=[5732.6553]
global_step=1110774, episodic_return=[5593.397]
global_step=1110786, episodic_return=[10.614785]
global_step=1111786, episodic_return=[5581.7085]
global_step=1112786, episodic_return=[5960.126]
global_step=1113786, episodic_return=[5596.8687]
global_step=1114786, episodic_return=[5712.364]
global_step=1115786, episodic_return=[5543.2407]
global_step=1116786, episodic_return=[5749.0947]
global_step=1117786, episodic_return=[5572.8545]
global_step=1118136, episodic_return=[2053.8083]
global_step=1119136, episodic_return=[6025.0737]
global_step=1119366, episodic_return=[1170.1437]
global_step=1120177, episodic_return=[4407.083]
global_step=1121177, episodic_return=[5810.588]
global_step=1122177, episodic_return=[5612.2915]
global_step=1123177, episodic_return=[5686.853]
global_step=1124177, episodic_return=[5578.514]
global_step=1124327, episodic_return=[718.8029]
global_step=1125327, episodic_return=[5715.972]
global_step=1126327, episodic_return=[5873.8394]
global_step=1127327, episodic_return=[5731.695]
global_step=1128327, episodic_return=[5645.2964]
global_step=1129327, episodic_return=[5715.5234]
global_step=1130327, episodic_return=[5903.0454]
global_step=1131327, episodic_return=[5715.9272]
global_step=1132327, episodic_return=[5432.888]
global_step=1133327, episodic_return=[5930.343]
global_step=1134327, episodic_return=[5544.2827]
global_step=1135327, episodic_return=[5440.6514]
global_step=1136327, episodic_return=[5918.22]
global_step=1137327, episodic_return=[5585.554]
global_step=1138327, episodic_return=[5812.718]
global_step=1139327, episodic_return=[5784.417]
global_step=1140327, episodic_return=[5637.186]
global_step=1141327, episodic_return=[5931.9272]
global_step=1142327, episodic_return=[5806.408]
global_step=1143327, episodic_return=[5641.169]
global_step=1144327, episodic_return=[5837.293]
global_step=1145327, episodic_return=[5764.903]
global_step=1146327, episodic_return=[5881.879]
global_step=1147327, episodic_return=[5775.057]
global_step=1147632, episodic_return=[1454.109]
global_step=1148632, episodic_return=[5746.396]
global_step=1149632, episodic_return=[5837.286]
global_step=1150632, episodic_return=[5907.852]
global_step=1151632, episodic_return=[5239.1284]
global_step=1152632, episodic_return=[5862.8286]
global_step=1153632, episodic_return=[6038.139]
global_step=1154421, episodic_return=[4589.8604]
global_step=1155421, episodic_return=[5352.934]
global_step=1156421, episodic_return=[5574.443]
global_step=1157421, episodic_return=[5670.701]
global_step=1158421, episodic_return=[5694.1064]
global_step=1159421, episodic_return=[5759.391]
global_step=1160421, episodic_return=[4232.355]
global_step=1161421, episodic_return=[5625.9287]
global_step=1162421, episodic_return=[5528.0483]
global_step=1163421, episodic_return=[5427.4023]
global_step=1164421, episodic_return=[5724.62]
global_step=1165421, episodic_return=[5770.318]
global_step=1166421, episodic_return=[5998.2646]
global_step=1167421, episodic_return=[5565.929]
global_step=1168421, episodic_return=[4167.676]
global_step=1169421, episodic_return=[5539.218]
global_step=1170421, episodic_return=[5675.1733]
global_step=1171421, episodic_return=[5931.832]
global_step=1171663, episodic_return=[1158.9644]
global_step=1172663, episodic_return=[5813.026]
global_step=1173663, episodic_return=[5667.32]
global_step=1174663, episodic_return=[5842.5166]
global_step=1175663, episodic_return=[6004.9224]
global_step=1176663, episodic_return=[6059.6245]
global_step=1177663, episodic_return=[5705.6973]
global_step=1178663, episodic_return=[5860.408]
global_step=1179663, episodic_return=[5573.7534]
global_step=1180663, episodic_return=[5806.9727]
global_step=1180677, episodic_return=[14.968852]
global_step=1181677, episodic_return=[5747.205]
global_step=1182677, episodic_return=[5689.995]
global_step=1183677, episodic_return=[5502.654]
global_step=1184677, episodic_return=[5694.046]
global_step=1185677, episodic_return=[5424.1646]
global_step=1186677, episodic_return=[5702.898]
global_step=1187677, episodic_return=[5865.748]
global_step=1188677, episodic_return=[5713.0034]
global_step=1189120, episodic_return=[2201.694]
global_step=1190120, episodic_return=[5683.0664]
global_step=1191120, episodic_return=[5588.5884]
global_step=1191359, episodic_return=[1224.909]
global_step=1192359, episodic_return=[5810.649]
global_step=1192919, episodic_return=[3232.341]
global_step=1193919, episodic_return=[5661.128]
global_step=1194350, episodic_return=[2480.88]
global_step=1195350, episodic_return=[5577.8223]
global_step=1196350, episodic_return=[5710.4023]
global_step=1196953, episodic_return=[3462.6978]
global_step=1197953, episodic_return=[5726.2583]
global_step=1198953, episodic_return=[5803.3433]
global_step=1199953, episodic_return=[5983.4985]
global_step=1200953, episodic_return=[5759.8857]
global_step=1201953, episodic_return=[5606.037]
global_step=1202953, episodic_return=[5736.4673]
global_step=1203953, episodic_return=[5714.942]
global_step=1204953, episodic_return=[5919.4136]
global_step=1205953, episodic_return=[5748.2046]
global_step=1206953, episodic_return=[5479.1055]
global_step=1207386, episodic_return=[2342.75]
global_step=1208386, episodic_return=[5906.2734]
global_step=1209386, episodic_return=[5674.908]
global_step=1210386, episodic_return=[5775.2236]
global_step=1211386, episodic_return=[5992.2246]
global_step=1212386, episodic_return=[5644.9297]
global_step=1213386, episodic_return=[5937.436]
global_step=1214386, episodic_return=[5939.5312]
global_step=1214959, episodic_return=[2819.1702]
global_step=1215959, episodic_return=[5471.7173]
global_step=1216959, episodic_return=[5377.3447]
global_step=1217959, episodic_return=[5995.184]
global_step=1218959, episodic_return=[5729.7744]
global_step=1219959, episodic_return=[5555.4824]
global_step=1220959, episodic_return=[5635.3296]
global_step=1221959, episodic_return=[6042.6436]
global_step=1222959, episodic_return=[5712.3877]
global_step=1223959, episodic_return=[5761.98]
global_step=1224959, episodic_return=[5750.347]
global_step=1225959, episodic_return=[5862.6567]
global_step=1226478, episodic_return=[3042.9646]
global_step=1227478, episodic_return=[5700.349]
global_step=1228478, episodic_return=[5765.4126]
global_step=1229478, episodic_return=[4989.3486]
global_step=1230478, episodic_return=[5616.489]
global_step=1231478, episodic_return=[5759.246]
global_step=1232478, episodic_return=[5900.173]
global_step=1233478, episodic_return=[5749.894]
global_step=1234478, episodic_return=[5691.092]
global_step=1235478, episodic_return=[2480.461]
global_step=1236478, episodic_return=[5741.608]
global_step=1237478, episodic_return=[5837.478]
global_step=1238478, episodic_return=[5717.203]
global_step=1239478, episodic_return=[5791.865]
global_step=1240478, episodic_return=[5949.8237]
global_step=1241478, episodic_return=[5601.8877]
global_step=1242478, episodic_return=[5757.9116]
global_step=1243478, episodic_return=[5883.295]
global_step=1244478, episodic_return=[5963.315]
global_step=1245478, episodic_return=[5776.5957]
global_step=1246478, episodic_return=[5980.544]
global_step=1247478, episodic_return=[6207.1636]
global_step=1248478, episodic_return=[5483.4507]
global_step=1249478, episodic_return=[5262.154]
global_step=1250478, episodic_return=[5688.3823]
global_step=1251478, episodic_return=[5594.141]
global_step=1252478, episodic_return=[5815.3174]
global_step=1253478, episodic_return=[5821.1772]
global_step=1254478, episodic_return=[5817.7476]
global_step=1255478, episodic_return=[5818.7393]
global_step=1256478, episodic_return=[5745.945]
global_step=1257478, episodic_return=[5916.685]
global_step=1258478, episodic_return=[5809.932]
global_step=1259478, episodic_return=[5580.949]
global_step=1260478, episodic_return=[5859.687]
global_step=1261478, episodic_return=[5806.132]
global_step=1262478, episodic_return=[5735.76]
global_step=1263478, episodic_return=[5765.5522]
global_step=1264478, episodic_return=[5896.466]
global_step=1265478, episodic_return=[5631.726]
global_step=1266478, episodic_return=[5419.47]
global_step=1267478, episodic_return=[6013.1167]
global_step=1268478, episodic_return=[5799.8154]
global_step=1269478, episodic_return=[5486.158]
global_step=1270478, episodic_return=[5090.515]
global_step=1271478, episodic_return=[-88.09158]
global_step=1271907, episodic_return=[2257.6147]
global_step=1272907, episodic_return=[4006.1685]
global_step=1273643, episodic_return=[-48.617886]
global_step=1273805, episodic_return=[696.262]
global_step=1274805, episodic_return=[3680.583]
global_step=1275219, episodic_return=[-320.51062]
global_step=1276219, episodic_return=[-1121.1631]
global_step=1277219, episodic_return=[1832.413]
global_step=1278219, episodic_return=[-199.31392]
global_step=1279219, episodic_return=[4010.0005]
global_step=1279374, episodic_return=[622.9373]
global_step=1280374, episodic_return=[-719.8577]
global_step=1281374, episodic_return=[178.91344]
global_step=1281570, episodic_return=[732.13306]
global_step=1282570, episodic_return=[19.381092]
global_step=1283075, episodic_return=[2272.794]
global_step=1284075, episodic_return=[1347.2319]
global_step=1285075, episodic_return=[1309.7574]
global_step=1285171, episodic_return=[372.23398]
global_step=1286171, episodic_return=[5432.6797]
global_step=1287171, episodic_return=[-1502.0219]
global_step=1287583, episodic_return=[2122.1516]
global_step=1288583, episodic_return=[-729.32477]
global_step=1289583, episodic_return=[4999.4697]
global_step=1290583, episodic_return=[5470.7153]
global_step=1291583, episodic_return=[577.1907]
global_step=1292583, episodic_return=[825.43756]
global_step=1293583, episodic_return=[1493.4307]
global_step=1294583, episodic_return=[5634.3467]
global_step=1295583, episodic_return=[5686.873]
global_step=1296583, episodic_return=[298.14227]
global_step=1297583, episodic_return=[957.8783]
global_step=1298583, episodic_return=[2653.9102]
global_step=1299583, episodic_return=[5366.0933]
global_step=1300583, episodic_return=[5692.7246]
global_step=1301583, episodic_return=[5586.601]
global_step=1302583, episodic_return=[5637.81]
global_step=1303583, episodic_return=[5631.1426]
global_step=1304583, episodic_return=[5514.124]
global_step=1305583, episodic_return=[5639.815]
global_step=1306307, episodic_return=[3827.3684]
global_step=1307307, episodic_return=[5812.6875]
global_step=1308307, episodic_return=[5814.343]
global_step=1309307, episodic_return=[5688.203]
global_step=1310307, episodic_return=[5733.492]
global_step=1311307, episodic_return=[5758.5186]
global_step=1312307, episodic_return=[1077.0526]
global_step=1313307, episodic_return=[5852.188]
global_step=1314307, episodic_return=[5744.515]
global_step=1315307, episodic_return=[1022.32697]
global_step=1316307, episodic_return=[5822.221]
global_step=1317307, episodic_return=[5680.83]
global_step=1318307, episodic_return=[5787.8623]
global_step=1319307, episodic_return=[5845.3687]
global_step=1320131, episodic_return=[4732.0376]
global_step=1321131, episodic_return=[5916.7744]
global_step=1322131, episodic_return=[5638.9497]
global_step=1323131, episodic_return=[5802.8906]
global_step=1324131, episodic_return=[5773.071]
global_step=1325131, episodic_return=[5845.8745]
global_step=1326131, episodic_return=[5913.16]
global_step=1326926, episodic_return=[4590.2285]
global_step=1327926, episodic_return=[5796.1963]
global_step=1328926, episodic_return=[5834.75]
global_step=1329926, episodic_return=[4347.6655]
global_step=1330926, episodic_return=[6009.059]
global_step=1331926, episodic_return=[5926.813]
global_step=1332926, episodic_return=[5998.2183]
global_step=1333926, episodic_return=[5569.39]
global_step=1334926, episodic_return=[5800.5625]
global_step=1335926, episodic_return=[6006.013]
global_step=1336926, episodic_return=[5796.288]
global_step=1337926, episodic_return=[5820.18]
global_step=1338926, episodic_return=[5738.85]
global_step=1339926, episodic_return=[5943.614]
global_step=1340260, episodic_return=[1760.016]
global_step=1341260, episodic_return=[5689.4097]
global_step=1342260, episodic_return=[6099.6294]
global_step=1343260, episodic_return=[5742.383]
global_step=1344260, episodic_return=[5784.1333]
global_step=1345260, episodic_return=[5919.958]
global_step=1346260, episodic_return=[5988.2544]
global_step=1347260, episodic_return=[5844.7246]
global_step=1348260, episodic_return=[5726.638]
global_step=1348299, episodic_return=[93.02097]
global_step=1349299, episodic_return=[5818.9863]
global_step=1350299, episodic_return=[5787.086]
global_step=1351299, episodic_return=[5876.388]
global_step=1352299, episodic_return=[5776.868]
global_step=1353299, episodic_return=[5719.678]
global_step=1354299, episodic_return=[5780.9673]
global_step=1355299, episodic_return=[5727.1304]
global_step=1356299, episodic_return=[5896.803]
global_step=1357199, episodic_return=[5292.4946]
global_step=1358199, episodic_return=[5745.67]
global_step=1359199, episodic_return=[5853.6143]
global_step=1360199, episodic_return=[5905.417]
global_step=1361199, episodic_return=[5623.086]
global_step=1362199, episodic_return=[5836.7974]
global_step=1363199, episodic_return=[5968.9966]
global_step=1364199, episodic_return=[5771.282]
global_step=1365199, episodic_return=[5776.6133]
global_step=1366199, episodic_return=[5942.2954]
global_step=1367199, episodic_return=[5718.5454]
global_step=1368199, episodic_return=[5802.3364]
global_step=1369199, episodic_return=[5944.599]
global_step=1370199, episodic_return=[6073.717]
global_step=1371199, episodic_return=[6053.9766]
global_step=1372199, episodic_return=[5676.764]
global_step=1373199, episodic_return=[5899.64]
global_step=1374199, episodic_return=[5647.963]
global_step=1375199, episodic_return=[6051.349]
global_step=1376199, episodic_return=[241.50516]
global_step=1377199, episodic_return=[5755.773]
global_step=1378199, episodic_return=[5600.8745]
global_step=1379199, episodic_return=[5960.5728]
global_step=1380199, episodic_return=[5740.938]
global_step=1381199, episodic_return=[2050.479]
global_step=1382199, episodic_return=[5888.8936]
global_step=1383199, episodic_return=[5868.7515]
global_step=1384199, episodic_return=[5960.8423]
global_step=1385199, episodic_return=[5915.6187]
global_step=1386199, episodic_return=[5755.3013]
global_step=1387199, episodic_return=[5883.6704]
global_step=1388199, episodic_return=[5689.7974]
global_step=1389199, episodic_return=[5908.6836]
global_step=1390199, episodic_return=[5845.6772]
global_step=1391199, episodic_return=[5736.808]
global_step=1392199, episodic_return=[5921.303]
global_step=1393199, episodic_return=[6021.4907]
global_step=1394199, episodic_return=[3494.985]
global_step=1395199, episodic_return=[6057.6587]
global_step=1396199, episodic_return=[5945.7554]
global_step=1397199, episodic_return=[5795.447]
global_step=1398199, episodic_return=[5782.871]
global_step=1399199, episodic_return=[5828.6694]
global_step=1400199, episodic_return=[5930.641]
global_step=1401199, episodic_return=[5807.2803]
global_step=1402199, episodic_return=[5922.6045]
global_step=1403199, episodic_return=[5662.3374]
global_step=1404199, episodic_return=[5605.0903]
global_step=1405199, episodic_return=[5948.7637]
global_step=1406199, episodic_return=[5826.8394]
global_step=1407199, episodic_return=[6145.2793]
global_step=1408199, episodic_return=[6027.5938]
global_step=1409199, episodic_return=[5945.4795]
global_step=1410199, episodic_return=[5905.6885]
global_step=1411199, episodic_return=[5727.5835]
global_step=1412199, episodic_return=[5509.975]
global_step=1413199, episodic_return=[5755.829]
global_step=1414199, episodic_return=[6025.2886]
global_step=1415199, episodic_return=[5835.42]
global_step=1416199, episodic_return=[5925.5674]
global_step=1417199, episodic_return=[5951.2163]
global_step=1418199, episodic_return=[5464.0615]
global_step=1419199, episodic_return=[6003.4263]
global_step=1420199, episodic_return=[5965.8037]
global_step=1421199, episodic_return=[5764.13]
global_step=1422048, episodic_return=[5049.2573]
global_step=1423048, episodic_return=[6006.5723]
global_step=1424048, episodic_return=[5841.724]
global_step=1425048, episodic_return=[6145.9795]
global_step=1426048, episodic_return=[5931.707]
global_step=1427048, episodic_return=[5877.224]
global_step=1428048, episodic_return=[6053.449]
global_step=1429048, episodic_return=[5931.007]
global_step=1430048, episodic_return=[5601.7754]
global_step=1431048, episodic_return=[4706.08]
global_step=1432048, episodic_return=[5704.5527]
global_step=1433048, episodic_return=[5734.943]
global_step=1434048, episodic_return=[5793.9883]
global_step=1435048, episodic_return=[5744.8584]
global_step=1436048, episodic_return=[6143.144]
global_step=1437048, episodic_return=[5969.03]
global_step=1438048, episodic_return=[5959.188]
global_step=1439048, episodic_return=[5766.6714]
global_step=1440048, episodic_return=[5686.487]
global_step=1441048, episodic_return=[6081.002]
global_step=1442048, episodic_return=[5944.4185]
global_step=1443048, episodic_return=[5936.7383]
global_step=1444048, episodic_return=[5819.239]
global_step=1445048, episodic_return=[5811.934]
global_step=1446048, episodic_return=[5798.7104]
global_step=1447048, episodic_return=[6111.3486]
global_step=1448048, episodic_return=[5924.4585]
global_step=1449048, episodic_return=[5878.6826]
global_step=1450048, episodic_return=[6074.6016]
global_step=1451048, episodic_return=[5995.7554]
global_step=1452048, episodic_return=[5991.0054]
global_step=1453048, episodic_return=[6048.027]
global_step=1454048, episodic_return=[6060.8726]
global_step=1455048, episodic_return=[5873.4116]
global_step=1456048, episodic_return=[6048.0127]
global_step=1457048, episodic_return=[5895.8354]
global_step=1458048, episodic_return=[6041.1006]
global_step=1458848, episodic_return=[4743.57]
global_step=1459848, episodic_return=[5898.54]
global_step=1460848, episodic_return=[1110.6714]
global_step=1461848, episodic_return=[6043.579]
global_step=1462848, episodic_return=[6092.5146]
global_step=1463191, episodic_return=[1982.9741]
global_step=1464191, episodic_return=[5867.272]
global_step=1464549, episodic_return=[1900.2095]
global_step=1465549, episodic_return=[6139.1704]
global_step=1466549, episodic_return=[5984.53]
global_step=1467549, episodic_return=[6049.655]
global_step=1468549, episodic_return=[5851.1235]
global_step=1469549, episodic_return=[5655.886]
global_step=1470549, episodic_return=[6001.486]
global_step=1471549, episodic_return=[-75.65492]
global_step=1472549, episodic_return=[5973.021]
global_step=1473549, episodic_return=[6131.834]
global_step=1474549, episodic_return=[5806.2974]
global_step=1475549, episodic_return=[6093.0386]
global_step=1476549, episodic_return=[5892.896]
global_step=1477549, episodic_return=[5998.818]
global_step=1478549, episodic_return=[6075.3447]
global_step=1479549, episodic_return=[5885.891]
global_step=1480549, episodic_return=[6029.7817]
global_step=1481549, episodic_return=[1313.1085]
global_step=1482549, episodic_return=[6039.8047]
global_step=1483549, episodic_return=[6142.9614]
global_step=1484549, episodic_return=[5857.9434]
global_step=1485549, episodic_return=[5984.783]
global_step=1486549, episodic_return=[6101.3716]
global_step=1487549, episodic_return=[5884.057]
global_step=1488549, episodic_return=[5703.615]
global_step=1489549, episodic_return=[5772.2334]
global_step=1490549, episodic_return=[2938.4143]
global_step=1491549, episodic_return=[6076.6377]
global_step=1492549, episodic_return=[6088.789]
global_step=1493549, episodic_return=[6039.9395]
global_step=1494549, episodic_return=[5818.0366]
global_step=1495549, episodic_return=[5901.9365]
global_step=1496549, episodic_return=[5994.0884]
global_step=1497549, episodic_return=[5732.0903]
global_step=1498549, episodic_return=[5604.5776]
global_step=1499549, episodic_return=[5839.9272]