True
global_step=999, episodic_return=[-164.1433]
global_step=1015, episodic_return=[-7.0439725]
/Tmp/slurm.4496783.0/env/lib/python3.8/site-packages/gymnasium/utils/passive_env_checker.py:135: UserWarning: [33mWARN: The obs returned by the `reset()` method was expecting numpy array dtype to be <class 'numpy.float32'>, actual type: float64
  logger.warn(
/Tmp/slurm.4496783.0/env/lib/python3.8/site-packages/gymnasium/utils/passive_env_checker.py:159: UserWarning: [33mWARN: The obs returned by the `reset()` method is not within the observation space.
  logger.warn(f"{pre} is not within the observation space.")
/Tmp/slurm.4496783.0/env/lib/python3.8/site-packages/gymnasium/utils/passive_env_checker.py:135: UserWarning: [33mWARN: The obs returned by the `step()` method was expecting numpy array dtype to be <class 'numpy.float32'>, actual type: float64
  logger.warn(
/Tmp/slurm.4496783.0/env/lib/python3.8/site-packages/gymnasium/utils/passive_env_checker.py:159: UserWarning: [33mWARN: The obs returned by the `step()` method is not within the observation space.
  logger.warn(f"{pre} is not within the observation space.")
global_step=2015, episodic_return=[-149.78636]
global_step=3015, episodic_return=[-212.82333]
global_step=3033, episodic_return=[-11.011045]
global_step=3060, episodic_return=[-9.027831]
global_step=3082, episodic_return=[-3.512244]
global_step=3099, episodic_return=[-0.77587706]
global_step=4099, episodic_return=[-146.73164]
global_step=4163, episodic_return=[7.89611]
global_step=5163, episodic_return=[-170.41025]
global_step=5192, episodic_return=[-3.9740756]
global_step=6192, episodic_return=[-615.3631]
global_step=7192, episodic_return=[-873.3073]
global_step=7213, episodic_return=[-32.36183]
global_step=7228, episodic_return=[-8.752979]
global_step=7432, episodic_return=[-201.68048]
global_step=7488, episodic_return=[-22.92163]
global_step=7525, episodic_return=[-7.878237]
global_step=7834, episodic_return=[-318.75745]
global_step=7893, episodic_return=[-38.48612]
global_step=7961, episodic_return=[-97.33072]
global_step=8008, episodic_return=[-30.748934]
global_step=8064, episodic_return=[-56.16116]
global_step=8104, episodic_return=[-51.88856]
global_step=8159, episodic_return=[-76.34904]
global_step=8221, episodic_return=[-46.97818]
global_step=8278, episodic_return=[-22.502666]
global_step=8299, episodic_return=[-14.438129]
global_step=8345, episodic_return=[-68.42509]
global_step=9345, episodic_return=[-836.70593]
global_step=10345, episodic_return=[-782.1001]
global_step=10446, episodic_return=[-91.0198]
global_step=10491, episodic_return=[-30.816402]
global_step=10542, episodic_return=[-47.17433]
global_step=11542, episodic_return=[-593.9607]
global_step=11643, episodic_return=[-112.40434]
global_step=12643, episodic_return=[-641.328]
global_step=12741, episodic_return=[-120.030556]
global_step=12798, episodic_return=[-58.31343]
global_step=13798, episodic_return=[-220.17653]
global_step=13931, episodic_return=[-77.999756]
global_step=13958, episodic_return=[-31.521467]
global_step=14180, episodic_return=[-125.74105]
global_step=14199, episodic_return=[-11.485623]
global_step=14278, episodic_return=[-108.02308]
global_step=14510, episodic_return=[-194.95354]
global_step=14657, episodic_return=[-35.27736]
global_step=14832, episodic_return=[-107.4945]
global_step=14871, episodic_return=[15.83615]
global_step=15871, episodic_return=[51.583164]
global_step=15968, episodic_return=[-61.093037]
global_step=16968, episodic_return=[11.017087]
global_step=17253, episodic_return=[-94.435234]
global_step=18253, episodic_return=[182.04623]
global_step=18290, episodic_return=[-43.551292]
global_step=19290, episodic_return=[380.65048]
global_step=20091, episodic_return=[295.64655]
global_step=20664, episodic_return=[112.12217]
global_step=20864, episodic_return=[21.424896]
global_step=21864, episodic_return=[557.1816]
global_step=22864, episodic_return=[505.02704]
global_step=23864, episodic_return=[688.19183]
global_step=23890, episodic_return=[-3.8446116]
global_step=24890, episodic_return=[646.0913]
global_step=25890, episodic_return=[763.7991]
global_step=26890, episodic_return=[608.9831]
global_step=27890, episodic_return=[840.6395]
global_step=28890, episodic_return=[863.64716]
global_step=29890, episodic_return=[808.6519]
global_step=30890, episodic_return=[818.5447]
global_step=31890, episodic_return=[892.2857]
global_step=32890, episodic_return=[892.30334]
global_step=33890, episodic_return=[869.33704]
global_step=34890, episodic_return=[900.1692]
global_step=35890, episodic_return=[921.80255]
global_step=36890, episodic_return=[916.7994]
global_step=37890, episodic_return=[917.5447]
global_step=38890, episodic_return=[897.5089]
global_step=39890, episodic_return=[891.5668]
global_step=40890, episodic_return=[896.20685]
global_step=41890, episodic_return=[909.8048]
global_step=42890, episodic_return=[865.2183]
global_step=43890, episodic_return=[888.6381]
global_step=44890, episodic_return=[854.61395]
global_step=45890, episodic_return=[941.751]
global_step=46890, episodic_return=[943.0153]
global_step=47890, episodic_return=[943.2672]
global_step=48890, episodic_return=[935.835]
global_step=49890, episodic_return=[934.8678]
global_step=50890, episodic_return=[918.28]
global_step=51890, episodic_return=[922.60535]
global_step=52890, episodic_return=[917.9924]
global_step=53890, episodic_return=[912.35876]
global_step=54890, episodic_return=[847.8353]
global_step=55890, episodic_return=[932.40894]
global_step=56890, episodic_return=[902.85425]
global_step=57890, episodic_return=[890.4133]
global_step=58890, episodic_return=[888.0031]
global_step=59890, episodic_return=[917.3724]
global_step=60890, episodic_return=[930.33185]
global_step=61890, episodic_return=[932.28845]
global_step=62890, episodic_return=[918.8124]
global_step=63890, episodic_return=[707.0936]
global_step=64890, episodic_return=[897.00507]
global_step=65890, episodic_return=[956.51044]
global_step=66890, episodic_return=[938.4873]
global_step=67890, episodic_return=[920.1317]
global_step=68890, episodic_return=[924.7842]
global_step=69890, episodic_return=[954.11]
global_step=70890, episodic_return=[919.44275]
global_step=71890, episodic_return=[956.313]
global_step=72890, episodic_return=[913.8976]
global_step=73890, episodic_return=[810.6073]
global_step=74890, episodic_return=[906.264]
global_step=75890, episodic_return=[932.3781]
global_step=76890, episodic_return=[946.71344]
global_step=77890, episodic_return=[919.8135]
global_step=78890, episodic_return=[916.5572]
global_step=79890, episodic_return=[914.06036]
global_step=80890, episodic_return=[959.65173]
global_step=81890, episodic_return=[891.39105]
global_step=82890, episodic_return=[920.4933]
global_step=83890, episodic_return=[905.035]
global_step=84890, episodic_return=[920.2692]
global_step=85890, episodic_return=[913.7408]
global_step=86890, episodic_return=[886.8713]
global_step=87890, episodic_return=[963.82935]
global_step=88890, episodic_return=[912.126]
global_step=89890, episodic_return=[929.31036]
global_step=90890, episodic_return=[950.11444]
global_step=91890, episodic_return=[962.46796]
global_step=92890, episodic_return=[937.28156]
global_step=93890, episodic_return=[919.90125]
global_step=94890, episodic_return=[931.0882]
global_step=95364, episodic_return=[447.8254]
global_step=96364, episodic_return=[901.4234]
global_step=96449, episodic_return=[66.675644]
global_step=96752, episodic_return=[287.87732]
global_step=97062, episodic_return=[206.18306]
global_step=98062, episodic_return=[914.52673]
global_step=99062, episodic_return=[823.7074]
global_step=100062, episodic_return=[931.70856]
global_step=101062, episodic_return=[923.8682]
global_step=102062, episodic_return=[920.46924]
global_step=103062, episodic_return=[942.9342]
global_step=104062, episodic_return=[934.5012]
global_step=105062, episodic_return=[934.53046]
global_step=106062, episodic_return=[930.3382]
global_step=107062, episodic_return=[943.22]
global_step=108062, episodic_return=[954.5744]
global_step=109062, episodic_return=[950.2042]
global_step=110062, episodic_return=[903.8183]
global_step=111062, episodic_return=[950.6134]
global_step=112062, episodic_return=[919.96814]
global_step=113062, episodic_return=[953.4965]
global_step=114062, episodic_return=[921.34705]
global_step=115062, episodic_return=[931.70575]
global_step=116062, episodic_return=[968.8663]
global_step=117062, episodic_return=[965.486]
global_step=118062, episodic_return=[954.7696]
global_step=119062, episodic_return=[828.2877]
global_step=120062, episodic_return=[756.7316]
global_step=120351, episodic_return=[261.43546]
global_step=121351, episodic_return=[951.31445]
global_step=121615, episodic_return=[273.33682]
global_step=122615, episodic_return=[919.0513]
global_step=123615, episodic_return=[881.33685]
global_step=124615, episodic_return=[931.8025]
global_step=125249, episodic_return=[614.35724]
global_step=126249, episodic_return=[962.4276]
global_step=126912, episodic_return=[650.12317]
global_step=127912, episodic_return=[936.7659]
global_step=128912, episodic_return=[874.89996]
global_step=129912, episodic_return=[923.3123]
global_step=130331, episodic_return=[263.05548]
global_step=131331, episodic_return=[949.77496]
global_step=132331, episodic_return=[967.7664]
global_step=133331, episodic_return=[914.66376]
global_step=134331, episodic_return=[968.8483]
global_step=135331, episodic_return=[957.9327]
global_step=135525, episodic_return=[181.29167]
global_step=135557, episodic_return=[21.618769]
global_step=136263, episodic_return=[744.6219]
global_step=136449, episodic_return=[199.49292]
global_step=137449, episodic_return=[1041.479]
global_step=138449, episodic_return=[961.0225]
global_step=139194, episodic_return=[709.12836]
global_step=140194, episodic_return=[998.0915]
global_step=141194, episodic_return=[986.8286]
global_step=142194, episodic_return=[1023.20276]
global_step=143194, episodic_return=[973.2834]
global_step=144194, episodic_return=[996.84656]
global_step=145194, episodic_return=[1009.08655]
global_step=146194, episodic_return=[985.7038]
global_step=147194, episodic_return=[1015.4518]
global_step=147764, episodic_return=[661.0944]
global_step=148764, episodic_return=[821.6037]
global_step=149764, episodic_return=[863.09235]
global_step=150344, episodic_return=[608.2472]
global_step=151344, episodic_return=[959.5866]
global_step=152344, episodic_return=[1016.3722]
global_step=153304, episodic_return=[852.54974]
global_step=154304, episodic_return=[952.24066]
global_step=155304, episodic_return=[1050.2909]
global_step=156304, episodic_return=[1059.11]
global_step=157304, episodic_return=[900.48193]
global_step=158301, episodic_return=[955.2019]
global_step=159301, episodic_return=[953.88354]
global_step=160301, episodic_return=[931.9634]
global_step=160997, episodic_return=[802.3608]
global_step=161295, episodic_return=[327.85992]
global_step=161377, episodic_return=[108.23073]
global_step=162377, episodic_return=[966.3579]
global_step=163377, episodic_return=[941.92065]
global_step=164377, episodic_return=[1104.9961]
global_step=165377, episodic_return=[1075.914]
global_step=166377, episodic_return=[1063.1129]
global_step=167377, episodic_return=[1170.6931]
global_step=168377, episodic_return=[1149.599]
global_step=169377, episodic_return=[1012.9681]
global_step=170377, episodic_return=[977.679]
global_step=171377, episodic_return=[1244.192]
global_step=172369, episodic_return=[1163.7819]
global_step=173369, episodic_return=[1161.0186]
global_step=173601, episodic_return=[335.05325]
global_step=174601, episodic_return=[999.40094]
global_step=175075, episodic_return=[487.5554]
global_step=175135, episodic_return=[74.639]
global_step=176135, episodic_return=[1079.4766]
global_step=177135, episodic_return=[1217.3855]
global_step=178135, episodic_return=[1253.6384]
global_step=179135, episodic_return=[910.9911]
global_step=180135, episodic_return=[1065.8997]
global_step=181135, episodic_return=[1083.4824]
global_step=182135, episodic_return=[1304.1666]
global_step=183135, episodic_return=[1262.5886]
global_step=184135, episodic_return=[966.4824]
global_step=185135, episodic_return=[1021.7845]
global_step=186135, episodic_return=[841.14374]
global_step=187135, episodic_return=[1179.3972]
global_step=188135, episodic_return=[1316.42]
global_step=188626, episodic_return=[681.86774]
global_step=188775, episodic_return=[211.33136]
global_step=189434, episodic_return=[939.7728]
global_step=190434, episodic_return=[997.71533]
global_step=191434, episodic_return=[923.0801]
global_step=192434, episodic_return=[1035.3223]
global_step=192685, episodic_return=[401.60507]
global_step=193685, episodic_return=[1224.3794]
global_step=194685, episodic_return=[1556.2479]
global_step=195685, episodic_return=[1160.1669]
global_step=196685, episodic_return=[1562.9839]
global_step=196810, episodic_return=[136.26471]
global_step=197810, episodic_return=[1039.9493]
global_step=198810, episodic_return=[712.59564]
global_step=199123, episodic_return=[507.3492]
global_step=200123, episodic_return=[1575.2131]
global_step=201123, episodic_return=[935.70575]
global_step=202123, episodic_return=[1552.5242]
global_step=202246, episodic_return=[202.33011]
global_step=202642, episodic_return=[580.9207]
global_step=203642, episodic_return=[1148.3434]
global_step=204642, episodic_return=[1557.6294]
global_step=205642, episodic_return=[1641.5112]
global_step=206642, episodic_return=[1020.0263]
global_step=207631, episodic_return=[1546.5507]
global_step=208631, episodic_return=[1533.3291]
global_step=208696, episodic_return=[94.22479]
global_step=209696, episodic_return=[870.04297]
global_step=210696, episodic_return=[1147.3424]
global_step=210992, episodic_return=[490.7931]
global_step=211992, episodic_return=[1014.2779]
global_step=212992, episodic_return=[1455.3464]
global_step=213992, episodic_return=[981.0687]
global_step=214165, episodic_return=[297.89978]
global_step=215165, episodic_return=[1792.0209]
global_step=216165, episodic_return=[898.35266]
global_step=217165, episodic_return=[1723.9115]
global_step=218165, episodic_return=[1651.7539]
global_step=219165, episodic_return=[1341.2146]
global_step=220165, episodic_return=[1029.5078]
global_step=220583, episodic_return=[630.55316]
global_step=221583, episodic_return=[1083.023]
global_step=222583, episodic_return=[1213.6677]
global_step=223583, episodic_return=[1603.0554]
global_step=224583, episodic_return=[961.53546]
global_step=224633, episodic_return=[79.4064]
global_step=225453, episodic_return=[1483.9945]
global_step=226453, episodic_return=[1146.5051]
global_step=226642, episodic_return=[290.097]
global_step=226668, episodic_return=[37.25673]
global_step=226811, episodic_return=[299.08698]
global_step=226862, episodic_return=[73.20916]
global_step=227862, episodic_return=[850.3054]
global_step=228862, episodic_return=[1149.2555]
global_step=229862, episodic_return=[1002.8713]
global_step=230862, episodic_return=[1703.6404]
global_step=231862, episodic_return=[1811.0658]
global_step=232862, episodic_return=[1456.1683]
global_step=232909, episodic_return=[82.41211]
global_step=233909, episodic_return=[995.27576]
global_step=234909, episodic_return=[894.6208]
global_step=235909, episodic_return=[1277.4751]
global_step=236909, episodic_return=[1177.7477]
global_step=237909, episodic_return=[1983.9149]
global_step=238909, episodic_return=[1683.5819]
global_step=239909, episodic_return=[982.8421]
global_step=240324, episodic_return=[644.9486]
global_step=241324, episodic_return=[1592.4987]
global_step=242324, episodic_return=[2019.49]
global_step=243324, episodic_return=[1317.2272]
global_step=244324, episodic_return=[1871.0575]
global_step=245324, episodic_return=[1427.0815]
global_step=245454, episodic_return=[263.51593]
global_step=246454, episodic_return=[880.3825]
global_step=247454, episodic_return=[1887.8319]
global_step=248454, episodic_return=[2141.146]
global_step=249349, episodic_return=[1726.9987]
global_step=250183, episodic_return=[1568.86]
global_step=250574, episodic_return=[676.5713]
global_step=251574, episodic_return=[895.7224]
global_step=252574, episodic_return=[2046.2488]
global_step=253574, episodic_return=[1228.4794]
global_step=254574, episodic_return=[672.703]
global_step=254909, episodic_return=[564.652]
global_step=255909, episodic_return=[1989.0548]
global_step=256909, episodic_return=[1881.6724]
global_step=257909, episodic_return=[799.5682]
global_step=258909, episodic_return=[903.2904]
global_step=259164, episodic_return=[454.1758]
global_step=260164, episodic_return=[1523.0513]
global_step=261164, episodic_return=[1350.1592]
global_step=262164, episodic_return=[2326.5168]
global_step=263164, episodic_return=[1755.3774]
global_step=264164, episodic_return=[2268.0925]
global_step=265164, episodic_return=[2222.187]
global_step=266164, episodic_return=[2060.4622]
global_step=267164, episodic_return=[1355.1288]
global_step=268164, episodic_return=[1197.5417]
global_step=269164, episodic_return=[2210.0325]
global_step=269606, episodic_return=[971.81323]
global_step=269707, episodic_return=[182.58679]
global_step=270707, episodic_return=[1208.2047]
global_step=271707, episodic_return=[817.95624]
global_step=272707, episodic_return=[1198.3613]
global_step=273707, episodic_return=[1980.5839]
global_step=274707, episodic_return=[1013.8276]
global_step=275707, episodic_return=[2345.352]
global_step=276707, episodic_return=[2353.3608]
global_step=277707, episodic_return=[1903.638]
global_step=278707, episodic_return=[1950.7196]
global_step=279707, episodic_return=[862.90906]
global_step=279748, episodic_return=[70.22697]
global_step=280748, episodic_return=[952.7365]
global_step=281748, episodic_return=[2279.6343]
global_step=282286, episodic_return=[1158.9524]
global_step=283286, episodic_return=[1002.1453]
global_step=284175, episodic_return=[2120.8196]
global_step=285175, episodic_return=[2436.8323]
global_step=286175, episodic_return=[1164.412]
global_step=287175, episodic_return=[2357.1184]
global_step=287697, episodic_return=[1227.3644]
global_step=288697, episodic_return=[2383.1646]
global_step=289697, episodic_return=[916.7325]
global_step=289869, episodic_return=[457.89542]
global_step=290869, episodic_return=[1343.7948]
global_step=291869, episodic_return=[1207.6744]
global_step=292869, episodic_return=[1318.1595]
global_step=293869, episodic_return=[1349.1772]
global_step=294869, episodic_return=[1165.7605]
global_step=295869, episodic_return=[912.1468]
global_step=296090, episodic_return=[511.11945]
global_step=296720, episodic_return=[1679.2572]
global_step=297720, episodic_return=[2578.7788]
global_step=298720, episodic_return=[2275.574]
global_step=298885, episodic_return=[388.00354]
global_step=299885, episodic_return=[1235.2604]
global_step=300885, episodic_return=[1517.8622]
global_step=301885, episodic_return=[1011.22656]
global_step=302885, episodic_return=[1686.3052]
global_step=303885, episodic_return=[1408.0848]
global_step=304885, episodic_return=[2579.9285]
global_step=305885, episodic_return=[1621.445]
global_step=306885, episodic_return=[2373.145]
global_step=307885, episodic_return=[2630.169]
global_step=308885, episodic_return=[2405.008]
global_step=309885, episodic_return=[2315.1047]
global_step=310885, episodic_return=[2634.9294]
global_step=311885, episodic_return=[1421.7258]
global_step=312885, episodic_return=[2385.205]
global_step=313163, episodic_return=[733.093]
global_step=314163, episodic_return=[1138.1824]
global_step=315163, episodic_return=[738.8977]
global_step=315816, episodic_return=[1642.9591]
global_step=316816, episodic_return=[2543.1018]
global_step=317491, episodic_return=[1776.8464]
global_step=318491, episodic_return=[970.58563]
global_step=318815, episodic_return=[852.72064]
global_step=319713, episodic_return=[2319.4482]
global_step=320713, episodic_return=[1315.6909]
global_step=321713, episodic_return=[2481.2786]
global_step=322713, episodic_return=[2780.861]
global_step=323713, episodic_return=[1175.22]
global_step=324713, episodic_return=[1619.3472]
global_step=325713, episodic_return=[891.5911]
global_step=326713, episodic_return=[2235.7886]
global_step=327713, episodic_return=[2496.6384]
global_step=328713, episodic_return=[2758.1187]
global_step=329713, episodic_return=[2853.7268]
global_step=330713, episodic_return=[1880.281]
global_step=331713, episodic_return=[837.4488]
global_step=332258, episodic_return=[1623.1792]
global_step=333258, episodic_return=[2814.0007]
global_step=334039, episodic_return=[2146.2976]
global_step=335039, episodic_return=[2753.349]
global_step=336039, episodic_return=[2793.142]
global_step=337039, episodic_return=[2776.1218]
global_step=338039, episodic_return=[2732.946]
global_step=338707, episodic_return=[1786.2463]
global_step=339707, episodic_return=[2815.7625]
global_step=340299, episodic_return=[1600.2495]
global_step=341299, episodic_return=[2895.6223]
global_step=342299, episodic_return=[2827.4495]
global_step=342827, episodic_return=[275.68933]
global_step=343827, episodic_return=[2848.5703]
global_step=344535, episodic_return=[1901.086]
global_step=344590, episodic_return=[93.30538]
global_step=345590, episodic_return=[1904.1913]
global_step=346590, episodic_return=[2816.4656]
global_step=347590, episodic_return=[2820.6511]
global_step=348590, episodic_return=[2786.3977]
global_step=349590, episodic_return=[2720.566]
global_step=350590, episodic_return=[729.68884]
global_step=351590, episodic_return=[2881.6184]
global_step=352590, episodic_return=[2687.539]
global_step=353590, episodic_return=[2588.7932]
global_step=354590, episodic_return=[2897.9768]
global_step=355590, episodic_return=[1779.1613]
global_step=356590, episodic_return=[2690.5293]
global_step=357590, episodic_return=[2923.3933]
global_step=358590, episodic_return=[2798.379]
global_step=359590, episodic_return=[3012.5867]
global_step=360590, episodic_return=[810.6818]
global_step=360959, episodic_return=[1055.9524]
global_step=361959, episodic_return=[1238.1752]
global_step=362959, episodic_return=[1479.7584]
global_step=363959, episodic_return=[2719.9597]
global_step=364180, episodic_return=[624.4947]
global_step=365180, episodic_return=[2992.7134]
global_step=366180, episodic_return=[3005.5076]
global_step=367180, episodic_return=[2880.5303]
global_step=367303, episodic_return=[274.43216]
global_step=368303, episodic_return=[1209.156]
global_step=369303, episodic_return=[987.0677]
global_step=370303, episodic_return=[1703.0422]
global_step=371303, episodic_return=[3014.586]
global_step=372303, episodic_return=[2868.659]
global_step=373303, episodic_return=[2928.3745]
global_step=374303, episodic_return=[2773.582]
global_step=375303, episodic_return=[858.31885]
global_step=375599, episodic_return=[854.299]
global_step=376599, episodic_return=[3013.465]
global_step=377599, episodic_return=[2933.2844]
global_step=378599, episodic_return=[1451.6729]
global_step=379599, episodic_return=[2820.0366]
global_step=380599, episodic_return=[2932.69]
global_step=380928, episodic_return=[1076.1853]
global_step=381928, episodic_return=[1805.3942]
global_step=382631, episodic_return=[2087.6763]
global_step=383631, episodic_return=[1126.8536]
global_step=383790, episodic_return=[405.52765]
global_step=384790, episodic_return=[2878.1213]
global_step=385790, episodic_return=[1094.3737]
global_step=386607, episodic_return=[2383.3613]
global_step=387607, episodic_return=[868.859]
global_step=388607, episodic_return=[943.08594]
global_step=389607, episodic_return=[2958.16]
global_step=390607, episodic_return=[3063.0845]
global_step=391607, episodic_return=[1889.0538]
global_step=392607, episodic_return=[3221.4585]
global_step=393607, episodic_return=[3026.0618]
global_step=393711, episodic_return=[299.05096]
global_step=394711, episodic_return=[2973.4163]
global_step=395711, episodic_return=[2981.0193]
global_step=396711, episodic_return=[3066.6606]
global_step=397711, episodic_return=[3220.593]
global_step=398711, episodic_return=[3030.0125]
global_step=399711, episodic_return=[389.93613]
global_step=400711, episodic_return=[3058.7222]
global_step=401251, episodic_return=[1765.0396]
global_step=402251, episodic_return=[3200.4524]
global_step=403251, episodic_return=[3009.9377]
global_step=404251, episodic_return=[2345.8186]
global_step=405251, episodic_return=[882.32336]
global_step=406251, episodic_return=[3160.255]
global_step=407251, episodic_return=[3101.1238]
global_step=408251, episodic_return=[3266.9546]
global_step=409251, episodic_return=[850.2292]
global_step=410251, episodic_return=[3114.5488]
global_step=411251, episodic_return=[3266.5486]
global_step=412251, episodic_return=[3212.7217]
global_step=413251, episodic_return=[3240.943]
global_step=414251, episodic_return=[3140.2693]
global_step=415251, episodic_return=[1329.126]
global_step=415677, episodic_return=[1272.3035]
global_step=415833, episodic_return=[447.9484]
global_step=416833, episodic_return=[3333.7612]
global_step=416952, episodic_return=[325.84708]
global_step=417952, episodic_return=[2255.9404]
global_step=418952, episodic_return=[3389.328]
global_step=419952, episodic_return=[3362.587]
global_step=420952, episodic_return=[983.02783]
global_step=421342, episodic_return=[1235.7448]
global_step=422342, episodic_return=[2081.7258]
global_step=423342, episodic_return=[3173.755]
global_step=424342, episodic_return=[3210.812]
global_step=425342, episodic_return=[3465.7666]
global_step=426342, episodic_return=[888.2924]
global_step=427342, episodic_return=[1936.4099]
global_step=427949, episodic_return=[1926.2126]
global_step=428949, episodic_return=[1713.5242]
global_step=429949, episodic_return=[3511.6008]
global_step=430949, episodic_return=[3442.2874]
global_step=431949, episodic_return=[3439.7532]
global_step=432949, episodic_return=[968.8569]
global_step=433949, episodic_return=[1479.7312]
global_step=434949, episodic_return=[3334.852]
global_step=435949, episodic_return=[1903.2214]
global_step=436949, episodic_return=[3355.9468]
global_step=437949, episodic_return=[3491.7185]
global_step=438949, episodic_return=[2190.7983]
global_step=439949, episodic_return=[3539.3767]
global_step=440949, episodic_return=[3603.5178]
global_step=441350, episodic_return=[1241.954]
global_step=442350, episodic_return=[3426.248]
global_step=443350, episodic_return=[3581.3962]
global_step=444350, episodic_return=[3524.8674]
global_step=445350, episodic_return=[3470.4233]
global_step=446350, episodic_return=[1797.0093]
global_step=447350, episodic_return=[95.49943]
global_step=448350, episodic_return=[3503.7595]
global_step=448418, episodic_return=[138.91092]
global_step=449418, episodic_return=[2176.8567]
global_step=450418, episodic_return=[3019.1438]
global_step=451418, episodic_return=[3652.7249]
global_step=452418, episodic_return=[3378.4622]
global_step=453121, episodic_return=[2388.2056]
global_step=454121, episodic_return=[3244.2747]
global_step=455121, episodic_return=[3427.033]
global_step=456121, episodic_return=[2453.9265]
global_step=457121, episodic_return=[2802.4849]
global_step=458121, episodic_return=[3377.76]
global_step=459121, episodic_return=[3578.309]
global_step=460121, episodic_return=[2706.8906]
global_step=461121, episodic_return=[3539.6333]
global_step=462121, episodic_return=[3604.155]
global_step=463121, episodic_return=[3478.8137]
global_step=464121, episodic_return=[3364.5027]
global_step=464915, episodic_return=[2836.9297]
global_step=464993, episodic_return=[167.98721]
global_step=465186, episodic_return=[529.8143]
global_step=466186, episodic_return=[3597.858]
global_step=467186, episodic_return=[3533.775]
global_step=468186, episodic_return=[3090.0261]
global_step=469186, episodic_return=[3675.5132]
global_step=470186, episodic_return=[3681.9773]
global_step=470662, episodic_return=[1463.3636]
global_step=471662, episodic_return=[2337.4717]
global_step=472662, episodic_return=[1736.7278]
global_step=473662, episodic_return=[3644.708]
global_step=474662, episodic_return=[3686.388]
global_step=475662, episodic_return=[3700.8943]
global_step=476662, episodic_return=[3701.778]
global_step=477662, episodic_return=[1807.0946]
global_step=478279, episodic_return=[2408.6248]
global_step=479279, episodic_return=[1482.9497]
global_step=480279, episodic_return=[3659.8074]
global_step=481279, episodic_return=[3787.14]
global_step=481927, episodic_return=[2343.0432]
global_step=482927, episodic_return=[1440.8932]
global_step=483927, episodic_return=[3801.8767]
global_step=484927, episodic_return=[3701.2754]
global_step=485102, episodic_return=[632.3602]
global_step=485859, episodic_return=[2487.7822]
global_step=486859, episodic_return=[3739.9897]
global_step=487859, episodic_return=[3396.672]
global_step=488859, episodic_return=[2767.5037]
global_step=488938, episodic_return=[216.50414]
global_step=489938, episodic_return=[1222.0208]
global_step=490938, episodic_return=[3631.4668]
global_step=491938, episodic_return=[3990.615]
global_step=492938, episodic_return=[3786.4978]
global_step=493938, episodic_return=[3724.2498]
global_step=494938, episodic_return=[1802.518]
global_step=495938, episodic_return=[3669.6929]
global_step=496598, episodic_return=[2466.7249]
global_step=497598, episodic_return=[3504.7053]
global_step=498598, episodic_return=[3341.3586]
global_step=499598, episodic_return=[3840.2334]
global_step=500598, episodic_return=[3678.797]
global_step=501598, episodic_return=[2115.8362]
global_step=501851, episodic_return=[969.08734]
global_step=502851, episodic_return=[3581.7139]
global_step=503851, episodic_return=[3666.3167]
global_step=504851, episodic_return=[4180.853]
global_step=505851, episodic_return=[3651.7988]
global_step=506627, episodic_return=[2934.4102]
global_step=507627, episodic_return=[3957.3823]
global_step=508627, episodic_return=[4065.492]
global_step=509627, episodic_return=[3741.5872]
global_step=510627, episodic_return=[3961.2986]
global_step=511627, episodic_return=[4024.1465]
global_step=512627, episodic_return=[1938.5137]
global_step=513627, episodic_return=[3927.328]
global_step=514369, episodic_return=[2800.4365]
global_step=514444, episodic_return=[193.32494]
global_step=515444, episodic_return=[3658.7256]
global_step=515798, episodic_return=[1389.102]
global_step=516522, episodic_return=[2778.0508]
global_step=517522, episodic_return=[3750.5022]
global_step=517772, episodic_return=[852.40906]
global_step=518772, episodic_return=[3681.1755]
global_step=519428, episodic_return=[2560.4028]
global_step=520428, episodic_return=[3806.1116]
global_step=520640, episodic_return=[735.4755]
global_step=521384, episodic_return=[2841.2996]
global_step=522384, episodic_return=[2581.9375]
global_step=523384, episodic_return=[4020.9563]
global_step=524384, episodic_return=[3905.5251]
global_step=525384, episodic_return=[3912.1658]
global_step=526384, episodic_return=[3522.9238]
global_step=526562, episodic_return=[618.1233]
global_step=527037, episodic_return=[1945.7089]
global_step=527818, episodic_return=[3037.4163]
global_step=528818, episodic_return=[3882.958]
global_step=529144, episodic_return=[1158.6781]
global_step=530144, episodic_return=[4054.896]
global_step=530262, episodic_return=[427.77176]
global_step=530314, episodic_return=[133.03778]
global_step=531314, episodic_return=[1551.6852]
global_step=531977, episodic_return=[2734.7788]
global_step=532977, episodic_return=[4038.768]
global_step=533977, episodic_return=[4006.325]
global_step=534977, episodic_return=[3892.3547]
global_step=535109, episodic_return=[437.21613]
global_step=536109, episodic_return=[4160.3433]
global_step=537109, episodic_return=[2147.0837]
global_step=538109, episodic_return=[3785.4648]
global_step=539109, episodic_return=[4100.253]
global_step=539445, episodic_return=[1314.7498]
global_step=540445, episodic_return=[4021.8857]
global_step=541445, episodic_return=[3900.393]
global_step=542247, episodic_return=[3087.343]
global_step=543017, episodic_return=[2924.101]
global_step=544017, episodic_return=[3476.469]
global_step=545017, episodic_return=[3871.3887]
global_step=546017, episodic_return=[3903.7107]
global_step=547017, episodic_return=[4170.075]
global_step=547624, episodic_return=[2552.8357]
global_step=548001, episodic_return=[1456.3374]
global_step=549001, episodic_return=[3975.9482]
global_step=549114, episodic_return=[429.0885]
global_step=550114, episodic_return=[737.2033]
global_step=551114, episodic_return=[2392.3757]
global_step=552114, episodic_return=[3023.9626]
global_step=553114, episodic_return=[3939.4387]
global_step=554114, episodic_return=[2269.6143]
global_step=555114, episodic_return=[3990.227]
global_step=556114, episodic_return=[3696.3284]
global_step=557114, episodic_return=[3838.518]
global_step=558114, episodic_return=[3840.4443]
global_step=559114, episodic_return=[3872.5745]
global_step=560114, episodic_return=[1573.8016]
global_step=561114, episodic_return=[3784.804]
global_step=562114, episodic_return=[2826.5344]
global_step=563114, episodic_return=[3815.8481]
global_step=563551, episodic_return=[1613.3075]
global_step=564551, episodic_return=[4131.631]
global_step=565551, episodic_return=[4137.473]
global_step=566551, episodic_return=[3901.9539]
global_step=567551, episodic_return=[4082.062]
global_step=568551, episodic_return=[4065.5886]
global_step=569232, episodic_return=[2476.5212]
global_step=570232, episodic_return=[3840.3928]
global_step=571232, episodic_return=[3315.0022]
global_step=572159, episodic_return=[3952.4827]
global_step=573159, episodic_return=[2645.616]
global_step=573374, episodic_return=[794.84717]
global_step=573619, episodic_return=[970.98096]
global_step=574619, episodic_return=[3917.2224]
global_step=575619, episodic_return=[4260.2534]
global_step=576619, episodic_return=[3636.5142]
global_step=577603, episodic_return=[3882.4795]
global_step=578603, episodic_return=[4036.145]
global_step=579603, episodic_return=[4128.81]
global_step=580603, episodic_return=[4070.2244]
global_step=581603, episodic_return=[3486.9475]
global_step=582603, episodic_return=[3999.9536]
global_step=583603, episodic_return=[4092.206]
global_step=584603, episodic_return=[4000.8218]
global_step=585370, episodic_return=[3206.8047]
global_step=586370, episodic_return=[4105.8696]
global_step=587370, episodic_return=[4081.8508]
global_step=587439, episodic_return=[196.18387]
global_step=588439, episodic_return=[4090.1396]
global_step=589439, episodic_return=[4206.624]
global_step=590439, episodic_return=[3726.1357]
global_step=591439, episodic_return=[4255.8643]
global_step=592439, episodic_return=[4233.771]
global_step=593439, episodic_return=[4118.2617]
global_step=593922, episodic_return=[2126.3542]
global_step=594250, episodic_return=[1225.2881]
global_step=595250, episodic_return=[4209.204]
global_step=595955, episodic_return=[2958.7769]
global_step=596955, episodic_return=[4277.8228]
global_step=597737, episodic_return=[3075.0198]
global_step=597746, episodic_return=[6.7554846]
global_step=598746, episodic_return=[3972.7769]
global_step=599746, episodic_return=[4330.602]
global_step=600505, episodic_return=[2995.508]
global_step=601505, episodic_return=[4192.305]
global_step=602505, episodic_return=[4413.0317]
global_step=603505, episodic_return=[4274.8867]
global_step=604505, episodic_return=[4236.888]
global_step=605505, episodic_return=[4172.862]
global_step=606505, episodic_return=[4241.031]
global_step=606805, episodic_return=[1148.4448]
global_step=607805, episodic_return=[4393.321]
global_step=608805, episodic_return=[4182.842]
global_step=609805, episodic_return=[3910.1785]
global_step=610805, episodic_return=[4444.5425]
global_step=611805, episodic_return=[4107.4893]
global_step=612805, episodic_return=[2209.6904]
global_step=613805, episodic_return=[4319.1084]
global_step=614805, episodic_return=[4466.4004]
global_step=615805, episodic_return=[4111.443]
global_step=616805, episodic_return=[4210.95]
global_step=617805, episodic_return=[4244.144]
global_step=618721, episodic_return=[3840.6223]
global_step=619721, episodic_return=[4019.583]
global_step=620721, episodic_return=[4258.8794]
global_step=621715, episodic_return=[4221.059]
global_step=622715, episodic_return=[4174.4336]
global_step=623715, episodic_return=[4307.407]
global_step=624715, episodic_return=[4436.6265]
global_step=625715, episodic_return=[4238.789]
global_step=626715, episodic_return=[4198.798]
global_step=627715, episodic_return=[4285.2515]
global_step=628715, episodic_return=[4330.869]
global_step=629715, episodic_return=[2119.165]
global_step=630715, episodic_return=[2189.868]
global_step=631715, episodic_return=[4262.1377]
global_step=632715, episodic_return=[4228.2124]
global_step=633715, episodic_return=[4590.474]
global_step=634715, episodic_return=[4440.9663]
global_step=635715, episodic_return=[4371.8228]
global_step=636519, episodic_return=[3321.6594]
global_step=637519, episodic_return=[4125.202]
global_step=638060, episodic_return=[2228.6497]
global_step=638775, episodic_return=[2898.0188]
global_step=638809, episodic_return=[79.00034]
global_step=639809, episodic_return=[4241.2163]
global_step=640809, episodic_return=[4323.078]
global_step=641809, episodic_return=[4238.531]
global_step=642809, episodic_return=[4425.2383]
global_step=643809, episodic_return=[4123.6045]
global_step=643959, episodic_return=[551.7527]
global_step=644959, episodic_return=[209.3277]
global_step=645334, episodic_return=[1331.1868]
global_step=646001, episodic_return=[3000.424]
global_step=647001, episodic_return=[4445.2866]
global_step=647043, episodic_return=[90.72726]
global_step=648043, episodic_return=[1943.3951]
global_step=648306, episodic_return=[1074.381]
global_step=649306, episodic_return=[4443.976]
global_step=650306, episodic_return=[4434.65]
global_step=651287, episodic_return=[4345.237]
global_step=652036, episodic_return=[3174.0688]
global_step=653036, episodic_return=[4065.1458]
global_step=654036, episodic_return=[1486.0577]
global_step=655036, episodic_return=[4171.3086]
global_step=656036, episodic_return=[4381.1255]
global_step=656673, episodic_return=[2763.1987]
global_step=657673, episodic_return=[4723.6064]
global_step=658673, episodic_return=[4342.006]
global_step=659673, episodic_return=[4202.798]
global_step=660673, episodic_return=[4624.8003]
global_step=661673, episodic_return=[4625.5986]
global_step=662673, episodic_return=[4515.7266]
global_step=663673, episodic_return=[4493.8022]
global_step=664673, episodic_return=[4766.8223]
global_step=665673, episodic_return=[4237.8076]
global_step=666673, episodic_return=[4393.652]
global_step=667673, episodic_return=[4510.014]
global_step=668673, episodic_return=[4205.7544]
global_step=669673, episodic_return=[599.9806]
global_step=670673, episodic_return=[4196.133]
global_step=671673, episodic_return=[4583.6157]
global_step=672673, episodic_return=[4271.049]
global_step=673673, episodic_return=[2149.161]
global_step=674673, episodic_return=[4462.6216]
global_step=675673, episodic_return=[4644.61]
global_step=675876, episodic_return=[855.87256]
global_step=676876, episodic_return=[4416.26]
global_step=677876, episodic_return=[4470.968]
global_step=678876, episodic_return=[4538.521]
global_step=679876, episodic_return=[1168.1719]
global_step=680876, episodic_return=[4413.6377]
global_step=681876, episodic_return=[4617.7783]
global_step=682876, episodic_return=[4486.736]
global_step=683876, episodic_return=[4428.97]
global_step=684876, episodic_return=[4301.626]
global_step=685876, episodic_return=[4277.8228]
global_step=686876, episodic_return=[4487.6475]
global_step=687010, episodic_return=[514.1374]
global_step=688010, episodic_return=[4278.6885]
global_step=689010, episodic_return=[4169.317]
global_step=689368, episodic_return=[1451.9915]
global_step=690152, episodic_return=[3301.188]
global_step=691152, episodic_return=[4168.502]
global_step=691573, episodic_return=[1717.7798]
global_step=692128, episodic_return=[2390.419]
global_step=693128, episodic_return=[3231.1145]
global_step=694128, episodic_return=[4732.6226]
global_step=695084, episodic_return=[4155.4443]
global_step=696084, episodic_return=[4726.0674]
global_step=697084, episodic_return=[4452.7896]
global_step=698084, episodic_return=[4485.959]
global_step=699084, episodic_return=[4390.351]
global_step=700084, episodic_return=[4588.065]
global_step=701084, episodic_return=[4574.784]
global_step=702084, episodic_return=[4500.9263]
global_step=703084, episodic_return=[3913.2266]
global_step=703654, episodic_return=[2453.8623]
global_step=704645, episodic_return=[4368.5596]
global_step=705645, episodic_return=[4524.876]
global_step=706645, episodic_return=[410.7488]
global_step=707645, episodic_return=[4467.1655]
global_step=708645, episodic_return=[4586.571]
global_step=709645, episodic_return=[446.8428]
global_step=710645, episodic_return=[4224.4077]
global_step=711645, episodic_return=[4551.5483]
global_step=712645, episodic_return=[4509.5283]
global_step=713645, episodic_return=[1600.5156]
global_step=714645, episodic_return=[4586.534]
global_step=715645, episodic_return=[4408.9263]
global_step=716645, episodic_return=[4748.7383]
global_step=716853, episodic_return=[791.29065]
global_step=717853, episodic_return=[4433.2437]
global_step=718853, episodic_return=[4708.2686]
global_step=719853, episodic_return=[4844.0566]
global_step=720456, episodic_return=[2555.836]
global_step=721456, episodic_return=[483.8995]
global_step=722456, episodic_return=[4603.639]
global_step=723456, episodic_return=[4611.5957]
global_step=724456, episodic_return=[4772.713]
global_step=725456, episodic_return=[4676.969]
global_step=725837, episodic_return=[1715.0026]
global_step=726837, episodic_return=[4579.886]
global_step=727837, episodic_return=[4806.9688]
global_step=728837, episodic_return=[4745.844]
global_step=729837, episodic_return=[4711.757]
global_step=730837, episodic_return=[4643.9434]
global_step=731719, episodic_return=[3938.4368]
global_step=732719, episodic_return=[4478.5776]
global_step=733719, episodic_return=[4647.7036]
global_step=734719, episodic_return=[4638.187]
global_step=735719, episodic_return=[4285.1772]
global_step=736719, episodic_return=[4638.928]
global_step=736913, episodic_return=[614.74225]
global_step=737913, episodic_return=[4634.4126]
global_step=738510, episodic_return=[2828.0657]
global_step=739080, episodic_return=[2525.435]
global_step=740080, episodic_return=[4858.8135]
global_step=741080, episodic_return=[4684.881]
global_step=742080, episodic_return=[4405.3184]
global_step=743080, episodic_return=[4713.5806]
global_step=744080, episodic_return=[1241.0024]
global_step=744156, episodic_return=[210.64806]
global_step=744340, episodic_return=[685.2881]
global_step=745340, episodic_return=[4555.619]
global_step=746340, episodic_return=[4542.9956]
global_step=746612, episodic_return=[1150.4386]
global_step=747046, episodic_return=[1930.212]
global_step=747462, episodic_return=[1896.9094]
global_step=748462, episodic_return=[3372.3557]
global_step=749462, episodic_return=[4605.148]
global_step=750462, episodic_return=[4711.859]
global_step=751462, episodic_return=[4738.2183]
global_step=751654, episodic_return=[662.9127]
global_step=752540, episodic_return=[4005.5454]
global_step=752802, episodic_return=[1148.4899]
global_step=753802, episodic_return=[4625.18]
global_step=754802, episodic_return=[4815.4805]
global_step=755802, episodic_return=[4570.6494]
global_step=756802, episodic_return=[4402.163]
global_step=757802, episodic_return=[4701.3843]
global_step=758802, episodic_return=[4575.2686]
global_step=759720, episodic_return=[4336.8374]
global_step=760611, episodic_return=[4265.7666]
global_step=761611, episodic_return=[4556.121]
global_step=762611, episodic_return=[4458.65]
global_step=763492, episodic_return=[3955.463]
global_step=764492, episodic_return=[4502.4307]
global_step=765492, episodic_return=[4832.7104]
global_step=766492, episodic_return=[4821.9277]
global_step=767492, episodic_return=[4783.5117]
global_step=768492, episodic_return=[4552.3096]
global_step=769492, episodic_return=[4579.094]
global_step=770492, episodic_return=[4591.701]
global_step=771492, episodic_return=[4764.6377]
global_step=772492, episodic_return=[5027.8237]
global_step=773144, episodic_return=[2934.2598]
global_step=774144, episodic_return=[4620.938]
global_step=775144, episodic_return=[4603.6377]
global_step=775334, episodic_return=[892.97626]
global_step=776334, episodic_return=[4634.894]
global_step=777334, episodic_return=[2408.9456]
global_step=777376, episodic_return=[122.80335]
global_step=778376, episodic_return=[4839.1562]
global_step=779376, episodic_return=[887.70074]
global_step=780376, episodic_return=[4668.0166]
global_step=781376, episodic_return=[4320.1885]
global_step=781826, episodic_return=[2125.8225]
global_step=781877, episodic_return=[160.59146]
global_step=782427, episodic_return=[2630.0784]
global_step=783427, episodic_return=[4452.212]
global_step=784427, episodic_return=[2899.8718]
global_step=785427, episodic_return=[4932.1484]
global_step=786427, episodic_return=[4823.512]
global_step=787427, episodic_return=[4966.1133]
global_step=787625, episodic_return=[719.28937]
global_step=788304, episodic_return=[3256.6726]
global_step=789304, episodic_return=[4770.3125]
global_step=790304, episodic_return=[4643.158]
global_step=791304, episodic_return=[4694.5957]
global_step=792304, episodic_return=[1251.1105]
global_step=793304, episodic_return=[4931.6743]
global_step=794304, episodic_return=[4804.3535]
global_step=795304, episodic_return=[4884.3306]
global_step=796304, episodic_return=[4632.573]
global_step=797304, episodic_return=[4576.884]
global_step=798304, episodic_return=[804.26294]
global_step=798728, episodic_return=[1929.2651]
global_step=799728, episodic_return=[4633.9404]
global_step=800728, episodic_return=[4689.0674]
global_step=801728, episodic_return=[4605.629]
global_step=802728, episodic_return=[4274.1123]
global_step=803728, episodic_return=[187.86444]
global_step=804728, episodic_return=[4723.1436]
global_step=805728, episodic_return=[4570.938]
global_step=806728, episodic_return=[4846.733]
global_step=807728, episodic_return=[4545.2686]
global_step=808728, episodic_return=[4699.482]
global_step=809728, episodic_return=[4832.8066]
global_step=810728, episodic_return=[4666.425]
global_step=811728, episodic_return=[4388.387]
global_step=812728, episodic_return=[4950.2324]
global_step=813728, episodic_return=[4631.874]
global_step=814728, episodic_return=[2716.226]
global_step=815728, episodic_return=[4666.8994]
global_step=816656, episodic_return=[4371.5283]
global_step=817656, episodic_return=[4948.007]
global_step=818656, episodic_return=[4996.0127]
global_step=818984, episodic_return=[1432.0297]
global_step=819427, episodic_return=[1972.248]
global_step=820427, episodic_return=[4923.463]
global_step=821427, episodic_return=[2287.2075]
global_step=822427, episodic_return=[1731.3838]
global_step=823427, episodic_return=[4877.6953]
global_step=824427, episodic_return=[4765.825]
global_step=825427, episodic_return=[4529.1855]
global_step=826427, episodic_return=[4720.6187]
global_step=827427, episodic_return=[4864.021]
global_step=828427, episodic_return=[4839.48]
global_step=829427, episodic_return=[4828.876]
global_step=830427, episodic_return=[4785.2817]
global_step=830553, episodic_return=[508.71204]
global_step=831553, episodic_return=[4202.701]
global_step=832553, episodic_return=[4752.0073]
global_step=833553, episodic_return=[4842.6846]
global_step=834553, episodic_return=[4890.2344]
global_step=835553, episodic_return=[4679.4277]
global_step=836553, episodic_return=[4690.3145]
global_step=837553, episodic_return=[4840.8076]
global_step=838553, episodic_return=[4956.125]
global_step=839553, episodic_return=[4981.3516]
global_step=839749, episodic_return=[881.46906]
global_step=840749, episodic_return=[5031.805]
global_step=841749, episodic_return=[4781.3613]
global_step=842749, episodic_return=[4788.2134]
global_step=843749, episodic_return=[4842.1055]
global_step=843897, episodic_return=[465.8248]
global_step=844897, episodic_return=[4821.555]
global_step=845897, episodic_return=[4701.7266]
global_step=846897, episodic_return=[5063.777]
global_step=847897, episodic_return=[4790.7173]
global_step=847998, episodic_return=[444.46173]
global_step=848998, episodic_return=[4570.2]
global_step=849998, episodic_return=[4980.931]
global_step=850055, episodic_return=[199.92677]
global_step=850330, episodic_return=[1291.9059]
global_step=851252, episodic_return=[4451.5796]
global_step=852252, episodic_return=[4957.435]
global_step=853252, episodic_return=[4909.093]
global_step=854252, episodic_return=[4948.294]
global_step=855252, episodic_return=[4920.116]
global_step=856111, episodic_return=[4249.939]
global_step=857111, episodic_return=[5065.624]
global_step=858111, episodic_return=[5188.1616]
global_step=859111, episodic_return=[5097.957]
global_step=860111, episodic_return=[4749.2256]
global_step=860147, episodic_return=[113.71666]
global_step=861147, episodic_return=[5094.3057]
global_step=862147, episodic_return=[5025.7144]
global_step=863147, episodic_return=[4805.955]
global_step=864147, episodic_return=[4998.713]
global_step=865147, episodic_return=[5149.9414]
global_step=866147, episodic_return=[5106.869]
global_step=867147, episodic_return=[5091.5366]
global_step=868147, episodic_return=[5059.004]
global_step=869147, episodic_return=[4605.516]
global_step=870147, episodic_return=[4969.184]
global_step=870585, episodic_return=[2105.7175]
global_step=871585, episodic_return=[5086.9688]
global_step=872585, episodic_return=[4674.7935]
global_step=873585, episodic_return=[4870.154]
global_step=874585, episodic_return=[4630.8823]
global_step=875585, episodic_return=[4973.7744]
global_step=876585, episodic_return=[4939.6294]
global_step=877585, episodic_return=[4565.58]
global_step=878585, episodic_return=[5028.3013]
global_step=879585, episodic_return=[367.2742]
global_step=880585, episodic_return=[4952.441]
global_step=881585, episodic_return=[4901.057]
global_step=882459, episodic_return=[4210.4854]
global_step=883459, episodic_return=[4912.275]
global_step=884459, episodic_return=[4964.3984]
global_step=885459, episodic_return=[4802.2876]
global_step=886459, episodic_return=[4375.957]
global_step=886470, episodic_return=[7.374582]
global_step=887470, episodic_return=[4784.861]
global_step=888470, episodic_return=[4955.1045]
global_step=889237, episodic_return=[3917.6206]
global_step=890237, episodic_return=[4936.121]
global_step=891237, episodic_return=[4734.0576]
global_step=892237, episodic_return=[4959.8584]
global_step=893237, episodic_return=[4890.241]
global_step=894237, episodic_return=[5105.453]
global_step=895038, episodic_return=[3831.803]
global_step=895813, episodic_return=[3808.405]
global_step=896813, episodic_return=[5133.485]
global_step=897213, episodic_return=[1894.8065]
global_step=897403, episodic_return=[873.2346]
global_step=898403, episodic_return=[5144.407]
global_step=899403, episodic_return=[4890.688]
global_step=900403, episodic_return=[4632.683]
global_step=901403, episodic_return=[4677.4604]
global_step=902403, episodic_return=[5038.3994]
global_step=903403, episodic_return=[3754.1306]
global_step=904403, episodic_return=[5029.7515]
global_step=905403, episodic_return=[5097.4673]
global_step=906403, episodic_return=[4907.6523]
global_step=907342, episodic_return=[4590.6094]
global_step=908342, episodic_return=[4668.1196]
global_step=909342, episodic_return=[4957.7617]
global_step=910342, episodic_return=[5196.318]
global_step=911342, episodic_return=[5057.0537]
global_step=911613, episodic_return=[1395.6534]
global_step=912613, episodic_return=[4994.5845]
global_step=913613, episodic_return=[5060.8286]
global_step=914613, episodic_return=[2527.0054]
global_step=915613, episodic_return=[-223.16125]
global_step=916613, episodic_return=[4870.9062]
global_step=917613, episodic_return=[5064.9365]
global_step=918613, episodic_return=[5152.2617]
global_step=919613, episodic_return=[4887.3804]
global_step=920172, episodic_return=[2808.5352]
global_step=921172, episodic_return=[4609.18]
global_step=921537, episodic_return=[1684.0033]
global_step=922073, episodic_return=[2724.005]
global_step=922446, episodic_return=[1744.718]
global_step=923446, episodic_return=[5008.3]
global_step=924446, episodic_return=[5068.977]
global_step=924839, episodic_return=[1884.2572]
global_step=925839, episodic_return=[5267.1455]
global_step=926839, episodic_return=[4983.6533]
global_step=927839, episodic_return=[5228.0835]
global_step=928839, episodic_return=[5220.3955]
global_step=929839, episodic_return=[4812.9062]
global_step=930839, episodic_return=[4935.063]
global_step=931445, episodic_return=[2895.268]
global_step=932445, episodic_return=[5145.9077]
global_step=933445, episodic_return=[4973.1704]
global_step=934445, episodic_return=[4853.816]
global_step=935445, episodic_return=[5140.592]
global_step=936445, episodic_return=[5154.059]
global_step=937445, episodic_return=[5304.2383]
global_step=938445, episodic_return=[4885.9136]
global_step=939445, episodic_return=[4603.2993]
global_step=940445, episodic_return=[4941.2017]
global_step=941445, episodic_return=[525.9595]
global_step=942338, episodic_return=[4457.851]
global_step=943338, episodic_return=[4798.8516]
global_step=944338, episodic_return=[4723.5117]
global_step=945338, episodic_return=[5094.4653]
global_step=946338, episodic_return=[5260.456]
global_step=946447, episodic_return=[497.9365]
global_step=947447, episodic_return=[4793.4795]
global_step=947592, episodic_return=[657.8549]
global_step=948592, episodic_return=[5080.073]
global_step=949592, episodic_return=[4811.8823]
global_step=950592, episodic_return=[5022.408]
global_step=951592, episodic_return=[5084.636]
global_step=952359, episodic_return=[3723.013]
global_step=952689, episodic_return=[1540.4663]
global_step=953689, episodic_return=[5153.9863]
global_step=954689, episodic_return=[4894.7427]
global_step=955311, episodic_return=[3214.6462]
global_step=955639, episodic_return=[1631.1115]
global_step=956639, episodic_return=[4904.413]
global_step=957639, episodic_return=[5067.336]
global_step=957652, episodic_return=[9.983621]
global_step=958652, episodic_return=[736.4597]
global_step=959061, episodic_return=[2063.7654]
global_step=959552, episodic_return=[2422.2085]
global_step=960552, episodic_return=[5199.708]
global_step=961552, episodic_return=[5088.1562]
global_step=962552, episodic_return=[4978.355]
global_step=963552, episodic_return=[5027.6743]
global_step=964552, episodic_return=[4892.672]
global_step=965552, episodic_return=[290.20663]
global_step=966552, episodic_return=[4700.6084]
global_step=967552, episodic_return=[5274.3354]
global_step=968552, episodic_return=[4990.647]
global_step=969552, episodic_return=[5023.7563]
global_step=970552, episodic_return=[5052.976]
global_step=971552, episodic_return=[5071.353]
global_step=972552, episodic_return=[5133.075]
global_step=973552, episodic_return=[5193.188]
global_step=974552, episodic_return=[5245.2295]
global_step=975292, episodic_return=[3870.575]
global_step=976292, episodic_return=[4870.4375]
global_step=976658, episodic_return=[1668.6985]
global_step=977658, episodic_return=[5080.817]
global_step=978658, episodic_return=[5033.554]
global_step=979658, episodic_return=[5080.028]
global_step=980658, episodic_return=[5203.7075]
global_step=981658, episodic_return=[4890.211]
global_step=982658, episodic_return=[5069.6357]
global_step=982958, episodic_return=[1392.1117]
global_step=983958, episodic_return=[5105.1943]
global_step=984958, episodic_return=[5303.491]
global_step=985958, episodic_return=[5156.0605]
global_step=986433, episodic_return=[2242.7415]
global_step=987433, episodic_return=[5111.8174]
global_step=988433, episodic_return=[5098.7173]
global_step=989030, episodic_return=[3049.2258]
global_step=990030, episodic_return=[5247.6323]
global_step=991030, episodic_return=[5293.272]
global_step=992030, episodic_return=[4815.5195]
global_step=992737, episodic_return=[3554.4114]
global_step=993432, episodic_return=[3583.665]
global_step=994432, episodic_return=[5147.825]
global_step=995432, episodic_return=[5206.3486]
global_step=996418, episodic_return=[4955.3037]
global_step=997418, episodic_return=[5284.5522]
global_step=998418, episodic_return=[5080.3535]
global_step=999418, episodic_return=[4923.147]
global_step=1000418, episodic_return=[4577.6113]
global_step=1001418, episodic_return=[5072.182]
global_step=1001758, episodic_return=[1634.9219]
global_step=1002451, episodic_return=[3342.0015]
global_step=1003451, episodic_return=[5050.7944]
global_step=1004451, episodic_return=[5170.749]
global_step=1005451, episodic_return=[5116.658]
global_step=1006451, episodic_return=[1095.008]
global_step=1007451, episodic_return=[5084.26]
global_step=1008451, episodic_return=[5154.429]
global_step=1009451, episodic_return=[4894.2725]
global_step=1010451, episodic_return=[5163.3047]
global_step=1011451, episodic_return=[5151.95]
global_step=1012451, episodic_return=[5043.943]
global_step=1013451, episodic_return=[5036.103]
global_step=1014451, episodic_return=[5142.2617]
global_step=1015451, episodic_return=[4960.683]
global_step=1016369, episodic_return=[4817.6675]
global_step=1017241, episodic_return=[4450.9346]
global_step=1018241, episodic_return=[5110.2983]
global_step=1019241, episodic_return=[5122.896]
global_step=1020241, episodic_return=[4938.5264]
global_step=1021241, episodic_return=[4914.7544]
global_step=1021356, episodic_return=[420.16885]
global_step=1021552, episodic_return=[908.70386]
global_step=1022552, episodic_return=[4977.8867]
global_step=1022671, episodic_return=[491.6075]
global_step=1023671, episodic_return=[5075.624]
global_step=1024671, episodic_return=[5144.0645]
global_step=1025671, episodic_return=[5169.978]
global_step=1026187, episodic_return=[2456.2944]
global_step=1027187, episodic_return=[5341.337]
global_step=1028187, episodic_return=[5126.338]
global_step=1029187, episodic_return=[5224.2266]
global_step=1030187, episodic_return=[4772.7324]
global_step=1031187, episodic_return=[5116.7905]
global_step=1032187, episodic_return=[5082.8774]
global_step=1033187, episodic_return=[4845.856]
global_step=1034187, episodic_return=[4848.895]
global_step=1035187, episodic_return=[5175.6724]
global_step=1036187, episodic_return=[4574.134]
global_step=1037187, episodic_return=[5071.399]
global_step=1038187, episodic_return=[5139.72]
global_step=1039187, episodic_return=[5260.9893]
global_step=1040187, episodic_return=[5273.9185]
global_step=1041187, episodic_return=[5077.6313]
global_step=1041968, episodic_return=[4180.6357]
global_step=1042968, episodic_return=[5042.673]
global_step=1043968, episodic_return=[3073.6873]
global_step=1044968, episodic_return=[5193.197]
global_step=1045968, episodic_return=[5060.3306]
global_step=1046066, episodic_return=[422.32892]
global_step=1047066, episodic_return=[4964.748]
global_step=1048066, episodic_return=[1227.7781]
global_step=1049066, episodic_return=[5072.3496]
global_step=1050066, episodic_return=[5096.9893]
global_step=1051066, episodic_return=[4867.6816]
global_step=1052066, episodic_return=[5455.8794]
global_step=1053066, episodic_return=[5281.198]
global_step=1053902, episodic_return=[4152.08]
global_step=1054902, episodic_return=[5287.7744]
global_step=1055902, episodic_return=[5148.3594]
global_step=1056902, episodic_return=[5275.3945]
global_step=1057902, episodic_return=[5073.1562]
global_step=1058167, episodic_return=[1373.0748]
global_step=1058280, episodic_return=[574.27203]
global_step=1058965, episodic_return=[3400.64]
global_step=1059965, episodic_return=[5308.4385]
global_step=1060965, episodic_return=[4924.3325]
global_step=1061965, episodic_return=[5282.7783]
global_step=1062965, episodic_return=[4347.949]
global_step=1063965, episodic_return=[5246.562]
global_step=1064965, episodic_return=[5203.9224]
global_step=1065965, episodic_return=[4957.9697]
global_step=1066965, episodic_return=[5382.773]
global_step=1067965, episodic_return=[5026.612]
global_step=1068965, episodic_return=[5246.662]
global_step=1069965, episodic_return=[5210.683]
global_step=1070965, episodic_return=[5323.4985]
global_step=1071965, episodic_return=[92.46128]
global_step=1072965, episodic_return=[5100.679]
global_step=1073965, episodic_return=[5287.6045]
global_step=1074965, episodic_return=[4995.2407]
global_step=1075965, episodic_return=[5044.281]
global_step=1076965, episodic_return=[5325.021]
global_step=1077376, episodic_return=[2172.4534]
global_step=1078376, episodic_return=[4858.649]
global_step=1079376, episodic_return=[5092.9873]
global_step=1080376, episodic_return=[4923.904]
global_step=1081376, episodic_return=[5264.2026]
global_step=1081472, episodic_return=[435.18167]
global_step=1082472, episodic_return=[5300.414]
global_step=1083472, episodic_return=[5226.7227]
global_step=1084472, episodic_return=[5328.9624]
global_step=1085472, episodic_return=[5192.956]
global_step=1086472, episodic_return=[5208.2544]
global_step=1087472, episodic_return=[5347.5356]
global_step=1088472, episodic_return=[4912.0386]
global_step=1089472, episodic_return=[5243.4116]
global_step=1090472, episodic_return=[5167.355]
global_step=1091472, episodic_return=[5368.3057]
global_step=1091742, episodic_return=[1347.1613]
global_step=1092190, episodic_return=[2417.9944]
global_step=1093190, episodic_return=[5249.328]
global_step=1094190, episodic_return=[5144.694]
global_step=1095190, episodic_return=[4965.878]
global_step=1096190, episodic_return=[5119.9546]
global_step=1097190, episodic_return=[5361.292]
global_step=1098190, episodic_return=[5141.007]
global_step=1099190, episodic_return=[5232.685]
global_step=1100190, episodic_return=[-160.91312]
global_step=1101190, episodic_return=[5249.5913]
global_step=1101717, episodic_return=[2669.5862]
global_step=1102717, episodic_return=[5137.426]
global_step=1102920, episodic_return=[956.71356]
global_step=1103753, episodic_return=[4445.608]
global_step=1104753, episodic_return=[5064.391]
global_step=1105753, episodic_return=[5228.663]
global_step=1106753, episodic_return=[5409.6484]
global_step=1106919, episodic_return=[781.0416]
global_step=1107919, episodic_return=[5256.2866]
global_step=1108919, episodic_return=[5384.096]
global_step=1109919, episodic_return=[5354.8735]
global_step=1110919, episodic_return=[5306.817]
global_step=1111919, episodic_return=[5436.989]
global_step=1112919, episodic_return=[5128.6265]
global_step=1113919, episodic_return=[5449.931]
global_step=1114919, episodic_return=[5268.284]
global_step=1115919, episodic_return=[5442.3843]
global_step=1116919, episodic_return=[4901.4985]
global_step=1117919, episodic_return=[5152.1797]
global_step=1118919, episodic_return=[5261.195]
global_step=1119919, episodic_return=[5444.2583]
global_step=1120919, episodic_return=[5373.2666]
global_step=1121575, episodic_return=[3332.353]
global_step=1122575, episodic_return=[5410.6636]
global_step=1123575, episodic_return=[5004.74]
global_step=1124575, episodic_return=[5181.639]
global_step=1125575, episodic_return=[5242.489]
global_step=1126575, episodic_return=[5157.501]
global_step=1127575, episodic_return=[5307.177]
global_step=1128575, episodic_return=[5210.995]
global_step=1129575, episodic_return=[5254.341]
global_step=1130575, episodic_return=[5172.8467]
global_step=1131575, episodic_return=[5151.365]
global_step=1132575, episodic_return=[5069.7056]
global_step=1133575, episodic_return=[5309.6343]
global_step=1134575, episodic_return=[5290.9478]
global_step=1135575, episodic_return=[5246.012]
global_step=1136575, episodic_return=[5354.9863]
global_step=1137575, episodic_return=[5325.1445]
global_step=1138397, episodic_return=[4349.7075]
global_step=1139397, episodic_return=[5335.7295]
global_step=1140397, episodic_return=[5217.0845]
global_step=1140663, episodic_return=[1401.007]
global_step=1141663, episodic_return=[5358.118]
global_step=1142663, episodic_return=[5208.645]
global_step=1143385, episodic_return=[3534.3896]
global_step=1144385, episodic_return=[5223.985]
global_step=1145385, episodic_return=[5244.9556]
global_step=1146385, episodic_return=[437.01218]
global_step=1146804, episodic_return=[2013.2169]
global_step=1147804, episodic_return=[5161.6143]
global_step=1148804, episodic_return=[5409.9775]
global_step=1149804, episodic_return=[5176.417]
global_step=1150804, episodic_return=[5378.8794]
global_step=1151804, episodic_return=[5366.732]
global_step=1151814, episodic_return=[6.429225]
global_step=1151943, episodic_return=[563.8008]
global_step=1152943, episodic_return=[5210.4927]
global_step=1153943, episodic_return=[5252.3853]
global_step=1154943, episodic_return=[5449.573]
global_step=1155943, episodic_return=[5124.0327]
global_step=1156943, episodic_return=[4954.5615]
global_step=1157943, episodic_return=[1276.5713]
global_step=1158943, episodic_return=[5053.13]
global_step=1159943, episodic_return=[5561.23]
global_step=1160943, episodic_return=[5396.7866]
global_step=1161943, episodic_return=[5059.15]
global_step=1162943, episodic_return=[5141.366]
global_step=1163943, episodic_return=[1850.5367]
global_step=1164943, episodic_return=[5510.2773]
global_step=1165943, episodic_return=[5186.4155]
global_step=1166943, episodic_return=[5325.807]
global_step=1167943, episodic_return=[5363.879]
global_step=1168943, episodic_return=[5463.2397]
global_step=1169943, episodic_return=[5328.4214]
global_step=1170943, episodic_return=[5098.345]
global_step=1171943, episodic_return=[5183.742]
global_step=1172943, episodic_return=[5392.8213]
global_step=1173943, episodic_return=[5383.4688]
global_step=1174943, episodic_return=[5099.663]
global_step=1175943, episodic_return=[5126.083]
global_step=1176943, episodic_return=[5435.209]
global_step=1177943, episodic_return=[5338.851]
global_step=1178943, episodic_return=[5387.91]
global_step=1179943, episodic_return=[5331.6133]
global_step=1180427, episodic_return=[2560.4287]
global_step=1181427, episodic_return=[5244.706]
global_step=1182427, episodic_return=[5139.3022]
global_step=1183427, episodic_return=[5324.8916]
global_step=1183437, episodic_return=[3.6305227]
global_step=1184437, episodic_return=[5229.6377]
global_step=1185437, episodic_return=[5255.174]
global_step=1186437, episodic_return=[5195.9697]
global_step=1187437, episodic_return=[4462.827]
global_step=1188437, episodic_return=[4878.466]
global_step=1189169, episodic_return=[3942.36]
global_step=1190169, episodic_return=[5460.6855]
global_step=1191169, episodic_return=[5294.582]
global_step=1192169, episodic_return=[5348.4277]
global_step=1193169, episodic_return=[5243.6064]
global_step=1194169, episodic_return=[5286.9966]
global_step=1195169, episodic_return=[5422.967]
global_step=1196169, episodic_return=[5390.5215]
global_step=1197169, episodic_return=[5303.311]
global_step=1198169, episodic_return=[-278.2972]
global_step=1199001, episodic_return=[4444.0293]
global_step=1200001, episodic_return=[5323.559]
global_step=1200846, episodic_return=[4494.7446]
global_step=1201846, episodic_return=[5450.0405]
global_step=1202846, episodic_return=[5399.858]
global_step=1203846, episodic_return=[5465.7686]
global_step=1204846, episodic_return=[5261.5835]
global_step=1205116, episodic_return=[1334.5918]
global_step=1206116, episodic_return=[5406.2554]
global_step=1207116, episodic_return=[5181.0137]
global_step=1208116, episodic_return=[5453.763]
global_step=1209116, episodic_return=[5463.499]
global_step=1210116, episodic_return=[5422.774]
global_step=1211116, episodic_return=[5241.7036]
global_step=1212116, episodic_return=[5520.402]
global_step=1212998, episodic_return=[4710.6426]
global_step=1213998, episodic_return=[5289.825]
global_step=1214042, episodic_return=[141.35681]
global_step=1215042, episodic_return=[5456.3203]
global_step=1215216, episodic_return=[935.302]
global_step=1216216, episodic_return=[5592.5312]
global_step=1217216, episodic_return=[5360.747]
global_step=1218216, episodic_return=[5211.97]
global_step=1219216, episodic_return=[5504.268]
global_step=1220216, episodic_return=[5028.4155]
global_step=1221216, episodic_return=[5496.9854]
global_step=1222216, episodic_return=[5492.708]
global_step=1223216, episodic_return=[5181.3716]
global_step=1224216, episodic_return=[5233.901]
global_step=1225216, episodic_return=[5454.5776]
global_step=1226216, episodic_return=[5368.7944]
global_step=1227216, episodic_return=[5027.249]
global_step=1228216, episodic_return=[5448.1953]
global_step=1229216, episodic_return=[5439.9785]
global_step=1230216, episodic_return=[5210.8857]
global_step=1231216, episodic_return=[5313.3]
global_step=1232216, episodic_return=[5318.486]
global_step=1233216, episodic_return=[5289.933]
global_step=1234216, episodic_return=[5421.1606]
global_step=1235216, episodic_return=[5570.564]
global_step=1236216, episodic_return=[5419.5894]
global_step=1237216, episodic_return=[5353.8135]
global_step=1238216, episodic_return=[5105.776]
global_step=1239216, episodic_return=[5437.416]
global_step=1240216, episodic_return=[3219.506]
global_step=1241216, episodic_return=[5225.254]
global_step=1242216, episodic_return=[5506.947]
global_step=1243216, episodic_return=[5091.7026]
global_step=1244216, episodic_return=[5452.3164]
global_step=1245216, episodic_return=[5193.703]
global_step=1246216, episodic_return=[5435.528]
global_step=1247216, episodic_return=[4050.3792]
global_step=1248216, episodic_return=[5391.7354]
global_step=1248585, episodic_return=[1926.8214]
global_step=1249585, episodic_return=[5497.4526]
global_step=1250585, episodic_return=[5199.6113]
global_step=1251585, episodic_return=[5568.426]
global_step=1252585, episodic_return=[5229.6704]
global_step=1253527, episodic_return=[5058.8564]
global_step=1254527, episodic_return=[5339.075]
global_step=1255527, episodic_return=[5339.9478]
global_step=1256527, episodic_return=[5418.098]
global_step=1257527, episodic_return=[5351.117]
global_step=1258527, episodic_return=[5314.117]
global_step=1259527, episodic_return=[5333.9365]
global_step=1260527, episodic_return=[5275.074]
global_step=1261527, episodic_return=[5311.3174]
global_step=1262527, episodic_return=[5379.7905]
global_step=1263527, episodic_return=[5579.367]
global_step=1264527, episodic_return=[1842.2738]
global_step=1265527, episodic_return=[5627.8706]
global_step=1266527, episodic_return=[5360.783]
global_step=1267527, episodic_return=[5461.8984]
global_step=1268527, episodic_return=[5494.078]
global_step=1269527, episodic_return=[5521.751]
global_step=1270527, episodic_return=[5574.623]
global_step=1271527, episodic_return=[5382.653]
global_step=1272527, episodic_return=[5452.215]
global_step=1273527, episodic_return=[5419.1562]
global_step=1274527, episodic_return=[5288.643]
global_step=1275527, episodic_return=[5435.4385]
global_step=1276527, episodic_return=[5632.7524]
global_step=1277527, episodic_return=[5246.106]
global_step=1278527, episodic_return=[5521.688]
global_step=1279527, episodic_return=[5378.2153]
global_step=1280527, episodic_return=[5448.915]
global_step=1281527, episodic_return=[5558.4785]
global_step=1282527, episodic_return=[5486.3403]
global_step=1283527, episodic_return=[5399.933]
global_step=1284527, episodic_return=[5389.1753]
global_step=1285527, episodic_return=[5292.604]
global_step=1286527, episodic_return=[5273.681]
global_step=1287527, episodic_return=[5576.1533]
global_step=1288527, episodic_return=[5398.4316]
global_step=1289527, episodic_return=[5501.314]
global_step=1290527, episodic_return=[5527.982]
global_step=1291527, episodic_return=[5587.1733]
global_step=1292527, episodic_return=[5546.0566]
global_step=1293527, episodic_return=[5536.1104]
global_step=1294527, episodic_return=[5738.2505]
global_step=1295527, episodic_return=[3819.4429]
global_step=1296199, episodic_return=[3392.531]
global_step=1297199, episodic_return=[5277.0513]
global_step=1297903, episodic_return=[3695.0737]
global_step=1298903, episodic_return=[919.7924]
global_step=1299903, episodic_return=[5635.608]
global_step=1300903, episodic_return=[5406.569]
global_step=1301903, episodic_return=[5591.8184]
global_step=1302903, episodic_return=[5213.9966]
global_step=1303903, episodic_return=[5564.405]
global_step=1304903, episodic_return=[5298.4985]
global_step=1305903, episodic_return=[5363.6094]
global_step=1306903, episodic_return=[5330.234]
global_step=1307903, episodic_return=[5533.6274]
global_step=1308903, episodic_return=[5212.992]
global_step=1309903, episodic_return=[5260.0522]
global_step=1310903, episodic_return=[5578.661]
global_step=1311903, episodic_return=[5383.3438]
global_step=1312903, episodic_return=[5660.049]
global_step=1313903, episodic_return=[5190.9937]
global_step=1314903, episodic_return=[5423.167]
global_step=1315903, episodic_return=[5501.195]
global_step=1316903, episodic_return=[5473.884]
global_step=1317903, episodic_return=[5483.8467]
global_step=1318903, episodic_return=[5604.534]
global_step=1319903, episodic_return=[5303.6094]
global_step=1320903, episodic_return=[5374.584]
global_step=1321903, episodic_return=[2119.978]
global_step=1322903, episodic_return=[5317.947]
global_step=1323903, episodic_return=[5456.0693]
global_step=1324903, episodic_return=[5758.9297]
global_step=1325903, episodic_return=[5483.979]
global_step=1326903, episodic_return=[5618.5454]
global_step=1327903, episodic_return=[5877.272]
global_step=1328903, episodic_return=[5480.602]
global_step=1329903, episodic_return=[5661.0146]
global_step=1330903, episodic_return=[5433.088]
global_step=1331903, episodic_return=[5767.617]
global_step=1332903, episodic_return=[5507.6973]
global_step=1333903, episodic_return=[5451.477]
global_step=1334903, episodic_return=[5513.661]
global_step=1335903, episodic_return=[5750.4355]
global_step=1336695, episodic_return=[4233.7046]
global_step=1337695, episodic_return=[5570.579]
global_step=1338695, episodic_return=[5523.9126]
global_step=1339695, episodic_return=[5212.3535]
global_step=1340065, episodic_return=[1954.9117]
global_step=1340171, episodic_return=[479.4332]
global_step=1341171, episodic_return=[5438.829]
global_step=1341884, episodic_return=[3625.2458]
global_step=1342884, episodic_return=[5420.166]
global_step=1343884, episodic_return=[5368.0264]
global_step=1344884, episodic_return=[5702.231]
global_step=1345884, episodic_return=[5474.982]
global_step=1346884, episodic_return=[5514.1685]
global_step=1347884, episodic_return=[5565.4487]
global_step=1348530, episodic_return=[3306.433]
global_step=1349530, episodic_return=[5443.4854]
global_step=1350530, episodic_return=[5730.3354]
global_step=1351530, episodic_return=[5591.8047]
global_step=1352530, episodic_return=[5226.4443]
global_step=1353530, episodic_return=[5602.0684]
global_step=1354530, episodic_return=[5509.9272]
global_step=1355530, episodic_return=[5456.057]
global_step=1356530, episodic_return=[5461.232]
global_step=1357530, episodic_return=[5740.203]
global_step=1358530, episodic_return=[5526.0386]
global_step=1359530, episodic_return=[5541.3496]
global_step=1360013, episodic_return=[2519.2634]
global_step=1361013, episodic_return=[5555.4995]
global_step=1362013, episodic_return=[5279.2183]
global_step=1363013, episodic_return=[5485.3086]
global_step=1364013, episodic_return=[5262.8286]
global_step=1365013, episodic_return=[5496.1484]
global_step=1366013, episodic_return=[5554.4204]
global_step=1367013, episodic_return=[5446.496]
global_step=1368013, episodic_return=[5420.6104]
global_step=1368585, episodic_return=[3214.25]
global_step=1369585, episodic_return=[5419.361]
global_step=1370585, episodic_return=[5317.7515]
global_step=1371585, episodic_return=[5550.258]
global_step=1372585, episodic_return=[5453.6514]
global_step=1373585, episodic_return=[5449.19]
global_step=1374368, episodic_return=[4441.8384]
global_step=1375368, episodic_return=[5522.796]
global_step=1376368, episodic_return=[3343.7163]
global_step=1376828, episodic_return=[2483.945]
global_step=1376841, episodic_return=[13.4817915]
global_step=1377841, episodic_return=[5470.36]
global_step=1378841, episodic_return=[5481.3945]
global_step=1379841, episodic_return=[5477.255]
global_step=1380841, episodic_return=[5717.362]
global_step=1381841, episodic_return=[5571.09]
global_step=1382841, episodic_return=[5607.282]
global_step=1383841, episodic_return=[5754.0703]
global_step=1384841, episodic_return=[5825.8657]
global_step=1385841, episodic_return=[5687.5054]
global_step=1386841, episodic_return=[5574.6714]
global_step=1387841, episodic_return=[5528.061]
global_step=1388841, episodic_return=[5374.7944]
global_step=1389451, episodic_return=[3347.7473]
global_step=1390451, episodic_return=[5572.601]
global_step=1391451, episodic_return=[5552.8506]
global_step=1392451, episodic_return=[5611.302]
global_step=1393451, episodic_return=[5525.908]
global_step=1394451, episodic_return=[5638.852]
global_step=1395451, episodic_return=[5491.236]
global_step=1396451, episodic_return=[5609.0938]
global_step=1397451, episodic_return=[5564.412]
global_step=1398451, episodic_return=[5712.1714]
global_step=1399451, episodic_return=[5498.239]
global_step=1400451, episodic_return=[5450.878]
global_step=1401451, episodic_return=[5177.5195]
global_step=1402451, episodic_return=[5704.537]
global_step=1403451, episodic_return=[5642.8755]
global_step=1404451, episodic_return=[5471.7666]
global_step=1404603, episodic_return=[663.9428]
global_step=1405603, episodic_return=[5440.8965]
global_step=1406603, episodic_return=[5574.336]
global_step=1407603, episodic_return=[5521.742]
global_step=1408603, episodic_return=[5647.171]
global_step=1409603, episodic_return=[5623.1475]
global_step=1410603, episodic_return=[5408.0093]
global_step=1411603, episodic_return=[5205.406]
global_step=1412603, episodic_return=[1361.2048]
global_step=1413603, episodic_return=[5381.8716]
global_step=1414603, episodic_return=[5537.7554]
global_step=1415603, episodic_return=[2313.7766]
global_step=1416603, episodic_return=[5496.896]
global_step=1417239, episodic_return=[3542.4905]
global_step=1418239, episodic_return=[5538.138]
global_step=1419239, episodic_return=[5252.1953]
global_step=1420239, episodic_return=[5417.683]
global_step=1421239, episodic_return=[5454.2476]
global_step=1421461, episodic_return=[1165.9341]
global_step=1422461, episodic_return=[5413.9165]
global_step=1423461, episodic_return=[5643.8325]
global_step=1424461, episodic_return=[5565.0996]
global_step=1425461, episodic_return=[5529.686]
global_step=1426461, episodic_return=[2032.1902]
global_step=1427461, episodic_return=[5479.2866]
global_step=1428461, episodic_return=[5548.5454]
global_step=1429461, episodic_return=[5486.1665]
global_step=1430461, episodic_return=[5666.8403]
global_step=1430871, episodic_return=[2196.5896]
global_step=1431871, episodic_return=[5447.649]
global_step=1432871, episodic_return=[5178.8]
global_step=1433871, episodic_return=[5697.21]
global_step=1434871, episodic_return=[5580.6147]
global_step=1435871, episodic_return=[5613.4604]
global_step=1436871, episodic_return=[5592.7104]
global_step=1437871, episodic_return=[5345.7515]
global_step=1438871, episodic_return=[5585.851]
global_step=1439085, episodic_return=[1012.84174]
global_step=1440085, episodic_return=[5467.3423]
global_step=1441085, episodic_return=[5624.591]
global_step=1442085, episodic_return=[5726.6187]
global_step=1443085, episodic_return=[5547.7905]
global_step=1443965, episodic_return=[4630.093]
global_step=1444788, episodic_return=[4314.369]
global_step=1445788, episodic_return=[5631.245]
global_step=1446788, episodic_return=[2147.366]
global_step=1447788, episodic_return=[5500.173]
global_step=1448788, episodic_return=[5665.5386]
global_step=1449788, episodic_return=[5478.122]
global_step=1449799, episodic_return=[8.212996]
global_step=1450799, episodic_return=[5691.9585]
global_step=1451799, episodic_return=[5319.2876]
global_step=1452456, episodic_return=[3669.1008]
global_step=1453456, episodic_return=[2061.4614]
global_step=1454456, episodic_return=[5752.22]
global_step=1455456, episodic_return=[5702.612]
global_step=1456456, episodic_return=[5694.0337]
global_step=1457456, episodic_return=[5457.7964]
global_step=1458456, episodic_return=[5552.4707]
global_step=1459456, episodic_return=[5533.0796]
global_step=1460456, episodic_return=[5508.0264]
global_step=1461456, episodic_return=[5568.2715]
global_step=1462456, episodic_return=[5304.5]
global_step=1463456, episodic_return=[5552.134]
global_step=1464456, episodic_return=[5691.258]
global_step=1465456, episodic_return=[5347.1504]
global_step=1466456, episodic_return=[5056.4375]
global_step=1467456, episodic_return=[5395.0977]
global_step=1468456, episodic_return=[5744.4375]
global_step=1469293, episodic_return=[4703.661]
global_step=1470293, episodic_return=[5506.9556]
global_step=1471293, episodic_return=[5695.465]
global_step=1472293, episodic_return=[5571.6777]
global_step=1473293, episodic_return=[5270.647]
global_step=1474293, episodic_return=[5404.8164]
global_step=1475293, episodic_return=[5448.811]
global_step=1476293, episodic_return=[5754.142]
global_step=1477293, episodic_return=[5533.059]
global_step=1477449, episodic_return=[760.337]
global_step=1477657, episodic_return=[1006.2912]
global_step=1478657, episodic_return=[5562.836]
global_step=1479657, episodic_return=[5644.144]
global_step=1480657, episodic_return=[5669.302]
global_step=1481657, episodic_return=[5967.813]
global_step=1482657, episodic_return=[5555.0034]
global_step=1483657, episodic_return=[5680.2993]
global_step=1484657, episodic_return=[5425.36]
global_step=1485657, episodic_return=[5935.6777]
global_step=1486657, episodic_return=[5698.766]
global_step=1487657, episodic_return=[5746.7812]
global_step=1488657, episodic_return=[665.53735]
global_step=1489657, episodic_return=[5420.2847]
global_step=1490657, episodic_return=[5781.385]
global_step=1491616, episodic_return=[5276.63]
global_step=1492616, episodic_return=[5917.5356]
global_step=1493616, episodic_return=[5744.4976]
global_step=1494616, episodic_return=[5467.1484]
global_step=1495616, episodic_return=[5682.9106]
global_step=1496616, episodic_return=[5465.095]
global_step=1497616, episodic_return=[5580.95]
global_step=1498616, episodic_return=[5785.9873]
global_step=1499616, episodic_return=[5379.5967]