True
global_step=126, episodic_return=[-42.324677]
/Tmp/slurm.4496784.0/env/lib/python3.8/site-packages/gymnasium/utils/passive_env_checker.py:135: UserWarning: [33mWARN: The obs returned by the `reset()` method was expecting numpy array dtype to be <class 'numpy.float32'>, actual type: float64
  logger.warn(
/Tmp/slurm.4496784.0/env/lib/python3.8/site-packages/gymnasium/utils/passive_env_checker.py:159: UserWarning: [33mWARN: The obs returned by the `reset()` method is not within the observation space.
  logger.warn(f"{pre} is not within the observation space.")
/Tmp/slurm.4496784.0/env/lib/python3.8/site-packages/gymnasium/utils/passive_env_checker.py:135: UserWarning: [33mWARN: The obs returned by the `step()` method was expecting numpy array dtype to be <class 'numpy.float32'>, actual type: float64
  logger.warn(
/Tmp/slurm.4496784.0/env/lib/python3.8/site-packages/gymnasium/utils/passive_env_checker.py:159: UserWarning: [33mWARN: The obs returned by the `step()` method is not within the observation space.
  logger.warn(f"{pre} is not within the observation space.")
global_step=1126, episodic_return=[-173.32494]
global_step=1142, episodic_return=[-2.5706291]
global_step=1319, episodic_return=[-35.833218]
global_step=1344, episodic_return=[-4.1009264]
global_step=1401, episodic_return=[6.870163]
global_step=1560, episodic_return=[-55.777313]
global_step=1584, episodic_return=[-27.996712]
global_step=1752, episodic_return=[-42.077377]
global_step=1783, episodic_return=[8.405434]
global_step=1840, episodic_return=[-8.279094]
global_step=1917, episodic_return=[-3.111171]
global_step=1999, episodic_return=[-80.51255]
global_step=2013, episodic_return=[4.7487254]
global_step=2043, episodic_return=[-6.9069123]
global_step=2073, episodic_return=[3.889929]
global_step=2089, episodic_return=[4.4567785]
global_step=2224, episodic_return=[7.4180865]
global_step=2252, episodic_return=[-6.5122814]
global_step=2391, episodic_return=[-16.517914]
global_step=2473, episodic_return=[-10.474894]
global_step=2488, episodic_return=[-10.109045]
global_step=2545, episodic_return=[-11.913136]
global_step=2563, episodic_return=[-14.739863]
global_step=3563, episodic_return=[-228.89194]
global_step=3657, episodic_return=[-16.035662]
global_step=3736, episodic_return=[-1.7798786]
global_step=3912, episodic_return=[15.248887]
global_step=3926, episodic_return=[3.2577755]
global_step=3957, episodic_return=[-9.125216]
global_step=3985, episodic_return=[-15.281867]
global_step=4014, episodic_return=[11.130942]
global_step=5014, episodic_return=[-140.5292]
global_step=5085, episodic_return=[-11.49606]
global_step=5210, episodic_return=[-23.31615]
global_step=5228, episodic_return=[-11.230197]
global_step=5251, episodic_return=[-11.156724]
global_step=5347, episodic_return=[-43.24948]
global_step=5374, episodic_return=[3.1516013]
global_step=6374, episodic_return=[-808.8774]
global_step=6507, episodic_return=[-137.97794]
global_step=6636, episodic_return=[-154.79164]
global_step=6732, episodic_return=[-103.58127]
global_step=6750, episodic_return=[-19.002531]
global_step=6825, episodic_return=[-85.62749]
global_step=6929, episodic_return=[-49.958786]
global_step=6975, episodic_return=[-73.03637]
global_step=7032, episodic_return=[-58.001923]
global_step=7137, episodic_return=[-118.8767]
global_step=7234, episodic_return=[-156.01566]
global_step=8234, episodic_return=[-967.6437]
global_step=8250, episodic_return=[-8.246121]
global_step=8295, episodic_return=[-34.893368]
global_step=8308, episodic_return=[-14.893797]
global_step=8460, episodic_return=[-142.79726]
global_step=8473, episodic_return=[-12.330551]
global_step=8524, episodic_return=[-55.93782]
global_step=8593, episodic_return=[-64.38]
global_step=9593, episodic_return=[-904.20917]
global_step=9816, episodic_return=[-185.43985]
global_step=9833, episodic_return=[-21.270304]
global_step=10833, episodic_return=[-748.58307]
global_step=10971, episodic_return=[-92.732864]
global_step=11127, episodic_return=[-153.0618]
global_step=11162, episodic_return=[-21.2235]
global_step=12162, episodic_return=[-635.43744]
global_step=12240, episodic_return=[-71.966675]
global_step=12366, episodic_return=[-34.934235]
global_step=12378, episodic_return=[-19.790878]
global_step=12418, episodic_return=[-53.663963]
global_step=12446, episodic_return=[-25.746603]
global_step=13446, episodic_return=[-276.64133]
global_step=13780, episodic_return=[-37.5902]
global_step=13851, episodic_return=[-34.69568]
global_step=13917, episodic_return=[11.427647]
global_step=13950, episodic_return=[-1.1867797]
global_step=14645, episodic_return=[-84.87982]
global_step=15645, episodic_return=[-99.19141]
global_step=15837, episodic_return=[51.198147]
global_step=16837, episodic_return=[123.148415]
global_step=17837, episodic_return=[243.66914]
global_step=18837, episodic_return=[480.66605]
global_step=19837, episodic_return=[251.89386]
global_step=20837, episodic_return=[454.62054]
global_step=21837, episodic_return=[779.10547]
global_step=22837, episodic_return=[819.57404]
global_step=23837, episodic_return=[808.32117]
global_step=24837, episodic_return=[802.85297]
global_step=25837, episodic_return=[753.68115]
global_step=26837, episodic_return=[833.3308]
global_step=27837, episodic_return=[826.5379]
global_step=28837, episodic_return=[815.3804]
global_step=29837, episodic_return=[795.71014]
global_step=30837, episodic_return=[783.6947]
global_step=31837, episodic_return=[799.8088]
global_step=32837, episodic_return=[821.811]
global_step=33837, episodic_return=[834.1512]
global_step=34837, episodic_return=[837.1114]
global_step=35837, episodic_return=[853.867]
global_step=36837, episodic_return=[866.1886]
global_step=37837, episodic_return=[853.9874]
global_step=38837, episodic_return=[872.53735]
global_step=39837, episodic_return=[893.3059]
global_step=40837, episodic_return=[897.80194]
global_step=41837, episodic_return=[911.86584]
global_step=42837, episodic_return=[824.8784]
global_step=43837, episodic_return=[913.82434]
global_step=44837, episodic_return=[899.0886]
global_step=45837, episodic_return=[918.908]
global_step=46837, episodic_return=[867.03107]
global_step=47837, episodic_return=[874.5066]
global_step=48837, episodic_return=[919.6576]
global_step=49837, episodic_return=[914.945]
global_step=50837, episodic_return=[893.85675]
global_step=51523, episodic_return=[597.34766]
global_step=52523, episodic_return=[875.7153]
global_step=53523, episodic_return=[897.8499]
global_step=54523, episodic_return=[896.48645]
global_step=55523, episodic_return=[895.6325]
global_step=56523, episodic_return=[874.1313]
global_step=57523, episodic_return=[401.00168]
global_step=58523, episodic_return=[823.10187]
global_step=59523, episodic_return=[876.23694]
global_step=60523, episodic_return=[887.2346]
global_step=61523, episodic_return=[884.0105]
global_step=62523, episodic_return=[906.3154]
global_step=63523, episodic_return=[870.4814]
global_step=64523, episodic_return=[888.0304]
global_step=65523, episodic_return=[903.32825]
global_step=66523, episodic_return=[900.70026]
global_step=67523, episodic_return=[909.5034]
global_step=68523, episodic_return=[902.493]
global_step=69523, episodic_return=[886.64905]
global_step=70523, episodic_return=[917.24524]
global_step=71523, episodic_return=[911.93604]
global_step=72523, episodic_return=[921.14154]
global_step=73523, episodic_return=[915.97986]
global_step=74523, episodic_return=[690.09796]
global_step=75362, episodic_return=[707.23804]
global_step=76362, episodic_return=[940.5796]
global_step=77362, episodic_return=[837.022]
global_step=77865, episodic_return=[442.31845]
global_step=78865, episodic_return=[761.228]
global_step=79865, episodic_return=[918.9854]
global_step=80865, episodic_return=[925.5625]
global_step=81865, episodic_return=[920.7322]
global_step=82865, episodic_return=[914.17255]
global_step=83865, episodic_return=[928.583]
global_step=84865, episodic_return=[928.58234]
global_step=85865, episodic_return=[911.85486]
global_step=86865, episodic_return=[937.372]
global_step=87865, episodic_return=[902.70795]
global_step=88865, episodic_return=[916.66016]
global_step=89356, episodic_return=[422.78766]
global_step=90356, episodic_return=[899.05334]
global_step=91356, episodic_return=[856.52075]
global_step=91433, episodic_return=[67.98626]
global_step=92433, episodic_return=[947.2789]
global_step=93433, episodic_return=[946.6899]
global_step=94433, episodic_return=[928.66144]
global_step=95433, episodic_return=[941.2311]
global_step=96433, episodic_return=[933.8465]
global_step=97433, episodic_return=[947.59576]
global_step=98433, episodic_return=[935.4903]
global_step=99433, episodic_return=[940.1591]
global_step=100433, episodic_return=[824.00507]
global_step=101433, episodic_return=[947.0621]
global_step=102433, episodic_return=[915.36743]
global_step=103433, episodic_return=[954.6301]
global_step=104433, episodic_return=[912.98083]
global_step=105433, episodic_return=[900.68506]
global_step=106433, episodic_return=[699.24524]
global_step=107433, episodic_return=[944.44]
global_step=108433, episodic_return=[935.6962]
global_step=109433, episodic_return=[929.0571]
global_step=110433, episodic_return=[956.9537]
global_step=111433, episodic_return=[947.9266]
global_step=112433, episodic_return=[946.1848]
global_step=113433, episodic_return=[944.2667]
global_step=114433, episodic_return=[950.2328]
global_step=115433, episodic_return=[764.2956]
global_step=116433, episodic_return=[917.00305]
global_step=117433, episodic_return=[904.48566]
global_step=117925, episodic_return=[446.47247]
global_step=118925, episodic_return=[938.0879]
global_step=119925, episodic_return=[951.08435]
global_step=120925, episodic_return=[953.03253]
global_step=121925, episodic_return=[937.072]
global_step=122287, episodic_return=[323.97507]
global_step=123287, episodic_return=[976.2619]
global_step=124287, episodic_return=[959.5475]
global_step=125287, episodic_return=[948.37946]
global_step=126287, episodic_return=[961.5062]
global_step=127287, episodic_return=[950.4438]
global_step=128287, episodic_return=[947.4416]
global_step=129287, episodic_return=[894.62286]
global_step=130287, episodic_return=[970.59344]
global_step=131287, episodic_return=[943.1044]
global_step=132287, episodic_return=[948.0093]
global_step=133287, episodic_return=[966.64355]
global_step=134287, episodic_return=[791.43915]
global_step=135287, episodic_return=[768.78424]
global_step=136287, episodic_return=[793.90466]
global_step=136955, episodic_return=[609.6111]
global_step=137955, episodic_return=[814.9193]
global_step=138955, episodic_return=[944.4545]
global_step=139955, episodic_return=[987.66583]
global_step=140955, episodic_return=[1001.6414]
global_step=141955, episodic_return=[953.2751]
global_step=142955, episodic_return=[968.1502]
global_step=143955, episodic_return=[999.33923]
global_step=144955, episodic_return=[941.95337]
global_step=145955, episodic_return=[970.6201]
global_step=146955, episodic_return=[982.4553]
global_step=147955, episodic_return=[951.4474]
global_step=148955, episodic_return=[659.42126]
global_step=149079, episodic_return=[121.00242]
global_step=150079, episodic_return=[912.97833]
global_step=151079, episodic_return=[951.6869]
global_step=151919, episodic_return=[829.99023]
global_step=152016, episodic_return=[101.83332]
global_step=153016, episodic_return=[790.1668]
global_step=154016, episodic_return=[890.6938]
global_step=155016, episodic_return=[685.08057]
global_step=156016, episodic_return=[912.1003]
global_step=157016, episodic_return=[818.81366]
global_step=158016, episodic_return=[956.12976]
global_step=159016, episodic_return=[963.1166]
global_step=160016, episodic_return=[970.5491]
global_step=161016, episodic_return=[888.5507]
global_step=162016, episodic_return=[962.0266]
global_step=162405, episodic_return=[342.66217]
global_step=163405, episodic_return=[898.42786]
global_step=164405, episodic_return=[962.7097]
global_step=165405, episodic_return=[1003.85394]
global_step=166405, episodic_return=[993.6807]
global_step=167405, episodic_return=[1023.0045]
global_step=168405, episodic_return=[949.8044]
global_step=169405, episodic_return=[1021.96326]
global_step=170405, episodic_return=[882.2171]
global_step=171405, episodic_return=[900.25305]
global_step=172405, episodic_return=[904.173]
global_step=172650, episodic_return=[281.15076]
global_step=173650, episodic_return=[1002.96326]
global_step=174029, episodic_return=[381.1982]
global_step=174156, episodic_return=[132.92554]
global_step=175156, episodic_return=[968.5519]
global_step=176156, episodic_return=[884.28613]
global_step=177156, episodic_return=[1007.76245]
global_step=177392, episodic_return=[249.79675]
global_step=178392, episodic_return=[969.3064]
global_step=179392, episodic_return=[1135.011]
global_step=180392, episodic_return=[1107.7214]
global_step=181392, episodic_return=[1074.1869]
global_step=182392, episodic_return=[1068.7334]
global_step=183392, episodic_return=[871.5139]
global_step=183811, episodic_return=[457.0799]
global_step=184624, episodic_return=[857.84235]
global_step=185536, episodic_return=[846.71906]
global_step=186536, episodic_return=[1141.8408]
global_step=186784, episodic_return=[229.56316]
global_step=187784, episodic_return=[1134.7089]
global_step=188784, episodic_return=[1146.4113]
global_step=189784, episodic_return=[824.87683]
global_step=190784, episodic_return=[949.39075]
global_step=191010, episodic_return=[271.78537]
global_step=192010, episodic_return=[629.0574]
global_step=193010, episodic_return=[1194.5662]
global_step=194010, episodic_return=[1025.2842]
global_step=194155, episodic_return=[192.94551]
global_step=195155, episodic_return=[1142.5813]
global_step=196155, episodic_return=[1410.906]
global_step=197155, episodic_return=[937.34204]
global_step=198155, episodic_return=[931.53284]
global_step=198783, episodic_return=[963.2175]
global_step=199783, episodic_return=[1389.903]
global_step=200783, episodic_return=[992.7845]
global_step=201473, episodic_return=[989.17926]
global_step=202473, episodic_return=[1330.314]
global_step=202739, episodic_return=[385.9861]
global_step=203739, episodic_return=[1198.7733]
global_step=204739, episodic_return=[832.3715]
global_step=205394, episodic_return=[1214.3928]
global_step=206394, episodic_return=[928.1105]
global_step=206962, episodic_return=[905.80786]
global_step=207962, episodic_return=[1563.96]
global_step=208962, episodic_return=[986.37384]
global_step=209311, episodic_return=[636.4971]
global_step=209334, episodic_return=[30.468302]
global_step=209493, episodic_return=[224.41212]
global_step=209549, episodic_return=[84.19058]
global_step=209624, episodic_return=[101.040276]
global_step=209859, episodic_return=[376.16122]
global_step=209887, episodic_return=[38.41799]
global_step=210826, episodic_return=[1764.7626]
global_step=211826, episodic_return=[1196.7557]
global_step=211933, episodic_return=[190.50803]
global_step=212933, episodic_return=[1879.8074]
global_step=213275, episodic_return=[645.4697]
global_step=213371, episodic_return=[165.96892]
global_step=214371, episodic_return=[1694.6406]
global_step=215296, episodic_return=[1764.6416]
global_step=215485, episodic_return=[289.01733]
global_step=215658, episodic_return=[322.2434]
global_step=216658, episodic_return=[560.0954]
global_step=216700, episodic_return=[58.31749]
global_step=217419, episodic_return=[1247.7104]
global_step=218419, episodic_return=[749.2104]
global_step=219419, episodic_return=[958.72955]
global_step=219578, episodic_return=[320.62308]
global_step=220578, episodic_return=[1175.1221]
global_step=220815, episodic_return=[442.70572]
global_step=221187, episodic_return=[541.7505]
global_step=221530, episodic_return=[619.09247]
global_step=221593, episodic_return=[95.62392]
global_step=222593, episodic_return=[1590.9568]
global_step=222713, episodic_return=[262.6989]
global_step=222732, episodic_return=[17.448788]
global_step=223732, episodic_return=[1113.7153]
global_step=224732, episodic_return=[1013.7136]
global_step=225732, episodic_return=[840.3665]
global_step=226732, episodic_return=[1279.3486]
global_step=227732, episodic_return=[927.6397]
global_step=228732, episodic_return=[1233.577]
global_step=229732, episodic_return=[1094.5227]
global_step=230062, episodic_return=[579.16016]
global_step=231062, episodic_return=[1045.2828]
global_step=231671, episodic_return=[1046.5376]
global_step=232671, episodic_return=[697.4355]
global_step=233671, episodic_return=[1962.6749]
global_step=234671, episodic_return=[1591.0985]
global_step=234738, episodic_return=[124.70285]
global_step=235361, episodic_return=[1237.2788]
global_step=235845, episodic_return=[845.1423]
global_step=236845, episodic_return=[830.8465]
global_step=237845, episodic_return=[2049.994]
global_step=238845, episodic_return=[909.06146]
global_step=239845, episodic_return=[2029.5446]
global_step=240368, episodic_return=[1092.2191]
global_step=240725, episodic_return=[714.41376]
global_step=241725, episodic_return=[926.4561]
global_step=242245, episodic_return=[1016.5587]
global_step=242334, episodic_return=[145.45654]
global_step=243334, episodic_return=[1874.7157]
global_step=243788, episodic_return=[922.55743]
global_step=244123, episodic_return=[673.22595]
global_step=244438, episodic_return=[652.49084]
global_step=245438, episodic_return=[862.65045]
global_step=246209, episodic_return=[1493.7852]
global_step=246846, episodic_return=[1178.2438]
global_step=247846, episodic_return=[628.0144]
global_step=248192, episodic_return=[599.21136]
global_step=248377, episodic_return=[336.67743]
global_step=248682, episodic_return=[617.3303]
global_step=249682, episodic_return=[826.77637]
global_step=250004, episodic_return=[628.0293]
global_step=251004, episodic_return=[917.96344]
global_step=252004, episodic_return=[1956.6895]
global_step=252700, episodic_return=[1363.7574]
global_step=253700, episodic_return=[2126.4329]
global_step=254700, episodic_return=[1278.5575]
global_step=254773, episodic_return=[132.3471]
global_step=254840, episodic_return=[106.445854]
global_step=255840, episodic_return=[2310.4397]
global_step=256840, episodic_return=[2115.0828]
global_step=257840, episodic_return=[2091.6274]
global_step=258840, episodic_return=[2324.5388]
global_step=258921, episodic_return=[143.00066]
global_step=259921, episodic_return=[641.7703]
global_step=260862, episodic_return=[1871.107]
global_step=261090, episodic_return=[446.6183]
global_step=261437, episodic_return=[751.03674]
global_step=262437, episodic_return=[2137.4011]
global_step=263437, episodic_return=[849.47034]
global_step=263697, episodic_return=[532.2273]
global_step=263732, episodic_return=[65.481766]
global_step=263825, episodic_return=[196.1704]
global_step=264161, episodic_return=[818.74304]
global_step=264319, episodic_return=[350.96857]
global_step=265132, episodic_return=[1707.8744]
global_step=266132, episodic_return=[2174.9075]
global_step=267132, episodic_return=[2220.4673]
global_step=268132, episodic_return=[1998.312]
global_step=268808, episodic_return=[1546.4187]
global_step=269808, episodic_return=[906.3313]
global_step=269980, episodic_return=[354.7962]
global_step=270238, episodic_return=[572.2901]
global_step=271238, episodic_return=[1424.2196]
global_step=272090, episodic_return=[2126.4368]
global_step=273090, episodic_return=[2103.3955]
global_step=274090, episodic_return=[836.25903]
global_step=275090, episodic_return=[2016.764]
global_step=275244, episodic_return=[343.59305]
global_step=276244, episodic_return=[2249.5115]
global_step=277244, episodic_return=[2271.6157]
global_step=278089, episodic_return=[1918.9572]
global_step=278426, episodic_return=[879.28406]
global_step=279426, episodic_return=[2390.46]
global_step=280205, episodic_return=[1785.822]
global_step=281205, episodic_return=[1801.021]
global_step=281618, episodic_return=[1052.4464]
global_step=282618, episodic_return=[755.7752]
global_step=283233, episodic_return=[1479.389]
global_step=284233, episodic_return=[2330.915]
global_step=285233, episodic_return=[2358.8455]
global_step=286233, episodic_return=[741.0018]
global_step=286450, episodic_return=[530.74146]
global_step=286585, episodic_return=[298.57437]
global_step=286847, episodic_return=[652.6852]
global_step=287847, episodic_return=[1091.5232]
global_step=288847, episodic_return=[1221.8649]
global_step=289847, episodic_return=[2357.8184]
global_step=290847, episodic_return=[907.15753]
global_step=291847, episodic_return=[1190.9183]
global_step=292847, episodic_return=[2254.0195]
global_step=293847, episodic_return=[2396.2588]
global_step=294847, episodic_return=[1712.2739]
global_step=295847, episodic_return=[833.02826]
global_step=296847, episodic_return=[1305.9097]
global_step=297847, episodic_return=[879.5935]
global_step=298847, episodic_return=[2467.5544]
global_step=299847, episodic_return=[2471.8113]
global_step=300847, episodic_return=[2424.27]
global_step=301847, episodic_return=[2518.427]
global_step=302847, episodic_return=[2376.1099]
global_step=303138, episodic_return=[860.7866]
global_step=304138, episodic_return=[2392.3179]
global_step=304280, episodic_return=[355.71783]
global_step=304813, episodic_return=[1386.8652]
global_step=304841, episodic_return=[38.23533]
global_step=305841, episodic_return=[2518.841]
global_step=306370, episodic_return=[1233.7965]
global_step=307370, episodic_return=[1810.4453]
global_step=307381, episodic_return=[8.239256]
global_step=307894, episodic_return=[1242.4984]
global_step=308491, episodic_return=[1627.7407]
global_step=309491, episodic_return=[694.7094]
global_step=309914, episodic_return=[1115.007]
global_step=309945, episodic_return=[50.824657]
global_step=310746, episodic_return=[1922.7278]
global_step=310927, episodic_return=[485.33008]
global_step=311172, episodic_return=[675.65594]
global_step=311544, episodic_return=[1012.8586]
global_step=312500, episodic_return=[2322.1128]
global_step=313500, episodic_return=[2669.8337]
global_step=314112, episodic_return=[1519.0543]
global_step=314529, episodic_return=[1073.6985]
global_step=314730, episodic_return=[431.2703]
global_step=315730, episodic_return=[2613.5728]
global_step=316730, episodic_return=[2663.631]
global_step=317121, episodic_return=[1037.312]
global_step=317619, episodic_return=[1421.4897]
global_step=318184, episodic_return=[1296.3475]
global_step=319184, episodic_return=[2470.262]
global_step=320184, episodic_return=[704.1512]
global_step=320506, episodic_return=[841.9273]
global_step=321506, episodic_return=[2499.0205]
global_step=321620, episodic_return=[211.18864]
global_step=322620, episodic_return=[2511.1863]
global_step=322735, episodic_return=[279.98877]
global_step=322871, episodic_return=[376.50076]
global_step=323412, episodic_return=[1422.4196]
global_step=324412, episodic_return=[1523.5333]
global_step=324635, episodic_return=[556.02094]
global_step=325635, episodic_return=[2576.0413]
global_step=326635, episodic_return=[2777.2598]
global_step=327635, episodic_return=[2573.0173]
global_step=328635, episodic_return=[516.1789]
global_step=328696, episodic_return=[129.31882]
global_step=329696, episodic_return=[2517.2368]
global_step=330178, episodic_return=[1152.8639]
global_step=331178, episodic_return=[2785.0298]
global_step=332178, episodic_return=[2822.037]
global_step=332754, episodic_return=[1325.6849]
global_step=332997, episodic_return=[660.71]
global_step=333997, episodic_return=[977.8918]
global_step=334997, episodic_return=[2456.092]
global_step=335997, episodic_return=[2769.6914]
global_step=336059, episodic_return=[192.89117]
global_step=336619, episodic_return=[1514.3947]
global_step=337619, episodic_return=[2591.8003]
global_step=338427, episodic_return=[2159.1375]
global_step=338518, episodic_return=[213.67061]
global_step=339483, episodic_return=[2593.2896]
global_step=340483, episodic_return=[961.7441]
global_step=341483, episodic_return=[2927.1975]
global_step=342483, episodic_return=[580.3745]
global_step=343095, episodic_return=[1589.2151]
global_step=344095, episodic_return=[2569.1663]
global_step=344208, episodic_return=[242.59082]
global_step=345208, episodic_return=[2762.5554]
global_step=346208, episodic_return=[1805.7435]
global_step=347208, episodic_return=[2700.072]
global_step=347685, episodic_return=[1368.6963]
global_step=348685, episodic_return=[657.9526]
global_step=348795, episodic_return=[299.61136]
global_step=348849, episodic_return=[117.1537]
global_step=348962, episodic_return=[294.1796]
global_step=349962, episodic_return=[858.9729]
global_step=350662, episodic_return=[1780.0042]
global_step=351521, episodic_return=[2267.434]
global_step=351766, episodic_return=[623.91565]
global_step=352001, episodic_return=[604.4047]
global_step=352107, episodic_return=[278.91608]
global_step=352352, episodic_return=[612.3015]
global_step=352833, episodic_return=[1470.2167]
global_step=352993, episodic_return=[378.3346]
global_step=353443, episodic_return=[1200.0114]
global_step=353875, episodic_return=[1104.2224]
global_step=354875, episodic_return=[1508.6423]
global_step=355366, episodic_return=[1178.8496]
global_step=356049, episodic_return=[1741.5354]
global_step=356177, episodic_return=[352.27225]
global_step=357177, episodic_return=[745.76624]
global_step=357965, episodic_return=[2132.01]
global_step=358965, episodic_return=[1151.9003]
global_step=359965, episodic_return=[2600.2783]
global_step=360929, episodic_return=[2727.431]
global_step=361806, episodic_return=[2663.6438]
global_step=362806, episodic_return=[2917.5198]
global_step=363806, episodic_return=[1722.6471]
global_step=364094, episodic_return=[738.1843]
global_step=365094, episodic_return=[2857.0662]
global_step=366025, episodic_return=[2456.8909]
global_step=366175, episodic_return=[350.72507]
global_step=367175, episodic_return=[2598.4065]
global_step=368122, episodic_return=[2605.6177]
global_step=369122, episodic_return=[2070.2917]
global_step=370122, episodic_return=[2878.4626]
global_step=370789, episodic_return=[1880.1105]
global_step=371789, episodic_return=[2841.8936]
global_step=372165, episodic_return=[1088.6284]
global_step=373165, episodic_return=[2777.7925]
global_step=374165, episodic_return=[2997.8728]
global_step=374939, episodic_return=[2317.8323]
global_step=375939, episodic_return=[3007.2634]
global_step=376939, episodic_return=[2600.335]
global_step=377939, episodic_return=[2793.4695]
global_step=378939, episodic_return=[2558.1377]
global_step=379939, episodic_return=[997.6505]
global_step=380939, episodic_return=[2289.3044]
global_step=381939, episodic_return=[2980.7273]
global_step=382939, episodic_return=[2986.8538]
global_step=383350, episodic_return=[1317.7019]
global_step=384350, episodic_return=[2827.478]
global_step=385231, episodic_return=[2615.2798]
global_step=386231, episodic_return=[3142.2405]
global_step=387231, episodic_return=[441.74667]
global_step=388231, episodic_return=[3188.086]
global_step=388258, episodic_return=[23.389942]
global_step=389258, episodic_return=[2097.375]
global_step=390065, episodic_return=[2571.4893]
global_step=391065, episodic_return=[3239.4346]
global_step=391662, episodic_return=[1826.8763]
global_step=391974, episodic_return=[917.1037]
global_step=392296, episodic_return=[1011.174]
global_step=393296, episodic_return=[3393.5044]
global_step=394159, episodic_return=[2690.4985]
global_step=395159, episodic_return=[3336.2205]
global_step=395935, episodic_return=[2422.1226]
global_step=396935, episodic_return=[501.52206]
global_step=397935, episodic_return=[3036.032]
global_step=398114, episodic_return=[370.66583]
global_step=399114, episodic_return=[3284.6423]
global_step=399330, episodic_return=[655.62665]
global_step=400330, episodic_return=[3314.0034]
global_step=400692, episodic_return=[1275.0698]
global_step=400918, episodic_return=[678.18884]
global_step=401295, episodic_return=[1163.8042]
global_step=401429, episodic_return=[374.36133]
global_step=402429, episodic_return=[1418.2585]
global_step=403429, episodic_return=[3202.418]
global_step=404429, episodic_return=[3037.936]
global_step=405429, episodic_return=[3112.9731]
global_step=405794, episodic_return=[1102.2255]
global_step=406794, episodic_return=[3236.9124]
global_step=407794, episodic_return=[2385.5742]
global_step=408794, episodic_return=[483.30853]
global_step=409332, episodic_return=[1906.5735]
global_step=410216, episodic_return=[3172.2273]
global_step=411216, episodic_return=[3091.1973]
global_step=412216, episodic_return=[3592.508]
global_step=413216, episodic_return=[3298.3574]
global_step=414216, episodic_return=[3575.0325]
global_step=415216, episodic_return=[1543.931]
global_step=416216, episodic_return=[539.8396]
global_step=416317, episodic_return=[342.8589]
global_step=416432, episodic_return=[401.81067]
global_step=417432, episodic_return=[3343.7693]
global_step=418003, episodic_return=[1887.6855]
global_step=419003, episodic_return=[3735.2048]
global_step=420003, episodic_return=[3430.1326]
global_step=420671, episodic_return=[2226.5833]
global_step=421541, episodic_return=[2960.0405]
global_step=422541, episodic_return=[3139.192]
global_step=423507, episodic_return=[3413.815]
global_step=424061, episodic_return=[1880.7891]
global_step=424872, episodic_return=[2847.6755]
global_step=425523, episodic_return=[2289.4197]
global_step=425791, episodic_return=[772.31824]
global_step=426717, episodic_return=[3102.9165]
global_step=427202, episodic_return=[1576.6694]
global_step=428202, episodic_return=[3184.2378]
global_step=429202, episodic_return=[3096.5564]
global_step=429415, episodic_return=[618.06067]
global_step=430299, episodic_return=[3031.4333]
global_step=431299, episodic_return=[3424.9824]
global_step=431602, episodic_return=[1043.8848]
global_step=432602, episodic_return=[1592.0101]
global_step=433552, episodic_return=[2940.9443]
global_step=433847, episodic_return=[916.3246]
global_step=434847, episodic_return=[3419.3484]
global_step=435482, episodic_return=[1926.8193]
global_step=436482, episodic_return=[3279.667]
global_step=437482, episodic_return=[3464.1267]
global_step=437616, episodic_return=[229.5765]
global_step=437885, episodic_return=[816.2619]
global_step=438885, episodic_return=[466.56296]
global_step=439885, episodic_return=[3620.808]
global_step=440858, episodic_return=[3263.0393]
global_step=441858, episodic_return=[3675.019]
global_step=442858, episodic_return=[456.40225]
global_step=443858, episodic_return=[3049.7512]
global_step=444030, episodic_return=[426.90973]
global_step=445030, episodic_return=[3568.1091]
global_step=446030, episodic_return=[3622.7642]
global_step=446908, episodic_return=[2820.5657]
global_step=447077, episodic_return=[441.9986]
global_step=448077, episodic_return=[3688.995]
global_step=449077, episodic_return=[3413.569]
global_step=450077, episodic_return=[3773.6401]
global_step=451077, episodic_return=[3603.8098]
global_step=452077, episodic_return=[4019.745]
global_step=452163, episodic_return=[195.97163]
global_step=453163, episodic_return=[3556.7898]
global_step=454163, episodic_return=[3423.902]
global_step=455163, episodic_return=[3633.246]
global_step=455509, episodic_return=[1232.0112]
global_step=456202, episodic_return=[2370.7915]
global_step=457202, episodic_return=[3323.9817]
global_step=457351, episodic_return=[561.6696]
global_step=457669, episodic_return=[994.61383]
global_step=458669, episodic_return=[3664.029]
global_step=459463, episodic_return=[2691.3552]
global_step=460463, episodic_return=[3626.1082]
global_step=461463, episodic_return=[3252.9368]
global_step=462409, episodic_return=[3724.4265]
global_step=462452, episodic_return=[79.96444]
global_step=462482, episodic_return=[59.969963]
global_step=463482, episodic_return=[3706.1846]
global_step=464482, episodic_return=[3557.749]
global_step=464672, episodic_return=[807.667]
global_step=465672, episodic_return=[3617.0676]
global_step=465758, episodic_return=[256.25256]
global_step=466758, episodic_return=[3817.7917]
global_step=467758, episodic_return=[3467.694]
global_step=468758, episodic_return=[3579.5808]
global_step=469758, episodic_return=[3540.0005]
global_step=470279, episodic_return=[1954.9642]
global_step=471279, episodic_return=[3322.2974]
global_step=472279, episodic_return=[3678.881]
global_step=473279, episodic_return=[3969.3997]
global_step=474279, episodic_return=[3468.66]
global_step=475279, episodic_return=[3593.7458]
global_step=476121, episodic_return=[2749.7751]
global_step=477121, episodic_return=[3830.7048]
global_step=478121, episodic_return=[3564.619]
global_step=479121, episodic_return=[3604.855]
global_step=480121, episodic_return=[3501.5137]
global_step=481121, episodic_return=[3787.6274]
global_step=482121, episodic_return=[658.8076]
global_step=482960, episodic_return=[3004.0564]
global_step=483960, episodic_return=[1773.1531]
global_step=484960, episodic_return=[3414.9294]
global_step=485960, episodic_return=[3623.2375]
global_step=486960, episodic_return=[770.35645]
global_step=487960, episodic_return=[3516.1694]
global_step=488960, episodic_return=[3941.071]
global_step=489960, episodic_return=[335.016]
global_step=490960, episodic_return=[1964.6715]
global_step=491960, episodic_return=[3485.8909]
global_step=492960, episodic_return=[3974.573]
global_step=493914, episodic_return=[3738.738]
global_step=494914, episodic_return=[3679.7422]
global_step=495914, episodic_return=[4210.1626]
global_step=496914, episodic_return=[3982.8042]
global_step=497914, episodic_return=[3747.6428]
global_step=498914, episodic_return=[3793.255]
global_step=499914, episodic_return=[3820.116]
global_step=500914, episodic_return=[3911.5618]
global_step=501914, episodic_return=[3594.996]
global_step=502805, episodic_return=[3709.1445]
global_step=502968, episodic_return=[608.6704]
global_step=503968, episodic_return=[3695.8374]
global_step=504391, episodic_return=[1642.1946]
global_step=505391, episodic_return=[3315.4624]
global_step=505548, episodic_return=[404.62592]
global_step=506548, episodic_return=[4055.065]
global_step=507548, episodic_return=[4007.6953]
global_step=508548, episodic_return=[1597.1399]
global_step=508591, episodic_return=[120.30621]
global_step=509026, episodic_return=[1547.7345]
global_step=509721, episodic_return=[2673.4084]
global_step=509941, episodic_return=[647.06744]
global_step=510116, episodic_return=[475.4775]
global_step=511116, episodic_return=[1138.6714]
global_step=511691, episodic_return=[2270.3662]
global_step=512120, episodic_return=[1858.8009]
global_step=512624, episodic_return=[1864.5518]
global_step=513624, episodic_return=[3625.2056]
global_step=513729, episodic_return=[378.24246]
global_step=514729, episodic_return=[3899.1362]
global_step=515729, episodic_return=[4194.044]
global_step=516729, episodic_return=[3821.5344]
global_step=517729, episodic_return=[1034.0839]
global_step=517779, episodic_return=[170.21565]
global_step=518779, episodic_return=[3982.9648]
global_step=519382, episodic_return=[2577.7747]
global_step=519833, episodic_return=[1842.1185]
global_step=520795, episodic_return=[4045.9526]
global_step=521795, episodic_return=[4171.6465]
global_step=521930, episodic_return=[392.12863]
global_step=522930, episodic_return=[3853.0405]
global_step=523060, episodic_return=[408.39746]
global_step=524060, episodic_return=[4143.9585]
global_step=525060, episodic_return=[3970.265]
global_step=526060, episodic_return=[4177.66]
global_step=527060, episodic_return=[3564.4585]
global_step=528060, episodic_return=[2173.7676]
global_step=529060, episodic_return=[4107.2476]
global_step=530060, episodic_return=[4273.975]
global_step=531060, episodic_return=[4399.522]
global_step=531387, episodic_return=[1295.4712]
global_step=532387, episodic_return=[3985.041]
global_step=533387, episodic_return=[4217.685]
global_step=534387, episodic_return=[4157.259]
global_step=535387, episodic_return=[4055.2717]
global_step=536387, episodic_return=[4320.574]
global_step=537318, episodic_return=[3700.3237]
global_step=538318, episodic_return=[4048.5203]
global_step=539318, episodic_return=[4138.2046]
global_step=540318, episodic_return=[4113.265]
global_step=541318, episodic_return=[4249.8]
global_step=542318, episodic_return=[4249.2026]
global_step=543318, episodic_return=[3919.5693]
global_step=544318, episodic_return=[4389.4053]
global_step=545318, episodic_return=[4258.6377]
global_step=546142, episodic_return=[3199.7417]
global_step=547142, episodic_return=[3989.8494]
global_step=547601, episodic_return=[1877.9359]
global_step=548181, episodic_return=[2030.9556]
global_step=549181, episodic_return=[4219.599]
global_step=550181, episodic_return=[3921.2727]
global_step=550282, episodic_return=[344.07803]
global_step=551084, episodic_return=[3593.6514]
global_step=552084, episodic_return=[4184.3994]
global_step=553084, episodic_return=[4303.414]
global_step=553125, episodic_return=[68.96385]
global_step=554125, episodic_return=[3544.7935]
global_step=555125, episodic_return=[4144.1045]
global_step=556125, episodic_return=[3990.9478]
global_step=557125, episodic_return=[4325.791]
global_step=558125, episodic_return=[3934.86]
global_step=559125, episodic_return=[3785.017]
global_step=560125, episodic_return=[713.4819]
global_step=561125, episodic_return=[4490.065]
global_step=561811, episodic_return=[2448.0076]
global_step=562181, episodic_return=[1489.1716]
global_step=563181, episodic_return=[4009.2195]
global_step=564181, episodic_return=[4000.3057]
global_step=565181, episodic_return=[4249.691]
global_step=566181, episodic_return=[688.94556]
global_step=566829, episodic_return=[2693.0586]
global_step=567138, episodic_return=[1217.327]
global_step=567717, episodic_return=[2350.9]
global_step=568386, episodic_return=[2718.9272]
global_step=569386, episodic_return=[4558.5864]
global_step=569530, episodic_return=[449.78067]
global_step=570530, episodic_return=[4076.563]
global_step=571530, episodic_return=[2113.9753]
global_step=572530, episodic_return=[4454.0796]
global_step=573530, episodic_return=[4089.0652]
global_step=574530, episodic_return=[4395.259]
global_step=575210, episodic_return=[2757.4907]
global_step=576210, episodic_return=[4260.7627]
global_step=577210, episodic_return=[4214.657]
global_step=577869, episodic_return=[2700.3198]
global_step=578869, episodic_return=[4169.2573]
global_step=579869, episodic_return=[3938.9802]
global_step=580869, episodic_return=[4455.9062]
global_step=581869, episodic_return=[4500.5386]
global_step=582869, episodic_return=[4473.1606]
global_step=583661, episodic_return=[3724.0686]
global_step=583678, episodic_return=[-0.05178428]
global_step=584678, episodic_return=[4042.6826]
global_step=584905, episodic_return=[874.4368]
global_step=585905, episodic_return=[4456.6562]
global_step=586905, episodic_return=[2022.7253]
global_step=587905, episodic_return=[3975.6572]
global_step=588905, episodic_return=[4392.0576]
global_step=589905, episodic_return=[4275.64]
global_step=590051, episodic_return=[539.7566]
global_step=591051, episodic_return=[4503.0093]
global_step=592051, episodic_return=[4418.396]
global_step=593051, episodic_return=[4246.061]
global_step=594051, episodic_return=[4515.4873]
global_step=595051, episodic_return=[4193.412]
global_step=595499, episodic_return=[1852.7844]
global_step=596499, episodic_return=[4649.95]
global_step=597499, episodic_return=[4608.418]
global_step=598378, episodic_return=[3960.2712]
global_step=598727, episodic_return=[1480.3096]
global_step=599727, episodic_return=[1526.0148]
global_step=600727, episodic_return=[4349.6904]
global_step=601727, episodic_return=[4093.6077]
global_step=602727, episodic_return=[1056.0586]
global_step=603727, episodic_return=[4343.3096]
global_step=604727, episodic_return=[4288.643]
global_step=605727, episodic_return=[4270.8086]
global_step=606727, episodic_return=[4385.331]
global_step=607727, episodic_return=[4379.945]
global_step=608727, episodic_return=[4304.4663]
global_step=609727, episodic_return=[4361.1934]
global_step=610727, episodic_return=[4323.8584]
global_step=611727, episodic_return=[4382.102]
global_step=612719, episodic_return=[4208.152]
global_step=613719, episodic_return=[4151.561]
global_step=614719, episodic_return=[1076.1633]
global_step=615719, episodic_return=[2902.1077]
global_step=616719, episodic_return=[987.06757]
global_step=617719, episodic_return=[4480.681]
global_step=618344, episodic_return=[2925.895]
global_step=619175, episodic_return=[3913.4048]
global_step=619188, episodic_return=[8.819588]
global_step=620110, episodic_return=[4091.7415]
global_step=621110, episodic_return=[1462.7698]
global_step=621186, episodic_return=[285.27]
global_step=621503, episodic_return=[1404.9016]
global_step=622503, episodic_return=[4372.672]
global_step=623503, episodic_return=[4607.695]
global_step=623655, episodic_return=[600.8005]
global_step=624655, episodic_return=[4463.345]
global_step=625655, episodic_return=[4697.801]
global_step=626242, episodic_return=[2585.1716]
global_step=626869, episodic_return=[2882.0508]
global_step=627869, episodic_return=[4603.713]
global_step=628869, episodic_return=[4042.847]
global_step=628891, episodic_return=[20.277237]
global_step=628941, episodic_return=[134.06088]
global_step=629941, episodic_return=[1496.6536]
global_step=630941, episodic_return=[4397.537]
global_step=631941, episodic_return=[4780.256]
global_step=632941, episodic_return=[4721.055]
global_step=633064, episodic_return=[427.83157]
global_step=634064, episodic_return=[4648.6514]
global_step=635064, episodic_return=[922.35333]
global_step=636064, episodic_return=[688.6213]
global_step=636342, episodic_return=[1084.2654]
global_step=637342, episodic_return=[4947.9136]
global_step=638342, episodic_return=[4782.944]
global_step=639342, episodic_return=[4450.8433]
global_step=640342, episodic_return=[2987.1172]
global_step=641342, episodic_return=[4634.1055]
global_step=641517, episodic_return=[611.82837]
global_step=642517, episodic_return=[4564.3267]
global_step=643001, episodic_return=[2075.887]
global_step=644001, episodic_return=[4050.6772]
global_step=644304, episodic_return=[1268.0692]
global_step=645230, episodic_return=[4232.017]
global_step=646230, episodic_return=[4287.9673]
global_step=647230, episodic_return=[4940.2534]
global_step=648230, episodic_return=[4359.2925]
global_step=649230, episodic_return=[4733.5356]
global_step=650230, episodic_return=[4397.8643]
global_step=651230, episodic_return=[4682.2]
global_step=652230, episodic_return=[2003.611]
global_step=653230, episodic_return=[960.14746]
global_step=654230, episodic_return=[4533.466]
global_step=655230, episodic_return=[4778.075]
global_step=656230, episodic_return=[4341.959]
global_step=657230, episodic_return=[4291.191]
global_step=658230, episodic_return=[4430.908]
global_step=659230, episodic_return=[3725.1748]
global_step=659589, episodic_return=[1456.9454]
global_step=659990, episodic_return=[1668.6012]
global_step=660990, episodic_return=[4725.872]
global_step=661250, episodic_return=[1036.2897]
global_step=662250, episodic_return=[4659.8345]
global_step=663250, episodic_return=[4830.179]
global_step=664029, episodic_return=[3745.4783]
global_step=665029, episodic_return=[4802.815]
global_step=666029, episodic_return=[4743.413]
global_step=667029, episodic_return=[4750.64]
global_step=668029, episodic_return=[4692.4775]
global_step=669029, episodic_return=[4525.923]
global_step=670029, episodic_return=[4646.859]
global_step=671029, episodic_return=[4978.153]
global_step=672029, episodic_return=[4782.325]
global_step=672582, episodic_return=[2629.01]
global_step=673582, episodic_return=[4812.3506]
global_step=674311, episodic_return=[3538.7449]
global_step=675311, episodic_return=[4701.359]
global_step=675979, episodic_return=[3063.9658]
global_step=676351, episodic_return=[1756.1135]
global_step=676954, episodic_return=[2635.7988]
global_step=677954, episodic_return=[4759.9585]
global_step=678729, episodic_return=[3313.1475]
global_step=679729, episodic_return=[1111.591]
global_step=680729, episodic_return=[4760.085]
global_step=681729, episodic_return=[614.95776]
global_step=682729, episodic_return=[4763.368]
global_step=682753, episodic_return=[32.34751]
global_step=683753, episodic_return=[4440.397]
global_step=684753, episodic_return=[4877.3296]
global_step=685580, episodic_return=[3812.6313]
global_step=686580, episodic_return=[4770.4434]
global_step=687580, episodic_return=[4775.795]
global_step=688580, episodic_return=[4715.53]
global_step=689580, episodic_return=[4648.798]
global_step=690580, episodic_return=[4785.341]
global_step=691580, episodic_return=[4677.67]
global_step=692580, episodic_return=[4788.2437]
global_step=693580, episodic_return=[4657.8467]
global_step=694580, episodic_return=[4739.868]
global_step=695580, episodic_return=[4577.8022]
global_step=696580, episodic_return=[4758.509]
global_step=696814, episodic_return=[926.1413]
global_step=697814, episodic_return=[4617.0703]
global_step=698814, episodic_return=[4678.737]
global_step=699814, episodic_return=[4909.689]
global_step=700814, episodic_return=[4560.475]
global_step=701516, episodic_return=[3279.873]
global_step=702516, episodic_return=[4637.8896]
global_step=703516, episodic_return=[5057.507]
global_step=704516, episodic_return=[4983.868]
global_step=705516, episodic_return=[4884.9067]
global_step=706516, episodic_return=[3427.7905]
global_step=707516, episodic_return=[4905.317]
global_step=708516, episodic_return=[4798.3267]
global_step=709516, episodic_return=[4799.213]
global_step=710516, episodic_return=[4452.746]
global_step=711516, episodic_return=[4756.384]
global_step=712516, episodic_return=[4873.1147]
global_step=713516, episodic_return=[4872.875]
global_step=714516, episodic_return=[4979.5596]
global_step=715516, episodic_return=[4986.2295]
global_step=716516, episodic_return=[4945.241]
global_step=717516, episodic_return=[4337.914]
global_step=717556, episodic_return=[100.84229]
global_step=718556, episodic_return=[4933.1533]
global_step=719556, episodic_return=[4514.7715]
global_step=720556, episodic_return=[4714.5425]
global_step=721556, episodic_return=[4888.5884]
global_step=722556, episodic_return=[4823.234]
global_step=722596, episodic_return=[62.99696]
global_step=723596, episodic_return=[681.7115]
global_step=724596, episodic_return=[5075.444]
global_step=725596, episodic_return=[5004.257]
global_step=726596, episodic_return=[4698.806]
global_step=727596, episodic_return=[4897.441]
global_step=728596, episodic_return=[4969.553]
global_step=729596, episodic_return=[4876.758]
global_step=730596, episodic_return=[4877.4443]
global_step=731596, episodic_return=[4504.9414]
global_step=732596, episodic_return=[4861.8145]
global_step=733596, episodic_return=[5039.1997]
global_step=734596, episodic_return=[4733.148]
global_step=735596, episodic_return=[5024.1357]
global_step=736596, episodic_return=[4914.3867]
global_step=737596, episodic_return=[4595.638]
global_step=738596, episodic_return=[4732.582]
global_step=739277, episodic_return=[3102.9255]
global_step=740277, episodic_return=[4818.2705]
global_step=741277, episodic_return=[4872.9043]
global_step=742277, episodic_return=[4947.15]
global_step=742917, episodic_return=[3025.8843]
global_step=743917, episodic_return=[4828.5]
global_step=744917, episodic_return=[4927.8496]
global_step=745917, episodic_return=[4958.063]
global_step=746700, episodic_return=[3666.058]
global_step=747545, episodic_return=[4462.1562]
global_step=748545, episodic_return=[4733.08]
global_step=749002, episodic_return=[2158.6628]
global_step=750002, episodic_return=[4874.027]
global_step=751002, episodic_return=[4858.367]
global_step=752002, episodic_return=[4892.6187]
global_step=752048, episodic_return=[62.58004]
global_step=753048, episodic_return=[5010.533]
global_step=754048, episodic_return=[5025.3115]
global_step=754966, episodic_return=[4511.409]
global_step=755966, episodic_return=[4692.385]
global_step=756966, episodic_return=[4729.4297]
global_step=757966, episodic_return=[4537.5796]
global_step=758966, episodic_return=[4934.983]
global_step=759966, episodic_return=[4771.0596]
global_step=760966, episodic_return=[5015.4204]
global_step=761966, episodic_return=[5037.4893]
global_step=762966, episodic_return=[4803.006]
global_step=763966, episodic_return=[4753.198]
global_step=764966, episodic_return=[5046.0483]
global_step=765011, episodic_return=[102.091995]
global_step=766011, episodic_return=[4612.4]
global_step=767011, episodic_return=[4939.119]
global_step=767178, episodic_return=[759.91736]
global_step=768178, episodic_return=[5092.2354]
global_step=769178, episodic_return=[5055.1885]
global_step=770123, episodic_return=[4484.944]
global_step=771123, episodic_return=[4925.056]
global_step=772123, episodic_return=[5042.052]
global_step=773123, episodic_return=[4871.54]
global_step=774117, episodic_return=[4648.0654]
global_step=775117, episodic_return=[4474.4863]
global_step=776117, episodic_return=[5075.367]
global_step=777117, episodic_return=[4560.8804]
global_step=778117, episodic_return=[4717.02]
global_step=778161, episodic_return=[124.17935]
global_step=779161, episodic_return=[4354.5127]
global_step=780161, episodic_return=[4763.9346]
global_step=781161, episodic_return=[3827.8457]
global_step=782161, episodic_return=[4946.1255]
global_step=783161, episodic_return=[4752.07]
global_step=784161, episodic_return=[4967.0215]
global_step=785161, episodic_return=[5002.2515]
global_step=786161, episodic_return=[5029.952]
global_step=787161, episodic_return=[5191.061]
global_step=788161, episodic_return=[5341.598]
global_step=789161, episodic_return=[5104.877]
global_step=790161, episodic_return=[5020.212]
global_step=791161, episodic_return=[4832.4575]
global_step=792161, episodic_return=[5027.2007]
global_step=792231, episodic_return=[171.50331]
global_step=793231, episodic_return=[4737.816]
global_step=794231, episodic_return=[5030.9604]
global_step=795231, episodic_return=[4955.4795]
global_step=796158, episodic_return=[4557.4307]
global_step=797158, episodic_return=[4773.78]
global_step=797836, episodic_return=[3296.7742]
global_step=798836, episodic_return=[5217.81]
global_step=799836, episodic_return=[5223.311]
global_step=800266, episodic_return=[2034.2925]
global_step=801266, episodic_return=[4940.234]
global_step=802266, episodic_return=[5212.1484]
global_step=803266, episodic_return=[4896.2964]
global_step=803881, episodic_return=[3121.0322]
global_step=804146, episodic_return=[1282.8976]
global_step=805146, episodic_return=[4867.1445]
global_step=806146, episodic_return=[5041.3184]
global_step=807146, episodic_return=[4521.9565]
global_step=808146, episodic_return=[4924.589]
global_step=809146, episodic_return=[4725.979]
global_step=810146, episodic_return=[4630.712]
global_step=811146, episodic_return=[4988.7354]
global_step=812146, episodic_return=[2745.2358]
global_step=812755, episodic_return=[3066.2876]
global_step=813755, episodic_return=[5130.049]
global_step=814755, episodic_return=[4634.0273]
global_step=815755, episodic_return=[4953.939]
global_step=816755, episodic_return=[4988.9233]
global_step=817755, episodic_return=[2625.5276]
global_step=818755, episodic_return=[5126.004]
global_step=819755, episodic_return=[4886.0366]
global_step=820755, episodic_return=[4829.9478]
global_step=821755, episodic_return=[5121.2354]
global_step=822755, episodic_return=[5030.2466]
global_step=822872, episodic_return=[473.13965]
global_step=823872, episodic_return=[5007.896]
global_step=824872, episodic_return=[5024.1455]
global_step=825872, episodic_return=[5003.9053]
global_step=826872, episodic_return=[4829.9272]
global_step=827872, episodic_return=[4930.7163]
global_step=828872, episodic_return=[4870.0825]
global_step=829354, episodic_return=[2493.0771]
global_step=830354, episodic_return=[4823.1494]
global_step=830651, episodic_return=[1180.2131]
global_step=831287, episodic_return=[2932.2378]
global_step=832123, episodic_return=[4176.131]
global_step=832188, episodic_return=[214.91817]
global_step=832868, episodic_return=[3505.631]
global_step=833868, episodic_return=[4822.4526]
global_step=834868, episodic_return=[5186.6406]
global_step=835868, episodic_return=[5061.5234]
global_step=836868, episodic_return=[5092.5186]
global_step=837868, episodic_return=[4980.063]
global_step=838868, episodic_return=[4826.709]
global_step=839868, episodic_return=[5024.8813]
global_step=840868, episodic_return=[5275.879]
global_step=841868, episodic_return=[4889.9976]
global_step=842660, episodic_return=[4009.6511]
global_step=843660, episodic_return=[5076.5527]
global_step=844602, episodic_return=[4607.2183]
global_step=845602, episodic_return=[5101.097]
global_step=846078, episodic_return=[2232.9482]
global_step=846540, episodic_return=[2223.321]
global_step=847540, episodic_return=[5055.141]
global_step=848540, episodic_return=[4561.3135]
global_step=848956, episodic_return=[2290.182]
global_step=849956, episodic_return=[3049.085]
global_step=850956, episodic_return=[1785.7582]
global_step=851206, episodic_return=[1241.423]
global_step=851598, episodic_return=[1920.4451]
global_step=852598, episodic_return=[4907.1646]
global_step=853598, episodic_return=[4991.8916]
global_step=853702, episodic_return=[401.49432]
global_step=854702, episodic_return=[5061.866]
global_step=854820, episodic_return=[497.5216]
global_step=855820, episodic_return=[4882.8467]
global_step=856820, episodic_return=[5270.264]
global_step=857820, episodic_return=[4698.6025]
global_step=858820, episodic_return=[5111.091]
global_step=859820, episodic_return=[4784.212]
global_step=860820, episodic_return=[4614.7935]
global_step=861820, episodic_return=[4954.536]
global_step=862820, episodic_return=[5016.0293]
global_step=863820, episodic_return=[4986.984]
global_step=864820, episodic_return=[4664.753]
global_step=865820, episodic_return=[4805.07]
global_step=866820, episodic_return=[5123.0117]
global_step=867820, episodic_return=[4773.598]
global_step=868820, episodic_return=[4608.1885]
global_step=869820, episodic_return=[4598.3926]
global_step=870820, episodic_return=[5006.958]
global_step=871820, episodic_return=[5081.199]
global_step=872820, episodic_return=[4886.0005]
global_step=873111, episodic_return=[1457.6744]
global_step=874111, episodic_return=[4894.52]
global_step=874207, episodic_return=[436.59167]
global_step=875207, episodic_return=[5175.065]
global_step=875436, episodic_return=[1035.3911]
global_step=876436, episodic_return=[5012.2705]
global_step=877436, episodic_return=[4770.0435]
global_step=878436, episodic_return=[4949.051]
global_step=879436, episodic_return=[5038.873]
global_step=879596, episodic_return=[677.25507]
global_step=880596, episodic_return=[5284.2754]
global_step=881596, episodic_return=[5023.9214]
global_step=882596, episodic_return=[4916.672]
global_step=883596, episodic_return=[5253.737]
global_step=883793, episodic_return=[883.2234]
global_step=884424, episodic_return=[3068.4124]
global_step=884487, episodic_return=[200.14209]
global_step=885487, episodic_return=[5121.275]
global_step=886487, episodic_return=[4857.195]
global_step=887043, episodic_return=[2693.4758]
global_step=888043, episodic_return=[4739.909]
global_step=888145, episodic_return=[423.3331]
global_step=888374, episodic_return=[1085.4591]
global_step=889374, episodic_return=[1158.8892]
global_step=890374, episodic_return=[5044.988]
global_step=890673, episodic_return=[1357.9343]
global_step=891673, episodic_return=[4251.743]
global_step=892673, episodic_return=[5186.8887]
global_step=893673, episodic_return=[5241.347]
global_step=894673, episodic_return=[4924.32]
global_step=895673, episodic_return=[5288.262]
global_step=896673, episodic_return=[5059.7793]
global_step=897673, episodic_return=[5130.9814]
global_step=898673, episodic_return=[2375.9338]
global_step=899359, episodic_return=[3398.6904]
global_step=900359, episodic_return=[4898.979]
global_step=901359, episodic_return=[5020.543]
global_step=902359, episodic_return=[5254.423]
global_step=903359, episodic_return=[5227.2734]
global_step=904209, episodic_return=[4489.2246]
global_step=904880, episodic_return=[3295.3977]
global_step=905880, episodic_return=[5141.9155]
global_step=906880, episodic_return=[5174.792]
global_step=907880, episodic_return=[4823.6895]
global_step=908880, episodic_return=[4669.901]
global_step=909792, episodic_return=[4452.3574]
global_step=910792, episodic_return=[4967.163]
global_step=911792, episodic_return=[1664.9275]
global_step=912792, episodic_return=[5030.6055]
global_step=913792, episodic_return=[4686.72]
global_step=914073, episodic_return=[1391.0305]
global_step=915073, episodic_return=[5032.84]
global_step=916073, episodic_return=[4862.254]
global_step=917073, episodic_return=[5115.865]
global_step=918073, episodic_return=[5081.8926]
global_step=919073, episodic_return=[5288.541]
global_step=920073, episodic_return=[5103.045]
global_step=921073, episodic_return=[5187.944]
global_step=922073, episodic_return=[4938.1377]
global_step=923073, episodic_return=[-334.92764]
global_step=924073, episodic_return=[2279.41]
global_step=925073, episodic_return=[5184.988]
global_step=926073, episodic_return=[5214.9565]
global_step=926918, episodic_return=[4121.1543]
global_step=927673, episodic_return=[3994.8962]
global_step=928673, episodic_return=[5006.247]
global_step=929673, episodic_return=[4944.7285]
global_step=930414, episodic_return=[3635.104]
global_step=931414, episodic_return=[5162.9287]
global_step=932414, episodic_return=[4334.947]
global_step=933414, episodic_return=[5205.696]
global_step=934414, episodic_return=[2245.4788]
global_step=935037, episodic_return=[3178.7688]
global_step=936037, episodic_return=[2778.9482]
global_step=937037, episodic_return=[5212.383]
global_step=938037, episodic_return=[5174.736]
global_step=939037, episodic_return=[5078.502]
global_step=939885, episodic_return=[4395.622]
global_step=940885, episodic_return=[5202.167]
global_step=941885, episodic_return=[4986.1416]
global_step=942885, episodic_return=[5465.42]
global_step=943885, episodic_return=[4948.8643]
global_step=944885, episodic_return=[4836.036]
global_step=945447, episodic_return=[2914.8455]
global_step=946447, episodic_return=[5094.9526]
global_step=947447, episodic_return=[5045.334]
global_step=947515, episodic_return=[303.30756]
global_step=948515, episodic_return=[623.78394]
global_step=948700, episodic_return=[861.76434]
global_step=949333, episodic_return=[3140.4983]
global_step=950333, episodic_return=[4649.883]
global_step=950908, episodic_return=[2962.9197]
global_step=951908, episodic_return=[5017.66]
global_step=952908, episodic_return=[4917.368]
global_step=953908, episodic_return=[5110.12]
global_step=954908, episodic_return=[4812.054]
global_step=955908, episodic_return=[5019.1216]
global_step=956908, episodic_return=[5310.042]
global_step=957908, episodic_return=[5231.331]
global_step=958908, episodic_return=[4785.8413]
global_step=959908, episodic_return=[5116.2417]
global_step=960551, episodic_return=[3013.2969]
global_step=961551, episodic_return=[5172.072]
global_step=962551, episodic_return=[5230.8496]
global_step=963551, episodic_return=[4820.0205]
global_step=964551, episodic_return=[4930.7783]
global_step=965551, episodic_return=[5103.3877]
global_step=966551, episodic_return=[4956.9517]
global_step=967551, episodic_return=[4996.3286]
global_step=968551, episodic_return=[5293.24]
global_step=969551, episodic_return=[5031.5728]
global_step=970551, episodic_return=[5180.0186]
global_step=971551, episodic_return=[5254.5938]
global_step=972551, episodic_return=[5088.243]
global_step=973551, episodic_return=[5096.4966]
global_step=974039, episodic_return=[2182.1138]
global_step=975039, episodic_return=[4980.3223]
global_step=976039, episodic_return=[5348.834]
global_step=976079, episodic_return=[122.10298]
global_step=977079, episodic_return=[4897.3564]
global_step=977787, episodic_return=[3699.3076]
global_step=978787, episodic_return=[5203.55]
global_step=979787, episodic_return=[5200.791]
global_step=980787, episodic_return=[5047.9214]
global_step=981787, episodic_return=[5062.7524]
global_step=981985, episodic_return=[852.83466]
global_step=982985, episodic_return=[5120.5938]
global_step=983985, episodic_return=[5215.834]
global_step=984985, episodic_return=[4917.1685]
global_step=985985, episodic_return=[5019.971]
global_step=986985, episodic_return=[4925.0396]
global_step=987501, episodic_return=[2577.897]
global_step=987918, episodic_return=[1969.2415]
global_step=988918, episodic_return=[5250.3394]
global_step=989918, episodic_return=[3568.3342]
global_step=990918, episodic_return=[5176.548]
global_step=991918, episodic_return=[5130.9277]
global_step=992918, episodic_return=[5080.7964]
global_step=993918, episodic_return=[5189.243]
global_step=994918, episodic_return=[5368.3325]
global_step=995274, episodic_return=[1862.5621]
global_step=996274, episodic_return=[5131.907]
global_step=997274, episodic_return=[5264.4805]
global_step=998274, episodic_return=[4979.909]
global_step=999274, episodic_return=[5077.3584]
global_step=1000274, episodic_return=[5086.1343]
global_step=1001274, episodic_return=[5271.609]
global_step=1002274, episodic_return=[5034.9434]
global_step=1003274, episodic_return=[5032.7915]
global_step=1004274, episodic_return=[5047.332]
global_step=1004630, episodic_return=[1907.1184]
global_step=1005630, episodic_return=[5059.944]
global_step=1006630, episodic_return=[5135.393]
global_step=1007630, episodic_return=[5138.132]
global_step=1008630, episodic_return=[5218.4277]
global_step=1009630, episodic_return=[5049.711]
global_step=1010630, episodic_return=[5104.2427]
global_step=1011630, episodic_return=[5439.402]
global_step=1012630, episodic_return=[5066.0747]
global_step=1013630, episodic_return=[5450.814]
global_step=1014630, episodic_return=[5329.1016]
global_step=1015630, episodic_return=[4902.976]
global_step=1016630, episodic_return=[5452.114]
global_step=1017509, episodic_return=[4320.9336]
global_step=1018509, episodic_return=[5299.9517]
global_step=1019172, episodic_return=[3237.6846]
global_step=1020172, episodic_return=[5233.585]
global_step=1021172, episodic_return=[5076.2007]
global_step=1022046, episodic_return=[4543.004]
global_step=1023046, episodic_return=[2125.5786]
global_step=1024046, episodic_return=[5082.073]
global_step=1025046, episodic_return=[5314.209]
global_step=1026046, episodic_return=[5407.3096]
global_step=1027046, episodic_return=[5084.8364]
global_step=1028046, episodic_return=[5246.688]
global_step=1029046, episodic_return=[3372.6553]
global_step=1030046, episodic_return=[5281.8633]
global_step=1031046, episodic_return=[5215.098]
global_step=1032046, episodic_return=[5300.3027]
global_step=1033046, episodic_return=[5347.5195]
global_step=1034046, episodic_return=[5243.5957]
global_step=1035046, episodic_return=[5114.952]
global_step=1036046, episodic_return=[5024.987]
global_step=1036707, episodic_return=[3537.4714]
global_step=1037707, episodic_return=[5449.7417]
global_step=1038707, episodic_return=[5186.675]
global_step=1039707, episodic_return=[5263.719]
global_step=1040707, episodic_return=[5182.12]
global_step=1041531, episodic_return=[4482.978]
global_step=1042531, episodic_return=[5172.2666]
global_step=1043531, episodic_return=[5223.425]
global_step=1044531, episodic_return=[5159.1763]
global_step=1044679, episodic_return=[639.74207]
global_step=1044746, episodic_return=[227.55055]
global_step=1045746, episodic_return=[5121.2617]
global_step=1046746, episodic_return=[5233.5537]
global_step=1047746, episodic_return=[5182.064]
global_step=1048746, episodic_return=[4968.79]
global_step=1049746, episodic_return=[5121.0635]
global_step=1050746, episodic_return=[5244.5713]
global_step=1051746, episodic_return=[5347.7915]
global_step=1052746, episodic_return=[5115.198]
global_step=1053746, episodic_return=[5071.5312]
global_step=1054746, episodic_return=[5285.553]
global_step=1055746, episodic_return=[4812.2935]
global_step=1056746, episodic_return=[5170.894]
global_step=1057023, episodic_return=[1317.6597]
global_step=1058023, episodic_return=[5195.858]
global_step=1059023, episodic_return=[5243.8438]
global_step=1060023, episodic_return=[5268.711]
global_step=1060547, episodic_return=[2767.9514]
global_step=1061547, episodic_return=[5256.356]
global_step=1062547, episodic_return=[5348.109]
global_step=1063547, episodic_return=[4966.493]
global_step=1064547, episodic_return=[5213.145]
global_step=1064569, episodic_return=[35.942356]
global_step=1065569, episodic_return=[5494.2153]
global_step=1066569, episodic_return=[5251.6655]
global_step=1067228, episodic_return=[3359.6086]
global_step=1068228, episodic_return=[5460.526]
global_step=1069228, episodic_return=[5234.353]
global_step=1070228, episodic_return=[5373.676]
global_step=1071228, episodic_return=[5007.007]
global_step=1072228, episodic_return=[4864.8735]
global_step=1073228, episodic_return=[5024.483]
global_step=1074228, episodic_return=[5190.788]
global_step=1075228, episodic_return=[5220.2207]
global_step=1075429, episodic_return=[950.98706]
global_step=1076429, episodic_return=[5228.2925]
global_step=1077429, episodic_return=[5532.7896]
global_step=1078429, episodic_return=[5430.0674]
global_step=1079429, episodic_return=[5345.627]
global_step=1080429, episodic_return=[5239.922]
global_step=1081429, episodic_return=[4998.576]
global_step=1082429, episodic_return=[4147.415]
global_step=1083429, episodic_return=[5525.1787]
global_step=1084429, episodic_return=[5564.0166]
global_step=1085429, episodic_return=[5505.033]
global_step=1085704, episodic_return=[1362.8953]
global_step=1086704, episodic_return=[5167.6826]
global_step=1087704, episodic_return=[5454.7686]
global_step=1088704, episodic_return=[5295.6265]
global_step=1088750, episodic_return=[135.59877]
global_step=1089080, episodic_return=[1669.1483]
global_step=1089194, episodic_return=[500.59647]
global_step=1090194, episodic_return=[5323.488]
global_step=1091194, episodic_return=[5394.7183]
global_step=1091582, episodic_return=[1923.8295]
global_step=1091726, episodic_return=[566.1613]
global_step=1091770, episodic_return=[129.54822]
global_step=1092770, episodic_return=[5342.497]
global_step=1093138, episodic_return=[1701.0046]
global_step=1094138, episodic_return=[5294.5415]
global_step=1095138, episodic_return=[5379.8853]
global_step=1096138, episodic_return=[4960.1465]
global_step=1096201, episodic_return=[206.3093]
global_step=1097201, episodic_return=[5293.5386]
global_step=1098201, episodic_return=[5342.2954]
global_step=1098665, episodic_return=[2313.354]
global_step=1099665, episodic_return=[5148.363]
global_step=1100665, episodic_return=[5105.615]
global_step=1101665, episodic_return=[5572.3228]
global_step=1102045, episodic_return=[1940.7174]
global_step=1103045, episodic_return=[5069.574]
global_step=1104045, episodic_return=[5239.741]
global_step=1105045, episodic_return=[5417.141]
global_step=1106045, episodic_return=[5048.8843]
global_step=1107045, episodic_return=[5136.3364]
global_step=1108045, episodic_return=[5136.196]
global_step=1109045, episodic_return=[5649.2188]
global_step=1109548, episodic_return=[2727.6404]
global_step=1110548, episodic_return=[5370.807]
global_step=1111548, episodic_return=[5583.0933]
global_step=1112548, episodic_return=[5528.456]
global_step=1113548, episodic_return=[5290.7646]
global_step=1114548, episodic_return=[398.8181]
global_step=1115548, episodic_return=[5266.8022]
global_step=1116548, episodic_return=[5360.5254]
global_step=1117548, episodic_return=[5461.455]
global_step=1118548, episodic_return=[3452.1428]
global_step=1119548, episodic_return=[5242.5806]
global_step=1120548, episodic_return=[5149.774]
global_step=1121548, episodic_return=[5267.0596]
global_step=1122548, episodic_return=[5102.1045]
global_step=1123548, episodic_return=[4822.8677]
global_step=1124548, episodic_return=[5338.189]
global_step=1125548, episodic_return=[5195.7036]
global_step=1126548, episodic_return=[5329.3354]
global_step=1127548, episodic_return=[5502.9585]
global_step=1128548, episodic_return=[5532.341]
global_step=1129548, episodic_return=[5233.6143]
global_step=1130548, episodic_return=[5180.687]
global_step=1131548, episodic_return=[5218.2715]
global_step=1132548, episodic_return=[5310.739]
global_step=1133548, episodic_return=[5492.311]
global_step=1134548, episodic_return=[5405.7393]
global_step=1135548, episodic_return=[5067.6836]
global_step=1136548, episodic_return=[5307.061]
global_step=1137548, episodic_return=[5095.9976]
global_step=1138548, episodic_return=[5477.2256]
global_step=1139548, episodic_return=[5213.5864]
global_step=1140548, episodic_return=[5398.7896]
global_step=1141548, episodic_return=[5372.532]
global_step=1142548, episodic_return=[5581.866]
global_step=1143548, episodic_return=[5513.594]
global_step=1143835, episodic_return=[1428.1312]
global_step=1144835, episodic_return=[5201.571]
global_step=1145770, episodic_return=[5009.004]
global_step=1146770, episodic_return=[5414.6646]
global_step=1147770, episodic_return=[5523.1465]
global_step=1148770, episodic_return=[5435.046]
global_step=1149770, episodic_return=[5372.5645]
global_step=1150770, episodic_return=[5434.5586]
global_step=1151770, episodic_return=[5292.9854]
global_step=1152770, episodic_return=[5347.2275]
global_step=1153570, episodic_return=[4170.1475]
global_step=1154433, episodic_return=[4854.2373]
global_step=1155433, episodic_return=[5528.023]
global_step=1156433, episodic_return=[5363.6934]
global_step=1156481, episodic_return=[101.24544]
global_step=1157481, episodic_return=[5211.3984]
global_step=1158481, episodic_return=[5382.9478]
global_step=1159481, episodic_return=[5447.4463]
global_step=1159575, episodic_return=[393.84012]
global_step=1160575, episodic_return=[5033.3696]
global_step=1161575, episodic_return=[5530.5195]
global_step=1162575, episodic_return=[5664.1772]
global_step=1163575, episodic_return=[5551.162]
global_step=1164575, episodic_return=[5533.3545]
global_step=1165575, episodic_return=[5695.8335]
global_step=1166575, episodic_return=[5463.3457]
global_step=1167575, episodic_return=[5608.434]
global_step=1168575, episodic_return=[5516.0103]
global_step=1169575, episodic_return=[5382.6973]
global_step=1170196, episodic_return=[3316.955]
global_step=1171196, episodic_return=[5727.7085]
global_step=1171606, episodic_return=[1993.8801]
global_step=1172606, episodic_return=[5548.213]
global_step=1173606, episodic_return=[5228.037]
global_step=1174606, episodic_return=[5249.025]
global_step=1175606, episodic_return=[5235.3]
global_step=1176606, episodic_return=[5426.1377]
global_step=1177606, episodic_return=[5513.07]
global_step=1177628, episodic_return=[33.71766]
global_step=1178628, episodic_return=[5342.7847]
global_step=1179628, episodic_return=[5397.9814]
global_step=1180628, episodic_return=[5418.3154]
global_step=1181628, episodic_return=[5541.477]
global_step=1182628, episodic_return=[5637.694]
global_step=1183628, episodic_return=[5371.896]
global_step=1184628, episodic_return=[5658.688]
global_step=1185628, episodic_return=[5311.698]
global_step=1186628, episodic_return=[5419.3164]
global_step=1187628, episodic_return=[5580.011]
global_step=1188628, episodic_return=[5382.311]
global_step=1189628, episodic_return=[4207.1304]
global_step=1190628, episodic_return=[5134.3857]
global_step=1191628, episodic_return=[5473.858]
global_step=1192628, episodic_return=[5384.556]
global_step=1193628, episodic_return=[5563.35]
global_step=1194628, episodic_return=[5614.835]
global_step=1195628, episodic_return=[5335.3623]
global_step=1196628, episodic_return=[5404.184]
global_step=1197628, episodic_return=[5305.437]
global_step=1198628, episodic_return=[5478.535]
global_step=1198653, episodic_return=[36.0843]
global_step=1199653, episodic_return=[5508.3984]
global_step=1200653, episodic_return=[5374.4126]
global_step=1201653, episodic_return=[5378.877]
global_step=1202653, episodic_return=[5186.5884]
global_step=1202691, episodic_return=[100.05333]
global_step=1203691, episodic_return=[5497.4053]
global_step=1204691, episodic_return=[4960.2363]
global_step=1205691, episodic_return=[5391.4014]
global_step=1206691, episodic_return=[5411.723]
global_step=1207691, episodic_return=[5289.899]
global_step=1208691, episodic_return=[5502.9434]
global_step=1209691, episodic_return=[5387.8047]
global_step=1210691, episodic_return=[5284.6514]
global_step=1211691, episodic_return=[-209.44476]
global_step=1212691, episodic_return=[5426.4175]
global_step=1213691, episodic_return=[5467.7695]
global_step=1213716, episodic_return=[7.039565]
global_step=1214716, episodic_return=[5231.639]
global_step=1215716, episodic_return=[5256.0054]
global_step=1216716, episodic_return=[5230.22]
global_step=1217716, episodic_return=[5382.6455]
global_step=1218716, episodic_return=[5309.7266]
global_step=1219716, episodic_return=[5387.9175]
global_step=1220716, episodic_return=[5459.508]
global_step=1221716, episodic_return=[-1583.6501]
global_step=1222716, episodic_return=[5434.4126]
global_step=1223716, episodic_return=[5515.7314]
global_step=1224716, episodic_return=[5528.8115]
global_step=1225202, episodic_return=[2217.0825]
global_step=1226202, episodic_return=[-1011.98456]
global_step=1227202, episodic_return=[5134.5737]
global_step=1228114, episodic_return=[4853.8384]
global_step=1229114, episodic_return=[5361.7065]
global_step=1230114, episodic_return=[5471.417]
global_step=1231114, episodic_return=[5083.455]
global_step=1232109, episodic_return=[5120.6904]
global_step=1233109, episodic_return=[2125.4692]
global_step=1233153, episodic_return=[112.93703]
global_step=1233282, episodic_return=[460.45724]
global_step=1234282, episodic_return=[5604.038]
global_step=1235138, episodic_return=[4476.5093]
global_step=1236138, episodic_return=[5346.4033]
global_step=1237138, episodic_return=[5336.6353]
global_step=1238138, episodic_return=[5308.144]
global_step=1239138, episodic_return=[5253.788]
global_step=1240138, episodic_return=[2189.2869]
global_step=1241138, episodic_return=[-1180.4625]
global_step=1241801, episodic_return=[3469.7393]
global_step=1242063, episodic_return=[1415.1967]
global_step=1243063, episodic_return=[5138.6816]
global_step=1244063, episodic_return=[5302.816]
global_step=1244777, episodic_return=[3664.0461]
global_step=1244859, episodic_return=[290.88934]
global_step=1245859, episodic_return=[2175.4204]
global_step=1246489, episodic_return=[3219.8337]
global_step=1246640, episodic_return=[747.5012]
global_step=1247103, episodic_return=[2412.5303]
global_step=1248103, episodic_return=[-1147.5835]
global_step=1248121, episodic_return=[-25.240698]
global_step=1249121, episodic_return=[5554.859]
global_step=1250121, episodic_return=[-588.0256]
global_step=1250630, episodic_return=[2567.3018]
global_step=1251630, episodic_return=[-419.45642]
global_step=1252630, episodic_return=[4921.6714]
global_step=1252802, episodic_return=[891.4775]
global_step=1253097, episodic_return=[1255.0515]
global_step=1254097, episodic_return=[4889.327]
global_step=1255097, episodic_return=[-977.78094]
global_step=1255304, episodic_return=[925.0339]
global_step=1255322, episodic_return=[6.3127537]
global_step=1256322, episodic_return=[1298.428]
global_step=1257322, episodic_return=[5586.9893]
global_step=1257334, episodic_return=[-13.114933]
global_step=1257620, episodic_return=[1305.9147]
global_step=1257685, episodic_return=[110.19835]
global_step=1258685, episodic_return=[-2154.979]
global_step=1259685, episodic_return=[-2406.698]
global_step=1260685, episodic_return=[5302.0977]
global_step=1261096, episodic_return=[2090.018]
global_step=1261890, episodic_return=[4148.2256]
global_step=1262698, episodic_return=[4286.7383]
global_step=1263698, episodic_return=[-994.89594]
global_step=1264698, episodic_return=[-363.54837]
global_step=1265698, episodic_return=[5446.863]
global_step=1266698, episodic_return=[61.017006]
global_step=1267698, episodic_return=[5075.299]
global_step=1268698, episodic_return=[5532.4536]
global_step=1269698, episodic_return=[5534.8643]
global_step=1270698, episodic_return=[5260.3765]
global_step=1271698, episodic_return=[5495.255]
global_step=1271982, episodic_return=[1529.4512]
global_step=1272982, episodic_return=[5362.4487]
global_step=1273982, episodic_return=[5505.245]
global_step=1274982, episodic_return=[4780.2144]
global_step=1275982, episodic_return=[5499.3306]
global_step=1276982, episodic_return=[5253.5923]
global_step=1277161, episodic_return=[809.89087]
global_step=1278161, episodic_return=[5328.7026]
global_step=1279161, episodic_return=[5357.3726]
global_step=1280161, episodic_return=[5121.0796]
global_step=1280361, episodic_return=[818.8548]
global_step=1281361, episodic_return=[5506.343]
global_step=1282361, episodic_return=[4989.669]
global_step=1283361, episodic_return=[5354.2993]
global_step=1284361, episodic_return=[5439.1284]
global_step=1285361, episodic_return=[5416.7783]
global_step=1286361, episodic_return=[5406.049]
global_step=1287361, episodic_return=[5402.8506]
global_step=1287654, episodic_return=[1534.4698]
global_step=1288654, episodic_return=[-905.70294]
global_step=1289061, episodic_return=[2116.61]
global_step=1290061, episodic_return=[5380.891]
global_step=1290128, episodic_return=[222.66322]
global_step=1291128, episodic_return=[5230.68]
global_step=1292128, episodic_return=[5428.2607]
global_step=1292207, episodic_return=[207.53871]
global_step=1293207, episodic_return=[5419.2324]
global_step=1294207, episodic_return=[5876.9077]
global_step=1295207, episodic_return=[5443.794]
global_step=1296207, episodic_return=[4187.2]
global_step=1296824, episodic_return=[3278.3252]
global_step=1297824, episodic_return=[5460.605]
global_step=1298824, episodic_return=[5379.673]
global_step=1299010, episodic_return=[981.8883]
global_step=1300010, episodic_return=[5444.9243]
global_step=1301010, episodic_return=[5651.9526]
global_step=1302010, episodic_return=[5244.004]
global_step=1303010, episodic_return=[5314.337]
global_step=1304010, episodic_return=[5410.948]
global_step=1305010, episodic_return=[1043.65]
global_step=1305373, episodic_return=[2003.7242]
global_step=1306373, episodic_return=[5609.7915]
global_step=1307373, episodic_return=[5260.5737]
global_step=1308373, episodic_return=[5027.2334]
global_step=1309373, episodic_return=[5464.836]
global_step=1310373, episodic_return=[-1201.5095]
global_step=1311373, episodic_return=[5127.1055]
global_step=1312373, episodic_return=[5381.8745]
global_step=1313373, episodic_return=[-1925.8448]
global_step=1314373, episodic_return=[5562.9683]
global_step=1315373, episodic_return=[3822.997]
global_step=1316373, episodic_return=[-468.0112]
global_step=1317373, episodic_return=[5367.351]
global_step=1318373, episodic_return=[3105.5442]
global_step=1319373, episodic_return=[5075.5615]
global_step=1320187, episodic_return=[4433.9844]
global_step=1321187, episodic_return=[5268.124]
global_step=1322187, episodic_return=[-346.06155]
global_step=1323187, episodic_return=[3553.9675]
global_step=1324187, episodic_return=[-86.65294]
global_step=1325187, episodic_return=[5503.3574]
global_step=1326187, episodic_return=[5564.319]
global_step=1327187, episodic_return=[5501.9316]
global_step=1328187, episodic_return=[5481.141]
global_step=1329187, episodic_return=[5469.68]
global_step=1330187, episodic_return=[5236.2686]
global_step=1331187, episodic_return=[-821.85815]
global_step=1332187, episodic_return=[5479.6323]
global_step=1333187, episodic_return=[4932.504]
global_step=1334187, episodic_return=[5430.377]
global_step=1335187, episodic_return=[5508.706]
global_step=1336187, episodic_return=[2752.471]
global_step=1337187, episodic_return=[5128.5156]
global_step=1338187, episodic_return=[5682.697]
global_step=1339187, episodic_return=[5402.365]
global_step=1340187, episodic_return=[5499.023]
global_step=1341187, episodic_return=[5281.4707]
global_step=1342187, episodic_return=[5455.2163]
global_step=1343187, episodic_return=[5201.52]
global_step=1343981, episodic_return=[4452.152]
global_step=1344981, episodic_return=[5790.7666]
global_step=1345981, episodic_return=[5445.8315]
global_step=1346981, episodic_return=[5332.308]
global_step=1347981, episodic_return=[5575.413]
global_step=1348981, episodic_return=[5558.5474]
global_step=1349981, episodic_return=[5334.7476]
global_step=1350981, episodic_return=[5503.641]
global_step=1351202, episodic_return=[1021.29193]
global_step=1352202, episodic_return=[3542.0017]
global_step=1353202, episodic_return=[5618.0405]
global_step=1354202, episodic_return=[5424.943]
global_step=1354385, episodic_return=[646.4705]
global_step=1355385, episodic_return=[5614.1313]
global_step=1356385, episodic_return=[5437.683]
global_step=1357385, episodic_return=[5593.074]
global_step=1358385, episodic_return=[3412.917]
global_step=1358547, episodic_return=[449.2398]
global_step=1359547, episodic_return=[-931.5571]
global_step=1360547, episodic_return=[-1337.3857]
global_step=1361547, episodic_return=[-571.0372]
global_step=1362547, episodic_return=[-1277.1143]
global_step=1363547, episodic_return=[899.03296]
global_step=1364547, episodic_return=[-401.0819]
global_step=1365547, episodic_return=[689.0493]
global_step=1366547, episodic_return=[4889.386]
global_step=1367077, episodic_return=[2536.938]
global_step=1368077, episodic_return=[416.5289]
global_step=1369077, episodic_return=[4444.842]
global_step=1369391, episodic_return=[1322.0133]
global_step=1370064, episodic_return=[3256.9692]
global_step=1371064, episodic_return=[2504.7944]
global_step=1372064, episodic_return=[5341.38]
global_step=1373064, episodic_return=[5213.877]
global_step=1374064, episodic_return=[5528.331]
global_step=1375064, episodic_return=[5363.4116]
global_step=1376064, episodic_return=[5511.4556]
global_step=1377064, episodic_return=[614.96844]
global_step=1378064, episodic_return=[5489.107]
global_step=1378642, episodic_return=[3207.6304]
global_step=1379063, episodic_return=[2222.3457]
global_step=1380063, episodic_return=[5491.773]
global_step=1381063, episodic_return=[5528.722]
global_step=1382063, episodic_return=[5612.889]
global_step=1383063, episodic_return=[5675.9956]
global_step=1384063, episodic_return=[5677.058]
global_step=1385063, episodic_return=[2883.166]
global_step=1386063, episodic_return=[5514.16]
global_step=1387063, episodic_return=[5561.5874]
global_step=1388063, episodic_return=[5766.3784]
global_step=1389063, episodic_return=[5702.471]
global_step=1390063, episodic_return=[5509.5366]
global_step=1391063, episodic_return=[5631.7754]
global_step=1392063, episodic_return=[5608.2695]
global_step=1393063, episodic_return=[5562.948]
global_step=1394063, episodic_return=[5521.203]
global_step=1395063, episodic_return=[5513.1597]
global_step=1396063, episodic_return=[5496.6636]
global_step=1397063, episodic_return=[5489.474]
global_step=1398063, episodic_return=[5837.6514]
global_step=1399063, episodic_return=[5485.3525]
global_step=1400063, episodic_return=[5401.3394]
global_step=1401063, episodic_return=[5605.2256]
global_step=1402063, episodic_return=[5481.163]
global_step=1403063, episodic_return=[5891.7666]
global_step=1404063, episodic_return=[5487.8716]
global_step=1405063, episodic_return=[5592.8716]
global_step=1406063, episodic_return=[5523.1235]
global_step=1407063, episodic_return=[5593.1704]
global_step=1408063, episodic_return=[5783.793]
global_step=1409063, episodic_return=[5760.304]
global_step=1409399, episodic_return=[1666.7997]
global_step=1410399, episodic_return=[5854.0303]
global_step=1411399, episodic_return=[5748.938]
global_step=1412399, episodic_return=[4094.0583]
global_step=1413399, episodic_return=[5355.412]
global_step=1414399, episodic_return=[5502.106]
global_step=1415399, episodic_return=[5253.141]
global_step=1416325, episodic_return=[5083.833]
global_step=1417325, episodic_return=[5432.6953]
global_step=1418325, episodic_return=[5583.885]
global_step=1419325, episodic_return=[5622.2793]
global_step=1420325, episodic_return=[5658.262]
global_step=1421325, episodic_return=[5608.0786]
global_step=1422325, episodic_return=[5766.447]
global_step=1423325, episodic_return=[5533.8984]
global_step=1424325, episodic_return=[5155.685]
global_step=1424489, episodic_return=[808.4755]
global_step=1425489, episodic_return=[5420.6226]
global_step=1426489, episodic_return=[5483.149]
global_step=1427489, episodic_return=[5790.611]
global_step=1428489, episodic_return=[5579.305]
global_step=1429489, episodic_return=[5487.3345]
global_step=1430489, episodic_return=[5735.545]
global_step=1431489, episodic_return=[5777.0996]
global_step=1432489, episodic_return=[5545.997]
global_step=1433489, episodic_return=[910.877]
global_step=1434489, episodic_return=[5662.381]
global_step=1435489, episodic_return=[1605.2349]
global_step=1436489, episodic_return=[5625.5537]
global_step=1436834, episodic_return=[1878.7402]
global_step=1437834, episodic_return=[432.7636]
global_step=1438834, episodic_return=[5526.5327]
global_step=1439834, episodic_return=[5547.2476]
global_step=1440834, episodic_return=[5727.9404]
global_step=1441834, episodic_return=[5436.9976]
global_step=1442834, episodic_return=[5642.3857]
global_step=1443459, episodic_return=[3274.671]
global_step=1444459, episodic_return=[5715.994]
global_step=1445459, episodic_return=[5637.71]
global_step=1446459, episodic_return=[5859.0957]
global_step=1447459, episodic_return=[5522.53]
global_step=1448459, episodic_return=[5872.2163]
global_step=1449459, episodic_return=[5550.0547]
global_step=1450459, episodic_return=[5735.3643]
global_step=1451459, episodic_return=[5686.609]
global_step=1452459, episodic_return=[5434.624]
global_step=1453459, episodic_return=[5799.9526]
global_step=1454459, episodic_return=[5790.0093]
global_step=1455459, episodic_return=[5792.3687]
global_step=1456459, episodic_return=[5687.6113]
global_step=1457459, episodic_return=[5746.985]
global_step=1458459, episodic_return=[3922.7588]
global_step=1459459, episodic_return=[5719.7324]
global_step=1460459, episodic_return=[5561.622]
global_step=1461459, episodic_return=[5648.8115]
global_step=1462459, episodic_return=[5623.437]
global_step=1463459, episodic_return=[5434.9937]
global_step=1464459, episodic_return=[5535.091]
global_step=1465459, episodic_return=[5645.3896]
global_step=1466459, episodic_return=[5786.8965]
global_step=1467459, episodic_return=[5754.305]
global_step=1468459, episodic_return=[5429.602]
global_step=1469459, episodic_return=[5690.591]
global_step=1470459, episodic_return=[5608.471]
global_step=1471459, episodic_return=[5731.3574]
global_step=1472459, episodic_return=[5666.794]
global_step=1473459, episodic_return=[5840.6333]
global_step=1474459, episodic_return=[5637.429]
global_step=1475459, episodic_return=[5623.3164]
global_step=1476459, episodic_return=[5715.9688]
global_step=1477459, episodic_return=[5819.615]
global_step=1478459, episodic_return=[5954.843]
global_step=1479392, episodic_return=[5439.127]
global_step=1480392, episodic_return=[5588.529]
global_step=1481392, episodic_return=[5583.4907]
global_step=1482392, episodic_return=[5879.1426]
global_step=1482651, episodic_return=[1391.9224]
global_step=1483651, episodic_return=[5648.6504]
global_step=1484651, episodic_return=[5781.276]
global_step=1485651, episodic_return=[5647.7017]
global_step=1486651, episodic_return=[5521.2705]
global_step=1487651, episodic_return=[5715.7246]
global_step=1488651, episodic_return=[5720.3755]
global_step=1489651, episodic_return=[5632.4062]
global_step=1489676, episodic_return=[50.208096]
global_step=1490676, episodic_return=[5280.5845]
global_step=1491676, episodic_return=[5638.5024]
global_step=1492676, episodic_return=[5303.403]
global_step=1493246, episodic_return=[3236.3293]
global_step=1494246, episodic_return=[5520.9287]
global_step=1495246, episodic_return=[5655.3037]
global_step=1496246, episodic_return=[5827.0225]
global_step=1497246, episodic_return=[5638.5947]
global_step=1498246, episodic_return=[5953.44]
global_step=1499246, episodic_return=[5832.2544]